#
# A fatal error has been detected by the Java Runtime Environment:
#
#  SIGSEGV (0xb) at pc=0x00007ff6b7d1d87c, pid=10285, tid=140698101044992
#
# JRE version: OpenJDK Runtime Environment (7.0_79-b14) (build 1.7.0_79-b14)
# Java VM: OpenJDK 64-Bit Server VM (24.79-b02 mixed mode linux-amd64 compressed oops)
# Derivative: IcedTea 2.5.5
# Distribution: Ubuntu 14.04 LTS, package 7u79-2.5.5-0ubuntu0.14.04.2
# Problematic frame:
# C  [r600_dri.so+0x4a287c]
#
# Failed to write core dump. Core dumps have been disabled. To enable core dumping, try "ulimit -c unlimited" before starting Java again
#
# If you would like to submit a bug report, please include
# instructions on how to reproduce the bug and visit:
#   http://icedtea.classpath.org/bugzilla
# The crash happened outside the Java Virtual Machine in native code.
# See problematic frame for where to report the bug.
#

---------------  T H R E A D  ---------------

Current thread (0x00007ff6c8008000):  JavaThread "AWT-EventQueue-1" [_thread_in_native, id=10309, stack(0x00007ff6d4455000,0x00007ff6d4556000)]

siginfo:si_signo=SIGSEGV: si_errno=0, si_code=1 (SEGV_MAPERR), si_addr=0x0000000000000010

Registers:
RAX=0x00007ff6cc02ecd0, RBX=0x00007ff6b81d6fc0, RCX=0x00007ff6bc157930, RDX=0x00007ff6bc000040
RSP=0x00007ff6d4553530, RBP=0x000000000000000a, RSI=0x00000000ffffffff, RDI=0x0000000000000000
R8 =0x00007ff6d4555700, R9 =0x00007ff6bc174b10, R10=0x00007ff70d05bbe0, R11=0x0000000000000000
R12=0x0000000000000867, R13=0x00007ff6d45535e8, R14=0x0000000000000000, R15=0x00007ff6b7d1fca0
RIP=0x00007ff6b7d1d87c, EFLAGS=0x0000000000010206, CSGSFS=0x0000000000000033, ERR=0x0000000000000004
  TRAPNO=0x000000000000000e

Top of Stack: (sp=0x00007ff6d4553530)
0x00007ff6d4553530:   00007ff6bc0557b0 000000000000000a
0x00007ff6d4553540:   00007ff6bc0557b0 00007ff6b7d200c3
0x00007ff6d4553550:   0000000000001d8f 00007ff6bc052990
0x00007ff6d4553560:   000000000000000a 00007ff6bc0557b0
0x00007ff6d4553570:   00007ff6d45535e8 0000000000000000
0x00007ff6d4553580:   0000000000000003 00007ff6b7d766b1
0x00007ff6d4553590:   0000000000000000 0000000000000003
0x00007ff6d45535a0:   00007ff6bc0cba20 00007ff6cc02fdb0
0x00007ff6d45535b0:   00007ff6d45535e8 00007ff6b7a5d61a
0x00007ff6d45535c0:   00007ff6cc02fdb0 00007ff6bc0d3760
0x00007ff6d45535d0:   00007ff6bc052050 00007ff6b7b15688
0x00007ff6d45535e0:   00007ff6d4553660 0000000000000000
0x00007ff6d45535f0:   00007ff6d4553620 00007ff6bc0d3640
0x00007ff6d4553600:   00007ff6c86b3a80 00007ff6c8646a60
0x00007ff6d4553610:   0000000000000000 00007ff6c86b3be0
0x00007ff6d4553620:   0000000000000000 00007ff6c35a2a4e
0x00007ff6d4553630:   00007ff6d4553668 00007ff6bc052280
0x00007ff6d4553640:   00007ff6c860ec50 00007ff600000001
0x00007ff6d4553650:   0000000000000000 0000000000000000
0x00007ff6d4553660:   0000000000000000 00007ff6bc0d3640
0x00007ff6d4553670:   000000000640002e 00000000bd42fb68
0x00007ff6d4553680:   00007ff6d45536f0 0000000000000000
0x00007ff6d4553690:   00000000bd42fb68 00007ff6d45537c0
0x00007ff6d45536a0:   00007ff6c8008000 00007ff6c1ee1849
0x00007ff6d45536b0:   00007ff6d4553728 00007ff6c357b9b0
0x00007ff6d45536c0:   000000000640002e 00007ff6c860ec50
0x00007ff6d45536d0:   00007ff6d4553788 00007ff6c80081d8
0x00007ff6d45536e0:   00007ff6d4553780 00007ff6c357b9b0
0x00007ff6d45536f0:   00007ff6d4553778 00007ff7010127f8
0x00007ff6d4553700:   0000000000000000 00000000c718a2c0
0x00007ff6d4553710:   00000000c7244678 0000000000001388
0x00007ff6d4553720:   0000000000000000 00000000c7244678 

Instructions: (pc=0x00007ff6b7d1d87c)
0x00007ff6b7d1d85c:   00 4c 89 ee 48 89 ef e8 58 fb ff ff e9 8e fe ff
0x00007ff6b7d1d86c:   ff 0f 1f 00 53 48 8d 1d 48 97 4b 00 48 83 ec 10
0x00007ff6b7d1d87c:   48 8b 47 10 48 39 d8 74 1f 48 8d 54 24 04 48 8d
0x00007ff6b7d1d88c:   74 24 08 ff 50 28 48 8b 7c 24 08 b8 00 00 00 00 

Register to memory mapping:

RAX=0x00007ff6cc02ecd0 is an unknown value
RBX=0x00007ff6b81d6fc0: <offset 0x95bfc0> in /usr/lib/x86_64-linux-gnu/dri/r600_dri.so at 0x00007ff6b787b000
RCX=0x00007ff6bc157930 is an unknown value
RDX=0x00007ff6bc000040 is an unknown value
RSP=0x00007ff6d4553530 is pointing into the stack for thread: 0x00007ff6c8008000
RBP=0x000000000000000a is an unknown value
RSI=0x00000000ffffffff is an unallocated location in the heap
RDI=0x0000000000000000 is an unknown value
R8 =0x00007ff6d4555700 is pointing into the stack for thread: 0x00007ff6c8008000
R9 =0x00007ff6bc174b10 is an unknown value
R10=0x00007ff70d05bbe0: <offset 0x3bcbe0> in /lib/x86_64-linux-gnu/libc.so.6 at 0x00007ff70cc9f000
R11=0x0000000000000000 is an unknown value
R12=0x0000000000000867 is an unknown value
R13=0x00007ff6d45535e8 is pointing into the stack for thread: 0x00007ff6c8008000
R14=0x0000000000000000 is an unknown value
R15=0x00007ff6b7d1fca0: <offset 0x4a4ca0> in /usr/lib/x86_64-linux-gnu/dri/r600_dri.so at 0x00007ff6b787b000


Stack: [0x00007ff6d4455000,0x00007ff6d4556000],  sp=0x00007ff6d4553530,  free space=1017k
Native frames: (J=compiled Java code, j=interpreted, Vv=VM code, C=native code)
C  [r600_dri.so+0x4a287c]

Java frames: (J=compiled Java code, j=interpreted, Vv=VM code)
j  jogamp.opengl.x11.glx.GLX.dispatch_glXSwapBuffers0(JJJ)V+0
j  jogamp.opengl.x11.glx.GLX.glXSwapBuffers(JJ)V+41
j  jogamp.opengl.x11.glx.X11GLXDrawable.swapBuffersImpl(Z)V+17
j  jogamp.opengl.GLDrawableImpl.swapBuffers()V+67
j  jogamp.opengl.GLDrawableHelper.invokeGLImpl(Ljavax/media/opengl/GLDrawable;Ljavax/media/opengl/GLContext;Ljava/lang/Runnable;Ljava/lang/Runnable;)V+216
j  jogamp.opengl.GLDrawableHelper.invokeGL(Ljavax/media/opengl/GLDrawable;Ljavax/media/opengl/GLContext;Ljava/lang/Runnable;Ljava/lang/Runnable;)V+72
j  javax.media.opengl.awt.GLCanvas$11.run()V+73
j  java.awt.event.InvocationEvent.dispatch()V+11
j  java.awt.EventQueue.dispatchEventImpl(Ljava/awt/AWTEvent;Ljava/lang/Object;)V+21
j  java.awt.EventQueue.access$300(Ljava/awt/EventQueue;Ljava/awt/AWTEvent;Ljava/lang/Object;)V+3
j  java.awt.EventQueue$3.run()Ljava/lang/Void;+12
j  java.awt.EventQueue$3.run()Ljava/lang/Object;+1
v  ~StubRoutines::call_stub
j  java.security.AccessController.doPrivileged(Ljava/security/PrivilegedAction;Ljava/security/AccessControlContext;)Ljava/lang/Object;+0
j  java.security.ProtectionDomain$1.doIntersectionPrivilege(Ljava/security/PrivilegedAction;Ljava/security/AccessControlContext;Ljava/security/AccessControlContext;)Ljava/lang/Object;+28
j  java.awt.EventQueue.dispatchEvent(Ljava/awt/AWTEvent;)V+46
j  java.awt.EventDispatchThread.pumpOneEventForFilters(I)V+245
j  java.awt.EventDispatchThread.pumpEventsForFilter(ILjava/awt/Conditional;Ljava/awt/EventFilter;)V+35
j  java.awt.EventDispatchThread.pumpEventsForHierarchy(ILjava/awt/Conditional;Ljava/awt/Component;)V+11
j  java.awt.EventDispatchThread.pumpEvents(ILjava/awt/Conditional;)V+4
j  java.awt.EventDispatchThread.pumpEvents(Ljava/awt/Conditional;)V+3
j  java.awt.EventDispatchThread.run()V+9
v  ~StubRoutines::call_stub

---------------  P R O C E S S  ---------------

Java Threads: ( => current thread )
  0x00007ff6f8010000 JavaThread "XToolkt-Shutdown-Thread" [_thread_blocked, id=10447, stack(0x00007ff6b5b54000,0x00007ff6b5c55000)]
  0x00007ff6e0001000 JavaThread "SIGTERM handler" daemon [_thread_blocked, id=10444, stack(0x00007ff6b68de000,0x00007ff6b69df000)]
  0x00007ff704267000 JavaThread "Image Fetcher 1" daemon [_thread_blocked, id=10432, stack(0x00007ff6b5d56000,0x00007ff6b5e57000)]
  0x00007ff704271800 JavaThread "Image Fetcher 0" daemon [_thread_blocked, id=10431, stack(0x00007ff6b6587000,0x00007ff6b6688000)]
  0x00007ff704229000 JavaThread "Keep-Alive-Timer" daemon [_thread_blocked, id=10430, stack(0x00007ff6b5e57000,0x00007ff6b5f58000)]
  0x00007ff6c80aa800 JavaThread "process reaper" daemon [_thread_blocked, id=10314, stack(0x00007ff6fc007000,0x00007ff6fc040000)]
  0x00007ff6c800f800 JavaThread "Animation Thread" [_thread_blocked, id=10310, stack(0x00007ff6d4354000,0x00007ff6d4455000)]
=>0x00007ff6c8008000 JavaThread "AWT-EventQueue-1" [_thread_in_native, id=10309, stack(0x00007ff6d4455000,0x00007ff6d4556000)]
  0x00007ff70400a800 JavaThread "DestroyJavaVM" [_thread_blocked, id=10291, stack(0x00007ff70d36b000,0x00007ff70d46c000)]
  0x00007ff704260800 JavaThread "AWT-EventQueue-0" [_thread_blocked, id=10307, stack(0x00007ff6d49bd000,0x00007ff6d4abe000)]
  0x00007ff70425c800 JavaThread "AWT-Shutdown" [_thread_blocked, id=10306, stack(0x00007ff6d4abe000,0x00007ff6d4bbf000)]
  0x00007ff704253000 JavaThread "thread applet-module1.HelloWorld.class" [_thread_blocked, id=10305, stack(0x00007ff6d4bbf000,0x00007ff6d4cc0000)]
  0x00007ff704241000 JavaThread "AWT-XAWT" daemon [_thread_blocked, id=10303, stack(0x00007ff6d4cc0000,0x00007ff6d4dc1000)]
  0x00007ff70421c000 JavaThread "Java2D Disposer" daemon [_thread_blocked, id=10302, stack(0x00007ff6fc040000,0x00007ff6fc141000)]
  0x00007ff7040ac000 JavaThread "Service Thread" daemon [_thread_blocked, id=10300, stack(0x00007ff6feb1d000,0x00007ff6fec1e000)]
  0x00007ff7040a9800 JavaThread "C2 CompilerThread1" daemon [_thread_blocked, id=10299, stack(0x00007ff6fec1e000,0x00007ff6fed1f000)]
  0x00007ff7040a6800 JavaThread "C2 CompilerThread0" daemon [_thread_blocked, id=10298, stack(0x00007ff6fed1f000,0x00007ff6fee20000)]
  0x00007ff7040a4800 JavaThread "Signal Dispatcher" daemon [_thread_blocked, id=10297, stack(0x00007ff7080ab000,0x00007ff7081ac000)]
  0x00007ff704077800 JavaThread "Finalizer" daemon [_thread_blocked, id=10296, stack(0x00007ff70888e000,0x00007ff70898f000)]
  0x00007ff704075800 JavaThread "Reference Handler" daemon [_thread_blocked, id=10295, stack(0x00007ff70898f000,0x00007ff708a90000)]

Other Threads:
  0x00007ff704071000 VMThread [stack: 0x00007ff708a90000,0x00007ff708b91000] [id=10294]
  0x00007ff7040b6800 WatcherThread [stack: 0x00007ff6fea1c000,0x00007ff6feb1d000] [id=10301]

VM state:not at safepoint (normal execution)

VM Mutex/Monitor currently owned by a thread: None

Heap
 PSYoungGen      total 214528K, used 57493K [0x00000000ece00000, 0x00000000faf80000, 0x0000000100000000)
  eden space 199680K, 28% used [0x00000000ece00000,0x00000000f0625728,0x00000000f9100000)
  from space 14848K, 0% used [0x00000000fa000000,0x00000000fa000000,0x00000000fae80000)
  to   space 15360K, 0% used [0x00000000f9100000,0x00000000f9100000,0x00000000fa000000)
 ParOldGen       total 66560K, used 35835K [0x00000000c6a00000, 0x00000000cab00000, 0x00000000ece00000)
  object space 66560K, 53% used [0x00000000c6a00000,0x00000000c8cfec68,0x00000000cab00000)
 PSPermGen       total 39424K, used 19728K [0x00000000bc400000, 0x00000000bea80000, 0x00000000c6a00000)
  object space 39424K, 50% used [0x00000000bc400000,0x00000000bd7443e0,0x00000000bea80000)

Card table byte_map: [0x00007ff709d95000,0x00007ff709fb4000] byte_map_base: 0x00007ff7097b3000

Polling page: 0x00007ff70d491000

Code Cache  [0x00007ff701000000, 0x00007ff701270000, 0x00007ff704000000)
 total_blobs=1413 nmethods=520 adapters=847 free_code_cache=47283Kb largest_free_block=48372864

Compilation events (10 events):
Event: 30.403 Thread 0x00007ff7040a9800  529             sun.reflect.DelegatingMethodAccessorImpl::invoke (10 bytes)
Event: 30.403 Thread 0x00007ff7040a9800 nmethod 529 0x00007ff7011cae10 code [0x00007ff7011caf60, 0x00007ff7011cafd8]
Event: 30.543 Thread 0x00007ff7040a6800  530             java.util.HashMap$HashIterator::hasNext (13 bytes)
Event: 30.544 Thread 0x00007ff7040a6800 nmethod 530 0x00007ff7011cac10 code [0x00007ff7011cad40, 0x00007ff7011cad98]
Event: 31.080 Thread 0x00007ff7040a6800  532             sun.awt.X11.XEvent::get_type (18 bytes)
Event: 31.082 Thread 0x00007ff7040a6800 nmethod 532 0x00007ff7011ca110 code [0x00007ff7011ca2a0, 0x00007ff7011ca498]
Event: 32.094 Thread 0x00007ff7040a9800  533             com.jogamp.nativewindow.awt.JAWTWindow::getGraphicsConfiguration (8 bytes)
Event: 32.094 Thread 0x00007ff7040a6800  534             com.jogamp.nativewindow.awt.AWTGraphicsConfiguration::getNativeGraphicsConfiguration (17 bytes)
Event: 32.095 Thread 0x00007ff7040a6800 nmethod 534 0x00007ff7011d2110 code [0x00007ff7011d2240, 0x00007ff7011d22b8]
Event: 32.095 Thread 0x00007ff7040a9800 nmethod 533 0x00007ff7011d1e50 code [0x00007ff7011d1fa0, 0x00007ff7011d2038]

GC Heap History (10 events):
Event: 6.889 GC heap before
{Heap before GC invocations=7 (full 0):
 PSYoungGen      total 72192K, used 68537K [0x00000000ece00000, 0x00000000f1e00000, 0x0000000100000000)
  eden space 63488K, 99% used [0x00000000ece00000,0x00000000f0bde2f0,0x00000000f0c00000)
  from space 8704K, 59% used [0x00000000f1580000,0x00000000f1a90110,0x00000000f1e00000)
  to   space 9216K, 0% used [0x00000000f0c00000,0x00000000f0c00000,0x00000000f1500000)
 ParOldGen       total 38912K, used 12443K [0x00000000c6a00000, 0x00000000c9000000, 0x00000000ece00000)
  object space 38912K, 31% used [0x00000000c6a00000,0x00000000c7626e68,0x00000000c9000000)
 PSPermGen       total 21504K, used 19489K [0x00000000bc400000, 0x00000000bd900000, 0x00000000c6a00000)
  object space 21504K, 90% used [0x00000000bc400000,0x00000000bd7086f8,0x00000000bd900000)
Event: 6.904 GC heap after
Heap after GC invocations=7 (full 0):
 PSYoungGen      total 72704K, used 8960K [0x00000000ece00000, 0x00000000f5f00000, 0x0000000100000000)
  eden space 63488K, 0% used [0x00000000ece00000,0x00000000ece00000,0x00000000f0c00000)
  from space 9216K, 97% used [0x00000000f0c00000,0x00000000f14c0240,0x00000000f1500000)
  to   space 10752K, 0% used [0x00000000f5480000,0x00000000f5480000,0x00000000f5f00000)
 ParOldGen       total 38912K, used 13674K [0x00000000c6a00000, 0x00000000c9000000, 0x00000000ece00000)
  object space 38912K, 35% used [0x00000000c6a00000,0x00000000c775aad0,0x00000000c9000000)
 PSPermGen       total 21504K, used 19489K [0x00000000bc400000, 0x00000000bd900000, 0x00000000c6a00000)
  object space 21504K, 90% used [0x00000000bc400000,0x00000000bd7086f8,0x00000000bd900000)
}
Event: 9.387 GC heap before
{Heap before GC invocations=8 (full 0):
 PSYoungGen      total 72704K, used 72448K [0x00000000ece00000, 0x00000000f5f00000, 0x0000000100000000)
  eden space 63488K, 100% used [0x00000000ece00000,0x00000000f0c00000,0x00000000f0c00000)
  from space 9216K, 97% used [0x00000000f0c00000,0x00000000f14c0240,0x00000000f1500000)
  to   space 10752K, 0% used [0x00000000f5480000,0x00000000f5480000,0x00000000f5f00000)
 ParOldGen       total 38912K, used 13674K [0x00000000c6a00000, 0x00000000c9000000, 0x00000000ece00000)
  object space 38912K, 35% used [0x00000000c6a00000,0x00000000c775aad0,0x00000000c9000000)
 PSPermGen       total 21504K, used 19580K [0x00000000bc400000, 0x00000000bd900000, 0x00000000c6a00000)
  object space 21504K, 91% used [0x00000000bc400000,0x00000000bd71f190,0x00000000bd900000)
Event: 9.406 GC heap after
Heap after GC invocations=8 (full 0):
 PSYoungGen      total 135680K, used 10528K [0x00000000ece00000, 0x00000000f6300000, 0x0000000100000000)
  eden space 124928K, 0% used [0x00000000ece00000,0x00000000ece00000,0x00000000f4800000)
  from space 10752K, 97% used [0x00000000f5480000,0x00000000f5ec82b0,0x00000000f5f00000)
  to   space 12800K, 0% used [0x00000000f4800000,0x00000000f4800000,0x00000000f5480000)
 ParOldGen       total 38912K, used 16522K [0x00000000c6a00000, 0x00000000c9000000, 0x00000000ece00000)
  object space 38912K, 42% used [0x00000000c6a00000,0x00000000c7a22b70,0x00000000c9000000)
 PSPermGen       total 21504K, used 19580K [0x00000000bc400000, 0x00000000bd900000, 0x00000000c6a00000)
  object space 21504K, 91% used [0x00000000bc400000,0x00000000bd71f190,0x00000000bd900000)
}
Event: 16.571 GC heap before
{Heap before GC invocations=9 (full 0):
 PSYoungGen      total 135680K, used 135456K [0x00000000ece00000, 0x00000000f6300000, 0x0000000100000000)
  eden space 124928K, 100% used [0x00000000ece00000,0x00000000f4800000,0x00000000f4800000)
  from space 10752K, 97% used [0x00000000f5480000,0x00000000f5ec82b0,0x00000000f5f00000)
  to   space 12800K, 0% used [0x00000000f4800000,0x00000000f4800000,0x00000000f5480000)
 ParOldGen       total 38912K, used 16522K [0x00000000c6a00000, 0x00000000c9000000, 0x00000000ece00000)
  object space 38912K, 42% used [0x00000000c6a00000,0x00000000c7a22b70,0x00000000c9000000)
 PSPermGen       total 21504K, used 19636K [0x00000000bc400000, 0x00000000bd900000, 0x00000000c6a00000)
  object space 21504K, 91% used [0x00000000bc400000,0x00000000bd72d280,0x00000000bd900000)
Event: 16.611 GC heap after
Heap after GC invocations=9 (full 0):
 PSYoungGen      total 137728K, used 12768K [0x00000000ece00000, 0x00000000fae80000, 0x0000000100000000)
  eden space 124928K, 0% used [0x00000000ece00000,0x00000000ece00000,0x00000000f4800000)
  from space 12800K, 99% used [0x00000000f4800000,0x00000000f5478360,0x00000000f5480000)
  to   space 14848K, 0% used [0x00000000fa000000,0x00000000fa000000,0x00000000fae80000)
 ParOldGen       total 38912K, used 24867K [0x00000000c6a00000, 0x00000000c9000000, 0x00000000ece00000)
  object space 38912K, 63% used [0x00000000c6a00000,0x00000000c8248de0,0x00000000c9000000)
 PSPermGen       total 21504K, used 19636K [0x00000000bc400000, 0x00000000bd900000, 0x00000000c6a00000)
  object space 21504K, 91% used [0x00000000bc400000,0x00000000bd72d280,0x00000000bd900000)
}
Event: 28.975 GC heap before
{Heap before GC invocations=10 (full 0):
 PSYoungGen      total 137728K, used 137696K [0x00000000ece00000, 0x00000000fae80000, 0x0000000100000000)
  eden space 124928K, 100% used [0x00000000ece00000,0x00000000f4800000,0x00000000f4800000)
  from space 12800K, 99% used [0x00000000f4800000,0x00000000f5478360,0x00000000f5480000)
  to   space 14848K, 0% used [0x00000000fa000000,0x00000000fa000000,0x00000000fae80000)
 ParOldGen       total 38912K, used 24867K [0x00000000c6a00000, 0x00000000c9000000, 0x00000000ece00000)
  object space 38912K, 63% used [0x00000000c6a00000,0x00000000c8248de0,0x00000000c9000000)
 PSPermGen       total 21504K, used 19685K [0x00000000bc400000, 0x00000000bd900000, 0x00000000c6a00000)
  object space 21504K, 91% used [0x00000000bc400000,0x00000000bd739778,0x00000000bd900000)
Event: 29.027 GC heap after
Heap after GC invocations=10 (full 0):
 PSYoungGen      total 214528K, used 11056K [0x00000000ece00000, 0x00000000faf80000, 0x0000000100000000)
  eden space 199680K, 0% used [0x00000000ece00000,0x00000000ece00000,0x00000000f9100000)
  from space 14848K, 74% used [0x00000000fa000000,0x00000000faacc2d0,0x00000000fae80000)
  to   space 15360K, 0% used [0x00000000f9100000,0x00000000f9100000,0x00000000fa000000)
 ParOldGen       total 38912K, used 30307K [0x00000000c6a00000, 0x00000000c9000000, 0x00000000ece00000)
  object space 38912K, 77% used [0x00000000c6a00000,0x00000000c8798f30,0x00000000c9000000)
 PSPermGen       total 21504K, used 19685K [0x00000000bc400000, 0x00000000bd900000, 0x00000000c6a00000)
  object space 21504K, 91% used [0x00000000bc400000,0x00000000bd739778,0x00000000bd900000)
}
Event: 29.027 GC heap before
{Heap before GC invocations=11 (full 1):
 PSYoungGen      total 214528K, used 11056K [0x00000000ece00000, 0x00000000faf80000, 0x0000000100000000)
  eden space 199680K, 0% used [0x00000000ece00000,0x00000000ece00000,0x00000000f9100000)
  from space 14848K, 74% used [0x00000000fa000000,0x00000000faacc2d0,0x00000000fae80000)
  to   space 15360K, 0% used [0x00000000f9100000,0x00000000f9100000,0x00000000fa000000)
 ParOldGen       total 38912K, used 30307K [0x00000000c6a00000, 0x00000000c9000000, 0x00000000ece00000)
  object space 38912K, 77% used [0x00000000c6a00000,0x00000000c8798f30,0x00000000c9000000)
 PSPermGen       total 21504K, used 19685K [0x00000000bc400000, 0x00000000bd900000, 0x00000000c6a00000)
  object space 21504K, 91% used [0x00000000bc400000,0x00000000bd739778,0x00000000bd900000)
Event: 29.173 GC heap after
Heap after GC invocations=11 (full 1):
 PSYoungGen      total 214528K, used 0K [0x00000000ece00000, 0x00000000faf80000, 0x0000000100000000)
  eden space 199680K, 0% used [0x00000000ece00000,0x00000000ece00000,0x00000000f9100000)
  from space 14848K, 0% used [0x00000000fa000000,0x00000000fa000000,0x00000000fae80000)
  to   space 15360K, 0% used [0x00000000f9100000,0x00000000f9100000,0x00000000fa000000)
 ParOldGen       total 66560K, used 35835K [0x00000000c6a00000, 0x00000000cab00000, 0x00000000ece00000)
  object space 66560K, 53% used [0x00000000c6a00000,0x00000000c8cfec68,0x00000000cab00000)
 PSPermGen       total 39424K, used 19681K [0x00000000bc400000, 0x00000000bea80000, 0x00000000c6a00000)
  object space 39424K, 49% used [0x00000000bc400000,0x00000000bd7384a8,0x00000000bea80000)
}

Deoptimization events (10 events):
Event: 8.753 Thread 0x00007ff6c8008000 Uncommon trap: reason=predicate action=maybe_recompile pc=0x00007ff7011722bc method=java.util.Arrays.fill([Ljava/lang/Object;IILjava/lang/Object;)V @ 16
Event: 9.040 Thread 0x00007ff6c8008000 Uncommon trap: reason=array_check action=maybe_recompile pc=0x00007ff70117a924 method=java.util.Arrays.fill([Ljava/lang/Object;IILjava/lang/Object;)V @ 20
Event: 9.042 Thread 0x00007ff6c8008000 Uncommon trap: reason=array_check action=maybe_recompile pc=0x00007ff70117a924 method=java.util.Arrays.fill([Ljava/lang/Object;IILjava/lang/Object;)V @ 20
Event: 9.042 Thread 0x00007ff6c8008000 Uncommon trap: reason=array_check action=maybe_recompile pc=0x00007ff70117a924 method=java.util.Arrays.fill([Ljava/lang/Object;IILjava/lang/Object;)V @ 20
Event: 9.042 Thread 0x00007ff6c8008000 Uncommon trap: reason=array_check action=maybe_recompile pc=0x00007ff70117a924 method=java.util.Arrays.fill([Ljava/lang/Object;IILjava/lang/Object;)V @ 20
Event: 31.045 Thread 0x00007ff704241000 Uncommon trap: reason=class_check action=maybe_recompile pc=0x00007ff7011d9878 method=sun.awt.X11.XWindow.handleMotionNotify(Lsun/awt/X11/XEvent;)V @ 12
Event: 31.048 Thread 0x00007ff704241000 Uncommon trap: reason=class_check action=maybe_recompile pc=0x00007ff7011d9878 method=sun.awt.X11.XWindow.handleMotionNotify(Lsun/awt/X11/XEvent;)V @ 12
Event: 31.061 Thread 0x00007ff704241000 Uncommon trap: reason=class_check action=maybe_recompile pc=0x00007ff7011d9878 method=sun.awt.X11.XWindow.handleMotionNotify(Lsun/awt/X11/XEvent;)V @ 12
Event: 31.064 Thread 0x00007ff704241000 Uncommon trap: reason=class_check action=maybe_recompile pc=0x00007ff7011d9878 method=sun.awt.X11.XWindow.handleMotionNotify(Lsun/awt/X11/XEvent;)V @ 12
Event: 32.186 Thread 0x00007ff704241000 Uncommon trap: reason=unreached action=reinterpret pc=0x00007ff7011bca30 method=java.util.TreeMap.getEntry(Ljava/lang/Object;)Ljava/util/TreeMap$Entry; @ 36

Internal exceptions (10 events):
Event: 2.213 Thread 0x00007ff6c8008000 Threw 0x00000000ed20e738 at /build/buildd/openjdk-7-7u79-2.5.5/build/openjdk/hotspot/src/share/vm/prims/jvm.cpp:1284
Event: 2.214 Thread 0x00007ff6c8008000 Threw 0x00000000ed214550 at /build/buildd/openjdk-7-7u79-2.5.5/build/openjdk/hotspot/src/share/vm/prims/jvm.cpp:1284
Event: 2.290 Thread 0x00007ff6c8008000 Threw 0x00000000ed641640 at /build/buildd/openjdk-7-7u79-2.5.5/build/openjdk/hotspot/src/share/vm/prims/jvm.cpp:1284
Event: 3.242 Thread 0x00007ff6c8008000 Threw 0x00000000eda1b8c0 at /build/buildd/openjdk-7-7u79-2.5.5/build/openjdk/hotspot/src/share/vm/runtime/reflection.cpp:1030
Event: 3.243 Thread 0x00007ff6c8008000 Threw 0x00000000eda1bba0 at /build/buildd/openjdk-7-7u79-2.5.5/build/openjdk/hotspot/src/share/vm/runtime/reflection.cpp:1030
Event: 3.302 Thread 0x00007ff6c8008000 Threw 0x00000000edaebf98 at /build/buildd/openjdk-7-7u79-2.5.5/build/openjdk/hotspot/src/share/vm/runtime/reflection.cpp:1030
Event: 3.303 Thread 0x00007ff6c8008000 Threw 0x00000000edaec378 at /build/buildd/openjdk-7-7u79-2.5.5/build/openjdk/hotspot/src/share/vm/runtime/reflection.cpp:1030
Event: 3.349 Thread 0x00007ff6c8008000 Threw 0x00000000edbaefc0 at /build/buildd/openjdk-7-7u79-2.5.5/build/openjdk/hotspot/src/share/vm/runtime/reflection.cpp:1030
Event: 4.499 Thread 0x00007ff6bc4d9800 Implicit null exception at 0x00007ff7010e58e0 to 0x00007ff7010e5979
Event: 4.609 Thread 0x00007ff6bc4d9800 Implicit null exception at 0x00007ff7010f1727 to 0x00007ff7010f1e5d

Events (10 events):
Event: 33.751 loading class 0x00007ff6e4070250
Event: 33.751 loading class 0x00007ff6e4070250 done
Event: 33.751 loading class 0x00007ff6e4070390
Event: 33.752 loading class 0x00007ff6e4070390 done
Event: 33.753 Thread 0x00007ff6f800d800 Thread added: 0x00007ff6f800d800
Event: 33.754 Thread 0x00007ff6f800e800 Thread added: 0x00007ff6f800e800
Event: 33.754 loading class 0x00007ff6e40464c0
Event: 33.754 Thread 0x00007ff6f8010000 Thread added: 0x00007ff6f8010000
Event: 33.754 loading class 0x00007ff6e406c730
Event: 33.776 Thread 0x00007ff6c81ba000 Thread exited: 0x00007ff6c81ba000


Dynamic libraries:
00400000-00401000 r-xp 00000000 08:01 1861178                            /usr/lib/jvm/java-7-openjdk-amd64/jre/bin/java
00600000-00601000 r--p 00000000 08:01 1861178                            /usr/lib/jvm/java-7-openjdk-amd64/jre/bin/java
00601000-00602000 rw-p 00001000 08:01 1861178                            /usr/lib/jvm/java-7-openjdk-amd64/jre/bin/java
00b51000-00bc9000 rw-p 00000000 00:00 0                                  [heap]
bc400000-bea80000 rw-p 00000000 00:00 0 
bea80000-c6a00000 rw-p 00000000 00:00 0 
c6a00000-cab00000 rw-p 00000000 00:00 0 
cab00000-ece00000 rw-p 00000000 00:00 0 
ece00000-faf80000 rw-p 00000000 00:00 0 
faf80000-100000000 rw-p 00000000 00:00 0 
7ff6b52f2000-7ff6b53f2000 rw-s 119542000 00:05 1913                      /dev/dri/card0
7ff6b53f2000-7ff6b54f2000 rw-s 11f334000 00:05 1913                      /dev/dri/card0
7ff6b54f2000-7ff6b54f5000 ---p 00000000 00:00 0 
7ff6b54f5000-7ff6b55f3000 rw-p 00000000 00:00 0 
7ff6b55f3000-7ff6b55f6000 ---p 00000000 00:00 0 
7ff6b55f6000-7ff6b56f4000 rw-p 00000000 00:00 0 
7ff6b56f4000-7ff6b5737000 r-xp 00000000 08:01 532670                     /usr/lib/x86_64-linux-gnu/libjpeg.so.8.0.2
7ff6b5737000-7ff6b5937000 ---p 00043000 08:01 532670                     /usr/lib/x86_64-linux-gnu/libjpeg.so.8.0.2
7ff6b5937000-7ff6b5938000 r--p 00043000 08:01 532670                     /usr/lib/x86_64-linux-gnu/libjpeg.so.8.0.2
7ff6b5938000-7ff6b5939000 rw-p 00044000 08:01 532670                     /usr/lib/x86_64-linux-gnu/libjpeg.so.8.0.2
7ff6b5939000-7ff6b5949000 rw-p 00000000 00:00 0 
7ff6b5949000-7ff6b5953000 r-xp 00000000 08:01 5768782                    /usr/lib/jvm/java-7-openjdk-amd64/jre/lib/amd64/libjavajpeg.so
7ff6b5953000-7ff6b5b52000 ---p 0000a000 08:01 5768782                    /usr/lib/jvm/java-7-openjdk-amd64/jre/lib/amd64/libjavajpeg.so
7ff6b5b52000-7ff6b5b53000 r--p 00009000 08:01 5768782                    /usr/lib/jvm/java-7-openjdk-amd64/jre/lib/amd64/libjavajpeg.so
7ff6b5b53000-7ff6b5b54000 rw-p 0000a000 08:01 5768782                    /usr/lib/jvm/java-7-openjdk-amd64/jre/lib/amd64/libjavajpeg.so
7ff6b5b54000-7ff6b5b57000 ---p 00000000 00:00 0 
7ff6b5b57000-7ff6b5c55000 rw-p 00000000 00:00 0                          [stack:10447]
7ff6b5c55000-7ff6b5c58000 ---p 00000000 00:00 0 
7ff6b5c58000-7ff6b5d56000 rw-p 00000000 00:00 0 
7ff6b5d56000-7ff6b5d59000 ---p 00000000 00:00 0 
7ff6b5d59000-7ff6b5e57000 rw-p 00000000 00:00 0                          [stack:10432]
7ff6b5e57000-7ff6b5e5a000 ---p 00000000 00:00 0 
7ff6b5e5a000-7ff6b5f58000 rw-p 00000000 00:00 0                          [stack:10430]
7ff6b5f58000-7ff6b5f5d000 r-xp 00000000 08:01 15728669                   /lib/x86_64-linux-gnu/libnss_dns-2.19.so
7ff6b5f5d000-7ff6b615c000 ---p 00005000 08:01 15728669                   /lib/x86_64-linux-gnu/libnss_dns-2.19.so
7ff6b615c000-7ff6b615d000 r--p 00004000 08:01 15728669                   /lib/x86_64-linux-gnu/libnss_dns-2.19.so
7ff6b615d000-7ff6b615e000 rw-p 00005000 08:01 15728669                   /lib/x86_64-linux-gnu/libnss_dns-2.19.so
7ff6b6161000-7ff6b6163000 r-xp 00000000 08:01 15732752                   /lib/x86_64-linux-gnu/libnss_mdns4_minimal.so.2
7ff6b6163000-7ff6b6362000 ---p 00002000 08:01 15732752                   /lib/x86_64-linux-gnu/libnss_mdns4_minimal.so.2
7ff6b6362000-7ff6b6363000 r--p 00001000 08:01 15732752                   /lib/x86_64-linux-gnu/libnss_mdns4_minimal.so.2
7ff6b6363000-7ff6b6364000 rw-p 00002000 08:01 15732752                   /lib/x86_64-linux-gnu/libnss_mdns4_minimal.so.2
7ff6b6383000-7ff6b6384000 rw-s 126f21000 00:05 1913                      /dev/dri/card0
7ff6b6384000-7ff6b6385000 rw-s 126f20000 00:05 1913                      /dev/dri/card0
7ff6b6385000-7ff6b6388000 ---p 00000000 00:00 0 
7ff6b6388000-7ff6b6486000 rw-p 00000000 00:00 0 
7ff6b6486000-7ff6b6489000 ---p 00000000 00:00 0 
7ff6b6489000-7ff6b6587000 rw-p 00000000 00:00 0 
7ff6b6587000-7ff6b658a000 ---p 00000000 00:00 0 
7ff6b658a000-7ff6b6688000 rw-p 00000000 00:00 0                          [stack:10431]
7ff6b6688000-7ff6b668b000 ---p 00000000 00:00 0 
7ff6b668b000-7ff6b6789000 rw-p 00000000 00:00 0 
7ff6b67d9000-7ff6b67da000 rw-s 1086f5000 00:05 1913                      /dev/dri/card0
7ff6b67dd000-7ff6b67e0000 ---p 00000000 00:00 0 
7ff6b67e0000-7ff6b68de000 rw-p 00000000 00:00 0 
7ff6b68de000-7ff6b68e1000 ---p 00000000 00:00 0 
7ff6b68e1000-7ff6b69df000 rw-p 00000000 00:00 0                          [stack:10444]
7ff6b69e6000-7ff6b69e7000 rw-s 11a5e6000 00:05 1913                      /dev/dri/card0
7ff6b69e7000-7ff6b6bbc000 rw-p 00000000 00:00 0 
7ff6b6c4f000-7ff6b6c50000 rw-s 11cc18000 00:05 1913                      /dev/dri/card0
7ff6b6cb8000-7ff6b6cbb000 ---p 00000000 00:00 0 
7ff6b6cbb000-7ff6b6db9000 rw-p 00000000 00:00 0 
7ff6b6dba000-7ff6b6dbb000 rw-s 11cbbf000 00:05 1913                      /dev/dri/card0
7ff6b6dc6000-7ff6b6dc7000 rw-s 11baa9000 00:05 1913                      /dev/dri/card0
7ff6b6dc9000-7ff6b6f9e000 rw-p 00000000 00:00 0 
7ff6b6fa4000-7ff6b6fa5000 rw-s 11f437000 00:05 1913                      /dev/dri/card0
7ff6b6fa8000-7ff6b6fa9000 rw-s 11e49c000 00:05 1913                      /dev/dri/card0
7ff6b6fb1000-7ff6b6fb2000 rw-s 11cbba000 00:05 1913                      /dev/dri/card0
7ff6b707a000-7ff6b707b000 ---p 00000000 00:00 0 
7ff6b707b000-7ff6b787b000 rw-p 00000000 00:00 0                          [stack:10321]
7ff6b787b000-7ff6b7fc1000 r-xp 00000000 08:01 918024                     /usr/lib/x86_64-linux-gnu/dri/r600_dri.so
7ff6b7fc1000-7ff6b81c0000 ---p 00746000 08:01 918024                     /usr/lib/x86_64-linux-gnu/dri/r600_dri.so
7ff6b81c0000-7ff6b8213000 r--p 00745000 08:01 918024                     /usr/lib/x86_64-linux-gnu/dri/r600_dri.so
7ff6b8213000-7ff6b821f000 rw-p 00798000 08:01 918024                     /usr/lib/x86_64-linux-gnu/dri/r600_dri.so
7ff6b821f000-7ff6b8407000 rw-p 00000000 00:00 0 
7ff6b8407000-7ff6b8409000 r-xp 00000000 08:01 532093                     /usr/lib/x86_64-linux-gnu/libXinerama.so.1.0.0
7ff6b8409000-7ff6b8608000 ---p 00002000 08:01 532093                     /usr/lib/x86_64-linux-gnu/libXinerama.so.1.0.0
7ff6b8608000-7ff6b8609000 r--p 00001000 08:01 532093                     /usr/lib/x86_64-linux-gnu/libXinerama.so.1.0.0
7ff6b8609000-7ff6b860a000 rw-p 00002000 08:01 532093                     /usr/lib/x86_64-linux-gnu/libXinerama.so.1.0.0
7ff6b860a000-7ff6b8641000 r-xp 00000000 08:01 533016                     /usr/lib/x86_64-linux-gnu/libtxc_dxtn_s2tc.so.0.0.0
7ff6b8641000-7ff6b8840000 ---p 00037000 08:01 533016                     /usr/lib/x86_64-linux-gnu/libtxc_dxtn_s2tc.so.0.0.0
7ff6b8840000-7ff6b8841000 r--p 00036000 08:01 533016                     /usr/lib/x86_64-linux-gnu/libtxc_dxtn_s2tc.so.0.0.0
7ff6b8841000-7ff6b8842000 rw-p 00037000 08:01 533016                     /usr/lib/x86_64-linux-gnu/libtxc_dxtn_s2tc.so.0.0.0
7ff6b8842000-7ff6b8843000 ---p 00000000 00:00 0 
7ff6b8843000-7ff6b9043000 rw-p 00000000 00:00 0 
7ff6b9043000-7ff6b904b000 r-xp 00000000 08:01 15732733                   /lib/x86_64-linux-gnu/libnih-dbus.so.1.0.0
7ff6b904b000-7ff6b924b000 ---p 00008000 08:01 15732733                   /lib/x86_64-linux-gnu/libnih-dbus.so.1.0.0
7ff6b924b000-7ff6b924c000 r--p 00008000 08:01 15732733                   /lib/x86_64-linux-gnu/libnih-dbus.so.1.0.0
7ff6b924c000-7ff6b924d000 rw-p 00009000 08:01 15732733                   /lib/x86_64-linux-gnu/libnih-dbus.so.1.0.0
7ff6b924d000-7ff6b9264000 r-xp 00000000 08:01 15732735                   /lib/x86_64-linux-gnu/libnih.so.1.0.0
7ff6b9264000-7ff6b9463000 ---p 00017000 08:01 15732735                   /lib/x86_64-linux-gnu/libnih.so.1.0.0
7ff6b9463000-7ff6b9464000 r--p 00016000 08:01 15732735                   /lib/x86_64-linux-gnu/libnih.so.1.0.0
7ff6b9464000-7ff6b9465000 rw-p 00017000 08:01 15732735                   /lib/x86_64-linux-gnu/libnih.so.1.0.0
7ff6b9465000-7ff6b947e000 r-xp 00000000 08:01 15732676                   /lib/x86_64-linux-gnu/libcgmanager.so.0.0.0
7ff6b947e000-7ff6b967d000 ---p 00019000 08:01 15732676                   /lib/x86_64-linux-gnu/libcgmanager.so.0.0.0
7ff6b967d000-7ff6b967f000 r--p 00018000 08:01 15732676                   /lib/x86_64-linux-gnu/libcgmanager.so.0.0.0
7ff6b967f000-7ff6b9680000 rw-p 0001a000 08:01 15732676                   /lib/x86_64-linux-gnu/libcgmanager.so.0.0.0
7ff6b9680000-7ff6b9690000 r-xp 00000000 08:01 15728930                   /lib/x86_64-linux-gnu/libudev.so.1.3.5
7ff6b9690000-7ff6b988f000 ---p 00010000 08:01 15728930                   /lib/x86_64-linux-gnu/libudev.so.1.3.5
7ff6b988f000-7ff6b9890000 r--p 0000f000 08:01 15728930                   /lib/x86_64-linux-gnu/libudev.so.1.3.5
7ff6b9890000-7ff6b9891000 rw-p 00010000 08:01 15728930                   /lib/x86_64-linux-gnu/libudev.so.1.3.5
7ff6b9891000-7ff6b98b6000 r-xp 00000000 08:01 15732817                   /lib/x86_64-linux-gnu/libtinfo.so.5.9
7ff6b98b6000-7ff6b9ab5000 ---p 00025000 08:01 15732817                   /lib/x86_64-linux-gnu/libtinfo.so.5.9
7ff6b9ab5000-7ff6b9ab9000 r--p 00024000 08:01 15732817                   /lib/x86_64-linux-gnu/libtinfo.so.5.9
7ff6b9ab9000-7ff6b9aba000 rw-p 00028000 08:01 15732817                   /lib/x86_64-linux-gnu/libtinfo.so.5.9
7ff6b9aba000-7ff6b9ae3000 r-xp 00000000 08:01 532322                     /usr/lib/x86_64-linux-gnu/libedit.so.2.0.47
7ff6b9ae3000-7ff6b9ce3000 ---p 00029000 08:01 532322                     /usr/lib/x86_64-linux-gnu/libedit.so.2.0.47
7ff6b9ce3000-7ff6b9ce5000 r--p 00029000 08:01 532322                     /usr/lib/x86_64-linux-gnu/libedit.so.2.0.47
7ff6b9ce5000-7ff6b9ce6000 rw-p 0002b000 08:01 532322                     /usr/lib/x86_64-linux-gnu/libedit.so.2.0.47
7ff6b9ce6000-7ff6b9cea000 rw-p 00000000 00:00 0 
7ff6b9cea000-7ff6bb7f2000 r-xp 00000000 08:01 531941                     /usr/lib/x86_64-linux-gnu/libLLVM-3.5.so.1
7ff6bb7f2000-7ff6bb7f3000 ---p 01b08000 08:01 531941                     /usr/lib/x86_64-linux-gnu/libLLVM-3.5.so.1
7ff6bb7f3000-7ff6bb9bb000 r--p 01b08000 08:01 531941                     /usr/lib/x86_64-linux-gnu/libLLVM-3.5.so.1
7ff6bb9bb000-7ff6bb9c1000 rw-p 01cd0000 08:01 531941                     /usr/lib/x86_64-linux-gnu/libLLVM-3.5.so.1
7ff6bb9c1000-7ff6bb9d6000 rw-p 00000000 00:00 0 
7ff6bb9d6000-7ff6bb9e2000 r-xp 00000000 08:01 530540                     /usr/lib/x86_64-linux-gnu/libdrm_radeon.so.1.0.1
7ff6bb9e2000-7ff6bbbe1000 ---p 0000c000 08:01 530540                     /usr/lib/x86_64-linux-gnu/libdrm_radeon.so.1.0.1
7ff6bbbe1000-7ff6bbbe2000 r--p 0000b000 08:01 530540                     /usr/lib/x86_64-linux-gnu/libdrm_radeon.so.1.0.1
7ff6bbbe2000-7ff6bbbe3000 rw-p 0000c000 08:01 530540                     /usr/lib/x86_64-linux-gnu/libdrm_radeon.so.1.0.1
7ff6bbbe3000-7ff6bbbf8000 r-xp 00000000 08:01 532323                     /usr/lib/x86_64-linux-gnu/libelf-0.158.so
7ff6bbbf8000-7ff6bbdf7000 ---p 00015000 08:01 532323                     /usr/lib/x86_64-linux-gnu/libelf-0.158.so
7ff6bbdf7000-7ff6bbdf8000 r--p 00014000 08:01 532323                     /usr/lib/x86_64-linux-gnu/libelf-0.158.so
7ff6bbdf8000-7ff6bbdf9000 rw-p 00015000 08:01 532323                     /usr/lib/x86_64-linux-gnu/libelf-0.158.so
7ff6bbdf9000-7ff6bbdff000 r-xp 00000000 08:01 530538                     /usr/lib/x86_64-linux-gnu/libdrm_nouveau.so.2.0.0
7ff6bbdff000-7ff6bbffe000 ---p 00006000 08:01 530538                     /usr/lib/x86_64-linux-gnu/libdrm_nouveau.so.2.0.0
7ff6bbffe000-7ff6bbfff000 r--p 00005000 08:01 530538                     /usr/lib/x86_64-linux-gnu/libdrm_nouveau.so.2.0.0
7ff6bbfff000-7ff6bc000000 rw-p 00006000 08:01 530538                     /usr/lib/x86_64-linux-gnu/libdrm_nouveau.so.2.0.0
7ff6bc000000-7ff6bcece000 rw-p 00000000 00:00 0 
7ff6bcece000-7ff6c0000000 ---p 00000000 00:00 0 
7ff6c0000000-7ff6c0001000 rw-s 11f510000 00:05 1913                      /dev/dri/card0
7ff6c0096000-7ff6c00a6000 rw-s 12021d000 00:05 1913                      /dev/dri/card0
7ff6c01d3000-7ff6c01da000 r-xp 00000000 08:01 919135                     /usr/lib/x86_64-linux-gnu/mesa-egl/libOpenVG.so.1.0.0
7ff6c01da000-7ff6c03d9000 ---p 00007000 08:01 919135                     /usr/lib/x86_64-linux-gnu/mesa-egl/libOpenVG.so.1.0.0
7ff6c03d9000-7ff6c03da000 r--p 00006000 08:01 919135                     /usr/lib/x86_64-linux-gnu/mesa-egl/libOpenVG.so.1.0.0
7ff6c03da000-7ff6c03db000 rw-p 00007000 08:01 919135                     /usr/lib/x86_64-linux-gnu/mesa-egl/libOpenVG.so.1.0.0
7ff6c03db000-7ff6c03dd000 rw-p 00000000 00:00 0 
7ff6c03dd000-7ff6c0b65000 r-xp 00000000 08:01 918029                     /usr/lib/x86_64-linux-gnu/egl/egl_gallium.so
7ff6c0b65000-7ff6c0d65000 ---p 00788000 08:01 918029                     /usr/lib/x86_64-linux-gnu/egl/egl_gallium.so
7ff6c0d65000-7ff6c0db8000 r--p 00788000 08:01 918029                     /usr/lib/x86_64-linux-gnu/egl/egl_gallium.so
7ff6c0db8000-7ff6c0dc4000 rw-p 007db000 08:01 918029                     /usr/lib/x86_64-linux-gnu/egl/egl_gallium.so
7ff6c0dc4000-7ff6c0fab000 rw-p 00000000 00:00 0 
7ff6c0fab000-7ff6c0fb1000 r-xp 00000000 08:01 919133                     /usr/lib/x86_64-linux-gnu/mesa-egl/libGLESv2.so.2.0.0
7ff6c0fb1000-7ff6c11b0000 ---p 00006000 08:01 919133                     /usr/lib/x86_64-linux-gnu/mesa-egl/libGLESv2.so.2.0.0
7ff6c11b0000-7ff6c11b1000 r--p 00005000 08:01 919133                     /usr/lib/x86_64-linux-gnu/mesa-egl/libGLESv2.so.2.0.0
7ff6c11b1000-7ff6c11b2000 rw-p 00006000 08:01 919133                     /usr/lib/x86_64-linux-gnu/mesa-egl/libGLESv2.so.2.0.0
7ff6c11b2000-7ff6c11f7000 r-xp 00000000 08:01 12845847                   /tmp/jogamp_0000/file_cache/jln8533333638958730510/jln8001809491019437980/libjogl_mobile.so
7ff6c11f7000-7ff6c13f7000 ---p 00045000 08:01 12845847                   /tmp/jogamp_0000/file_cache/jln8533333638958730510/jln8001809491019437980/libjogl_mobile.so
7ff6c13f7000-7ff6c13f8000 rw-p 00045000 08:01 12845847                   /tmp/jogamp_0000/file_cache/jln8533333638958730510/jln8001809491019437980/libjogl_mobile.so
7ff6c13f8000-7ff6c1404000 r-xp 00000000 08:01 532405                     /usr/lib/x86_64-linux-gnu/libgbm.so.1.0.0
7ff6c1404000-7ff6c1604000 ---p 0000c000 08:01 532405                     /usr/lib/x86_64-linux-gnu/libgbm.so.1.0.0
7ff6c1604000-7ff6c1605000 r--p 0000c000 08:01 532405                     /usr/lib/x86_64-linux-gnu/libgbm.so.1.0.0
7ff6c1605000-7ff6c1606000 rw-p 0000d000 08:01 532405                     /usr/lib/x86_64-linux-gnu/libgbm.so.1.0.0
7ff6c1606000-7ff6c1615000 r-xp 00000000 08:01 533084                     /usr/lib/x86_64-linux-gnu/libwayland-server.so.0.1.0
7ff6c1615000-7ff6c1814000 ---p 0000f000 08:01 533084                     /usr/lib/x86_64-linux-gnu/libwayland-server.so.0.1.0
7ff6c1814000-7ff6c1816000 r--p 0000e000 08:01 533084                     /usr/lib/x86_64-linux-gnu/libwayland-server.so.0.1.0
7ff6c1816000-7ff6c1817000 rw-p 00010000 08:01 533084                     /usr/lib/x86_64-linux-gnu/libwayland-server.so.0.1.0
7ff6c1817000-7ff6c1822000 r-xp 00000000 08:01 533078                     /usr/lib/x86_64-linux-gnu/libwayland-client.so.0.2.0
7ff6c1822000-7ff6c1a21000 ---p 0000b000 08:01 533078                     /usr/lib/x86_64-linux-gnu/libwayland-client.so.0.2.0
7ff6c1a21000-7ff6c1a23000 r--p 0000a000 08:01 533078                     /usr/lib/x86_64-linux-gnu/libwayland-client.so.0.2.0
7ff6c1a23000-7ff6c1a24000 rw-p 0000c000 08:01 533078                     /usr/lib/x86_64-linux-gnu/libwayland-client.so.0.2.0
7ff6c1a24000-7ff6c1a29000 r-xp 00000000 08:01 533134                     /usr/lib/x86_64-linux-gnu/libxcb-xfixes.so.0.0.0
7ff6c1a29000-7ff6c1c29000 ---p 00005000 08:01 533134                     /usr/lib/x86_64-linux-gnu/libxcb-xfixes.so.0.0.0
7ff6c1c29000-7ff6c1c2a000 r--p 00005000 08:01 533134                     /usr/lib/x86_64-linux-gnu/libxcb-xfixes.so.0.0.0
7ff6c1c2a000-7ff6c1c2b000 rw-p 00006000 08:01 533134                     /usr/lib/x86_64-linux-gnu/libxcb-xfixes.so.0.0.0
7ff6c1c2b000-7ff6c1c52000 r-xp 00000000 08:01 919129                     /usr/lib/x86_64-linux-gnu/mesa-egl/libEGL.so.1.0.0
7ff6c1c52000-7ff6c1e52000 ---p 00027000 08:01 919129                     /usr/lib/x86_64-linux-gnu/mesa-egl/libEGL.so.1.0.0
7ff6c1e52000-7ff6c1e53000 r--p 00027000 08:01 919129                     /usr/lib/x86_64-linux-gnu/mesa-egl/libEGL.so.1.0.0
7ff6c1e53000-7ff6c1e54000 rw-p 00028000 08:01 919129                     /usr/lib/x86_64-linux-gnu/mesa-egl/libEGL.so.1.0.0
7ff6c1e54000-7ff6c1e55000 rw-p 00000000 00:00 0 
7ff6c1e55000-7ff6c1efa000 r-xp 00000000 08:01 12845846                   /tmp/jogamp_0000/file_cache/jln8533333638958730510/jln8001809491019437980/libjogl_desktop.so
7ff6c1efa000-7ff6c20fa000 ---p 000a5000 08:01 12845846                   /tmp/jogamp_0000/file_cache/jln8533333638958730510/jln8001809491019437980/libjogl_desktop.so
7ff6c20fa000-7ff6c20fb000 rw-p 000a5000 08:01 12845846                   /tmp/jogamp_0000/file_cache/jln8533333638958730510/jln8001809491019437980/libjogl_desktop.so
7ff6c20fb000-7ff6c2106000 r-xp 00000000 08:01 530534                     /usr/lib/x86_64-linux-gnu/libdrm.so.2.4.0
7ff6c2106000-7ff6c2305000 ---p 0000b000 08:01 530534                     /usr/lib/x86_64-linux-gnu/libdrm.so.2.4.0
7ff6c2305000-7ff6c2306000 r--p 0000a000 08:01 530534                     /usr/lib/x86_64-linux-gnu/libdrm.so.2.4.0
7ff6c2306000-7ff6c2307000 rw-p 0000b000 08:01 530534                     /usr/lib/x86_64-linux-gnu/libdrm.so.2.4.0
7ff6c2307000-7ff6c2308000 r-xp 00000000 08:01 533148                     /usr/lib/x86_64-linux-gnu/libxshmfence.so.1.0.0
7ff6c2308000-7ff6c2507000 ---p 00001000 08:01 533148                     /usr/lib/x86_64-linux-gnu/libxshmfence.so.1.0.0
7ff6c2507000-7ff6c2508000 r--p 00000000 08:01 533148                     /usr/lib/x86_64-linux-gnu/libxshmfence.so.1.0.0
7ff6c2508000-7ff6c2509000 rw-p 00001000 08:01 533148                     /usr/lib/x86_64-linux-gnu/libxshmfence.so.1.0.0
7ff6c2509000-7ff6c250e000 r-xp 00000000 08:01 533130                     /usr/lib/x86_64-linux-gnu/libxcb-sync.so.1.0.0
7ff6c250e000-7ff6c270d000 ---p 00005000 08:01 533130                     /usr/lib/x86_64-linux-gnu/libxcb-sync.so.1.0.0
7ff6c270d000-7ff6c270e000 r--p 00004000 08:01 533130                     /usr/lib/x86_64-linux-gnu/libxcb-sync.so.1.0.0
7ff6c270e000-7ff6c270f000 rw-p 00005000 08:01 533130                     /usr/lib/x86_64-linux-gnu/libxcb-sync.so.1.0.0
7ff6c270f000-7ff6c2711000 r-xp 00000000 08:01 533118                     /usr/lib/x86_64-linux-gnu/libxcb-present.so.0.0.0
7ff6c2711000-7ff6c2910000 ---p 00002000 08:01 533118                     /usr/lib/x86_64-linux-gnu/libxcb-present.so.0.0.0
7ff6c2910000-7ff6c2911000 r--p 00001000 08:01 533118                     /usr/lib/x86_64-linux-gnu/libxcb-present.so.0.0.0
7ff6c2911000-7ff6c2912000 rw-p 00002000 08:01 533118                     /usr/lib/x86_64-linux-gnu/libxcb-present.so.0.0.0
7ff6c2912000-7ff6c2914000 r-xp 00000000 08:01 533108                     /usr/lib/x86_64-linux-gnu/libxcb-dri3.so.0.0.0
7ff6c2914000-7ff6c2b13000 ---p 00002000 08:01 533108                     /usr/lib/x86_64-linux-gnu/libxcb-dri3.so.0.0.0
7ff6c2b13000-7ff6c2b14000 r--p 00001000 08:01 533108                     /usr/lib/x86_64-linux-gnu/libxcb-dri3.so.0.0.0
7ff6c2b14000-7ff6c2b15000 rw-p 00002000 08:01 533108                     /usr/lib/x86_64-linux-gnu/libxcb-dri3.so.0.0.0
7ff6c2b15000-7ff6c2b18000 r-xp 00000000 08:01 533106                     /usr/lib/x86_64-linux-gnu/libxcb-dri2.so.0.0.0
7ff6c2b18000-7ff6c2d18000 ---p 00003000 08:01 533106                     /usr/lib/x86_64-linux-gnu/libxcb-dri2.so.0.0.0
7ff6c2d18000-7ff6c2d19000 r--p 00003000 08:01 533106                     /usr/lib/x86_64-linux-gnu/libxcb-dri2.so.0.0.0
7ff6c2d19000-7ff6c2d1a000 rw-p 00004000 08:01 533106                     /usr/lib/x86_64-linux-gnu/libxcb-dri2.so.0.0.0
7ff6c2d1a000-7ff6c2d2f000 r-xp 00000000 08:01 533110                     /usr/lib/x86_64-linux-gnu/libxcb-glx.so.0.0.0
7ff6c2d2f000-7ff6c2f2e000 ---p 00015000 08:01 533110                     /usr/lib/x86_64-linux-gnu/libxcb-glx.so.0.0.0
7ff6c2f2e000-7ff6c2f30000 r--p 00014000 08:01 533110                     /usr/lib/x86_64-linux-gnu/libxcb-glx.so.0.0.0
7ff6c2f30000-7ff6c2f31000 rw-p 00016000 08:01 533110                     /usr/lib/x86_64-linux-gnu/libxcb-glx.so.0.0.0
7ff6c2f31000-7ff6c2f32000 r-xp 00000000 08:01 532064                     /usr/lib/x86_64-linux-gnu/libX11-xcb.so.1.0.0
7ff6c2f32000-7ff6c3131000 ---p 00001000 08:01 532064                     /usr/lib/x86_64-linux-gnu/libX11-xcb.so.1.0.0
7ff6c3131000-7ff6c3132000 r--p 00000000 08:01 532064                     /usr/lib/x86_64-linux-gnu/libX11-xcb.so.1.0.0
7ff6c3132000-7ff6c3133000 rw-p 00001000 08:01 532064                     /usr/lib/x86_64-linux-gnu/libX11-xcb.so.1.0.0
7ff6c3133000-7ff6c3135000 r-xp 00000000 08:01 532079                     /usr/lib/x86_64-linux-gnu/libXdamage.so.1.1.0
7ff6c3135000-7ff6c3334000 ---p 00002000 08:01 532079                     /usr/lib/x86_64-linux-gnu/libXdamage.so.1.1.0
7ff6c3334000-7ff6c3335000 r--p 00001000 08:01 532079                     /usr/lib/x86_64-linux-gnu/libXdamage.so.1.1.0
7ff6c3335000-7ff6c3336000 rw-p 00002000 08:01 532079                     /usr/lib/x86_64-linux-gnu/libXdamage.so.1.1.0
7ff6c3336000-7ff6c335a000 r-xp 00000000 08:01 532457                     /usr/lib/x86_64-linux-gnu/libglapi.so.0.0.0
7ff6c335a000-7ff6c355a000 ---p 00024000 08:01 532457                     /usr/lib/x86_64-linux-gnu/libglapi.so.0.0.0
7ff6c355a000-7ff6c355d000 r--p 00024000 08:01 532457                     /usr/lib/x86_64-linux-gnu/libglapi.so.0.0.0
7ff6c355d000-7ff6c355e000 rw-p 00027000 08:01 532457                     /usr/lib/x86_64-linux-gnu/libglapi.so.0.0.0
7ff6c355e000-7ff6c355f000 rw-p 00000000 00:00 0 
7ff6c355f000-7ff6c35eb000 r-xp 00000000 08:01 919126                     /usr/lib/x86_64-linux-gnu/mesa/libGL.so.1.2.0
7ff6c35eb000-7ff6c37ea000 ---p 0008c000 08:01 919126                     /usr/lib/x86_64-linux-gnu/mesa/libGL.so.1.2.0
7ff6c37ea000-7ff6c37ed000 r--p 0008b000 08:01 919126                     /usr/lib/x86_64-linux-gnu/mesa/libGL.so.1.2.0
7ff6c37ed000-7ff6c37ee000 rw-p 0008e000 08:01 919126                     /usr/lib/x86_64-linux-gnu/mesa/libGL.so.1.2.0
7ff6c37ee000-7ff6c37ef000 rw-p 00000000 00:00 0 
7ff6c37ef000-7ff6c37f6000 r-xp 00000000 08:01 12845849                   /tmp/jogamp_0000/file_cache/jln8533333638958730510/jln8001809491019437980/libnativewindow_x11.so
7ff6c37f6000-7ff6c39f5000 ---p 00007000 08:01 12845849                   /tmp/jogamp_0000/file_cache/jln8533333638958730510/jln8001809491019437980/libnativewindow_x11.so
7ff6c39f5000-7ff6c39f6000 rw-p 00006000 08:01 12845849                   /tmp/jogamp_0000/file_cache/jln8533333638958730510/jln8001809491019437980/libnativewindow_x11.so
7ff6c39f6000-7ff6c39fa000 r-xp 00000000 08:01 532121                     /usr/lib/x86_64-linux-gnu/libXxf86vm.so.1.0.0
7ff6c39fa000-7ff6c3bfa000 ---p 00004000 08:01 532121                     /usr/lib/x86_64-linux-gnu/libXxf86vm.so.1.0.0
7ff6c3bfa000-7ff6c3bfb000 r--p 00004000 08:01 532121                     /usr/lib/x86_64-linux-gnu/libXxf86vm.so.1.0.0
7ff6c3bfb000-7ff6c3bfc000 rw-p 00005000 08:01 532121                     /usr/lib/x86_64-linux-gnu/libXxf86vm.so.1.0.0
7ff6c3bfc000-7ff6c3bfe000 r-xp 00000000 08:01 12845848                   /tmp/jogamp_0000/file_cache/jln8533333638958730510/jln8001809491019437980/libnativewindow_awt.so
7ff6c3bfe000-7ff6c3dfd000 ---p 00002000 08:01 12845848                   /tmp/jogamp_0000/file_cache/jln8533333638958730510/jln8001809491019437980/libnativewindow_awt.so
7ff6c3dfd000-7ff6c3dfe000 rw-p 00001000 08:01 12845848                   /tmp/jogamp_0000/file_cache/jln8533333638958730510/jln8001809491019437980/libnativewindow_awt.so
7ff6c3dfe000-7ff6c3dff000 r-xp 00000000 08:01 5768800                    /usr/lib/jvm/java-7-openjdk-amd64/jre/lib/amd64/libjawt.so
7ff6c3dff000-7ff6c3ffe000 ---p 00001000 08:01 5768800                    /usr/lib/jvm/java-7-openjdk-amd64/jre/lib/amd64/libjawt.so
7ff6c3ffe000-7ff6c3fff000 r--p 00000000 08:01 5768800                    /usr/lib/jvm/java-7-openjdk-amd64/jre/lib/amd64/libjawt.so
7ff6c3fff000-7ff6c4000000 rw-p 00001000 08:01 5768800                    /usr/lib/jvm/java-7-openjdk-amd64/jre/lib/amd64/libjawt.so
7ff6c4000000-7ff6c4021000 rw-p 00000000 00:00 0 
7ff6c4021000-7ff6c8000000 ---p 00000000 00:00 0 
7ff6c8000000-7ff6c86f1000 rw-p 00000000 00:00 0 
7ff6c86f1000-7ff6cc000000 ---p 00000000 00:00 0 
7ff6cc000000-7ff6cc1e1000 rw-p 00000000 00:00 0 
7ff6cc1e1000-7ff6d0000000 ---p 00000000 00:00 0 
7ff6d0000000-7ff6d008e000 rw-p 00000000 00:00 0 
7ff6d008e000-7ff6d4000000 ---p 00000000 00:00 0 
7ff6d4000000-7ff6d4001000 rw-s 11f50f000 00:05 1913                      /dev/dri/card0
7ff6d4006000-7ff6d4007000 rw-s 11e46b000 00:05 1913                      /dev/dri/card0
7ff6d4007000-7ff6d4008000 rw-s 11e46a000 00:05 1913                      /dev/dri/card0
7ff6d4008000-7ff6d4009000 rw-s 11e469000 00:05 1913                      /dev/dri/card0
7ff6d4009000-7ff6d400a000 rw-s 11e468000 00:05 1913                      /dev/dri/card0
7ff6d400a000-7ff6d400b000 rw-s 11e467000 00:05 1913                      /dev/dri/card0
7ff6d400b000-7ff6d400c000 rw-s 11e466000 00:05 1913                      /dev/dri/card0
7ff6d400c000-7ff6d400d000 rw-s 11e465000 00:05 1913                      /dev/dri/card0
7ff6d4011000-7ff6d4021000 rw-s 11dcf2000 00:05 1913                      /dev/dri/card0
7ff6d4031000-7ff6d4041000 rw-s 11b2b8000 00:05 1913                      /dev/dri/card0
7ff6d4041000-7ff6d4051000 rw-s 11b2a8000 00:05 1913                      /dev/dri/card0
7ff6d4051000-7ff6d4053000 r-xp 00000000 08:01 12845845                   /tmp/jogamp_0000/file_cache/jln8533333638958730510/jln8001809491019437980/libgluegen-rt.so
7ff6d4053000-7ff6d4252000 ---p 00002000 08:01 12845845                   /tmp/jogamp_0000/file_cache/jln8533333638958730510/jln8001809491019437980/libgluegen-rt.so
7ff6d4252000-7ff6d4253000 rw-p 00001000 08:01 12845845                   /tmp/jogamp_0000/file_cache/jln8533333638958730510/jln8001809491019437980/libgluegen-rt.so
7ff6d4253000-7ff6d4256000 ---p 00000000 00:00 0 
7ff6d4256000-7ff6d4354000 rw-p 00000000 00:00 0 
7ff6d4354000-7ff6d4357000 ---p 00000000 00:00 0 
7ff6d4357000-7ff6d4455000 rw-p 00000000 00:00 0                          [stack:10310]
7ff6d4455000-7ff6d4458000 ---p 00000000 00:00 0 
7ff6d4458000-7ff6d4556000 rw-p 00000000 00:00 0                          [stack:10309]
7ff6d4556000-7ff6d4566000 r-xp 00000000 08:01 5768799                    /usr/lib/jvm/java-7-openjdk-amd64/jre/lib/amd64/libnio.so
7ff6d4566000-7ff6d4766000 ---p 00010000 08:01 5768799                    /usr/lib/jvm/java-7-openjdk-amd64/jre/lib/amd64/libnio.so
7ff6d4766000-7ff6d4767000 r--p 00010000 08:01 5768799                    /usr/lib/jvm/java-7-openjdk-amd64/jre/lib/amd64/libnio.so
7ff6d4767000-7ff6d4768000 rw-p 00011000 08:01 5768799                    /usr/lib/jvm/java-7-openjdk-amd64/jre/lib/amd64/libnio.so
7ff6d4768000-7ff6d47ba000 r-xp 00000000 08:01 5768803                    /usr/lib/jvm/java-7-openjdk-amd64/jre/lib/amd64/libfontmanager.so
7ff6d47ba000-7ff6d49b9000 ---p 00052000 08:01 5768803                    /usr/lib/jvm/java-7-openjdk-amd64/jre/lib/amd64/libfontmanager.so
7ff6d49b9000-7ff6d49bc000 r--p 00051000 08:01 5768803                    /usr/lib/jvm/java-7-openjdk-amd64/jre/lib/amd64/libfontmanager.so
7ff6d49bc000-7ff6d49bd000 rw-p 00054000 08:01 5768803                    /usr/lib/jvm/java-7-openjdk-amd64/jre/lib/amd64/libfontmanager.so
7ff6d49bd000-7ff6d49c0000 ---p 00000000 00:00 0 
7ff6d49c0000-7ff6d4abe000 rw-p 00000000 00:00 0                          [stack:10307]
7ff6d4abe000-7ff6d4ac1000 ---p 00000000 00:00 0 
7ff6d4ac1000-7ff6d4bbf000 rw-p 00000000 00:00 0                          [stack:10306]
7ff6d4bbf000-7ff6d4bc2000 ---p 00000000 00:00 0 
7ff6d4bc2000-7ff6d4cc0000 rw-p 00000000 00:00 0                          [stack:10305]
7ff6d4cc0000-7ff6d4cc3000 ---p 00000000 00:00 0 
7ff6d4cc3000-7ff6d4dc1000 rw-p 00000000 00:00 0                          [stack:10303]
7ff6d4dc1000-7ff6d4dc6000 r-xp 00000000 08:01 527015                     /usr/lib/x86_64-linux-gnu/libXfixes.so.3.1.0
7ff6d4dc6000-7ff6d4fc5000 ---p 00005000 08:01 527015                     /usr/lib/x86_64-linux-gnu/libXfixes.so.3.1.0
7ff6d4fc5000-7ff6d4fc6000 r--p 00004000 08:01 527015                     /usr/lib/x86_64-linux-gnu/libXfixes.so.3.1.0
7ff6d4fc6000-7ff6d4fc7000 rw-p 00005000 08:01 527015                     /usr/lib/x86_64-linux-gnu/libXfixes.so.3.1.0
7ff6d4fc7000-7ff6d4fd0000 r-xp 00000000 08:01 532077                     /usr/lib/x86_64-linux-gnu/libXcursor.so.1.0.2
7ff6d4fd0000-7ff6d51cf000 ---p 00009000 08:01 532077                     /usr/lib/x86_64-linux-gnu/libXcursor.so.1.0.2
7ff6d51cf000-7ff6d51d0000 r--p 00008000 08:01 532077                     /usr/lib/x86_64-linux-gnu/libXcursor.so.1.0.2
7ff6d51d0000-7ff6d51d1000 rw-p 00009000 08:01 532077                     /usr/lib/x86_64-linux-gnu/libXcursor.so.1.0.2
7ff6d51d1000-7ff6d51e8000 r-xp 00000000 08:01 5768826                    /usr/lib/jvm/java-7-openjdk-amd64/jre/lib/amd64/libnet.so
7ff6d51e8000-7ff6d53e7000 ---p 00017000 08:01 5768826                    /usr/lib/jvm/java-7-openjdk-amd64/jre/lib/amd64/libnet.so
7ff6d53e7000-7ff6d53e8000 r--p 00016000 08:01 5768826                    /usr/lib/jvm/java-7-openjdk-amd64/jre/lib/amd64/libnet.so
7ff6d53e8000-7ff6d53e9000 rw-p 00017000 08:01 5768826                    /usr/lib/jvm/java-7-openjdk-amd64/jre/lib/amd64/libnet.so
7ff6d53e9000-7ff6d53ed000 r-xp 00000000 08:01 15732704                   /lib/x86_64-linux-gnu/libgpg-error.so.0.10.0
7ff6d53ed000-7ff6d55ec000 ---p 00004000 08:01 15732704                   /lib/x86_64-linux-gnu/libgpg-error.so.0.10.0
7ff6d55ec000-7ff6d55ed000 r--p 00003000 08:01 15732704                   /lib/x86_64-linux-gnu/libgpg-error.so.0.10.0
7ff6d55ed000-7ff6d55ee000 rw-p 00004000 08:01 15732704                   /lib/x86_64-linux-gnu/libgpg-error.so.0.10.0
7ff6d55ee000-7ff6d55f0000 r-xp 00000000 08:01 15732714                   /lib/x86_64-linux-gnu/libkeyutils.so.1.4
7ff6d55f0000-7ff6d57f0000 ---p 00002000 08:01 15732714                   /lib/x86_64-linux-gnu/libkeyutils.so.1.4
7ff6d57f0000-7ff6d57f1000 r--p 00002000 08:01 15732714                   /lib/x86_64-linux-gnu/libkeyutils.so.1.4
7ff6d57f1000-7ff6d57f2000 rw-p 00003000 08:01 15732714                   /lib/x86_64-linux-gnu/libkeyutils.so.1.4
7ff6d57f2000-7ff6d582f000 r-xp 00000000 08:01 15728745                   /lib/x86_64-linux-gnu/libpcre.so.3.13.1
7ff6d582f000-7ff6d5a2e000 ---p 0003d000 08:01 15728745                   /lib/x86_64-linux-gnu/libpcre.so.3.13.1
7ff6d5a2e000-7ff6d5a2f000 r--p 0003c000 08:01 15728745                   /lib/x86_64-linux-gnu/libpcre.so.3.13.1
7ff6d5a2f000-7ff6d5a30000 rw-p 0003d000 08:01 15728745                   /lib/x86_64-linux-gnu/libpcre.so.3.13.1
7ff6d5a30000-7ff6d5a55000 r-xp 00000000 08:01 15732786                   /lib/x86_64-linux-gnu/libpng12.so.0.50.0
7ff6d5a55000-7ff6d5c54000 ---p 00025000 08:01 15732786                   /lib/x86_64-linux-gnu/libpng12.so.0.50.0
7ff6d5c54000-7ff6d5c55000 r--p 00024000 08:01 15732786                   /lib/x86_64-linux-gnu/libpng12.so.0.50.0
7ff6d5c55000-7ff6d5c56000 rw-p 00025000 08:01 15732786                   /lib/x86_64-linux-gnu/libpng12.so.0.50.0
7ff6d5c56000-7ff6d5c9a000 r-xp 00000000 08:01 15732685                   /lib/x86_64-linux-gnu/libdbus-1.so.3.7.6
7ff6d5c9a000-7ff6d5e99000 ---p 00044000 08:01 15732685                   /lib/x86_64-linux-gnu/libdbus-1.so.3.7.6
7ff6d5e99000-7ff6d5e9a000 r--p 00043000 08:01 15732685                   /lib/x86_64-linux-gnu/libdbus-1.so.3.7.6
7ff6d5e9a000-7ff6d5e9b000 rw-p 00044000 08:01 15732685                   /lib/x86_64-linux-gnu/libdbus-1.so.3.7.6
7ff6d5e9b000-7ff6d5ed6000 r-xp 00000000 08:01 532797                     /usr/lib/x86_64-linux-gnu/libp11-kit.so.0.0.0
7ff6d5ed6000-7ff6d60d5000 ---p 0003b000 08:01 532797                     /usr/lib/x86_64-linux-gnu/libp11-kit.so.0.0.0
7ff6d60d5000-7ff6d60db000 r--p 0003a000 08:01 532797                     /usr/lib/x86_64-linux-gnu/libp11-kit.so.0.0.0
7ff6d60db000-7ff6d60dd000 rw-p 00040000 08:01 532797                     /usr/lib/x86_64-linux-gnu/libp11-kit.so.0.0.0
7ff6d60dd000-7ff6d60ef000 r-xp 00000000 08:01 526101                     /usr/lib/x86_64-linux-gnu/libtasn1.so.6.2.0
7ff6d60ef000-7ff6d62ef000 ---p 00012000 08:01 526101                     /usr/lib/x86_64-linux-gnu/libtasn1.so.6.2.0
7ff6d62ef000-7ff6d62f0000 r--p 00012000 08:01 526101                     /usr/lib/x86_64-linux-gnu/libtasn1.so.6.2.0
7ff6d62f0000-7ff6d62f1000 rw-p 00013000 08:01 526101                     /usr/lib/x86_64-linux-gnu/libtasn1.so.6.2.0
7ff6d62f1000-7ff6d636d000 r-xp 00000000 08:01 15732984                   /lib/x86_64-linux-gnu/libgcrypt.so.11.8.2
7ff6d636d000-7ff6d656d000 ---p 0007c000 08:01 15732984                   /lib/x86_64-linux-gnu/libgcrypt.so.11.8.2
7ff6d656d000-7ff6d656e000 r--p 0007c000 08:01 15732984                   /lib/x86_64-linux-gnu/libgcrypt.so.11.8.2
7ff6d656e000-7ff6d6571000 rw-p 0007d000 08:01 15732984                   /lib/x86_64-linux-gnu/libgcrypt.so.11.8.2
7ff6d6571000-7ff6d657b000 r-xp 00000000 08:01 532680                     /usr/lib/x86_64-linux-gnu/libkrb5support.so.0.1
7ff6d657b000-7ff6d677a000 ---p 0000a000 08:01 532680                     /usr/lib/x86_64-linux-gnu/libkrb5support.so.0.1
7ff6d677a000-7ff6d677b000 r--p 00009000 08:01 532680                     /usr/lib/x86_64-linux-gnu/libkrb5support.so.0.1
7ff6d677b000-7ff6d677c000 rw-p 0000a000 08:01 532680                     /usr/lib/x86_64-linux-gnu/libkrb5support.so.0.1
7ff6d677c000-7ff6d677f000 r-xp 00000000 08:01 15732977                   /lib/x86_64-linux-gnu/libcom_err.so.2.1
7ff6d677f000-7ff6d697e000 ---p 00003000 08:01 15732977                   /lib/x86_64-linux-gnu/libcom_err.so.2.1
7ff6d697e000-7ff6d697f000 r--p 00002000 08:01 15732977                   /lib/x86_64-linux-gnu/libcom_err.so.2.1
7ff6d697f000-7ff6d6980000 rw-p 00003000 08:01 15732977                   /lib/x86_64-linux-gnu/libcom_err.so.2.1
7ff6d6980000-7ff6d69ac000 r-xp 00000000 08:01 532674                     /usr/lib/x86_64-linux-gnu/libk5crypto.so.3.1
7ff6d69ac000-7ff6d6bab000 ---p 0002c000 08:01 532674                     /usr/lib/x86_64-linux-gnu/libk5crypto.so.3.1
7ff6d6bab000-7ff6d6bad000 r--p 0002b000 08:01 532674                     /usr/lib/x86_64-linux-gnu/libk5crypto.so.3.1
7ff6d6bad000-7ff6d6bae000 rw-p 0002d000 08:01 532674                     /usr/lib/x86_64-linux-gnu/libk5crypto.so.3.1
7ff6d6bae000-7ff6d6baf000 rw-p 00000000 00:00 0 
7ff6d6baf000-7ff6d6c6b000 r-xp 00000000 08:01 532678                     /usr/lib/x86_64-linux-gnu/libkrb5.so.3.3
7ff6d6c6b000-7ff6d6e6b000 ---p 000bc000 08:01 532678                     /usr/lib/x86_64-linux-gnu/libkrb5.so.3.3
7ff6d6e6b000-7ff6d6e78000 r--p 000bc000 08:01 532678                     /usr/lib/x86_64-linux-gnu/libkrb5.so.3.3
7ff6d6e78000-7ff6d6e7a000 rw-p 000c9000 08:01 532678                     /usr/lib/x86_64-linux-gnu/libkrb5.so.3.3
7ff6d6e7a000-7ff6d6e7f000 r-xp 00000000 08:01 532081                     /usr/lib/x86_64-linux-gnu/libXdmcp.so.6.0.0
7ff6d6e7f000-7ff6d707e000 ---p 00005000 08:01 532081                     /usr/lib/x86_64-linux-gnu/libXdmcp.so.6.0.0
7ff6d707e000-7ff6d707f000 r--p 00004000 08:01 532081                     /usr/lib/x86_64-linux-gnu/libXdmcp.so.6.0.0
7ff6d707f000-7ff6d7080000 rw-p 00005000 08:01 532081                     /usr/lib/x86_64-linux-gnu/libXdmcp.so.6.0.0
7ff6d7080000-7ff6d7082000 r-xp 00000000 08:01 532070                     /usr/lib/x86_64-linux-gnu/libXau.so.6.0.0
7ff6d7082000-7ff6d7282000 ---p 00002000 08:01 532070                     /usr/lib/x86_64-linux-gnu/libXau.so.6.0.0
7ff6d7282000-7ff6d7283000 r--p 00002000 08:01 532070                     /usr/lib/x86_64-linux-gnu/libXau.so.6.0.0
7ff6d7283000-7ff6d7284000 rw-p 00003000 08:01 532070                     /usr/lib/x86_64-linux-gnu/libXau.so.6.0.0
7ff6d7284000-7ff6d728b000 r-xp 00000000 08:01 532352                     /usr/lib/x86_64-linux-gnu/libffi.so.6.0.1
7ff6d728b000-7ff6d748a000 ---p 00007000 08:01 532352                     /usr/lib/x86_64-linux-gnu/libffi.so.6.0.1
7ff6d748a000-7ff6d748b000 r--p 00006000 08:01 532352                     /usr/lib/x86_64-linux-gnu/libffi.so.6.0.1
7ff6d748b000-7ff6d748c000 rw-p 00007000 08:01 532352                     /usr/lib/x86_64-linux-gnu/libffi.so.6.0.1
7ff6d748c000-7ff6d74a3000 r-xp 00000000 08:01 15728645                   /lib/x86_64-linux-gnu/libresolv-2.19.so
7ff6d74a3000-7ff6d76a3000 ---p 00017000 08:01 15728645                   /lib/x86_64-linux-gnu/libresolv-2.19.so
7ff6d76a3000-7ff6d76a4000 r--p 00017000 08:01 15728645                   /lib/x86_64-linux-gnu/libresolv-2.19.so
7ff6d76a4000-7ff6d76a5000 rw-p 00018000 08:01 15728645                   /lib/x86_64-linux-gnu/libresolv-2.19.so
7ff6d76a5000-7ff6d76a7000 rw-p 00000000 00:00 0 
7ff6d76a7000-7ff6d76c7000 r-xp 00000000 08:01 15732801                   /lib/x86_64-linux-gnu/libselinux.so.1
7ff6d76c7000-7ff6d78c6000 ---p 00020000 08:01 15732801                   /lib/x86_64-linux-gnu/libselinux.so.1
7ff6d78c6000-7ff6d78c7000 r--p 0001f000 08:01 15732801                   /lib/x86_64-linux-gnu/libselinux.so.1
7ff6d78c7000-7ff6d78c8000 rw-p 00020000 08:01 15732801                   /lib/x86_64-linux-gnu/libselinux.so.1
7ff6d78c8000-7ff6d78ca000 rw-p 00000000 00:00 0 
7ff6d78ca000-7ff6d79d0000 r-xp 00000000 08:01 15732702                   /lib/x86_64-linux-gnu/libglib-2.0.so.0.4002.0
7ff6d79d0000-7ff6d7bcf000 ---p 00106000 08:01 15732702                   /lib/x86_64-linux-gnu/libglib-2.0.so.0.4002.0
7ff6d7bcf000-7ff6d7bd0000 r--p 00105000 08:01 15732702                   /lib/x86_64-linux-gnu/libglib-2.0.so.0.4002.0
7ff6d7bd0000-7ff6d7bd1000 rw-p 00106000 08:01 15732702                   /lib/x86_64-linux-gnu/libglib-2.0.so.0.4002.0
7ff6d7bd1000-7ff6d7bd2000 rw-p 00000000 00:00 0 
7ff6d7bd2000-7ff6d7bd5000 r-xp 00000000 08:01 532465                     /usr/lib/x86_64-linux-gnu/libgmodule-2.0.so.0.4002.0
7ff6d7bd5000-7ff6d7dd4000 ---p 00003000 08:01 532465                     /usr/lib/x86_64-linux-gnu/libgmodule-2.0.so.0.4002.0
7ff6d7dd4000-7ff6d7dd5000 r--p 00002000 08:01 532465                     /usr/lib/x86_64-linux-gnu/libgmodule-2.0.so.0.4002.0
7ff6d7dd5000-7ff6d7dd6000 rw-p 00003000 08:01 532465                     /usr/lib/x86_64-linux-gnu/libgmodule-2.0.so.0.4002.0
7ff6d7dd6000-7ff6d7dfd000 r-xp 00000000 08:01 15732693                   /lib/x86_64-linux-gnu/libexpat.so.1.6.0
7ff6d7dfd000-7ff6d7ffd000 ---p 00027000 08:01 15732693                   /lib/x86_64-linux-gnu/libexpat.so.1.6.0
7ff6d7ffd000-7ff6d7fff000 r--p 00027000 08:01 15732693                   /lib/x86_64-linux-gnu/libexpat.so.1.6.0
7ff6d7fff000-7ff6d8000000 rw-p 00029000 08:01 15732693                   /lib/x86_64-linux-gnu/libexpat.so.1.6.0
7ff6d8000000-7ff6d869b000 rw-p 00000000 00:00 0 
7ff6d869b000-7ff6dc000000 ---p 00000000 00:00 0 
7ff6dc000000-7ff6dc021000 rw-p 00000000 00:00 0 
7ff6dc021000-7ff6e0000000 ---p 00000000 00:00 0 
7ff6e0000000-7ff6e0021000 rw-p 00000000 00:00 0 
7ff6e0021000-7ff6e4000000 ---p 00000000 00:00 0 
7ff6e4000000-7ff6e455b000 rw-p 00000000 00:00 0 
7ff6e455b000-7ff6e8000000 ---p 00000000 00:00 0 
7ff6e8000000-7ff6e8021000 rw-p 00000000 00:00 0 
7ff6e8021000-7ff6ec000000 ---p 00000000 00:00 0 
7ff6ec000000-7ff6ec03b000 rw-p 00000000 00:00 0 
7ff6ec03b000-7ff6f0000000 ---p 00000000 00:00 0 
7ff6f0000000-7ff6f0027000 rw-p 00000000 00:00 0 
7ff6f0027000-7ff6f4000000 ---p 00000000 00:00 0 
7ff6f4000000-7ff6f402f000 rw-p 00000000 00:00 0 
7ff6f402f000-7ff6f8000000 ---p 00000000 00:00 0 
7ff6f8000000-7ff6f8090000 rw-p 00000000 00:00 0 
7ff6f8090000-7ff6fc000000 ---p 00000000 00:00 0 
7ff6fc003000-7ff6fc004000 rw-s 11e464000 00:05 1913                      /dev/dri/card0
7ff6fc004000-7ff6fc005000 rw-s 11e463000 00:05 1913                      /dev/dri/card0
7ff6fc005000-7ff6fc006000 rw-s 11e462000 00:05 1913                      /dev/dri/card0
7ff6fc006000-7ff6fc007000 rw-s 11e461000 00:05 1913                      /dev/dri/card0
7ff6fc007000-7ff6fc00a000 ---p 00000000 00:00 0 
7ff6fc00a000-7ff6fc040000 rw-p 00000000 00:00 0                          [stack:10314]
7ff6fc040000-7ff6fc043000 ---p 00000000 00:00 0 
7ff6fc043000-7ff6fc141000 rw-p 00000000 00:00 0                          [stack:10302]
7ff6fc141000-7ff6fc1de000 r-xp 00000000 08:01 527024                     /usr/lib/x86_64-linux-gnu/libfreetype.so.6.11.1
7ff6fc1de000-7ff6fc3dd000 ---p 0009d000 08:01 527024                     /usr/lib/x86_64-linux-gnu/libfreetype.so.6.11.1
7ff6fc3dd000-7ff6fc3e3000 r--p 0009c000 08:01 527024                     /usr/lib/x86_64-linux-gnu/libfreetype.so.6.11.1
7ff6fc3e3000-7ff6fc3e4000 rw-p 000a2000 08:01 527024                     /usr/lib/x86_64-linux-gnu/libfreetype.so.6.11.1
7ff6fc3e4000-7ff6fc3f3000 r-xp 00000000 08:01 532174                     /usr/lib/x86_64-linux-gnu/libavahi-client.so.3.2.9
7ff6fc3f3000-7ff6fc5f3000 ---p 0000f000 08:01 532174                     /usr/lib/x86_64-linux-gnu/libavahi-client.so.3.2.9
7ff6fc5f3000-7ff6fc5f4000 r--p 0000f000 08:01 532174                     /usr/lib/x86_64-linux-gnu/libavahi-client.so.3.2.9
7ff6fc5f4000-7ff6fc5f5000 rw-p 00010000 08:01 532174                     /usr/lib/x86_64-linux-gnu/libavahi-client.so.3.2.9
7ff6fc5f5000-7ff6fc600000 r-xp 00000000 08:01 532176                     /usr/lib/x86_64-linux-gnu/libavahi-common.so.3.5.3
7ff6fc600000-7ff6fc7ff000 ---p 0000b000 08:01 532176                     /usr/lib/x86_64-linux-gnu/libavahi-common.so.3.5.3
7ff6fc7ff000-7ff6fc800000 r--p 0000a000 08:01 532176                     /usr/lib/x86_64-linux-gnu/libavahi-common.so.3.5.3
7ff6fc800000-7ff6fc801000 rw-p 0000b000 08:01 532176                     /usr/lib/x86_64-linux-gnu/libavahi-common.so.3.5.3
7ff6fc801000-7ff6fc8b7000 r-xp 00000000 08:01 526935                     /usr/lib/x86_64-linux-gnu/libgnutls.so.26.22.6
7ff6fc8b7000-7ff6fcab7000 ---p 000b6000 08:01 526935                     /usr/lib/x86_64-linux-gnu/libgnutls.so.26.22.6
7ff6fcab7000-7ff6fcabd000 r--p 000b6000 08:01 526935                     /usr/lib/x86_64-linux-gnu/libgnutls.so.26.22.6
7ff6fcabd000-7ff6fcabe000 rw-p 000bc000 08:01 526935                     /usr/lib/x86_64-linux-gnu/libgnutls.so.26.22.6
7ff6fcabe000-7ff6fcabf000 rw-p 00000000 00:00 0 
7ff6fcabf000-7ff6fcb02000 r-xp 00000000 08:01 532508                     /usr/lib/x86_64-linux-gnu/libgssapi_krb5.so.2.2
7ff6fcb02000-7ff6fcd02000 ---p 00043000 08:01 532508                     /usr/lib/x86_64-linux-gnu/libgssapi_krb5.so.2.2
7ff6fcd02000-7ff6fcd03000 r--p 00043000 08:01 532508                     /usr/lib/x86_64-linux-gnu/libgssapi_krb5.so.2.2
7ff6fcd03000-7ff6fcd05000 rw-p 00044000 08:01 532508                     /usr/lib/x86_64-linux-gnu/libgssapi_krb5.so.2.2
7ff6fcd05000-7ff6fcd22000 r-xp 00000000 08:01 533138                     /usr/lib/x86_64-linux-gnu/libxcb.so.1.1.0
7ff6fcd22000-7ff6fcf22000 ---p 0001d000 08:01 533138                     /usr/lib/x86_64-linux-gnu/libxcb.so.1.1.0
7ff6fcf22000-7ff6fcf23000 r--p 0001d000 08:01 533138                     /usr/lib/x86_64-linux-gnu/libxcb.so.1.1.0
7ff6fcf23000-7ff6fcf24000 rw-p 0001e000 08:01 533138                     /usr/lib/x86_64-linux-gnu/libxcb.so.1.1.0
7ff6fcf24000-7ff6fcf73000 r-xp 00000000 08:01 532481                     /usr/lib/x86_64-linux-gnu/libgobject-2.0.so.0.4002.0
7ff6fcf73000-7ff6fd173000 ---p 0004f000 08:01 532481                     /usr/lib/x86_64-linux-gnu/libgobject-2.0.so.0.4002.0
7ff6fd173000-7ff6fd174000 r--p 0004f000 08:01 532481                     /usr/lib/x86_64-linux-gnu/libgobject-2.0.so.0.4002.0
7ff6fd174000-7ff6fd175000 rw-p 00050000 08:01 532481                     /usr/lib/x86_64-linux-gnu/libgobject-2.0.so.0.4002.0
7ff6fd175000-7ff6fd2e1000 r-xp 00000000 08:01 532453                     /usr/lib/x86_64-linux-gnu/libgio-2.0.so.0.4002.0
7ff6fd2e1000-7ff6fd4e0000 ---p 0016c000 08:01 532453                     /usr/lib/x86_64-linux-gnu/libgio-2.0.so.0.4002.0
7ff6fd4e0000-7ff6fd4e4000 r--p 0016b000 08:01 532453                     /usr/lib/x86_64-linux-gnu/libgio-2.0.so.0.4002.0
7ff6fd4e4000-7ff6fd4e6000 rw-p 0016f000 08:01 532453                     /usr/lib/x86_64-linux-gnu/libgio-2.0.so.0.4002.0
7ff6fd4e6000-7ff6fd4e8000 rw-p 00000000 00:00 0 
7ff6fd4e8000-7ff6fd522000 r-xp 00000000 08:01 532366                     /usr/lib/x86_64-linux-gnu/libfontconfig.so.1.8.0
7ff6fd522000-7ff6fd721000 ---p 0003a000 08:01 532366                     /usr/lib/x86_64-linux-gnu/libfontconfig.so.1.8.0
7ff6fd721000-7ff6fd723000 r--p 00039000 08:01 532366                     /usr/lib/x86_64-linux-gnu/libfontconfig.so.1.8.0
7ff6fd723000-7ff6fd724000 rw-p 0003b000 08:01 532366                     /usr/lib/x86_64-linux-gnu/libfontconfig.so.1.8.0
7ff6fd724000-7ff6fd790000 r-xp 00000000 08:01 524410                     /usr/lib/x86_64-linux-gnu/libcups.so.2
7ff6fd790000-7ff6fd990000 ---p 0006c000 08:01 524410                     /usr/lib/x86_64-linux-gnu/libcups.so.2
7ff6fd990000-7ff6fd997000 r--p 0006c000 08:01 524410                     /usr/lib/x86_64-linux-gnu/libcups.so.2
7ff6fd997000-7ff6fd998000 rw-p 00073000 08:01 524410                     /usr/lib/x86_64-linux-gnu/libcups.so.2
7ff6fd998000-7ff6fd9a7000 r-xp 00000000 08:01 527017                     /usr/lib/x86_64-linux-gnu/libXi.so.6.1.0
7ff6fd9a7000-7ff6fdba6000 ---p 0000f000 08:01 527017                     /usr/lib/x86_64-linux-gnu/libXi.so.6.1.0
7ff6fdba6000-7ff6fdba7000 r--p 0000e000 08:01 527017                     /usr/lib/x86_64-linux-gnu/libXi.so.6.1.0
7ff6fdba7000-7ff6fdba8000 rw-p 0000f000 08:01 527017                     /usr/lib/x86_64-linux-gnu/libXi.so.6.1.0
7ff6fdba8000-7ff6fdbad000 r-xp 00000000 08:01 532111                     /usr/lib/x86_64-linux-gnu/libXtst.so.6.1.0
7ff6fdbad000-7ff6fddac000 ---p 00005000 08:01 532111                     /usr/lib/x86_64-linux-gnu/libXtst.so.6.1.0
7ff6fddac000-7ff6fddad000 r--p 00004000 08:01 532111                     /usr/lib/x86_64-linux-gnu/libXtst.so.6.1.0
7ff6fddad000-7ff6fddae000 rw-p 00005000 08:01 532111                     /usr/lib/x86_64-linux-gnu/libXtst.so.6.1.0
7ff6fddae000-7ff6fddb7000 r-xp 00000000 08:01 527019                     /usr/lib/x86_64-linux-gnu/libXrender.so.1.3.0
7ff6fddb7000-7ff6fdfb6000 ---p 00009000 08:01 527019                     /usr/lib/x86_64-linux-gnu/libXrender.so.1.3.0
7ff6fdfb6000-7ff6fdfb7000 r--p 00008000 08:01 527019                     /usr/lib/x86_64-linux-gnu/libXrender.so.1.3.0
7ff6fdfb7000-7ff6fdfb8000 rw-p 00009000 08:01 527019                     /usr/lib/x86_64-linux-gnu/libXrender.so.1.3.0
7ff6fdfb8000-7ff6fe0e8000 r-xp 00000000 08:01 532066                     /usr/lib/x86_64-linux-gnu/libX11.so.6.3.0
7ff6fe0e8000-7ff6fe2e8000 ---p 00130000 08:01 532066                     /usr/lib/x86_64-linux-gnu/libX11.so.6.3.0
7ff6fe2e8000-7ff6fe2e9000 r--p 00130000 08:01 532066                     /usr/lib/x86_64-linux-gnu/libX11.so.6.3.0
7ff6fe2e9000-7ff6fe2ed000 rw-p 00131000 08:01 532066                     /usr/lib/x86_64-linux-gnu/libX11.so.6.3.0
7ff6fe2ed000-7ff6fe2fe000 r-xp 00000000 08:01 526957                     /usr/lib/x86_64-linux-gnu/libXext.so.6.4.0
7ff6fe2fe000-7ff6fe4fd000 ---p 00011000 08:01 526957                     /usr/lib/x86_64-linux-gnu/libXext.so.6.4.0
7ff6fe4fd000-7ff6fe4fe000 r--p 00010000 08:01 526957                     /usr/lib/x86_64-linux-gnu/libXext.so.6.4.0
7ff6fe4fe000-7ff6fe4ff000 rw-p 00011000 08:01 526957                     /usr/lib/x86_64-linux-gnu/libXext.so.6.4.0
7ff6fe4ff000-7ff6fe547000 r-xp 00000000 08:01 5768962                    /usr/lib/jvm/java-7-openjdk-amd64/jre/lib/amd64/xawt/libmawt.so
7ff6fe547000-7ff6fe746000 ---p 00048000 08:01 5768962                    /usr/lib/jvm/java-7-openjdk-amd64/jre/lib/amd64/xawt/libmawt.so
7ff6fe746000-7ff6fe747000 r--p 00047000 08:01 5768962                    /usr/lib/jvm/java-7-openjdk-amd64/jre/lib/amd64/xawt/libmawt.so
7ff6fe747000-7ff6fe74a000 rw-p 00048000 08:01 5768962                    /usr/lib/jvm/java-7-openjdk-amd64/jre/lib/amd64/xawt/libmawt.so
7ff6fe74a000-7ff6fe74b000 rw-p 00000000 00:00 0 
7ff6fe74b000-7ff6fe7eb000 r-xp 00000000 08:01 5768744                    /usr/lib/jvm/java-7-openjdk-amd64/jre/lib/amd64/libawt.so
7ff6fe7eb000-7ff6fe9eb000 ---p 000a0000 08:01 5768744                    /usr/lib/jvm/java-7-openjdk-amd64/jre/lib/amd64/libawt.so
7ff6fe9eb000-7ff6fe9ec000 r--p 000a0000 08:01 5768744                    /usr/lib/jvm/java-7-openjdk-amd64/jre/lib/amd64/libawt.so
7ff6fe9ec000-7ff6fe9f7000 rw-p 000a1000 08:01 5768744                    /usr/lib/jvm/java-7-openjdk-amd64/jre/lib/amd64/libawt.so
7ff6fe9f7000-7ff6fea1c000 rw-p 00000000 00:00 0 
7ff6fea1c000-7ff6fea1d000 ---p 00000000 00:00 0 
7ff6fea1d000-7ff6feb1d000 rw-p 00000000 00:00 0                          [stack:10301]
7ff6feb1d000-7ff6feb20000 ---p 00000000 00:00 0 
7ff6feb20000-7ff6fec1e000 rw-p 00000000 00:00 0                          [stack:10300]
7ff6fec1e000-7ff6fec21000 ---p 00000000 00:00 0 
7ff6fec21000-7ff6fed1f000 rw-p 00000000 00:00 0                          [stack:10299]
7ff6fed1f000-7ff6fed22000 ---p 00000000 00:00 0 
7ff6fed22000-7ff701000000 rw-p 00000000 00:00 0                          [stack:10298]
7ff701000000-7ff701270000 rwxp 00000000 00:00 0 
7ff701270000-7ff7042e3000 rw-p 00000000 00:00 0 
7ff7042e3000-7ff708000000 ---p 00000000 00:00 0 
7ff708000000-7ff708001000 rw-s 11f0bd000 00:05 1913                      /dev/dri/card0
7ff708001000-7ff708002000 rw-s 11e460000 00:05 1913                      /dev/dri/card0
7ff708002000-7ff708003000 rw-s 11e45f000 00:05 1913                      /dev/dri/card0
7ff708003000-7ff708004000 rw-s 11e1f3000 00:05 1913                      /dev/dri/card0
7ff708004000-7ff708005000 rw-s 11dd16000 00:05 1913                      /dev/dri/card0
7ff708005000-7ff708006000 rw-s 11dd15000 00:05 1913                      /dev/dri/card0
7ff708006000-7ff708007000 rw-s 11dd04000 00:05 1913                      /dev/dri/card0
7ff708007000-7ff708008000 rw-s 11dd03000 00:05 1913                      /dev/dri/card0
7ff708008000-7ff708009000 rw-s 11dd02000 00:05 1913                      /dev/dri/card0
7ff708009000-7ff70800a000 rwxp 00000000 00:00 0 
7ff708029000-7ff70802a000 rw-p 00000000 00:00 0 
7ff70802a000-7ff70802b000 r--s 0002f000 08:01 1994494                    /home/hannan/workspace/UCSDUnfoldingMaps/lib/jogl-all-natives-linux-amd64.jar
7ff70802b000-7ff70802d000 r--s 00000000 08:01 1994512                    /home/hannan/workspace/UCSDUnfoldingMaps/lib/gluegen-rt-natives-linux-amd64.jar
7ff70802d000-7ff70802e000 r--p 00000000 00:00 0 
7ff70802e000-7ff708033000 r--s 0004d000 08:01 2105410                    /usr/lib/jvm/java-7-openjdk-amd64/jre/lib/jsse.jar
7ff708033000-7ff70803d000 r--s 000ae000 08:01 2105406                    /usr/lib/jvm/java-7-openjdk-amd64/jre/lib/resources.jar
7ff70803d000-7ff70806e000 rw-p 00000000 00:00 0 
7ff70806e000-7ff708074000 r--s 00033000 08:01 1994495                    /home/hannan/workspace/UCSDUnfoldingMaps/lib/unfolding.0.9.7-uscd.jar
7ff708074000-7ff708075000 r--s 00005000 08:01 1994509                    /home/hannan/workspace/UCSDUnfoldingMaps/lib/libTUIO.jar
7ff708075000-7ff708076000 r--s 00007000 08:01 1994503                    /home/hannan/workspace/UCSDUnfoldingMaps/lib/json4processing.jar
7ff708076000-7ff70807b000 r--s 00309000 08:01 1994499                    /home/hannan/workspace/UCSDUnfoldingMaps/lib/sqlite-jdbc-3.7.2.jar
7ff70807b000-7ff708082000 r--s 00059000 08:01 1994497                    /home/hannan/workspace/UCSDUnfoldingMaps/lib/log4j-1.2.15.jar
7ff708082000-7ff7080a5000 r--s 002ec000 08:01 1994511                    /home/hannan/workspace/UCSDUnfoldingMaps/lib/jogl-all.jar
7ff7080a5000-7ff7080ab000 r--s 00041000 08:01 1994506                    /home/hannan/workspace/UCSDUnfoldingMaps/lib/gluegen-rt.jar
7ff7080ab000-7ff7080ae000 ---p 00000000 00:00 0 
7ff7080ae000-7ff7081ac000 rw-p 00000000 00:00 0                          [stack:10297]
7ff7081ac000-7ff70888e000 r--p 00000000 08:01 531074                     /usr/lib/locale/locale-archive
7ff70888e000-7ff708891000 ---p 00000000 00:00 0 
7ff708891000-7ff70898f000 rw-p 00000000 00:00 0                          [stack:10296]
7ff70898f000-7ff708992000 ---p 00000000 00:00 0 
7ff708992000-7ff708a90000 rw-p 00000000 00:00 0                          [stack:10295]
7ff708a90000-7ff708a91000 ---p 00000000 00:00 0 
7ff708a91000-7ff709546000 rw-p 00000000 00:00 0                          [stack:10294]
7ff709546000-7ff7096f7000 r--s 01d27000 08:01 2105407                    /usr/lib/jvm/java-7-openjdk-amd64/jre/lib/rt.jar
7ff7096f7000-7ff709a0e000 rw-p 00000000 00:00 0 
7ff709a0e000-7ff709a0f000 ---p 00000000 00:00 0 
7ff709a0f000-7ff709b0f000 rw-p 00000000 00:00 0                          [stack:10293]
7ff709b0f000-7ff709b10000 ---p 00000000 00:00 0 
7ff709b10000-7ff709c24000 rw-p 00000000 00:00 0                          [stack:10292]
7ff709c24000-7ff709c63000 rw-p 00000000 00:00 0 
7ff709c63000-7ff709c84000 rw-p 00000000 00:00 0 
7ff709c84000-7ff709d95000 rw-p 00000000 00:00 0 
7ff709d95000-7ff709da9000 rw-p 00000000 00:00 0 
7ff709da9000-7ff709de8000 rw-p 00000000 00:00 0 
7ff709de8000-7ff709e09000 rw-p 00000000 00:00 0 
7ff709e09000-7ff709f1a000 rw-p 00000000 00:00 0 
7ff709f1a000-7ff709f8b000 rw-p 00000000 00:00 0 
7ff709f8b000-7ff709fb3000 rw-p 00000000 00:00 0 
7ff709fb3000-7ff709fb4000 rw-p 00000000 00:00 0 
7ff709fb4000-7ff709fbc000 r-xp 00000000 08:01 5768789                    /usr/lib/jvm/java-7-openjdk-amd64/jre/lib/amd64/libzip.so
7ff709fbc000-7ff70a1bb000 ---p 00008000 08:01 5768789                    /usr/lib/jvm/java-7-openjdk-amd64/jre/lib/amd64/libzip.so
7ff70a1bb000-7ff70a1bc000 r--p 00007000 08:01 5768789                    /usr/lib/jvm/java-7-openjdk-amd64/jre/lib/amd64/libzip.so
7ff70a1bc000-7ff70a1bd000 rw-p 00008000 08:01 5768789                    /usr/lib/jvm/java-7-openjdk-amd64/jre/lib/amd64/libzip.so
7ff70a1bd000-7ff70a1c8000 r-xp 00000000 08:01 15728659                   /lib/x86_64-linux-gnu/libnss_files-2.19.so
7ff70a1c8000-7ff70a3c7000 ---p 0000b000 08:01 15728659                   /lib/x86_64-linux-gnu/libnss_files-2.19.so
7ff70a3c7000-7ff70a3c8000 r--p 0000a000 08:01 15728659                   /lib/x86_64-linux-gnu/libnss_files-2.19.so
7ff70a3c8000-7ff70a3c9000 rw-p 0000b000 08:01 15728659                   /lib/x86_64-linux-gnu/libnss_files-2.19.so
7ff70a3c9000-7ff70a3d4000 r-xp 00000000 08:01 15732590                   /lib/x86_64-linux-gnu/libnss_nis-2.19.so
7ff70a3d4000-7ff70a5d3000 ---p 0000b000 08:01 15732590                   /lib/x86_64-linux-gnu/libnss_nis-2.19.so
7ff70a5d3000-7ff70a5d4000 r--p 0000a000 08:01 15732590                   /lib/x86_64-linux-gnu/libnss_nis-2.19.so
7ff70a5d4000-7ff70a5d5000 rw-p 0000b000 08:01 15732590                   /lib/x86_64-linux-gnu/libnss_nis-2.19.so
7ff70a5d5000-7ff70a5ec000 r-xp 00000000 08:01 15728734                   /lib/x86_64-linux-gnu/libnsl-2.19.so
7ff70a5ec000-7ff70a7eb000 ---p 00017000 08:01 15728734                   /lib/x86_64-linux-gnu/libnsl-2.19.so
7ff70a7eb000-7ff70a7ec000 r--p 00016000 08:01 15728734                   /lib/x86_64-linux-gnu/libnsl-2.19.so
7ff70a7ec000-7ff70a7ed000 rw-p 00017000 08:01 15728734                   /lib/x86_64-linux-gnu/libnsl-2.19.so
7ff70a7ed000-7ff70a7ef000 rw-p 00000000 00:00 0 
7ff70a7ef000-7ff70a7f8000 r-xp 00000000 08:01 15728733                   /lib/x86_64-linux-gnu/libnss_compat-2.19.so
7ff70a7f8000-7ff70a9f7000 ---p 00009000 08:01 15728733                   /lib/x86_64-linux-gnu/libnss_compat-2.19.so
7ff70a9f7000-7ff70a9f8000 r--p 00008000 08:01 15728733                   /lib/x86_64-linux-gnu/libnss_compat-2.19.so
7ff70a9f8000-7ff70a9f9000 rw-p 00009000 08:01 15728733                   /lib/x86_64-linux-gnu/libnss_compat-2.19.so
7ff70a9f9000-7ff70aa24000 r-xp 00000000 08:01 5768825                    /usr/lib/jvm/java-7-openjdk-amd64/jre/lib/amd64/libjava.so
7ff70aa24000-7ff70ac24000 ---p 0002b000 08:01 5768825                    /usr/lib/jvm/java-7-openjdk-amd64/jre/lib/amd64/libjava.so
7ff70ac24000-7ff70ac25000 r--p 0002b000 08:01 5768825                    /usr/lib/jvm/java-7-openjdk-amd64/jre/lib/amd64/libjava.so
7ff70ac25000-7ff70ac27000 rw-p 0002c000 08:01 5768825                    /usr/lib/jvm/java-7-openjdk-amd64/jre/lib/amd64/libjava.so
7ff70ac27000-7ff70ac37000 r-xp 00000000 08:01 5768821                    /usr/lib/jvm/java-7-openjdk-amd64/jre/lib/amd64/libverify.so
7ff70ac37000-7ff70ae36000 ---p 00010000 08:01 5768821                    /usr/lib/jvm/java-7-openjdk-amd64/jre/lib/amd64/libverify.so
7ff70ae36000-7ff70ae38000 r--p 0000f000 08:01 5768821                    /usr/lib/jvm/java-7-openjdk-amd64/jre/lib/amd64/libverify.so
7ff70ae38000-7ff70ae39000 rw-p 00011000 08:01 5768821                    /usr/lib/jvm/java-7-openjdk-amd64/jre/lib/amd64/libverify.so
7ff70ae39000-7ff70ae40000 r-xp 00000000 08:01 15728742                   /lib/x86_64-linux-gnu/librt-2.19.so
7ff70ae40000-7ff70b03f000 ---p 00007000 08:01 15728742                   /lib/x86_64-linux-gnu/librt-2.19.so
7ff70b03f000-7ff70b040000 r--p 00006000 08:01 15728742                   /lib/x86_64-linux-gnu/librt-2.19.so
7ff70b040000-7ff70b041000 rw-p 00007000 08:01 15728742                   /lib/x86_64-linux-gnu/librt-2.19.so
7ff70b041000-7ff70b057000 r-xp 00000000 08:01 15732698                   /lib/x86_64-linux-gnu/libgcc_s.so.1
7ff70b057000-7ff70b256000 ---p 00016000 08:01 15732698                   /lib/x86_64-linux-gnu/libgcc_s.so.1
7ff70b256000-7ff70b257000 rw-p 00015000 08:01 15732698                   /lib/x86_64-linux-gnu/libgcc_s.so.1
7ff70b257000-7ff70b35c000 r-xp 00000000 08:01 15728655                   /lib/x86_64-linux-gnu/libm-2.19.so
7ff70b35c000-7ff70b55b000 ---p 00105000 08:01 15728655                   /lib/x86_64-linux-gnu/libm-2.19.so
7ff70b55b000-7ff70b55c000 r--p 00104000 08:01 15728655                   /lib/x86_64-linux-gnu/libm-2.19.so
7ff70b55c000-7ff70b55d000 rw-p 00105000 08:01 15728655                   /lib/x86_64-linux-gnu/libm-2.19.so
7ff70b55d000-7ff70b643000 r-xp 00000000 08:01 528136                     /usr/lib/x86_64-linux-gnu/libstdc++.so.6.0.19
7ff70b643000-7ff70b842000 ---p 000e6000 08:01 528136                     /usr/lib/x86_64-linux-gnu/libstdc++.so.6.0.19
7ff70b842000-7ff70b84a000 r--p 000e5000 08:01 528136                     /usr/lib/x86_64-linux-gnu/libstdc++.so.6.0.19
7ff70b84a000-7ff70b84c000 rw-p 000ed000 08:01 528136                     /usr/lib/x86_64-linux-gnu/libstdc++.so.6.0.19
7ff70b84c000-7ff70b861000 rw-p 00000000 00:00 0 
7ff70b861000-7ff70c379000 r-xp 00000000 08:01 5768832                    /usr/lib/jvm/java-7-openjdk-amd64/jre/lib/amd64/server/libjvm.so
7ff70c379000-7ff70c579000 ---p 00b18000 08:01 5768832                    /usr/lib/jvm/java-7-openjdk-amd64/jre/lib/amd64/server/libjvm.so
7ff70c579000-7ff70c613000 r--p 00b18000 08:01 5768832                    /usr/lib/jvm/java-7-openjdk-amd64/jre/lib/amd64/server/libjvm.so
7ff70c613000-7ff70c636000 rw-p 00bb2000 08:01 5768832                    /usr/lib/jvm/java-7-openjdk-amd64/jre/lib/amd64/server/libjvm.so
7ff70c636000-7ff70c664000 rw-p 00000000 00:00 0 
7ff70c664000-7ff70c67c000 r-xp 00000000 08:01 15732834                   /lib/x86_64-linux-gnu/libz.so.1.2.8
7ff70c67c000-7ff70c87b000 ---p 00018000 08:01 15732834                   /lib/x86_64-linux-gnu/libz.so.1.2.8
7ff70c87b000-7ff70c87c000 r--p 00017000 08:01 15732834                   /lib/x86_64-linux-gnu/libz.so.1.2.8
7ff70c87c000-7ff70c87d000 rw-p 00018000 08:01 15732834                   /lib/x86_64-linux-gnu/libz.so.1.2.8
7ff70c87d000-7ff70c896000 r-xp 00000000 08:01 15728740                   /lib/x86_64-linux-gnu/libpthread-2.19.so
7ff70c896000-7ff70ca95000 ---p 00019000 08:01 15728740                   /lib/x86_64-linux-gnu/libpthread-2.19.so
7ff70ca95000-7ff70ca96000 r--p 00018000 08:01 15728740                   /lib/x86_64-linux-gnu/libpthread-2.19.so
7ff70ca96000-7ff70ca97000 rw-p 00019000 08:01 15728740                   /lib/x86_64-linux-gnu/libpthread-2.19.so
7ff70ca97000-7ff70ca9b000 rw-p 00000000 00:00 0 
7ff70ca9b000-7ff70ca9e000 r-xp 00000000 08:01 15728670                   /lib/x86_64-linux-gnu/libdl-2.19.so
7ff70ca9e000-7ff70cc9d000 ---p 00003000 08:01 15728670                   /lib/x86_64-linux-gnu/libdl-2.19.so
7ff70cc9d000-7ff70cc9e000 r--p 00002000 08:01 15728670                   /lib/x86_64-linux-gnu/libdl-2.19.so
7ff70cc9e000-7ff70cc9f000 rw-p 00003000 08:01 15728670                   /lib/x86_64-linux-gnu/libdl-2.19.so
7ff70cc9f000-7ff70ce5a000 r-xp 00000000 08:01 15728739                   /lib/x86_64-linux-gnu/libc-2.19.so
7ff70ce5a000-7ff70d059000 ---p 001bb000 08:01 15728739                   /lib/x86_64-linux-gnu/libc-2.19.so
7ff70d059000-7ff70d05d000 r--p 001ba000 08:01 15728739                   /lib/x86_64-linux-gnu/libc-2.19.so
7ff70d05d000-7ff70d05f000 rw-p 001be000 08:01 15728739                   /lib/x86_64-linux-gnu/libc-2.19.so
7ff70d05f000-7ff70d064000 rw-p 00000000 00:00 0 
7ff70d064000-7ff70d071000 r-xp 00000000 08:01 5768752                    /usr/lib/jvm/java-7-openjdk-amd64/jre/lib/amd64/jli/libjli.so
7ff70d071000-7ff70d270000 ---p 0000d000 08:01 5768752                    /usr/lib/jvm/java-7-openjdk-amd64/jre/lib/amd64/jli/libjli.so
7ff70d270000-7ff70d271000 r--p 0000c000 08:01 5768752                    /usr/lib/jvm/java-7-openjdk-amd64/jre/lib/amd64/jli/libjli.so
7ff70d271000-7ff70d272000 rw-p 0000d000 08:01 5768752                    /usr/lib/jvm/java-7-openjdk-amd64/jre/lib/amd64/jli/libjli.so
7ff70d272000-7ff70d295000 r-xp 00000000 08:01 15728736                   /lib/x86_64-linux-gnu/ld-2.19.so
7ff70d295000-7ff70d299000 r--s 0009a000 08:01 1994498                    /home/hannan/workspace/UCSDUnfoldingMaps/lib/core.jar
7ff70d299000-7ff70d29b000 r--s 00006000 08:01 927253                     /usr/share/java/java-atk-wrapper.jar
7ff70d29b000-7ff70d29e000 r--s 0000f000 08:01 5768836                    /usr/lib/jvm/java-7-openjdk-amd64/jre/lib/ext/icedtea-sound.jar
7ff70d29e000-7ff70d2a2000 r--s 0003c000 08:01 5768848                    /usr/lib/jvm/java-7-openjdk-amd64/jre/lib/ext/sunpkcs11.jar
7ff70d2a2000-7ff70d2a6000 r--s 00034000 08:01 5768852                    /usr/lib/jvm/java-7-openjdk-amd64/jre/lib/ext/sunjce_provider.jar
7ff70d2a6000-7ff70d2a9000 r--s 00086000 08:01 5768849                    /usr/lib/jvm/java-7-openjdk-amd64/jre/lib/ext/localedata.jar
7ff70d2a9000-7ff70d2ab000 r--s 00012000 08:01 5768854                    /usr/lib/jvm/java-7-openjdk-amd64/jre/lib/ext/zipfs.jar
7ff70d2ab000-7ff70d2b5000 rw-p 00000000 00:00 0 
7ff70d2b5000-7ff70d36b000 rw-p 00000000 00:00 0 
7ff70d36b000-7ff70d36e000 ---p 00000000 00:00 0 
7ff70d36e000-7ff70d471000 rw-p 00000000 00:00 0                          [stack:10291]
7ff70d471000-7ff70d472000 r--s 00002000 08:01 5768837                    /usr/lib/jvm/java-7-openjdk-amd64/jre/lib/ext/dnsns.jar
7ff70d472000-7ff70d488000 rw-p 00000000 00:00 0 
7ff70d488000-7ff70d490000 rw-s 00000000 08:01 12845841                   /tmp/hsperfdata_hannan/10285
7ff70d490000-7ff70d491000 rw-p 00000000 00:00 0 
7ff70d491000-7ff70d492000 r--p 00000000 00:00 0 
7ff70d492000-7ff70d494000 rw-p 00000000 00:00 0 
7ff70d494000-7ff70d495000 r--p 00022000 08:01 15728736                   /lib/x86_64-linux-gnu/ld-2.19.so
7ff70d495000-7ff70d496000 rw-p 00023000 08:01 15728736                   /lib/x86_64-linux-gnu/ld-2.19.so
7ff70d496000-7ff70d497000 rw-p 00000000 00:00 0 
7ffeeee9a000-7ffeeeebb000 rw-p 00000000 00:00 0                          [stack]
7ffeeeff8000-7ffeeeffa000 r-xp 00000000 00:00 0                          [vdso]
7ffeeeffa000-7ffeeeffc000 r--p 00000000 00:00 0                          [vvar]
ffffffffff600000-ffffffffff601000 r-xp 00000000 00:00 0                  [vsyscall]

VM Arguments:
jvm_args: -Djava.security.policy=java.policy.applet -Dfile.encoding=UTF-8 
java_command: sun.applet.AppletViewer module1.HelloWorld1443388687455.html
Launcher Type: SUN_STANDARD

Environment Variables:
PATH=/usr/local/sbin:/usr/local/bin:/usr/sbin:/usr/bin:/sbin:/bin:/usr/games:/usr/local/games
SHELL=/bin/bash
DISPLAY=:0.0

Signal Handlers:
SIGSEGV: [libjvm.so+0x94b9a0], sa_mask[0]=0x7ffbfeff, sa_flags=0x10000004
SIGBUS: [libjvm.so+0x94b9a0], sa_mask[0]=0x7ffbfeff, sa_flags=0x10000004
SIGFPE: [libjvm.so+0x7c3880], sa_mask[0]=0x7ffbfeff, sa_flags=0x10000004
SIGPIPE: [libjvm.so+0x7c3880], sa_mask[0]=0x7ffbfeff, sa_flags=0x10000004
SIGXFSZ: [libjvm.so+0x7c3880], sa_mask[0]=0x7ffbfeff, sa_flags=0x10000004
SIGILL: [libjvm.so+0x7c3880], sa_mask[0]=0x7ffbfeff, sa_flags=0x10000004
SIGUSR1: SIG_DFL, sa_mask[0]=0x00000000, sa_flags=0x00000000
SIGUSR2: [libjvm.so+0x7c3720], sa_mask[0]=0x00000004, sa_flags=0x10000004
SIGHUP: [libjvm.so+0x7c3900], sa_mask[0]=0x7ffbfeff, sa_flags=0x10000004
SIGINT: [libjvm.so+0x7c3900], sa_mask[0]=0x7ffbfeff, sa_flags=0x10000004
SIGTERM: [libjvm.so+0x7c3900], sa_mask[0]=0x7ffbfeff, sa_flags=0x10000004
SIGQUIT: [libjvm.so+0x7c3900], sa_mask[0]=0x7ffbfeff, sa_flags=0x10000004
SIGTRAP: SIG_DFL, sa_mask[0]=0x00000000, sa_flags=0x00000000


---------------  S Y S T E M  ---------------

OS:Ubuntu 14.04 (trusty)
uname:Linux 3.16.0-44-generic #59~14.04.1-Ubuntu SMP Tue Jul 7 15:07:27 UTC 2015 x86_64
libc:glibc 2.19 NPTL 2.19 
rlimit: STACK 8192k, CORE 0k, NPROC 14587, NOFILE 4096, AS infinity
load average:0.89 0.63 1.01

/proc/meminfo:
MemTotal:        3755716 kB
MemFree:          150656 kB
MemAvailable:     554120 kB
Buffers:           18468 kB
Cached:           585940 kB
SwapCached:        14660 kB
Active:          2442908 kB
Inactive:         818568 kB
Active(anon):    2192108 kB
Inactive(anon):   576908 kB
Active(file):     250800 kB
Inactive(file):   241660 kB
Unevictable:          32 kB
Mlocked:              32 kB
SwapTotal:       3896316 kB
SwapFree:        3408944 kB
Dirty:             17700 kB
Writeback:             0 kB
AnonPages:       2650444 kB
Mapped:           510936 kB
Shmem:            111808 kB
Slab:             200900 kB
SReclaimable:     159860 kB
SUnreclaim:        41040 kB
KernelStack:       11024 kB
PageTables:        59956 kB
NFS_Unstable:          0 kB
Bounce:                0 kB
WritebackTmp:          0 kB
CommitLimit:     5774172 kB
Committed_AS:    8406840 kB
VmallocTotal:   34359738367 kB
VmallocUsed:       43324 kB
VmallocChunk:   34359686336 kB
HardwareCorrupted:     0 kB
AnonHugePages:    739328 kB
HugePages_Total:       0
HugePages_Free:        0
HugePages_Rsvd:        0
HugePages_Surp:        0
Hugepagesize:       2048 kB
DirectMap4k:       53824 kB
DirectMap2M:     3844096 kB


CPU:total 2 (2 cores per cpu, 1 threads per core) family 6 model 15 stepping 11, cmov, cx8, fxsr, mmx, sse, sse2, sse3, ssse3, tsc

/proc/cpuinfo:
processor	: 0
vendor_id	: GenuineIntel
cpu family	: 6
model		: 15
model name	: Intel(R) Core(TM)2 Duo CPU     E6550  @ 2.33GHz
stepping	: 11
microcode	: 0xb6
cpu MHz		: 2333.000
cache size	: 4096 KB
physical id	: 0
siblings	: 2
core id		: 0
cpu cores	: 2
apicid		: 0
initial apicid	: 0
fpu		: yes
fpu_exception	: yes
cpuid level	: 10
wp		: yes
flags		: fpu vme de pse tsc msr pae mce cx8 apic sep mtrr pge mca cmov pat pse36 clflush dts acpi mmx fxsr sse sse2 ss ht tm pbe syscall nx lm constant_tsc arch_perfmon pebs bts rep_good nopl aperfmperf pni dtes64 monitor ds_cpl vmx smx est tm2 ssse3 cx16 xtpr pdcm lahf_lm dtherm tpr_shadow vnmi flexpriority
bogomips	: 4654.99
clflush size	: 64
cache_alignment	: 64
address sizes	: 36 bits physical, 48 bits virtual
power management:

processor	: 1
vendor_id	: GenuineIntel
cpu family	: 6
model		: 15
model name	: Intel(R) Core(TM)2 Duo CPU     E6550  @ 2.33GHz
stepping	: 11
microcode	: 0xb6
cpu MHz		: 2333.000
cache size	: 4096 KB
physical id	: 0
siblings	: 2
core id		: 1
cpu cores	: 2
apicid		: 1
initial apicid	: 1
fpu		: yes
fpu_exception	: yes
cpuid level	: 10
wp		: yes
flags		: fpu vme de pse tsc msr pae mce cx8 apic sep mtrr pge mca cmov pat pse36 clflush dts acpi mmx fxsr sse sse2 ss ht tm pbe syscall nx lm constant_tsc arch_perfmon pebs bts rep_good nopl aperfmperf pni dtes64 monitor ds_cpl vmx smx est tm2 ssse3 cx16 xtpr pdcm lahf_lm dtherm tpr_shadow vnmi flexpriority
bogomips	: 4654.99
clflush size	: 64
cache_alignment	: 64
address sizes	: 36 bits physical, 48 bits virtual
power management:



Memory: 4k page, physical 3755716k(150656k free), swap 3896316k(3408944k free)

vm_info: OpenJDK 64-Bit Server VM (24.79-b02) for linux-amd64 JRE (1.7.0_79-b14), built on Apr 16 2015 08:21:58 by "buildd" with gcc 4.8.2

time: Mon Sep 28 02:18:41 2015
elapsed time: 33 seconds

