#
# A fatal error has been detected by the Java Runtime Environment:
#
#  SIGSEGV (0xb) at pc=0x00007f7b7e2844d0, pid=9818, tid=140168785975040
#
# JRE version: OpenJDK Runtime Environment (7.0_79-b14) (build 1.7.0_79-b14)
# Java VM: OpenJDK 64-Bit Server VM (24.79-b02 mixed mode linux-amd64 compressed oops)
# Derivative: IcedTea 2.5.5
# Distribution: Ubuntu 14.04 LTS, package 7u79-2.5.5-0ubuntu0.14.04.2
# Problematic frame:
# C  [r600_dri.so+0x29a4d0]
#
# Failed to write core dump. Core dumps have been disabled. To enable core dumping, try "ulimit -c unlimited" before starting Java again
#
# If you would like to submit a bug report, please include
# instructions on how to reproduce the bug and visit:
#   http://icedtea.classpath.org/bugzilla
# The crash happened outside the Java Virtual Machine in native code.
# See problematic frame for where to report the bug.
#

---------------  T H R E A D  ---------------

Current thread (0x00007f7b8c008000):  JavaThread "AWT-EventQueue-1" [_thread_in_native, id=9844, stack(0x00007f7b96a25000,0x00007f7b96b26000)]

siginfo:si_signo=SIGSEGV: si_errno=0, si_code=1 (SEGV_MAPERR), si_addr=0x0000000100000000

Registers:
RAX=0x00007f7b7e2844b0, RBX=0x00007f7b800de3c0, RCX=0x0000000000000000, RDX=0x0000000000000001
RSP=0x00007f7b96b23740, RBP=0x00007f7b8c625ea0, RSI=0x00007f7b800de4a0, RDI=0x0000000100000000
R8 =0x0000000000000000, R9 =0x00007f7b95bc39c0, R10=0x00007f7bc90127cc, R11=0x00007f7bd27212c0
R12=0x0000000000000001, R13=0x0000000000000000, R14=0x00007f7b8c625ff0, R15=0x0000000000000000
RIP=0x00007f7b7e2844d0, EFLAGS=0x0000000000010206, CSGSFS=0x0000000000000033, ERR=0x0000000000000004
  TRAPNO=0x000000000000000e

Top of Stack: (sp=0x00007f7b96b23740)
0x00007f7b96b23740:   00007f7b96b23768 00007f7b96b237c0
0x00007f7b96b23750:   00007f7bc9006175 00007f7b800de3c0
0x00007f7b96b23760:   00007f7b8c625ea0 00007f7b8c6a3880
0x00007f7b96b23770:   0000000000000000 00007f7b8c625ff0
0x00007f7b96b23780:   0000000000000000 00007f7b95bc3a4e
0x00007f7b96b23790:   00007f7b96b237c8 00007f7b95e0e640
0x00007f7b96b237a0:   00007f7b8c602970 00007f7b00000000
0x00007f7b96b237b0:   0000000000000000 0000000000000000
0x00007f7b96b237c0:   00007f7b96b23820 00007f7b800de3c0
0x00007f7b96b237d0:   000000000640002e 00000000bd426db0
0x00007f7b96b237e0:   00007f7b96b23850 0000000000000000
0x00007f7b96b237f0:   00000000bd426db0 00007f7b96b23920
0x00007f7b96b23800:   00007f7b8c008000 00007f7b94502849
0x00007f7b96b23810:   0000000000000000 00007f7b95b9c9b0
0x00007f7b96b23820:   000000000640002e 00007f7b8c602970
0x00007f7b96b23830:   00007f7b96b238e8 00007f7b8c0081d8
0x00007f7b96b23840:   00000000ef39ae20 00007f7b95b9c9b0
0x00007f7b96b23850:   00007f7b96b238d8 00007f7bc90127f8
0x00007f7b96b23860:   00000000bd573c00 0000000000000000
0x00007f7b96b23870:   00000000bd572fe0 0000000000000000
0x00007f7b96b23880:   00007f7b96b23898 00007f7b96b238e8
0x00007f7b96b23890:   00007f7b96b23890 00007f7b96b23898
0x00007f7b96b238a0:   0000000000000000 00007f7b96b23920
0x00007f7b96b238b0:   00000000bd428d28 0000000000000000
0x00007f7b96b238c0:   00000000bd426db0 0000000000000000
0x00007f7b96b238d0:   00007f7b96b238f8 00007f7b96b23968
0x00007f7b96b238e0:   00007f7bc9006058 00000000f165a5e0
0x00007f7b96b238f0:   00007f7bc900ecd8 00007f7b95b9c9b0
0x00007f7b96b23900:   00000000bd43a328 000000000640002e
0x00007f7b96b23910:   00000000bd40b7b8 00007f7b8c602970
0x00007f7b96b23920:   00000000f165a908 00007f7b96b23928
0x00007f7b96b23930:   00000000bd426ce1 00007f7b96b239a0 

Instructions: (pc=0x00007f7b7e2844d0)
0x00007f7b7e2844b0:   48 85 ff 0f 84 50 01 00 00 41 57 41 56 41 55 41
0x00007f7b7e2844c0:   89 cd 41 54 41 89 d4 55 53 48 83 ec 18 48 85 f6
0x00007f7b7e2844d0:   48 8b 2f 0f 84 5b 02 00 00 48 85 ed 48 8b 1e 0f
0x00007f7b7e2844e0:   84 16 01 00 00 48 85 db 0f 84 52 02 00 00 80 bb 

Register to memory mapping:

RAX=0x00007f7b7e2844b0: <offset 0x29a4b0> in /usr/lib/x86_64-linux-gnu/dri/r600_dri.so at 0x00007f7b7dfea000
RBX=0x00007f7b800de3c0 is an unknown value
RCX=0x0000000000000000 is an unknown value
RDX=0x0000000000000001 is an unknown value
RSP=0x00007f7b96b23740 is pointing into the stack for thread: 0x00007f7b8c008000
RBP=0x00007f7b8c625ea0 is an unknown value
RSI=0x00007f7b800de4a0 is an unknown value
RDI=0x0000000100000000 is an unknown value
R8 =0x0000000000000000 is an unknown value
R9 =0x00007f7b95bc39c0: <offset 0x439c0> in /usr/lib/x86_64-linux-gnu/mesa/libGL.so.1 at 0x00007f7b95b80000
R10=0x00007f7bc90127cc is at code_begin+620 in an Interpreter codelet
method entry point (kind = native)  [0x00007f7bc9012560, 0x00007f7bc9012dc0]  2144 bytes
R11=0x00007f7bd27212c0: <offset 0x85d2c0> in /usr/lib/jvm/java-7-openjdk-amd64/jre/lib/amd64/server/libjvm.so at 0x00007f7bd1ec4000
R12=0x0000000000000001 is an unknown value
R13=0x0000000000000000 is an unknown value
R14=0x00007f7b8c625ff0 is an unknown value
R15=0x0000000000000000 is an unknown value


Stack: [0x00007f7b96a25000,0x00007f7b96b26000],  sp=0x00007f7b96b23740,  free space=1017k
Native frames: (J=compiled Java code, j=interpreted, Vv=VM code, C=native code)
C  [r600_dri.so+0x29a4d0]

Java frames: (J=compiled Java code, j=interpreted, Vv=VM code)
j  jogamp.opengl.x11.glx.GLX.dispatch_glXSwapBuffers0(JJJ)V+0
j  jogamp.opengl.x11.glx.GLX.glXSwapBuffers(JJ)V+41
j  jogamp.opengl.x11.glx.X11GLXDrawable.swapBuffersImpl(Z)V+17
j  jogamp.opengl.GLDrawableImpl.swapBuffers()V+67
j  javax.media.opengl.awt.GLCanvas$12.run()V+45
j  java.awt.event.InvocationEvent.dispatch()V+11
j  java.awt.EventQueue.dispatchEventImpl(Ljava/awt/AWTEvent;Ljava/lang/Object;)V+21
j  java.awt.EventQueue.access$300(Ljava/awt/EventQueue;Ljava/awt/AWTEvent;Ljava/lang/Object;)V+3
j  java.awt.EventQueue$3.run()Ljava/lang/Void;+12
j  java.awt.EventQueue$3.run()Ljava/lang/Object;+1
v  ~StubRoutines::call_stub
j  java.security.AccessController.doPrivileged(Ljava/security/PrivilegedAction;Ljava/security/AccessControlContext;)Ljava/lang/Object;+0
j  java.security.ProtectionDomain$1.doIntersectionPrivilege(Ljava/security/PrivilegedAction;Ljava/security/AccessControlContext;Ljava/security/AccessControlContext;)Ljava/lang/Object;+28
j  java.awt.EventQueue.dispatchEvent(Ljava/awt/AWTEvent;)V+46
j  java.awt.EventDispatchThread.pumpOneEventForFilters(I)V+245
j  java.awt.EventDispatchThread.pumpEventsForFilter(ILjava/awt/Conditional;Ljava/awt/EventFilter;)V+35
j  java.awt.EventDispatchThread.pumpEventsForHierarchy(ILjava/awt/Conditional;Ljava/awt/Component;)V+11
j  java.awt.EventDispatchThread.pumpEvents(ILjava/awt/Conditional;)V+4
j  java.awt.EventDispatchThread.pumpEvents(Ljava/awt/Conditional;)V+3
j  java.awt.EventDispatchThread.run()V+9
v  ~StubRoutines::call_stub

---------------  P R O C E S S  ---------------

Java Threads: ( => current thread )
  0x00007f7b804e2000 JavaThread "Thread-24" [_thread_blocked, id=9929, stack(0x00007f7b7cc61000,0x00007f7b7cd62000)]
  0x00007f7b8c19a800 JavaThread "Animation Thread-SharedResourceRunner" daemon [_thread_blocked, id=9854, stack(0x00007f7b96823000,0x00007f7b96924000)]
  0x00007f7b8c08a800 JavaThread "process reaper" daemon [_thread_blocked, id=9849, stack(0x00007f7b9c09f000,0x00007f7b9c0d8000)]
=>0x00007f7b8c008000 JavaThread "AWT-EventQueue-1" [_thread_in_native, id=9844, stack(0x00007f7b96a25000,0x00007f7b96b26000)]
  0x00007f7bcc00a800 JavaThread "DestroyJavaVM" [_thread_blocked, id=9826, stack(0x00007f7bd39ce000,0x00007f7bd3acf000)]
  0x00007f7bcc2a7000 JavaThread "AWT-EventQueue-0" [_thread_blocked, id=9842, stack(0x00007f7b96f8d000,0x00007f7b9708e000)]
  0x00007f7bcc2a3000 JavaThread "AWT-Shutdown" [_thread_blocked, id=9841, stack(0x00007f7b9708e000,0x00007f7b9718f000)]
  0x00007f7bcc299000 JavaThread "thread applet-module1.HelloWorld.class" [_thread_blocked, id=9840, stack(0x00007f7b9718f000,0x00007f7b97290000)]
  0x00007f7bcc287800 JavaThread "AWT-XAWT" daemon [_thread_blocked, id=9838, stack(0x00007f7b97290000,0x00007f7b97391000)]
  0x00007f7bcc262800 JavaThread "Java2D Disposer" daemon [_thread_blocked, id=9837, stack(0x00007f7b9c0d8000,0x00007f7b9c1d9000)]
  0x00007f7bcc0aa000 JavaThread "Service Thread" daemon [_thread_blocked, id=9835, stack(0x00007f7bc522b000,0x00007f7bc532c000)]
  0x00007f7bcc0a7800 JavaThread "C2 CompilerThread1" daemon [_thread_blocked, id=9834, stack(0x00007f7bc532c000,0x00007f7bc542d000)]
  0x00007f7bcc0a4800 JavaThread "C2 CompilerThread0" daemon [_thread_blocked, id=9833, stack(0x00007f7bc542d000,0x00007f7bc552e000)]
  0x00007f7bcc0a2800 JavaThread "Signal Dispatcher" daemon [_thread_blocked, id=9832, stack(0x00007f7bc552e000,0x00007f7bc562f000)]
  0x00007f7bcc077800 JavaThread "Finalizer" daemon [_thread_blocked, id=9831, stack(0x00007f7bc5d11000,0x00007f7bc5e12000)]
  0x00007f7bcc075800 JavaThread "Reference Handler" daemon [_thread_blocked, id=9830, stack(0x00007f7bc5e12000,0x00007f7bc5f13000)]

Other Threads:
  0x00007f7bcc071000 VMThread [stack: 0x00007f7bc5f13000,0x00007f7bc6014000] [id=9829]
  0x00007f7bcc0ac800 WatcherThread [stack: 0x00007f7bc512a000,0x00007f7bc522b000] [id=9836]

VM state:not at safepoint (normal execution)

VM Mutex/Monitor currently owned by a thread: None

Heap
 PSYoungGen      total 72704K, used 41748K [0x00000000ece00000, 0x00000000f1e00000, 0x0000000100000000)
  eden space 63488K, 62% used [0x00000000ece00000,0x00000000ef4c1118,0x00000000f0c00000)
  from space 9216K, 22% used [0x00000000f1500000,0x00000000f1704060,0x00000000f1e00000)
  to   space 9216K, 0% used [0x00000000f0c00000,0x00000000f0c00000,0x00000000f1500000)
 ParOldGen       total 38912K, used 16540K [0x00000000c6a00000, 0x00000000c9000000, 0x00000000ece00000)
  object space 38912K, 42% used [0x00000000c6a00000,0x00000000c7a27190,0x00000000c9000000)
 PSPermGen       total 21504K, used 20375K [0x00000000bc400000, 0x00000000bd900000, 0x00000000c6a00000)
  object space 21504K, 94% used [0x00000000bc400000,0x00000000bd7e5ef0,0x00000000bd900000)

Card table byte_map: [0x00007f7bd03f8000,0x00007f7bd0617000] byte_map_base: 0x00007f7bcfe16000

Polling page: 0x00007f7bd3af4000

Code Cache  [0x00007f7bc9000000, 0x00007f7bc9270000, 0x00007f7bcc000000)
 total_blobs=1333 nmethods=427 adapters=860 free_code_cache=47472Kb largest_free_block=48573696

Compilation events (10 events):
Event: 31.706 Thread 0x00007f7bcc0a4800  435             processing.opengl.PGraphicsOpenGL::updateProjmodelview (23 bytes)
Event: 31.708 Thread 0x00007f7bcc0a4800 nmethod 435 0x00007f7bc91a6110 code [0x00007f7bc91a6260, 0x00007f7bc91a6488]
Event: 32.890 Thread 0x00007f7bcc0a7800  436             java.util.concurrent.atomic.AtomicInteger::get (5 bytes)
Event: 32.890 Thread 0x00007f7bcc0a7800 nmethod 436 0x00007f7bc91a5f10 code [0x00007f7bc91a6040, 0x00007f7bc91a6098]
Event: 32.906 Thread 0x00007f7bcc0a4800  437             java.awt.AWTEvent::getID (5 bytes)
Event: 32.907 Thread 0x00007f7bcc0a4800 nmethod 437 0x00007f7bc91a5d10 code [0x00007f7bc91a5e40, 0x00007f7bc91a5e98]
Event: 33.890 Thread 0x00007f7bcc0a7800  438             sun.awt.AppContext::getAppContext (51 bytes)
Event: 33.892 Thread 0x00007f7bcc0a7800 nmethod 438 0x00007f7bc91a8650 code [0x00007f7bc91a87c0, 0x00007f7bc91a8958]
Event: 33.923 Thread 0x00007f7bcc0a4800  439   !         jogamp.common.util.locks.RecursiveLockImpl01Unfairish::getHoldCount (24 bytes)
Event: 33.925 Thread 0x00007f7bcc0a4800 nmethod 439 0x00007f7bc91a8150 code [0x00007f7bc91a82a0, 0x00007f7bc91a8538]

GC Heap History (10 events):
Event: 6.804 GC heap before
{Heap before GC invocations=2 (full 0):
 PSYoungGen      total 17920K, used 17888K [0x00000000ece00000, 0x00000000ee180000, 0x0000000100000000)
  eden space 15872K, 100% used [0x00000000ece00000,0x00000000edd80000,0x00000000edd80000)
  from space 2048K, 98% used [0x00000000edd80000,0x00000000edf78238,0x00000000edf80000)
  to   space 2048K, 0% used [0x00000000edf80000,0x00000000edf80000,0x00000000ee180000)
 ParOldGen       total 38912K, used 1140K [0x00000000c6a00000, 0x00000000c9000000, 0x00000000ece00000)
  object space 38912K, 2% used [0x00000000c6a00000,0x00000000c6b1d310,0x00000000c9000000)
 PSPermGen       total 21504K, used 17499K [0x00000000bc400000, 0x00000000bd900000, 0x00000000c6a00000)
  object space 21504K, 81% used [0x00000000bc400000,0x00000000bd516d90,0x00000000bd900000)
Event: 6.818 GC heap after
Heap after GC invocations=2 (full 0):
 PSYoungGen      total 17920K, used 2034K [0x00000000ece00000, 0x00000000ee180000, 0x0000000100000000)
  eden space 15872K, 0% used [0x00000000ece00000,0x00000000ece00000,0x00000000edd80000)
  from space 2048K, 99% used [0x00000000edf80000,0x00000000ee17c840,0x00000000ee180000)
  to   space 2048K, 0% used [0x00000000edd80000,0x00000000edd80000,0x00000000edf80000)
 ParOldGen       total 38912K, used 4566K [0x00000000c6a00000, 0x00000000c9000000, 0x00000000ece00000)
  object space 38912K, 11% used [0x00000000c6a00000,0x00000000c6e75a80,0x00000000c9000000)
 PSPermGen       total 21504K, used 17499K [0x00000000bc400000, 0x00000000bd900000, 0x00000000c6a00000)
  object space 21504K, 81% used [0x00000000bc400000,0x00000000bd516d90,0x00000000bd900000)
}
Event: 9.055 GC heap before
{Heap before GC invocations=3 (full 0):
 PSYoungGen      total 17920K, used 17906K [0x00000000ece00000, 0x00000000ee180000, 0x0000000100000000)
  eden space 15872K, 100% used [0x00000000ece00000,0x00000000edd80000,0x00000000edd80000)
  from space 2048K, 99% used [0x00000000edf80000,0x00000000ee17c840,0x00000000ee180000)
  to   space 2048K, 0% used [0x00000000edd80000,0x00000000edd80000,0x00000000edf80000)
 ParOldGen       total 38912K, used 4566K [0x00000000c6a00000, 0x00000000c9000000, 0x00000000ece00000)
  object space 38912K, 11% used [0x00000000c6a00000,0x00000000c6e75a80,0x00000000c9000000)
 PSPermGen       total 21504K, used 20087K [0x00000000bc400000, 0x00000000bd900000, 0x00000000c6a00000)
  object space 21504K, 93% used [0x00000000bc400000,0x00000000bd79dfa0,0x00000000bd900000)
Event: 9.144 GC heap after
Heap after GC invocations=3 (full 0):
 PSYoungGen      total 17920K, used 2034K [0x00000000ece00000, 0x00000000ef100000, 0x0000000100000000)
  eden space 15872K, 0% used [0x00000000ece00000,0x00000000ece00000,0x00000000edd80000)
  from space 2048K, 99% used [0x00000000edd80000,0x00000000edf7c860,0x00000000edf80000)
  to   space 2048K, 0% used [0x00000000eef00000,0x00000000eef00000,0x00000000ef100000)
 ParOldGen       total 38912K, used 11436K [0x00000000c6a00000, 0x00000000c9000000, 0x00000000ece00000)
  object space 38912K, 29% used [0x00000000c6a00000,0x00000000c752b060,0x00000000c9000000)
 PSPermGen       total 21504K, used 20087K [0x00000000bc400000, 0x00000000bd900000, 0x00000000c6a00000)
  object space 21504K, 93% used [0x00000000bc400000,0x00000000bd79dfa0,0x00000000bd900000)
}
Event: 9.514 GC heap before
{Heap before GC invocations=4 (full 0):
 PSYoungGen      total 17920K, used 17906K [0x00000000ece00000, 0x00000000ef100000, 0x0000000100000000)
  eden space 15872K, 100% used [0x00000000ece00000,0x00000000edd80000,0x00000000edd80000)
  from space 2048K, 99% used [0x00000000edd80000,0x00000000edf7c860,0x00000000edf80000)
  to   space 2048K, 0% used [0x00000000eef00000,0x00000000eef00000,0x00000000ef100000)
 ParOldGen       total 38912K, used 11436K [0x00000000c6a00000, 0x00000000c9000000, 0x00000000ece00000)
  object space 38912K, 29% used [0x00000000c6a00000,0x00000000c752b060,0x00000000c9000000)
 PSPermGen       total 21504K, used 20100K [0x00000000bc400000, 0x00000000bd900000, 0x00000000c6a00000)
  object space 21504K, 93% used [0x00000000bc400000,0x00000000bd7a1268,0x00000000bd900000)
Event: 9.530 GC heap after
Heap after GC invocations=4 (full 0):
 PSYoungGen      total 33792K, used 2018K [0x00000000ece00000, 0x00000000ef100000, 0x0000000100000000)
  eden space 31744K, 0% used [0x00000000ece00000,0x00000000ece00000,0x00000000eed00000)
  from space 2048K, 98% used [0x00000000eef00000,0x00000000ef0f8860,0x00000000ef100000)
  to   space 2048K, 0% used [0x00000000eed00000,0x00000000eed00000,0x00000000eef00000)
 ParOldGen       total 38912K, used 14476K [0x00000000c6a00000, 0x00000000c9000000, 0x00000000ece00000)
  object space 38912K, 37% used [0x00000000c6a00000,0x00000000c7823110,0x00000000c9000000)
 PSPermGen       total 21504K, used 20100K [0x00000000bc400000, 0x00000000bd900000, 0x00000000c6a00000)
  object space 21504K, 93% used [0x00000000bc400000,0x00000000bd7a1268,0x00000000bd900000)
}
Event: 14.166 GC heap before
{Heap before GC invocations=5 (full 0):
 PSYoungGen      total 33792K, used 33762K [0x00000000ece00000, 0x00000000ef100000, 0x0000000100000000)
  eden space 31744K, 100% used [0x00000000ece00000,0x00000000eed00000,0x00000000eed00000)
  from space 2048K, 98% used [0x00000000eef00000,0x00000000ef0f8860,0x00000000ef100000)
  to   space 2048K, 0% used [0x00000000eed00000,0x00000000eed00000,0x00000000eef00000)
 ParOldGen       total 38912K, used 14476K [0x00000000c6a00000, 0x00000000c9000000, 0x00000000ece00000)
  object space 38912K, 37% used [0x00000000c6a00000,0x00000000c7823110,0x00000000c9000000)
 PSPermGen       total 21504K, used 20231K [0x00000000bc400000, 0x00000000bd900000, 0x00000000c6a00000)
  object space 21504K, 94% used [0x00000000bc400000,0x00000000bd7c1eb0,0x00000000bd900000)
Event: 14.185 GC heap after
Heap after GC invocations=5 (full 0):
 PSYoungGen      total 33792K, used 2032K [0x00000000ece00000, 0x00000000f1e00000, 0x0000000100000000)
  eden space 31744K, 0% used [0x00000000ece00000,0x00000000ece00000,0x00000000eed00000)
  from space 2048K, 99% used [0x00000000eed00000,0x00000000eeefc060,0x00000000eef00000)
  to   space 9216K, 0% used [0x00000000f1500000,0x00000000f1500000,0x00000000f1e00000)
 ParOldGen       total 38912K, used 16532K [0x00000000c6a00000, 0x00000000c9000000, 0x00000000ece00000)
  object space 38912K, 42% used [0x00000000c6a00000,0x00000000c7a25190,0x00000000c9000000)
 PSPermGen       total 21504K, used 20231K [0x00000000bc400000, 0x00000000bd900000, 0x00000000c6a00000)
  object space 21504K, 94% used [0x00000000bc400000,0x00000000bd7c1eb0,0x00000000bd900000)
}
Event: 23.252 GC heap before
{Heap before GC invocations=6 (full 0):
 PSYoungGen      total 33792K, used 33776K [0x00000000ece00000, 0x00000000f1e00000, 0x0000000100000000)
  eden space 31744K, 100% used [0x00000000ece00000,0x00000000eed00000,0x00000000eed00000)
  from space 2048K, 99% used [0x00000000eed00000,0x00000000eeefc060,0x00000000eef00000)
  to   space 9216K, 0% used [0x00000000f1500000,0x00000000f1500000,0x00000000f1e00000)
 ParOldGen       total 38912K, used 16532K [0x00000000c6a00000, 0x00000000c9000000, 0x00000000ece00000)
  object space 38912K, 42% used [0x00000000c6a00000,0x00000000c7a25190,0x00000000c9000000)
 PSPermGen       total 21504K, used 20261K [0x00000000bc400000, 0x00000000bd900000, 0x00000000c6a00000)
  object space 21504K, 94% used [0x00000000bc400000,0x00000000bd7c94f0,0x00000000bd900000)
Event: 23.269 GC heap after
Heap after GC invocations=6 (full 0):
 PSYoungGen      total 72704K, used 2064K [0x00000000ece00000, 0x00000000f1e00000, 0x0000000100000000)
  eden space 63488K, 0% used [0x00000000ece00000,0x00000000ece00000,0x00000000f0c00000)
  from space 9216K, 22% used [0x00000000f1500000,0x00000000f1704060,0x00000000f1e00000)
  to   space 9216K, 0% used [0x00000000f0c00000,0x00000000f0c00000,0x00000000f1500000)
 ParOldGen       total 38912K, used 16540K [0x00000000c6a00000, 0x00000000c9000000, 0x00000000ece00000)
  object space 38912K, 42% used [0x00000000c6a00000,0x00000000c7a27190,0x00000000c9000000)
 PSPermGen       total 21504K, used 20261K [0x00000000bc400000, 0x00000000bd900000, 0x00000000c6a00000)
  object space 21504K, 94% used [0x00000000bc400000,0x00000000bd7c94f0,0x00000000bd900000)
}

Deoptimization events (10 events):
Event: 9.760 Thread 0x00007f7b804ca000 Uncommon trap: reason=array_check action=maybe_recompile pc=0x00007f7bc911aba4 method=java.util.Arrays.fill([Ljava/lang/Object;Ljava/lang/Object;)V @ 13
Event: 9.760 Thread 0x00007f7b804ca000 Uncommon trap: reason=array_check action=maybe_recompile pc=0x00007f7bc911aba4 method=java.util.Arrays.fill([Ljava/lang/Object;Ljava/lang/Object;)V @ 13
Event: 9.765 Thread 0x00007f7b804cb800 Uncommon trap: reason=array_check action=maybe_recompile pc=0x00007f7bc91176f4 method=java.util.Arrays.fill([Ljava/lang/Object;Ljava/lang/Object;)V @ 13
Event: 15.408 Thread 0x00007f7b8c008000 Uncommon trap: reason=predicate action=maybe_recompile pc=0x00007f7bc916303c method=java.util.Arrays.fill([Ljava/lang/Object;IILjava/lang/Object;)V @ 16
Event: 16.655 Thread 0x00007f7b8c008000 Uncommon trap: reason=array_check action=maybe_recompile pc=0x00007f7bc91612a4 method=java.util.Arrays.fill([Ljava/lang/Object;IILjava/lang/Object;)V @ 20
Event: 16.656 Thread 0x00007f7b8c008000 Uncommon trap: reason=array_check action=maybe_recompile pc=0x00007f7bc91612a4 method=java.util.Arrays.fill([Ljava/lang/Object;IILjava/lang/Object;)V @ 20
Event: 16.667 Thread 0x00007f7b8c008000 Uncommon trap: reason=array_check action=maybe_recompile pc=0x00007f7bc91612a4 method=java.util.Arrays.fill([Ljava/lang/Object;IILjava/lang/Object;)V @ 20
Event: 16.668 Thread 0x00007f7b8c008000 Uncommon trap: reason=array_check action=maybe_recompile pc=0x00007f7bc91612a4 method=java.util.Arrays.fill([Ljava/lang/Object;IILjava/lang/Object;)V @ 20
Event: 29.572 Thread 0x00007f7bcc287800 Uncommon trap: reason=unreached action=reinterpret pc=0x00007f7bc9164bf8 method=java.util.Hashtable.get(Ljava/lang/Object;)Ljava/lang/Object; @ 28
Event: 34.130 Thread 0x00007f7bcc299000 Uncommon trap: reason=unreached action=reinterpret pc=0x00007f7bc9162870 method=java.security.AccessControlContext.optimize()Ljava/security/AccessControlContext; @ 129

Internal exceptions (10 events):
Event: 8.588 Thread 0x00007f7b8c008000 Threw 0x00000000ed8e78a0 at /build/buildd/openjdk-7-7u79-2.5.5/build/openjdk/hotspot/src/share/vm/runtime/reflection.cpp:1030
Event: 8.663 Thread 0x00007f7b8c008000 Threw 0x00000000ed91b960 at /build/buildd/openjdk-7-7u79-2.5.5/build/openjdk/hotspot/src/share/vm/runtime/reflection.cpp:1030
Event: 8.664 Thread 0x00007f7b8c008000 Threw 0x00000000ed91bc20 at /build/buildd/openjdk-7-7u79-2.5.5/build/openjdk/hotspot/src/share/vm/runtime/reflection.cpp:1030
Event: 8.729 Thread 0x00007f7b8c008000 Threw 0x00000000ed950360 at /build/buildd/openjdk-7-7u79-2.5.5/build/openjdk/hotspot/src/share/vm/runtime/reflection.cpp:1030
Event: 8.815 Thread 0x00007f7b804de000 Threw 0x00000000ed7a0868 at /build/buildd/openjdk-7-7u79-2.5.5/build/openjdk/hotspot/src/share/vm/prims/jvm.cpp:1284
Event: 8.862 Thread 0x00007f7b804de000 Threw 0x00000000ed7a60b8 at /build/buildd/openjdk-7-7u79-2.5.5/build/openjdk/hotspot/src/share/vm/prims/jvm.cpp:1284
Event: 8.897 Thread 0x00007f7b804de800 Threw 0x00000000ed7c0ad0 at /build/buildd/openjdk-7-7u79-2.5.5/build/openjdk/hotspot/src/share/vm/prims/jvm.cpp:1284
Event: 8.904 Thread 0x00007f7b804e0800 Threw 0x00000000ed7987f0 at /build/buildd/openjdk-7-7u79-2.5.5/build/openjdk/hotspot/src/share/vm/prims/jvm.cpp:1284
Event: 8.922 Thread 0x00007f7b804e2000 Threw 0x00000000ed9adc68 at /build/buildd/openjdk-7-7u79-2.5.5/build/openjdk/hotspot/src/share/vm/prims/jvm.cpp:1284
Event: 34.130 Thread 0x00007f7bcc299000 Implicit null exception at 0x00007f7bc916237a to 0x00007f7bc9162859

Events (10 events):
Event: 32.606 Executing VM operation: BulkRevokeBias
Event: 32.606 Executing VM operation: BulkRevokeBias done
Event: 34.127 loading class 0x00007f7bcc05c110
Event: 34.127 loading class 0x00007f7bcc05c110 done
Event: 34.127 Thread 0x00007f7b804e2000 Thread added: 0x00007f7b804e2000
Event: 34.128 loading class 0x00007f7bac175a20
Event: 34.128 loading class 0x00007f7bac175a20 done
Event: 34.130 Thread 0x00007f7bcc299000 Uncommon trap: trap_request=0xffffffad fr.pc=0x00007f7bc9162870
Event: 34.130 Thread 0x00007f7bcc299000 DEOPT PACKING pc=0x00007f7bc9162870 sp=0x00007f7b9728e290
Event: 34.130 Thread 0x00007f7bcc299000 DEOPT UNPACKING pc=0x00007f7bc9039045 sp=0x00007f7b9728e240 mode 2


Dynamic libraries:
00400000-00401000 r-xp 00000000 08:01 1861178                            /usr/lib/jvm/java-7-openjdk-amd64/jre/bin/java
00600000-00601000 r--p 00000000 08:01 1861178                            /usr/lib/jvm/java-7-openjdk-amd64/jre/bin/java
00601000-00602000 rw-p 00001000 08:01 1861178                            /usr/lib/jvm/java-7-openjdk-amd64/jre/bin/java
00e03000-00e3a000 rw-p 00000000 00:00 0                                  [heap]
bc400000-bd900000 rw-p 00000000 00:00 0 
bd900000-c6a00000 rw-p 00000000 00:00 0 
c6a00000-c9000000 rw-p 00000000 00:00 0 
c9000000-ece00000 rw-p 00000000 00:00 0 
ece00000-f1e00000 rw-p 00000000 00:00 0 
f1e00000-100000000 rw-p 00000000 00:00 0 
7f7b7c6cb000-7f7b7c74f000 r-xp 00000000 08:01 12845852                   /tmp/sqlite-3.7.2-libsqlitejdbc.so
7f7b7c74f000-7f7b7c94f000 ---p 00084000 08:01 12845852                   /tmp/sqlite-3.7.2-libsqlitejdbc.so
7f7b7c94f000-7f7b7c950000 r--p 00084000 08:01 12845852                   /tmp/sqlite-3.7.2-libsqlitejdbc.so
7f7b7c950000-7f7b7c953000 rw-p 00085000 08:01 12845852                   /tmp/sqlite-3.7.2-libsqlitejdbc.so
7f7b7c953000-7f7b7c954000 rw-s 124639000 00:05 1913                      /dev/dri/card0
7f7b7c954000-7f7b7c955000 rw-s 12467d000 00:05 1913                      /dev/dri/card0
7f7b7c958000-7f7b7c959000 rw-s 126387000 00:05 1913                      /dev/dri/card0
7f7b7c959000-7f7b7c95a000 rw-s 126381000 00:05 1913                      /dev/dri/card0
7f7b7c95a000-7f7b7c95b000 rw-s 126380000 00:05 1913                      /dev/dri/card0
7f7b7c95e000-7f7b7c961000 ---p 00000000 00:00 0 
7f7b7c961000-7f7b7ca5f000 rw-p 00000000 00:00 0 
7f7b7ca5f000-7f7b7ca62000 ---p 00000000 00:00 0 
7f7b7ca62000-7f7b7cb60000 rw-p 00000000 00:00 0 
7f7b7cb60000-7f7b7cb63000 ---p 00000000 00:00 0 
7f7b7cb63000-7f7b7cc61000 rw-p 00000000 00:00 0 
7f7b7cc61000-7f7b7cc64000 ---p 00000000 00:00 0 
7f7b7cc64000-7f7b7cd62000 rw-p 00000000 00:00 0                          [stack:9929]
7f7b7ce30000-7f7b7ce31000 rw-s 11cf64000 00:05 1913                      /dev/dri/card0
7f7b7cf3e000-7f7b7d03e000 rw-s 124811000 00:05 1913                      /dev/dri/card0
7f7b7d03e000-7f7b7d213000 rw-p 00000000 00:00 0 
7f7b7d213000-7f7b7d214000 rw-s 11f51a000 00:05 1913                      /dev/dri/card0
7f7b7d214000-7f7b7d215000 rw-s 11f519000 00:05 1913                      /dev/dri/card0
7f7b7d215000-7f7b7d216000 rw-s 11f518000 00:05 1913                      /dev/dri/card0
7f7b7d287000-7f7b7d288000 rw-s 12491d000 00:05 1913                      /dev/dri/card0
7f7b7d288000-7f7b7d289000 rw-s 12491c000 00:05 1913                      /dev/dri/card0
7f7b7d289000-7f7b7d28a000 rw-s 12491b000 00:05 1913                      /dev/dri/card0
7f7b7d28a000-7f7b7d28b000 rw-s 12491a000 00:05 1913                      /dev/dri/card0
7f7b7d28e000-7f7b7d28f000 rw-s 124916000 00:05 1913                      /dev/dri/card0
7f7b7d320000-7f7b7d321000 rw-s 1230b3000 00:05 1913                      /dev/dri/card0
7f7b7d322000-7f7b7d325000 ---p 00000000 00:00 0 
7f7b7d325000-7f7b7d423000 rw-p 00000000 00:00 0 
7f7b7d423000-7f7b7d424000 rw-s 128d2f000 00:05 1913                      /dev/dri/card0
7f7b7d424000-7f7b7d5f9000 rw-p 00000000 00:00 0 
7f7b7d5f9000-7f7b7d6f9000 rw-s 128c2e000 00:05 1913                      /dev/dri/card0
7f7b7d7e9000-7f7b7d7ea000 ---p 00000000 00:00 0 
7f7b7d7ea000-7f7b7dfea000 rw-p 00000000 00:00 0                          [stack:9856]
7f7b7dfea000-7f7b7e730000 r-xp 00000000 08:01 918024                     /usr/lib/x86_64-linux-gnu/dri/r600_dri.so
7f7b7e730000-7f7b7e92f000 ---p 00746000 08:01 918024                     /usr/lib/x86_64-linux-gnu/dri/r600_dri.so
7f7b7e92f000-7f7b7e982000 r--p 00745000 08:01 918024                     /usr/lib/x86_64-linux-gnu/dri/r600_dri.so
7f7b7e982000-7f7b7e98e000 rw-p 00798000 08:01 918024                     /usr/lib/x86_64-linux-gnu/dri/r600_dri.so
7f7b7e98e000-7f7b7eb76000 rw-p 00000000 00:00 0 
7f7b7eb76000-7f7b7eb78000 r-xp 00000000 08:01 532093                     /usr/lib/x86_64-linux-gnu/libXinerama.so.1.0.0
7f7b7eb78000-7f7b7ed77000 ---p 00002000 08:01 532093                     /usr/lib/x86_64-linux-gnu/libXinerama.so.1.0.0
7f7b7ed77000-7f7b7ed78000 r--p 00001000 08:01 532093                     /usr/lib/x86_64-linux-gnu/libXinerama.so.1.0.0
7f7b7ed78000-7f7b7ed79000 rw-p 00002000 08:01 532093                     /usr/lib/x86_64-linux-gnu/libXinerama.so.1.0.0
7f7b7ed79000-7f7b7edb0000 r-xp 00000000 08:01 533016                     /usr/lib/x86_64-linux-gnu/libtxc_dxtn_s2tc.so.0.0.0
7f7b7edb0000-7f7b7efaf000 ---p 00037000 08:01 533016                     /usr/lib/x86_64-linux-gnu/libtxc_dxtn_s2tc.so.0.0.0
7f7b7efaf000-7f7b7efb0000 r--p 00036000 08:01 533016                     /usr/lib/x86_64-linux-gnu/libtxc_dxtn_s2tc.so.0.0.0
7f7b7efb0000-7f7b7efb1000 rw-p 00037000 08:01 533016                     /usr/lib/x86_64-linux-gnu/libtxc_dxtn_s2tc.so.0.0.0
7f7b7efb1000-7f7b7efb2000 ---p 00000000 00:00 0 
7f7b7efb2000-7f7b7f7b2000 rw-p 00000000 00:00 0                          [stack:9855]
7f7b7f7b2000-7f7b7f7ba000 r-xp 00000000 08:01 15732733                   /lib/x86_64-linux-gnu/libnih-dbus.so.1.0.0
7f7b7f7ba000-7f7b7f9ba000 ---p 00008000 08:01 15732733                   /lib/x86_64-linux-gnu/libnih-dbus.so.1.0.0
7f7b7f9ba000-7f7b7f9bb000 r--p 00008000 08:01 15732733                   /lib/x86_64-linux-gnu/libnih-dbus.so.1.0.0
7f7b7f9bb000-7f7b7f9bc000 rw-p 00009000 08:01 15732733                   /lib/x86_64-linux-gnu/libnih-dbus.so.1.0.0
7f7b7f9bc000-7f7b7f9d3000 r-xp 00000000 08:01 15732735                   /lib/x86_64-linux-gnu/libnih.so.1.0.0
7f7b7f9d3000-7f7b7fbd2000 ---p 00017000 08:01 15732735                   /lib/x86_64-linux-gnu/libnih.so.1.0.0
7f7b7fbd2000-7f7b7fbd3000 r--p 00016000 08:01 15732735                   /lib/x86_64-linux-gnu/libnih.so.1.0.0
7f7b7fbd3000-7f7b7fbd4000 rw-p 00017000 08:01 15732735                   /lib/x86_64-linux-gnu/libnih.so.1.0.0
7f7b7fbd4000-7f7b7fbed000 r-xp 00000000 08:01 15732676                   /lib/x86_64-linux-gnu/libcgmanager.so.0.0.0
7f7b7fbed000-7f7b7fdec000 ---p 00019000 08:01 15732676                   /lib/x86_64-linux-gnu/libcgmanager.so.0.0.0
7f7b7fdec000-7f7b7fdee000 r--p 00018000 08:01 15732676                   /lib/x86_64-linux-gnu/libcgmanager.so.0.0.0
7f7b7fdee000-7f7b7fdef000 rw-p 0001a000 08:01 15732676                   /lib/x86_64-linux-gnu/libcgmanager.so.0.0.0
7f7b7fdef000-7f7b7fdff000 r-xp 00000000 08:01 15728930                   /lib/x86_64-linux-gnu/libudev.so.1.3.5
7f7b7fdff000-7f7b7fffe000 ---p 00010000 08:01 15728930                   /lib/x86_64-linux-gnu/libudev.so.1.3.5
7f7b7fffe000-7f7b7ffff000 r--p 0000f000 08:01 15728930                   /lib/x86_64-linux-gnu/libudev.so.1.3.5
7f7b7ffff000-7f7b80000000 rw-p 00010000 08:01 15728930                   /lib/x86_64-linux-gnu/libudev.so.1.3.5
7f7b80000000-7f7b80b56000 rw-p 00000000 00:00 0 
7f7b80b56000-7f7b84000000 ---p 00000000 00:00 0 
7f7b84040000-7f7b84065000 r-xp 00000000 08:01 15732817                   /lib/x86_64-linux-gnu/libtinfo.so.5.9
7f7b84065000-7f7b84264000 ---p 00025000 08:01 15732817                   /lib/x86_64-linux-gnu/libtinfo.so.5.9
7f7b84264000-7f7b84268000 r--p 00024000 08:01 15732817                   /lib/x86_64-linux-gnu/libtinfo.so.5.9
7f7b84268000-7f7b84269000 rw-p 00028000 08:01 15732817                   /lib/x86_64-linux-gnu/libtinfo.so.5.9
7f7b84269000-7f7b84292000 r-xp 00000000 08:01 532322                     /usr/lib/x86_64-linux-gnu/libedit.so.2.0.47
7f7b84292000-7f7b84492000 ---p 00029000 08:01 532322                     /usr/lib/x86_64-linux-gnu/libedit.so.2.0.47
7f7b84492000-7f7b84494000 r--p 00029000 08:01 532322                     /usr/lib/x86_64-linux-gnu/libedit.so.2.0.47
7f7b84494000-7f7b84495000 rw-p 0002b000 08:01 532322                     /usr/lib/x86_64-linux-gnu/libedit.so.2.0.47
7f7b84495000-7f7b84499000 rw-p 00000000 00:00 0 
7f7b84499000-7f7b85fa1000 r-xp 00000000 08:01 531941                     /usr/lib/x86_64-linux-gnu/libLLVM-3.5.so.1
7f7b85fa1000-7f7b85fa2000 ---p 01b08000 08:01 531941                     /usr/lib/x86_64-linux-gnu/libLLVM-3.5.so.1
7f7b85fa2000-7f7b8616a000 r--p 01b08000 08:01 531941                     /usr/lib/x86_64-linux-gnu/libLLVM-3.5.so.1
7f7b8616a000-7f7b86170000 rw-p 01cd0000 08:01 531941                     /usr/lib/x86_64-linux-gnu/libLLVM-3.5.so.1
7f7b86170000-7f7b86185000 rw-p 00000000 00:00 0 
7f7b86185000-7f7b86191000 r-xp 00000000 08:01 530540                     /usr/lib/x86_64-linux-gnu/libdrm_radeon.so.1.0.1
7f7b86191000-7f7b86390000 ---p 0000c000 08:01 530540                     /usr/lib/x86_64-linux-gnu/libdrm_radeon.so.1.0.1
7f7b86390000-7f7b86391000 r--p 0000b000 08:01 530540                     /usr/lib/x86_64-linux-gnu/libdrm_radeon.so.1.0.1
7f7b86391000-7f7b86392000 rw-p 0000c000 08:01 530540                     /usr/lib/x86_64-linux-gnu/libdrm_radeon.so.1.0.1
7f7b86392000-7f7b863a7000 r-xp 00000000 08:01 532323                     /usr/lib/x86_64-linux-gnu/libelf-0.158.so
7f7b863a7000-7f7b865a6000 ---p 00015000 08:01 532323                     /usr/lib/x86_64-linux-gnu/libelf-0.158.so
7f7b865a6000-7f7b865a7000 r--p 00014000 08:01 532323                     /usr/lib/x86_64-linux-gnu/libelf-0.158.so
7f7b865a7000-7f7b865a8000 rw-p 00015000 08:01 532323                     /usr/lib/x86_64-linux-gnu/libelf-0.158.so
7f7b865a8000-7f7b865ae000 r-xp 00000000 08:01 530538                     /usr/lib/x86_64-linux-gnu/libdrm_nouveau.so.2.0.0
7f7b865ae000-7f7b867ad000 ---p 00006000 08:01 530538                     /usr/lib/x86_64-linux-gnu/libdrm_nouveau.so.2.0.0
7f7b867ad000-7f7b867ae000 r--p 00005000 08:01 530538                     /usr/lib/x86_64-linux-gnu/libdrm_nouveau.so.2.0.0
7f7b867ae000-7f7b867af000 rw-p 00006000 08:01 530538                     /usr/lib/x86_64-linux-gnu/libdrm_nouveau.so.2.0.0
7f7b867af000-7f7b867b6000 r-xp 00000000 08:01 919135                     /usr/lib/x86_64-linux-gnu/mesa-egl/libOpenVG.so.1.0.0
7f7b867b6000-7f7b869b5000 ---p 00007000 08:01 919135                     /usr/lib/x86_64-linux-gnu/mesa-egl/libOpenVG.so.1.0.0
7f7b869b5000-7f7b869b6000 r--p 00006000 08:01 919135                     /usr/lib/x86_64-linux-gnu/mesa-egl/libOpenVG.so.1.0.0
7f7b869b6000-7f7b869b7000 rw-p 00007000 08:01 919135                     /usr/lib/x86_64-linux-gnu/mesa-egl/libOpenVG.so.1.0.0
7f7b869b7000-7f7b869b9000 rw-p 00000000 00:00 0 
7f7b869b9000-7f7b87141000 r-xp 00000000 08:01 918029                     /usr/lib/x86_64-linux-gnu/egl/egl_gallium.so
7f7b87141000-7f7b87341000 ---p 00788000 08:01 918029                     /usr/lib/x86_64-linux-gnu/egl/egl_gallium.so
7f7b87341000-7f7b87394000 r--p 00788000 08:01 918029                     /usr/lib/x86_64-linux-gnu/egl/egl_gallium.so
7f7b87394000-7f7b873a0000 rw-p 007db000 08:01 918029                     /usr/lib/x86_64-linux-gnu/egl/egl_gallium.so
7f7b873a0000-7f7b87587000 rw-p 00000000 00:00 0 
7f7b87587000-7f7b8758d000 r-xp 00000000 08:01 919133                     /usr/lib/x86_64-linux-gnu/mesa-egl/libGLESv2.so.2.0.0
7f7b8758d000-7f7b8778c000 ---p 00006000 08:01 919133                     /usr/lib/x86_64-linux-gnu/mesa-egl/libGLESv2.so.2.0.0
7f7b8778c000-7f7b8778d000 r--p 00005000 08:01 919133                     /usr/lib/x86_64-linux-gnu/mesa-egl/libGLESv2.so.2.0.0
7f7b8778d000-7f7b8778e000 rw-p 00006000 08:01 919133                     /usr/lib/x86_64-linux-gnu/mesa-egl/libGLESv2.so.2.0.0
7f7b8778e000-7f7b877d3000 r-xp 00000000 08:01 12845847                   /tmp/jogamp_0000/file_cache/jln8241823469493041355/jln6093968571154827590/libjogl_mobile.so
7f7b877d3000-7f7b879d3000 ---p 00045000 08:01 12845847                   /tmp/jogamp_0000/file_cache/jln8241823469493041355/jln6093968571154827590/libjogl_mobile.so
7f7b879d3000-7f7b879d4000 rw-p 00045000 08:01 12845847                   /tmp/jogamp_0000/file_cache/jln8241823469493041355/jln6093968571154827590/libjogl_mobile.so
7f7b879d4000-7f7b879e0000 r-xp 00000000 08:01 532405                     /usr/lib/x86_64-linux-gnu/libgbm.so.1.0.0
7f7b879e0000-7f7b87be0000 ---p 0000c000 08:01 532405                     /usr/lib/x86_64-linux-gnu/libgbm.so.1.0.0
7f7b87be0000-7f7b87be1000 r--p 0000c000 08:01 532405                     /usr/lib/x86_64-linux-gnu/libgbm.so.1.0.0
7f7b87be1000-7f7b87be2000 rw-p 0000d000 08:01 532405                     /usr/lib/x86_64-linux-gnu/libgbm.so.1.0.0
7f7b87be2000-7f7b87bf1000 r-xp 00000000 08:01 533084                     /usr/lib/x86_64-linux-gnu/libwayland-server.so.0.1.0
7f7b87bf1000-7f7b87df0000 ---p 0000f000 08:01 533084                     /usr/lib/x86_64-linux-gnu/libwayland-server.so.0.1.0
7f7b87df0000-7f7b87df2000 r--p 0000e000 08:01 533084                     /usr/lib/x86_64-linux-gnu/libwayland-server.so.0.1.0
7f7b87df2000-7f7b87df3000 rw-p 00010000 08:01 533084                     /usr/lib/x86_64-linux-gnu/libwayland-server.so.0.1.0
7f7b87df3000-7f7b87dfe000 r-xp 00000000 08:01 533078                     /usr/lib/x86_64-linux-gnu/libwayland-client.so.0.2.0
7f7b87dfe000-7f7b87ffd000 ---p 0000b000 08:01 533078                     /usr/lib/x86_64-linux-gnu/libwayland-client.so.0.2.0
7f7b87ffd000-7f7b87fff000 r--p 0000a000 08:01 533078                     /usr/lib/x86_64-linux-gnu/libwayland-client.so.0.2.0
7f7b87fff000-7f7b88000000 rw-p 0000c000 08:01 533078                     /usr/lib/x86_64-linux-gnu/libwayland-client.so.0.2.0
7f7b88000000-7f7b88024000 rw-p 00000000 00:00 0 
7f7b88024000-7f7b8c000000 ---p 00000000 00:00 0 
7f7b8c000000-7f7b8c6e4000 rw-p 00000000 00:00 0 
7f7b8c6e4000-7f7b90000000 ---p 00000000 00:00 0 
7f7b90000000-7f7b9020a000 rw-p 00000000 00:00 0 
7f7b9020a000-7f7b94000000 ---p 00000000 00:00 0 
7f7b94000000-7f7b94001000 rw-s 128d2e000 00:05 1913                      /dev/dri/card0
7f7b94045000-7f7b9404a000 r-xp 00000000 08:01 533134                     /usr/lib/x86_64-linux-gnu/libxcb-xfixes.so.0.0.0
7f7b9404a000-7f7b9424a000 ---p 00005000 08:01 533134                     /usr/lib/x86_64-linux-gnu/libxcb-xfixes.so.0.0.0
7f7b9424a000-7f7b9424b000 r--p 00005000 08:01 533134                     /usr/lib/x86_64-linux-gnu/libxcb-xfixes.so.0.0.0
7f7b9424b000-7f7b9424c000 rw-p 00006000 08:01 533134                     /usr/lib/x86_64-linux-gnu/libxcb-xfixes.so.0.0.0
7f7b9424c000-7f7b94273000 r-xp 00000000 08:01 919129                     /usr/lib/x86_64-linux-gnu/mesa-egl/libEGL.so.1.0.0
7f7b94273000-7f7b94473000 ---p 00027000 08:01 919129                     /usr/lib/x86_64-linux-gnu/mesa-egl/libEGL.so.1.0.0
7f7b94473000-7f7b94474000 r--p 00027000 08:01 919129                     /usr/lib/x86_64-linux-gnu/mesa-egl/libEGL.so.1.0.0
7f7b94474000-7f7b94475000 rw-p 00028000 08:01 919129                     /usr/lib/x86_64-linux-gnu/mesa-egl/libEGL.so.1.0.0
7f7b94475000-7f7b94476000 rw-p 00000000 00:00 0 
7f7b94476000-7f7b9451b000 r-xp 00000000 08:01 12845846                   /tmp/jogamp_0000/file_cache/jln8241823469493041355/jln6093968571154827590/libjogl_desktop.so
7f7b9451b000-7f7b9471b000 ---p 000a5000 08:01 12845846                   /tmp/jogamp_0000/file_cache/jln8241823469493041355/jln6093968571154827590/libjogl_desktop.so
7f7b9471b000-7f7b9471c000 rw-p 000a5000 08:01 12845846                   /tmp/jogamp_0000/file_cache/jln8241823469493041355/jln6093968571154827590/libjogl_desktop.so
7f7b9471c000-7f7b94727000 r-xp 00000000 08:01 530534                     /usr/lib/x86_64-linux-gnu/libdrm.so.2.4.0
7f7b94727000-7f7b94926000 ---p 0000b000 08:01 530534                     /usr/lib/x86_64-linux-gnu/libdrm.so.2.4.0
7f7b94926000-7f7b94927000 r--p 0000a000 08:01 530534                     /usr/lib/x86_64-linux-gnu/libdrm.so.2.4.0
7f7b94927000-7f7b94928000 rw-p 0000b000 08:01 530534                     /usr/lib/x86_64-linux-gnu/libdrm.so.2.4.0
7f7b94928000-7f7b94929000 r-xp 00000000 08:01 533148                     /usr/lib/x86_64-linux-gnu/libxshmfence.so.1.0.0
7f7b94929000-7f7b94b28000 ---p 00001000 08:01 533148                     /usr/lib/x86_64-linux-gnu/libxshmfence.so.1.0.0
7f7b94b28000-7f7b94b29000 r--p 00000000 08:01 533148                     /usr/lib/x86_64-linux-gnu/libxshmfence.so.1.0.0
7f7b94b29000-7f7b94b2a000 rw-p 00001000 08:01 533148                     /usr/lib/x86_64-linux-gnu/libxshmfence.so.1.0.0
7f7b94b2a000-7f7b94b2f000 r-xp 00000000 08:01 533130                     /usr/lib/x86_64-linux-gnu/libxcb-sync.so.1.0.0
7f7b94b2f000-7f7b94d2e000 ---p 00005000 08:01 533130                     /usr/lib/x86_64-linux-gnu/libxcb-sync.so.1.0.0
7f7b94d2e000-7f7b94d2f000 r--p 00004000 08:01 533130                     /usr/lib/x86_64-linux-gnu/libxcb-sync.so.1.0.0
7f7b94d2f000-7f7b94d30000 rw-p 00005000 08:01 533130                     /usr/lib/x86_64-linux-gnu/libxcb-sync.so.1.0.0
7f7b94d30000-7f7b94d32000 r-xp 00000000 08:01 533118                     /usr/lib/x86_64-linux-gnu/libxcb-present.so.0.0.0
7f7b94d32000-7f7b94f31000 ---p 00002000 08:01 533118                     /usr/lib/x86_64-linux-gnu/libxcb-present.so.0.0.0
7f7b94f31000-7f7b94f32000 r--p 00001000 08:01 533118                     /usr/lib/x86_64-linux-gnu/libxcb-present.so.0.0.0
7f7b94f32000-7f7b94f33000 rw-p 00002000 08:01 533118                     /usr/lib/x86_64-linux-gnu/libxcb-present.so.0.0.0
7f7b94f33000-7f7b94f35000 r-xp 00000000 08:01 533108                     /usr/lib/x86_64-linux-gnu/libxcb-dri3.so.0.0.0
7f7b94f35000-7f7b95134000 ---p 00002000 08:01 533108                     /usr/lib/x86_64-linux-gnu/libxcb-dri3.so.0.0.0
7f7b95134000-7f7b95135000 r--p 00001000 08:01 533108                     /usr/lib/x86_64-linux-gnu/libxcb-dri3.so.0.0.0
7f7b95135000-7f7b95136000 rw-p 00002000 08:01 533108                     /usr/lib/x86_64-linux-gnu/libxcb-dri3.so.0.0.0
7f7b95136000-7f7b95139000 r-xp 00000000 08:01 533106                     /usr/lib/x86_64-linux-gnu/libxcb-dri2.so.0.0.0
7f7b95139000-7f7b95339000 ---p 00003000 08:01 533106                     /usr/lib/x86_64-linux-gnu/libxcb-dri2.so.0.0.0
7f7b95339000-7f7b9533a000 r--p 00003000 08:01 533106                     /usr/lib/x86_64-linux-gnu/libxcb-dri2.so.0.0.0
7f7b9533a000-7f7b9533b000 rw-p 00004000 08:01 533106                     /usr/lib/x86_64-linux-gnu/libxcb-dri2.so.0.0.0
7f7b9533b000-7f7b95350000 r-xp 00000000 08:01 533110                     /usr/lib/x86_64-linux-gnu/libxcb-glx.so.0.0.0
7f7b95350000-7f7b9554f000 ---p 00015000 08:01 533110                     /usr/lib/x86_64-linux-gnu/libxcb-glx.so.0.0.0
7f7b9554f000-7f7b95551000 r--p 00014000 08:01 533110                     /usr/lib/x86_64-linux-gnu/libxcb-glx.so.0.0.0
7f7b95551000-7f7b95552000 rw-p 00016000 08:01 533110                     /usr/lib/x86_64-linux-gnu/libxcb-glx.so.0.0.0
7f7b95552000-7f7b95553000 r-xp 00000000 08:01 532064                     /usr/lib/x86_64-linux-gnu/libX11-xcb.so.1.0.0
7f7b95553000-7f7b95752000 ---p 00001000 08:01 532064                     /usr/lib/x86_64-linux-gnu/libX11-xcb.so.1.0.0
7f7b95752000-7f7b95753000 r--p 00000000 08:01 532064                     /usr/lib/x86_64-linux-gnu/libX11-xcb.so.1.0.0
7f7b95753000-7f7b95754000 rw-p 00001000 08:01 532064                     /usr/lib/x86_64-linux-gnu/libX11-xcb.so.1.0.0
7f7b95754000-7f7b95756000 r-xp 00000000 08:01 532079                     /usr/lib/x86_64-linux-gnu/libXdamage.so.1.1.0
7f7b95756000-7f7b95955000 ---p 00002000 08:01 532079                     /usr/lib/x86_64-linux-gnu/libXdamage.so.1.1.0
7f7b95955000-7f7b95956000 r--p 00001000 08:01 532079                     /usr/lib/x86_64-linux-gnu/libXdamage.so.1.1.0
7f7b95956000-7f7b95957000 rw-p 00002000 08:01 532079                     /usr/lib/x86_64-linux-gnu/libXdamage.so.1.1.0
7f7b95957000-7f7b9597b000 r-xp 00000000 08:01 532457                     /usr/lib/x86_64-linux-gnu/libglapi.so.0.0.0
7f7b9597b000-7f7b95b7b000 ---p 00024000 08:01 532457                     /usr/lib/x86_64-linux-gnu/libglapi.so.0.0.0
7f7b95b7b000-7f7b95b7e000 r--p 00024000 08:01 532457                     /usr/lib/x86_64-linux-gnu/libglapi.so.0.0.0
7f7b95b7e000-7f7b95b7f000 rw-p 00027000 08:01 532457                     /usr/lib/x86_64-linux-gnu/libglapi.so.0.0.0
7f7b95b7f000-7f7b95b80000 rw-p 00000000 00:00 0 
7f7b95b80000-7f7b95c0c000 r-xp 00000000 08:01 919126                     /usr/lib/x86_64-linux-gnu/mesa/libGL.so.1.2.0
7f7b95c0c000-7f7b95e0b000 ---p 0008c000 08:01 919126                     /usr/lib/x86_64-linux-gnu/mesa/libGL.so.1.2.0
7f7b95e0b000-7f7b95e0e000 r--p 0008b000 08:01 919126                     /usr/lib/x86_64-linux-gnu/mesa/libGL.so.1.2.0
7f7b95e0e000-7f7b95e0f000 rw-p 0008e000 08:01 919126                     /usr/lib/x86_64-linux-gnu/mesa/libGL.so.1.2.0
7f7b95e0f000-7f7b95e10000 rw-p 00000000 00:00 0 
7f7b95e10000-7f7b95e17000 r-xp 00000000 08:01 12845849                   /tmp/jogamp_0000/file_cache/jln8241823469493041355/jln6093968571154827590/libnativewindow_x11.so
7f7b95e17000-7f7b96016000 ---p 00007000 08:01 12845849                   /tmp/jogamp_0000/file_cache/jln8241823469493041355/jln6093968571154827590/libnativewindow_x11.so
7f7b96016000-7f7b96017000 rw-p 00006000 08:01 12845849                   /tmp/jogamp_0000/file_cache/jln8241823469493041355/jln6093968571154827590/libnativewindow_x11.so
7f7b96017000-7f7b9601b000 r-xp 00000000 08:01 532121                     /usr/lib/x86_64-linux-gnu/libXxf86vm.so.1.0.0
7f7b9601b000-7f7b9621b000 ---p 00004000 08:01 532121                     /usr/lib/x86_64-linux-gnu/libXxf86vm.so.1.0.0
7f7b9621b000-7f7b9621c000 r--p 00004000 08:01 532121                     /usr/lib/x86_64-linux-gnu/libXxf86vm.so.1.0.0
7f7b9621c000-7f7b9621d000 rw-p 00005000 08:01 532121                     /usr/lib/x86_64-linux-gnu/libXxf86vm.so.1.0.0
7f7b9621d000-7f7b9621f000 r-xp 00000000 08:01 12845848                   /tmp/jogamp_0000/file_cache/jln8241823469493041355/jln6093968571154827590/libnativewindow_awt.so
7f7b9621f000-7f7b9641e000 ---p 00002000 08:01 12845848                   /tmp/jogamp_0000/file_cache/jln8241823469493041355/jln6093968571154827590/libnativewindow_awt.so
7f7b9641e000-7f7b9641f000 rw-p 00001000 08:01 12845848                   /tmp/jogamp_0000/file_cache/jln8241823469493041355/jln6093968571154827590/libnativewindow_awt.so
7f7b9641f000-7f7b96420000 r-xp 00000000 08:01 5768800                    /usr/lib/jvm/java-7-openjdk-amd64/jre/lib/amd64/libjawt.so
7f7b96420000-7f7b9661f000 ---p 00001000 08:01 5768800                    /usr/lib/jvm/java-7-openjdk-amd64/jre/lib/amd64/libjawt.so
7f7b9661f000-7f7b96620000 r--p 00000000 08:01 5768800                    /usr/lib/jvm/java-7-openjdk-amd64/jre/lib/amd64/libjawt.so
7f7b96620000-7f7b96621000 rw-p 00001000 08:01 5768800                    /usr/lib/jvm/java-7-openjdk-amd64/jre/lib/amd64/libjawt.so
7f7b96621000-7f7b96623000 r-xp 00000000 08:01 12845845                   /tmp/jogamp_0000/file_cache/jln8241823469493041355/jln6093968571154827590/libgluegen-rt.so
7f7b96623000-7f7b96822000 ---p 00002000 08:01 12845845                   /tmp/jogamp_0000/file_cache/jln8241823469493041355/jln6093968571154827590/libgluegen-rt.so
7f7b96822000-7f7b96823000 rw-p 00001000 08:01 12845845                   /tmp/jogamp_0000/file_cache/jln8241823469493041355/jln6093968571154827590/libgluegen-rt.so
7f7b96823000-7f7b96826000 ---p 00000000 00:00 0 
7f7b96826000-7f7b96924000 rw-p 00000000 00:00 0                          [stack:9854]
7f7b96924000-7f7b96927000 ---p 00000000 00:00 0 
7f7b96927000-7f7b96a25000 rw-p 00000000 00:00 0 
7f7b96a25000-7f7b96a28000 ---p 00000000 00:00 0 
7f7b96a28000-7f7b96b26000 rw-p 00000000 00:00 0                          [stack:9844]
7f7b96b26000-7f7b96b36000 r-xp 00000000 08:01 5768799                    /usr/lib/jvm/java-7-openjdk-amd64/jre/lib/amd64/libnio.so
7f7b96b36000-7f7b96d36000 ---p 00010000 08:01 5768799                    /usr/lib/jvm/java-7-openjdk-amd64/jre/lib/amd64/libnio.so
7f7b96d36000-7f7b96d37000 r--p 00010000 08:01 5768799                    /usr/lib/jvm/java-7-openjdk-amd64/jre/lib/amd64/libnio.so
7f7b96d37000-7f7b96d38000 rw-p 00011000 08:01 5768799                    /usr/lib/jvm/java-7-openjdk-amd64/jre/lib/amd64/libnio.so
7f7b96d38000-7f7b96d8a000 r-xp 00000000 08:01 5768803                    /usr/lib/jvm/java-7-openjdk-amd64/jre/lib/amd64/libfontmanager.so
7f7b96d8a000-7f7b96f89000 ---p 00052000 08:01 5768803                    /usr/lib/jvm/java-7-openjdk-amd64/jre/lib/amd64/libfontmanager.so
7f7b96f89000-7f7b96f8c000 r--p 00051000 08:01 5768803                    /usr/lib/jvm/java-7-openjdk-amd64/jre/lib/amd64/libfontmanager.so
7f7b96f8c000-7f7b96f8d000 rw-p 00054000 08:01 5768803                    /usr/lib/jvm/java-7-openjdk-amd64/jre/lib/amd64/libfontmanager.so
7f7b96f8d000-7f7b96f90000 ---p 00000000 00:00 0 
7f7b96f90000-7f7b9708e000 rw-p 00000000 00:00 0                          [stack:9842]
7f7b9708e000-7f7b97091000 ---p 00000000 00:00 0 
7f7b97091000-7f7b9718f000 rw-p 00000000 00:00 0                          [stack:9841]
7f7b9718f000-7f7b97192000 ---p 00000000 00:00 0 
7f7b97192000-7f7b97290000 rw-p 00000000 00:00 0                          [stack:9840]
7f7b97290000-7f7b97293000 ---p 00000000 00:00 0 
7f7b97293000-7f7b97391000 rw-p 00000000 00:00 0                          [stack:9838]
7f7b97391000-7f7b97396000 r-xp 00000000 08:01 527015                     /usr/lib/x86_64-linux-gnu/libXfixes.so.3.1.0
7f7b97396000-7f7b97595000 ---p 00005000 08:01 527015                     /usr/lib/x86_64-linux-gnu/libXfixes.so.3.1.0
7f7b97595000-7f7b97596000 r--p 00004000 08:01 527015                     /usr/lib/x86_64-linux-gnu/libXfixes.so.3.1.0
7f7b97596000-7f7b97597000 rw-p 00005000 08:01 527015                     /usr/lib/x86_64-linux-gnu/libXfixes.so.3.1.0
7f7b97597000-7f7b975a0000 r-xp 00000000 08:01 532077                     /usr/lib/x86_64-linux-gnu/libXcursor.so.1.0.2
7f7b975a0000-7f7b9779f000 ---p 00009000 08:01 532077                     /usr/lib/x86_64-linux-gnu/libXcursor.so.1.0.2
7f7b9779f000-7f7b977a0000 r--p 00008000 08:01 532077                     /usr/lib/x86_64-linux-gnu/libXcursor.so.1.0.2
7f7b977a0000-7f7b977a1000 rw-p 00009000 08:01 532077                     /usr/lib/x86_64-linux-gnu/libXcursor.so.1.0.2
7f7b977a1000-7f7b977b8000 r-xp 00000000 08:01 5768826                    /usr/lib/jvm/java-7-openjdk-amd64/jre/lib/amd64/libnet.so
7f7b977b8000-7f7b979b7000 ---p 00017000 08:01 5768826                    /usr/lib/jvm/java-7-openjdk-amd64/jre/lib/amd64/libnet.so
7f7b979b7000-7f7b979b8000 r--p 00016000 08:01 5768826                    /usr/lib/jvm/java-7-openjdk-amd64/jre/lib/amd64/libnet.so
7f7b979b8000-7f7b979b9000 rw-p 00017000 08:01 5768826                    /usr/lib/jvm/java-7-openjdk-amd64/jre/lib/amd64/libnet.so
7f7b979b9000-7f7b979bd000 r-xp 00000000 08:01 15732704                   /lib/x86_64-linux-gnu/libgpg-error.so.0.10.0
7f7b979bd000-7f7b97bbc000 ---p 00004000 08:01 15732704                   /lib/x86_64-linux-gnu/libgpg-error.so.0.10.0
7f7b97bbc000-7f7b97bbd000 r--p 00003000 08:01 15732704                   /lib/x86_64-linux-gnu/libgpg-error.so.0.10.0
7f7b97bbd000-7f7b97bbe000 rw-p 00004000 08:01 15732704                   /lib/x86_64-linux-gnu/libgpg-error.so.0.10.0
7f7b97bbe000-7f7b97bc0000 r-xp 00000000 08:01 15732714                   /lib/x86_64-linux-gnu/libkeyutils.so.1.4
7f7b97bc0000-7f7b97dc0000 ---p 00002000 08:01 15732714                   /lib/x86_64-linux-gnu/libkeyutils.so.1.4
7f7b97dc0000-7f7b97dc1000 r--p 00002000 08:01 15732714                   /lib/x86_64-linux-gnu/libkeyutils.so.1.4
7f7b97dc1000-7f7b97dc2000 rw-p 00003000 08:01 15732714                   /lib/x86_64-linux-gnu/libkeyutils.so.1.4
7f7b97dc2000-7f7b97dff000 r-xp 00000000 08:01 15728745                   /lib/x86_64-linux-gnu/libpcre.so.3.13.1
7f7b97dff000-7f7b97ffe000 ---p 0003d000 08:01 15728745                   /lib/x86_64-linux-gnu/libpcre.so.3.13.1
7f7b97ffe000-7f7b97fff000 r--p 0003c000 08:01 15728745                   /lib/x86_64-linux-gnu/libpcre.so.3.13.1
7f7b97fff000-7f7b98000000 rw-p 0003d000 08:01 15728745                   /lib/x86_64-linux-gnu/libpcre.so.3.13.1
7f7b98000000-7f7b98056000 rw-p 00000000 00:00 0 
7f7b98056000-7f7b9c000000 ---p 00000000 00:00 0 
7f7b9c03d000-7f7b9c03e000 rw-s 127e1c000 00:05 1913                      /dev/dri/card0
7f7b9c042000-7f7b9c043000 rw-s 127a78000 00:05 1913                      /dev/dri/card0
7f7b9c043000-7f7b9c044000 rw-s 127a77000 00:05 1913                      /dev/dri/card0
7f7b9c044000-7f7b9c045000 rw-s 127a76000 00:05 1913                      /dev/dri/card0
7f7b9c045000-7f7b9c046000 rw-s 127a75000 00:05 1913                      /dev/dri/card0
7f7b9c046000-7f7b9c047000 rw-s 127a74000 00:05 1913                      /dev/dri/card0
7f7b9c047000-7f7b9c048000 rw-s 127a73000 00:05 1913                      /dev/dri/card0
7f7b9c048000-7f7b9c049000 rw-s 127a72000 00:05 1913                      /dev/dri/card0
7f7b9c049000-7f7b9c04a000 rw-s 127a71000 00:05 1913                      /dev/dri/card0
7f7b9c04d000-7f7b9c04e000 rw-p 00000000 00:00 0 
7f7b9c04e000-7f7b9c04f000 rw-s 118298000 00:05 1913                      /dev/dri/card0
7f7b9c04f000-7f7b9c05f000 rw-s 118287000 00:05 1913                      /dev/dri/card0
7f7b9c05f000-7f7b9c06f000 rw-s 118274000 00:05 1913                      /dev/dri/card0
7f7b9c06f000-7f7b9c07f000 rw-s 1282b0000 00:05 1913                      /dev/dri/card0
7f7b9c07f000-7f7b9c08f000 rw-s 128280000 00:05 1913                      /dev/dri/card0
7f7b9c08f000-7f7b9c09f000 rw-s 128270000 00:05 1913                      /dev/dri/card0
7f7b9c09f000-7f7b9c0a2000 ---p 00000000 00:00 0 
7f7b9c0a2000-7f7b9c0d8000 rw-p 00000000 00:00 0                          [stack:9849]
7f7b9c0d8000-7f7b9c0db000 ---p 00000000 00:00 0 
7f7b9c0db000-7f7b9c1d9000 rw-p 00000000 00:00 0                          [stack:9837]
7f7b9c1d9000-7f7b9c1fe000 r-xp 00000000 08:01 15732786                   /lib/x86_64-linux-gnu/libpng12.so.0.50.0
7f7b9c1fe000-7f7b9c3fd000 ---p 00025000 08:01 15732786                   /lib/x86_64-linux-gnu/libpng12.so.0.50.0
7f7b9c3fd000-7f7b9c3fe000 r--p 00024000 08:01 15732786                   /lib/x86_64-linux-gnu/libpng12.so.0.50.0
7f7b9c3fe000-7f7b9c3ff000 rw-p 00025000 08:01 15732786                   /lib/x86_64-linux-gnu/libpng12.so.0.50.0
7f7b9c3ff000-7f7b9c443000 r-xp 00000000 08:01 15732685                   /lib/x86_64-linux-gnu/libdbus-1.so.3.7.6
7f7b9c443000-7f7b9c642000 ---p 00044000 08:01 15732685                   /lib/x86_64-linux-gnu/libdbus-1.so.3.7.6
7f7b9c642000-7f7b9c643000 r--p 00043000 08:01 15732685                   /lib/x86_64-linux-gnu/libdbus-1.so.3.7.6
7f7b9c643000-7f7b9c644000 rw-p 00044000 08:01 15732685                   /lib/x86_64-linux-gnu/libdbus-1.so.3.7.6
7f7b9c644000-7f7b9c67f000 r-xp 00000000 08:01 532797                     /usr/lib/x86_64-linux-gnu/libp11-kit.so.0.0.0
7f7b9c67f000-7f7b9c87e000 ---p 0003b000 08:01 532797                     /usr/lib/x86_64-linux-gnu/libp11-kit.so.0.0.0
7f7b9c87e000-7f7b9c884000 r--p 0003a000 08:01 532797                     /usr/lib/x86_64-linux-gnu/libp11-kit.so.0.0.0
7f7b9c884000-7f7b9c886000 rw-p 00040000 08:01 532797                     /usr/lib/x86_64-linux-gnu/libp11-kit.so.0.0.0
7f7b9c886000-7f7b9c898000 r-xp 00000000 08:01 526101                     /usr/lib/x86_64-linux-gnu/libtasn1.so.6.2.0
7f7b9c898000-7f7b9ca98000 ---p 00012000 08:01 526101                     /usr/lib/x86_64-linux-gnu/libtasn1.so.6.2.0
7f7b9ca98000-7f7b9ca99000 r--p 00012000 08:01 526101                     /usr/lib/x86_64-linux-gnu/libtasn1.so.6.2.0
7f7b9ca99000-7f7b9ca9a000 rw-p 00013000 08:01 526101                     /usr/lib/x86_64-linux-gnu/libtasn1.so.6.2.0
7f7b9ca9a000-7f7b9cb16000 r-xp 00000000 08:01 15732984                   /lib/x86_64-linux-gnu/libgcrypt.so.11.8.2
7f7b9cb16000-7f7b9cd16000 ---p 0007c000 08:01 15732984                   /lib/x86_64-linux-gnu/libgcrypt.so.11.8.2
7f7b9cd16000-7f7b9cd17000 r--p 0007c000 08:01 15732984                   /lib/x86_64-linux-gnu/libgcrypt.so.11.8.2
7f7b9cd17000-7f7b9cd1a000 rw-p 0007d000 08:01 15732984                   /lib/x86_64-linux-gnu/libgcrypt.so.11.8.2
7f7b9cd1a000-7f7b9cd24000 r-xp 00000000 08:01 532680                     /usr/lib/x86_64-linux-gnu/libkrb5support.so.0.1
7f7b9cd24000-7f7b9cf23000 ---p 0000a000 08:01 532680                     /usr/lib/x86_64-linux-gnu/libkrb5support.so.0.1
7f7b9cf23000-7f7b9cf24000 r--p 00009000 08:01 532680                     /usr/lib/x86_64-linux-gnu/libkrb5support.so.0.1
7f7b9cf24000-7f7b9cf25000 rw-p 0000a000 08:01 532680                     /usr/lib/x86_64-linux-gnu/libkrb5support.so.0.1
7f7b9cf25000-7f7b9cf28000 r-xp 00000000 08:01 15732977                   /lib/x86_64-linux-gnu/libcom_err.so.2.1
7f7b9cf28000-7f7b9d127000 ---p 00003000 08:01 15732977                   /lib/x86_64-linux-gnu/libcom_err.so.2.1
7f7b9d127000-7f7b9d128000 r--p 00002000 08:01 15732977                   /lib/x86_64-linux-gnu/libcom_err.so.2.1
7f7b9d128000-7f7b9d129000 rw-p 00003000 08:01 15732977                   /lib/x86_64-linux-gnu/libcom_err.so.2.1
7f7b9d129000-7f7b9d155000 r-xp 00000000 08:01 532674                     /usr/lib/x86_64-linux-gnu/libk5crypto.so.3.1
7f7b9d155000-7f7b9d354000 ---p 0002c000 08:01 532674                     /usr/lib/x86_64-linux-gnu/libk5crypto.so.3.1
7f7b9d354000-7f7b9d356000 r--p 0002b000 08:01 532674                     /usr/lib/x86_64-linux-gnu/libk5crypto.so.3.1
7f7b9d356000-7f7b9d357000 rw-p 0002d000 08:01 532674                     /usr/lib/x86_64-linux-gnu/libk5crypto.so.3.1
7f7b9d357000-7f7b9d358000 rw-p 00000000 00:00 0 
7f7b9d358000-7f7b9d414000 r-xp 00000000 08:01 532678                     /usr/lib/x86_64-linux-gnu/libkrb5.so.3.3
7f7b9d414000-7f7b9d614000 ---p 000bc000 08:01 532678                     /usr/lib/x86_64-linux-gnu/libkrb5.so.3.3
7f7b9d614000-7f7b9d621000 r--p 000bc000 08:01 532678                     /usr/lib/x86_64-linux-gnu/libkrb5.so.3.3
7f7b9d621000-7f7b9d623000 rw-p 000c9000 08:01 532678                     /usr/lib/x86_64-linux-gnu/libkrb5.so.3.3
7f7b9d623000-7f7b9d628000 r-xp 00000000 08:01 532081                     /usr/lib/x86_64-linux-gnu/libXdmcp.so.6.0.0
7f7b9d628000-7f7b9d827000 ---p 00005000 08:01 532081                     /usr/lib/x86_64-linux-gnu/libXdmcp.so.6.0.0
7f7b9d827000-7f7b9d828000 r--p 00004000 08:01 532081                     /usr/lib/x86_64-linux-gnu/libXdmcp.so.6.0.0
7f7b9d828000-7f7b9d829000 rw-p 00005000 08:01 532081                     /usr/lib/x86_64-linux-gnu/libXdmcp.so.6.0.0
7f7b9d829000-7f7b9d82b000 r-xp 00000000 08:01 532070                     /usr/lib/x86_64-linux-gnu/libXau.so.6.0.0
7f7b9d82b000-7f7b9da2b000 ---p 00002000 08:01 532070                     /usr/lib/x86_64-linux-gnu/libXau.so.6.0.0
7f7b9da2b000-7f7b9da2c000 r--p 00002000 08:01 532070                     /usr/lib/x86_64-linux-gnu/libXau.so.6.0.0
7f7b9da2c000-7f7b9da2d000 rw-p 00003000 08:01 532070                     /usr/lib/x86_64-linux-gnu/libXau.so.6.0.0
7f7b9da2d000-7f7b9da34000 r-xp 00000000 08:01 532352                     /usr/lib/x86_64-linux-gnu/libffi.so.6.0.1
7f7b9da34000-7f7b9dc33000 ---p 00007000 08:01 532352                     /usr/lib/x86_64-linux-gnu/libffi.so.6.0.1
7f7b9dc33000-7f7b9dc34000 r--p 00006000 08:01 532352                     /usr/lib/x86_64-linux-gnu/libffi.so.6.0.1
7f7b9dc34000-7f7b9dc35000 rw-p 00007000 08:01 532352                     /usr/lib/x86_64-linux-gnu/libffi.so.6.0.1
7f7b9dc35000-7f7b9dc4c000 r-xp 00000000 08:01 15728645                   /lib/x86_64-linux-gnu/libresolv-2.19.so
7f7b9dc4c000-7f7b9de4c000 ---p 00017000 08:01 15728645                   /lib/x86_64-linux-gnu/libresolv-2.19.so
7f7b9de4c000-7f7b9de4d000 r--p 00017000 08:01 15728645                   /lib/x86_64-linux-gnu/libresolv-2.19.so
7f7b9de4d000-7f7b9de4e000 rw-p 00018000 08:01 15728645                   /lib/x86_64-linux-gnu/libresolv-2.19.so
7f7b9de4e000-7f7b9de50000 rw-p 00000000 00:00 0 
7f7b9de50000-7f7b9de70000 r-xp 00000000 08:01 15732801                   /lib/x86_64-linux-gnu/libselinux.so.1
7f7b9de70000-7f7b9e06f000 ---p 00020000 08:01 15732801                   /lib/x86_64-linux-gnu/libselinux.so.1
7f7b9e06f000-7f7b9e070000 r--p 0001f000 08:01 15732801                   /lib/x86_64-linux-gnu/libselinux.so.1
7f7b9e070000-7f7b9e071000 rw-p 00020000 08:01 15732801                   /lib/x86_64-linux-gnu/libselinux.so.1
7f7b9e071000-7f7b9e073000 rw-p 00000000 00:00 0 
7f7b9e073000-7f7b9e179000 r-xp 00000000 08:01 15732702                   /lib/x86_64-linux-gnu/libglib-2.0.so.0.4002.0
7f7b9e179000-7f7b9e378000 ---p 00106000 08:01 15732702                   /lib/x86_64-linux-gnu/libglib-2.0.so.0.4002.0
7f7b9e378000-7f7b9e379000 r--p 00105000 08:01 15732702                   /lib/x86_64-linux-gnu/libglib-2.0.so.0.4002.0
7f7b9e379000-7f7b9e37a000 rw-p 00106000 08:01 15732702                   /lib/x86_64-linux-gnu/libglib-2.0.so.0.4002.0
7f7b9e37a000-7f7b9e37b000 rw-p 00000000 00:00 0 
7f7b9e37b000-7f7b9e37e000 r-xp 00000000 08:01 532465                     /usr/lib/x86_64-linux-gnu/libgmodule-2.0.so.0.4002.0
7f7b9e37e000-7f7b9e57d000 ---p 00003000 08:01 532465                     /usr/lib/x86_64-linux-gnu/libgmodule-2.0.so.0.4002.0
7f7b9e57d000-7f7b9e57e000 r--p 00002000 08:01 532465                     /usr/lib/x86_64-linux-gnu/libgmodule-2.0.so.0.4002.0
7f7b9e57e000-7f7b9e57f000 rw-p 00003000 08:01 532465                     /usr/lib/x86_64-linux-gnu/libgmodule-2.0.so.0.4002.0
7f7b9e57f000-7f7b9e5a6000 r-xp 00000000 08:01 15732693                   /lib/x86_64-linux-gnu/libexpat.so.1.6.0
7f7b9e5a6000-7f7b9e7a6000 ---p 00027000 08:01 15732693                   /lib/x86_64-linux-gnu/libexpat.so.1.6.0
7f7b9e7a6000-7f7b9e7a8000 r--p 00027000 08:01 15732693                   /lib/x86_64-linux-gnu/libexpat.so.1.6.0
7f7b9e7a8000-7f7b9e7a9000 rw-p 00029000 08:01 15732693                   /lib/x86_64-linux-gnu/libexpat.so.1.6.0
7f7b9e7a9000-7f7b9e846000 r-xp 00000000 08:01 527024                     /usr/lib/x86_64-linux-gnu/libfreetype.so.6.11.1
7f7b9e846000-7f7b9ea45000 ---p 0009d000 08:01 527024                     /usr/lib/x86_64-linux-gnu/libfreetype.so.6.11.1
7f7b9ea45000-7f7b9ea4b000 r--p 0009c000 08:01 527024                     /usr/lib/x86_64-linux-gnu/libfreetype.so.6.11.1
7f7b9ea4b000-7f7b9ea4c000 rw-p 000a2000 08:01 527024                     /usr/lib/x86_64-linux-gnu/libfreetype.so.6.11.1
7f7b9ea4c000-7f7b9ea5b000 r-xp 00000000 08:01 532174                     /usr/lib/x86_64-linux-gnu/libavahi-client.so.3.2.9
7f7b9ea5b000-7f7b9ec5b000 ---p 0000f000 08:01 532174                     /usr/lib/x86_64-linux-gnu/libavahi-client.so.3.2.9
7f7b9ec5b000-7f7b9ec5c000 r--p 0000f000 08:01 532174                     /usr/lib/x86_64-linux-gnu/libavahi-client.so.3.2.9
7f7b9ec5c000-7f7b9ec5d000 rw-p 00010000 08:01 532174                     /usr/lib/x86_64-linux-gnu/libavahi-client.so.3.2.9
7f7b9ec5d000-7f7b9ec68000 r-xp 00000000 08:01 532176                     /usr/lib/x86_64-linux-gnu/libavahi-common.so.3.5.3
7f7b9ec68000-7f7b9ee67000 ---p 0000b000 08:01 532176                     /usr/lib/x86_64-linux-gnu/libavahi-common.so.3.5.3
7f7b9ee67000-7f7b9ee68000 r--p 0000a000 08:01 532176                     /usr/lib/x86_64-linux-gnu/libavahi-common.so.3.5.3
7f7b9ee68000-7f7b9ee69000 rw-p 0000b000 08:01 532176                     /usr/lib/x86_64-linux-gnu/libavahi-common.so.3.5.3
7f7b9ee69000-7f7b9ef1f000 r-xp 00000000 08:01 526935                     /usr/lib/x86_64-linux-gnu/libgnutls.so.26.22.6
7f7b9ef1f000-7f7b9f11f000 ---p 000b6000 08:01 526935                     /usr/lib/x86_64-linux-gnu/libgnutls.so.26.22.6
7f7b9f11f000-7f7b9f125000 r--p 000b6000 08:01 526935                     /usr/lib/x86_64-linux-gnu/libgnutls.so.26.22.6
7f7b9f125000-7f7b9f126000 rw-p 000bc000 08:01 526935                     /usr/lib/x86_64-linux-gnu/libgnutls.so.26.22.6
7f7b9f126000-7f7b9f127000 rw-p 00000000 00:00 0 
7f7b9f127000-7f7b9f16a000 r-xp 00000000 08:01 532508                     /usr/lib/x86_64-linux-gnu/libgssapi_krb5.so.2.2
7f7b9f16a000-7f7b9f36a000 ---p 00043000 08:01 532508                     /usr/lib/x86_64-linux-gnu/libgssapi_krb5.so.2.2
7f7b9f36a000-7f7b9f36b000 r--p 00043000 08:01 532508                     /usr/lib/x86_64-linux-gnu/libgssapi_krb5.so.2.2
7f7b9f36b000-7f7b9f36d000 rw-p 00044000 08:01 532508                     /usr/lib/x86_64-linux-gnu/libgssapi_krb5.so.2.2
7f7b9f36d000-7f7b9f38a000 r-xp 00000000 08:01 533138                     /usr/lib/x86_64-linux-gnu/libxcb.so.1.1.0
7f7b9f38a000-7f7b9f58a000 ---p 0001d000 08:01 533138                     /usr/lib/x86_64-linux-gnu/libxcb.so.1.1.0
7f7b9f58a000-7f7b9f58b000 r--p 0001d000 08:01 533138                     /usr/lib/x86_64-linux-gnu/libxcb.so.1.1.0
7f7b9f58b000-7f7b9f58c000 rw-p 0001e000 08:01 533138                     /usr/lib/x86_64-linux-gnu/libxcb.so.1.1.0
7f7b9f58c000-7f7b9f5db000 r-xp 00000000 08:01 532481                     /usr/lib/x86_64-linux-gnu/libgobject-2.0.so.0.4002.0
7f7b9f5db000-7f7b9f7db000 ---p 0004f000 08:01 532481                     /usr/lib/x86_64-linux-gnu/libgobject-2.0.so.0.4002.0
7f7b9f7db000-7f7b9f7dc000 r--p 0004f000 08:01 532481                     /usr/lib/x86_64-linux-gnu/libgobject-2.0.so.0.4002.0
7f7b9f7dc000-7f7b9f7dd000 rw-p 00050000 08:01 532481                     /usr/lib/x86_64-linux-gnu/libgobject-2.0.so.0.4002.0
7f7b9f7dd000-7f7b9f949000 r-xp 00000000 08:01 532453                     /usr/lib/x86_64-linux-gnu/libgio-2.0.so.0.4002.0
7f7b9f949000-7f7b9fb48000 ---p 0016c000 08:01 532453                     /usr/lib/x86_64-linux-gnu/libgio-2.0.so.0.4002.0
7f7b9fb48000-7f7b9fb4c000 r--p 0016b000 08:01 532453                     /usr/lib/x86_64-linux-gnu/libgio-2.0.so.0.4002.0
7f7b9fb4c000-7f7b9fb4e000 rw-p 0016f000 08:01 532453                     /usr/lib/x86_64-linux-gnu/libgio-2.0.so.0.4002.0
7f7b9fb4e000-7f7b9fb50000 rw-p 00000000 00:00 0 
7f7b9fb50000-7f7b9fb8a000 r-xp 00000000 08:01 532366                     /usr/lib/x86_64-linux-gnu/libfontconfig.so.1.8.0
7f7b9fb8a000-7f7b9fd89000 ---p 0003a000 08:01 532366                     /usr/lib/x86_64-linux-gnu/libfontconfig.so.1.8.0
7f7b9fd89000-7f7b9fd8b000 r--p 00039000 08:01 532366                     /usr/lib/x86_64-linux-gnu/libfontconfig.so.1.8.0
7f7b9fd8b000-7f7b9fd8c000 rw-p 0003b000 08:01 532366                     /usr/lib/x86_64-linux-gnu/libfontconfig.so.1.8.0
7f7b9fd8c000-7f7b9fdf8000 r-xp 00000000 08:01 524410                     /usr/lib/x86_64-linux-gnu/libcups.so.2
7f7b9fdf8000-7f7b9fff8000 ---p 0006c000 08:01 524410                     /usr/lib/x86_64-linux-gnu/libcups.so.2
7f7b9fff8000-7f7b9ffff000 r--p 0006c000 08:01 524410                     /usr/lib/x86_64-linux-gnu/libcups.so.2
7f7b9ffff000-7f7ba0000000 rw-p 00073000 08:01 524410                     /usr/lib/x86_64-linux-gnu/libcups.so.2
7f7ba0000000-7f7ba060d000 rw-p 00000000 00:00 0 
7f7ba060d000-7f7ba4000000 ---p 00000000 00:00 0 
7f7ba4000000-7f7ba404d000 rw-p 00000000 00:00 0 
7f7ba404d000-7f7ba8000000 ---p 00000000 00:00 0 
7f7ba8000000-7f7ba8021000 rw-p 00000000 00:00 0 
7f7ba8021000-7f7bac000000 ---p 00000000 00:00 0 
7f7bac000000-7f7bacac6000 rw-p 00000000 00:00 0 
7f7bacac6000-7f7bb0000000 ---p 00000000 00:00 0 
7f7bb0000000-7f7bb0021000 rw-p 00000000 00:00 0 
7f7bb0021000-7f7bb4000000 ---p 00000000 00:00 0 
7f7bb4000000-7f7bb4021000 rw-p 00000000 00:00 0 
7f7bb4021000-7f7bb8000000 ---p 00000000 00:00 0 
7f7bb8000000-7f7bb8021000 rw-p 00000000 00:00 0 
7f7bb8021000-7f7bbc000000 ---p 00000000 00:00 0 
7f7bbc000000-7f7bbc021000 rw-p 00000000 00:00 0 
7f7bbc021000-7f7bc0000000 ---p 00000000 00:00 0 
7f7bc0000000-7f7bc0021000 rw-p 00000000 00:00 0 
7f7bc0021000-7f7bc4000000 ---p 00000000 00:00 0 
7f7bc4000000-7f7bc4001000 rw-s 118297000 00:05 1913                      /dev/dri/card0
7f7bc4001000-7f7bc4002000 rw-s 118286000 00:05 1913                      /dev/dri/card0
7f7bc4002000-7f7bc4003000 rw-s 118285000 00:05 1913                      /dev/dri/card0
7f7bc4003000-7f7bc4004000 rw-s 118284000 00:05 1913                      /dev/dri/card0
7f7bc4004000-7f7bc4005000 rwxp 00000000 00:00 0 
7f7bc4005000-7f7bc4015000 rw-s 128215000 00:05 1913                      /dev/dri/card0
7f7bc4015000-7f7bc4025000 rw-s 128205000 00:05 1913                      /dev/dri/card0
7f7bc4025000-7f7bc4027000 r--s 00000000 08:01 1994512                    /home/hannan/workspace/UCSDUnfoldingMaps/lib/gluegen-rt-natives-linux-amd64.jar
7f7bc4027000-7f7bc4031000 r--s 000ae000 08:01 2105406                    /usr/lib/jvm/java-7-openjdk-amd64/jre/lib/resources.jar
7f7bc4031000-7f7bc4062000 rw-p 00000000 00:00 0 
7f7bc4062000-7f7bc4085000 r--s 002ec000 08:01 1994511                    /home/hannan/workspace/UCSDUnfoldingMaps/lib/jogl-all.jar
7f7bc4085000-7f7bc4094000 r-xp 00000000 08:01 527017                     /usr/lib/x86_64-linux-gnu/libXi.so.6.1.0
7f7bc4094000-7f7bc4293000 ---p 0000f000 08:01 527017                     /usr/lib/x86_64-linux-gnu/libXi.so.6.1.0
7f7bc4293000-7f7bc4294000 r--p 0000e000 08:01 527017                     /usr/lib/x86_64-linux-gnu/libXi.so.6.1.0
7f7bc4294000-7f7bc4295000 rw-p 0000f000 08:01 527017                     /usr/lib/x86_64-linux-gnu/libXi.so.6.1.0
7f7bc4295000-7f7bc429a000 r-xp 00000000 08:01 532111                     /usr/lib/x86_64-linux-gnu/libXtst.so.6.1.0
7f7bc429a000-7f7bc4499000 ---p 00005000 08:01 532111                     /usr/lib/x86_64-linux-gnu/libXtst.so.6.1.0
7f7bc4499000-7f7bc449a000 r--p 00004000 08:01 532111                     /usr/lib/x86_64-linux-gnu/libXtst.so.6.1.0
7f7bc449a000-7f7bc449b000 rw-p 00005000 08:01 532111                     /usr/lib/x86_64-linux-gnu/libXtst.so.6.1.0
7f7bc449b000-7f7bc44a4000 r-xp 00000000 08:01 527019                     /usr/lib/x86_64-linux-gnu/libXrender.so.1.3.0
7f7bc44a4000-7f7bc46a3000 ---p 00009000 08:01 527019                     /usr/lib/x86_64-linux-gnu/libXrender.so.1.3.0
7f7bc46a3000-7f7bc46a4000 r--p 00008000 08:01 527019                     /usr/lib/x86_64-linux-gnu/libXrender.so.1.3.0
7f7bc46a4000-7f7bc46a5000 rw-p 00009000 08:01 527019                     /usr/lib/x86_64-linux-gnu/libXrender.so.1.3.0
7f7bc46a5000-7f7bc47d5000 r-xp 00000000 08:01 532066                     /usr/lib/x86_64-linux-gnu/libX11.so.6.3.0
7f7bc47d5000-7f7bc49d5000 ---p 00130000 08:01 532066                     /usr/lib/x86_64-linux-gnu/libX11.so.6.3.0
7f7bc49d5000-7f7bc49d6000 r--p 00130000 08:01 532066                     /usr/lib/x86_64-linux-gnu/libX11.so.6.3.0
7f7bc49d6000-7f7bc49da000 rw-p 00131000 08:01 532066                     /usr/lib/x86_64-linux-gnu/libX11.so.6.3.0
7f7bc49da000-7f7bc49eb000 r-xp 00000000 08:01 526957                     /usr/lib/x86_64-linux-gnu/libXext.so.6.4.0
7f7bc49eb000-7f7bc4bea000 ---p 00011000 08:01 526957                     /usr/lib/x86_64-linux-gnu/libXext.so.6.4.0
7f7bc4bea000-7f7bc4beb000 r--p 00010000 08:01 526957                     /usr/lib/x86_64-linux-gnu/libXext.so.6.4.0
7f7bc4beb000-7f7bc4bec000 rw-p 00011000 08:01 526957                     /usr/lib/x86_64-linux-gnu/libXext.so.6.4.0
7f7bc4bec000-7f7bc4bed000 r--s 0002f000 08:01 1994494                    /home/hannan/workspace/UCSDUnfoldingMaps/lib/jogl-all-natives-linux-amd64.jar
7f7bc4bed000-7f7bc4bee000 r--p 00000000 00:00 0 
7f7bc4bee000-7f7bc4bf3000 r--s 0004d000 08:01 2105410                    /usr/lib/jvm/java-7-openjdk-amd64/jre/lib/jsse.jar
7f7bc4bf3000-7f7bc4bf9000 r--s 00033000 08:01 1994495                    /home/hannan/workspace/UCSDUnfoldingMaps/lib/unfolding.0.9.7-uscd.jar
7f7bc4bf9000-7f7bc4bfa000 r--s 00005000 08:01 1994509                    /home/hannan/workspace/UCSDUnfoldingMaps/lib/libTUIO.jar
7f7bc4bfa000-7f7bc4bfb000 r--s 00007000 08:01 1994503                    /home/hannan/workspace/UCSDUnfoldingMaps/lib/json4processing.jar
7f7bc4bfb000-7f7bc4c00000 r--s 00309000 08:01 1994499                    /home/hannan/workspace/UCSDUnfoldingMaps/lib/sqlite-jdbc-3.7.2.jar
7f7bc4c00000-7f7bc4c07000 r--s 00059000 08:01 1994497                    /home/hannan/workspace/UCSDUnfoldingMaps/lib/log4j-1.2.15.jar
7f7bc4c07000-7f7bc4c0d000 r--s 00041000 08:01 1994506                    /home/hannan/workspace/UCSDUnfoldingMaps/lib/gluegen-rt.jar
7f7bc4c0d000-7f7bc4c55000 r-xp 00000000 08:01 5768962                    /usr/lib/jvm/java-7-openjdk-amd64/jre/lib/amd64/xawt/libmawt.so
7f7bc4c55000-7f7bc4e54000 ---p 00048000 08:01 5768962                    /usr/lib/jvm/java-7-openjdk-amd64/jre/lib/amd64/xawt/libmawt.so
7f7bc4e54000-7f7bc4e55000 r--p 00047000 08:01 5768962                    /usr/lib/jvm/java-7-openjdk-amd64/jre/lib/amd64/xawt/libmawt.so
7f7bc4e55000-7f7bc4e58000 rw-p 00048000 08:01 5768962                    /usr/lib/jvm/java-7-openjdk-amd64/jre/lib/amd64/xawt/libmawt.so
7f7bc4e58000-7f7bc4e59000 rw-p 00000000 00:00 0 
7f7bc4e59000-7f7bc4ef9000 r-xp 00000000 08:01 5768744                    /usr/lib/jvm/java-7-openjdk-amd64/jre/lib/amd64/libawt.so
7f7bc4ef9000-7f7bc50f9000 ---p 000a0000 08:01 5768744                    /usr/lib/jvm/java-7-openjdk-amd64/jre/lib/amd64/libawt.so
7f7bc50f9000-7f7bc50fa000 r--p 000a0000 08:01 5768744                    /usr/lib/jvm/java-7-openjdk-amd64/jre/lib/amd64/libawt.so
7f7bc50fa000-7f7bc5105000 rw-p 000a1000 08:01 5768744                    /usr/lib/jvm/java-7-openjdk-amd64/jre/lib/amd64/libawt.so
7f7bc5105000-7f7bc512a000 rw-p 00000000 00:00 0 
7f7bc512a000-7f7bc512b000 ---p 00000000 00:00 0 
7f7bc512b000-7f7bc522b000 rw-p 00000000 00:00 0                          [stack:9836]
7f7bc522b000-7f7bc522e000 ---p 00000000 00:00 0 
7f7bc522e000-7f7bc532c000 rw-p 00000000 00:00 0                          [stack:9835]
7f7bc532c000-7f7bc532f000 ---p 00000000 00:00 0 
7f7bc532f000-7f7bc542d000 rw-p 00000000 00:00 0                          [stack:9834]
7f7bc542d000-7f7bc5430000 ---p 00000000 00:00 0 
7f7bc5430000-7f7bc552e000 rw-p 00000000 00:00 0                          [stack:9833]
7f7bc552e000-7f7bc5531000 ---p 00000000 00:00 0 
7f7bc5531000-7f7bc562f000 rw-p 00000000 00:00 0                          [stack:9832]
7f7bc562f000-7f7bc5d11000 r--p 00000000 08:01 531074                     /usr/lib/locale/locale-archive
7f7bc5d11000-7f7bc5d14000 ---p 00000000 00:00 0 
7f7bc5d14000-7f7bc5e12000 rw-p 00000000 00:00 0                          [stack:9831]
7f7bc5e12000-7f7bc5e15000 ---p 00000000 00:00 0 
7f7bc5e15000-7f7bc5f13000 rw-p 00000000 00:00 0                          [stack:9830]
7f7bc5f13000-7f7bc5f14000 ---p 00000000 00:00 0 
7f7bc5f14000-7f7bc6980000 rw-p 00000000 00:00 0                          [stack:9829]
7f7bc6980000-7f7bc6b31000 r--s 01d27000 08:01 2105407                    /usr/lib/jvm/java-7-openjdk-amd64/jre/lib/rt.jar
7f7bc6b31000-7f7bc9000000 rw-p 00000000 00:00 0 
7f7bc9000000-7f7bc9270000 rwxp 00000000 00:00 0 
7f7bc9270000-7f7bcc2ca000 rw-p 00000000 00:00 0 
7f7bcc2ca000-7f7bd0000000 ---p 00000000 00:00 0 
7f7bd0000000-7f7bd0071000 rw-p 00000000 00:00 0 
7f7bd0071000-7f7bd0072000 ---p 00000000 00:00 0 
7f7bd0072000-7f7bd0172000 rw-p 00000000 00:00 0                          [stack:9828]
7f7bd0172000-7f7bd0173000 ---p 00000000 00:00 0 
7f7bd0173000-7f7bd027e000 rw-p 00000000 00:00 0                          [stack:9827]
7f7bd027e000-7f7bd02c6000 rw-p 00000000 00:00 0 
7f7bd02c6000-7f7bd02d9000 rw-p 00000000 00:00 0 
7f7bd02d9000-7f7bd03f8000 rw-p 00000000 00:00 0 
7f7bd03f8000-7f7bd0403000 rw-p 00000000 00:00 0 
7f7bd0403000-7f7bd044b000 rw-p 00000000 00:00 0 
7f7bd044b000-7f7bd045e000 rw-p 00000000 00:00 0 
7f7bd045e000-7f7bd057d000 rw-p 00000000 00:00 0 
7f7bd057d000-7f7bd05a5000 rw-p 00000000 00:00 0 
7f7bd05a5000-7f7bd0616000 rw-p 00000000 00:00 0 
7f7bd0616000-7f7bd0617000 rw-p 00000000 00:00 0 
7f7bd0617000-7f7bd061f000 r-xp 00000000 08:01 5768789                    /usr/lib/jvm/java-7-openjdk-amd64/jre/lib/amd64/libzip.so
7f7bd061f000-7f7bd081e000 ---p 00008000 08:01 5768789                    /usr/lib/jvm/java-7-openjdk-amd64/jre/lib/amd64/libzip.so
7f7bd081e000-7f7bd081f000 r--p 00007000 08:01 5768789                    /usr/lib/jvm/java-7-openjdk-amd64/jre/lib/amd64/libzip.so
7f7bd081f000-7f7bd0820000 rw-p 00008000 08:01 5768789                    /usr/lib/jvm/java-7-openjdk-amd64/jre/lib/amd64/libzip.so
7f7bd0820000-7f7bd082b000 r-xp 00000000 08:01 15728659                   /lib/x86_64-linux-gnu/libnss_files-2.19.so
7f7bd082b000-7f7bd0a2a000 ---p 0000b000 08:01 15728659                   /lib/x86_64-linux-gnu/libnss_files-2.19.so
7f7bd0a2a000-7f7bd0a2b000 r--p 0000a000 08:01 15728659                   /lib/x86_64-linux-gnu/libnss_files-2.19.so
7f7bd0a2b000-7f7bd0a2c000 rw-p 0000b000 08:01 15728659                   /lib/x86_64-linux-gnu/libnss_files-2.19.so
7f7bd0a2c000-7f7bd0a37000 r-xp 00000000 08:01 15732590                   /lib/x86_64-linux-gnu/libnss_nis-2.19.so
7f7bd0a37000-7f7bd0c36000 ---p 0000b000 08:01 15732590                   /lib/x86_64-linux-gnu/libnss_nis-2.19.so
7f7bd0c36000-7f7bd0c37000 r--p 0000a000 08:01 15732590                   /lib/x86_64-linux-gnu/libnss_nis-2.19.so
7f7bd0c37000-7f7bd0c38000 rw-p 0000b000 08:01 15732590                   /lib/x86_64-linux-gnu/libnss_nis-2.19.so
7f7bd0c38000-7f7bd0c4f000 r-xp 00000000 08:01 15728734                   /lib/x86_64-linux-gnu/libnsl-2.19.so
7f7bd0c4f000-7f7bd0e4e000 ---p 00017000 08:01 15728734                   /lib/x86_64-linux-gnu/libnsl-2.19.so
7f7bd0e4e000-7f7bd0e4f000 r--p 00016000 08:01 15728734                   /lib/x86_64-linux-gnu/libnsl-2.19.so
7f7bd0e4f000-7f7bd0e50000 rw-p 00017000 08:01 15728734                   /lib/x86_64-linux-gnu/libnsl-2.19.so
7f7bd0e50000-7f7bd0e52000 rw-p 00000000 00:00 0 
7f7bd0e52000-7f7bd0e5b000 r-xp 00000000 08:01 15728733                   /lib/x86_64-linux-gnu/libnss_compat-2.19.so
7f7bd0e5b000-7f7bd105a000 ---p 00009000 08:01 15728733                   /lib/x86_64-linux-gnu/libnss_compat-2.19.so
7f7bd105a000-7f7bd105b000 r--p 00008000 08:01 15728733                   /lib/x86_64-linux-gnu/libnss_compat-2.19.so
7f7bd105b000-7f7bd105c000 rw-p 00009000 08:01 15728733                   /lib/x86_64-linux-gnu/libnss_compat-2.19.so
7f7bd105c000-7f7bd1087000 r-xp 00000000 08:01 5768825                    /usr/lib/jvm/java-7-openjdk-amd64/jre/lib/amd64/libjava.so
7f7bd1087000-7f7bd1287000 ---p 0002b000 08:01 5768825                    /usr/lib/jvm/java-7-openjdk-amd64/jre/lib/amd64/libjava.so
7f7bd1287000-7f7bd1288000 r--p 0002b000 08:01 5768825                    /usr/lib/jvm/java-7-openjdk-amd64/jre/lib/amd64/libjava.so
7f7bd1288000-7f7bd128a000 rw-p 0002c000 08:01 5768825                    /usr/lib/jvm/java-7-openjdk-amd64/jre/lib/amd64/libjava.so
7f7bd128a000-7f7bd129a000 r-xp 00000000 08:01 5768821                    /usr/lib/jvm/java-7-openjdk-amd64/jre/lib/amd64/libverify.so
7f7bd129a000-7f7bd1499000 ---p 00010000 08:01 5768821                    /usr/lib/jvm/java-7-openjdk-amd64/jre/lib/amd64/libverify.so
7f7bd1499000-7f7bd149b000 r--p 0000f000 08:01 5768821                    /usr/lib/jvm/java-7-openjdk-amd64/jre/lib/amd64/libverify.so
7f7bd149b000-7f7bd149c000 rw-p 00011000 08:01 5768821                    /usr/lib/jvm/java-7-openjdk-amd64/jre/lib/amd64/libverify.so
7f7bd149c000-7f7bd14a3000 r-xp 00000000 08:01 15728742                   /lib/x86_64-linux-gnu/librt-2.19.so
7f7bd14a3000-7f7bd16a2000 ---p 00007000 08:01 15728742                   /lib/x86_64-linux-gnu/librt-2.19.so
7f7bd16a2000-7f7bd16a3000 r--p 00006000 08:01 15728742                   /lib/x86_64-linux-gnu/librt-2.19.so
7f7bd16a3000-7f7bd16a4000 rw-p 00007000 08:01 15728742                   /lib/x86_64-linux-gnu/librt-2.19.so
7f7bd16a4000-7f7bd16ba000 r-xp 00000000 08:01 15732698                   /lib/x86_64-linux-gnu/libgcc_s.so.1
7f7bd16ba000-7f7bd18b9000 ---p 00016000 08:01 15732698                   /lib/x86_64-linux-gnu/libgcc_s.so.1
7f7bd18b9000-7f7bd18ba000 rw-p 00015000 08:01 15732698                   /lib/x86_64-linux-gnu/libgcc_s.so.1
7f7bd18ba000-7f7bd19bf000 r-xp 00000000 08:01 15728655                   /lib/x86_64-linux-gnu/libm-2.19.so
7f7bd19bf000-7f7bd1bbe000 ---p 00105000 08:01 15728655                   /lib/x86_64-linux-gnu/libm-2.19.so
7f7bd1bbe000-7f7bd1bbf000 r--p 00104000 08:01 15728655                   /lib/x86_64-linux-gnu/libm-2.19.so
7f7bd1bbf000-7f7bd1bc0000 rw-p 00105000 08:01 15728655                   /lib/x86_64-linux-gnu/libm-2.19.so
7f7bd1bc0000-7f7bd1ca6000 r-xp 00000000 08:01 528136                     /usr/lib/x86_64-linux-gnu/libstdc++.so.6.0.19
7f7bd1ca6000-7f7bd1ea5000 ---p 000e6000 08:01 528136                     /usr/lib/x86_64-linux-gnu/libstdc++.so.6.0.19
7f7bd1ea5000-7f7bd1ead000 r--p 000e5000 08:01 528136                     /usr/lib/x86_64-linux-gnu/libstdc++.so.6.0.19
7f7bd1ead000-7f7bd1eaf000 rw-p 000ed000 08:01 528136                     /usr/lib/x86_64-linux-gnu/libstdc++.so.6.0.19
7f7bd1eaf000-7f7bd1ec4000 rw-p 00000000 00:00 0 
7f7bd1ec4000-7f7bd29dc000 r-xp 00000000 08:01 5768832                    /usr/lib/jvm/java-7-openjdk-amd64/jre/lib/amd64/server/libjvm.so
7f7bd29dc000-7f7bd2bdc000 ---p 00b18000 08:01 5768832                    /usr/lib/jvm/java-7-openjdk-amd64/jre/lib/amd64/server/libjvm.so
7f7bd2bdc000-7f7bd2c76000 r--p 00b18000 08:01 5768832                    /usr/lib/jvm/java-7-openjdk-amd64/jre/lib/amd64/server/libjvm.so
7f7bd2c76000-7f7bd2c99000 rw-p 00bb2000 08:01 5768832                    /usr/lib/jvm/java-7-openjdk-amd64/jre/lib/amd64/server/libjvm.so
7f7bd2c99000-7f7bd2cc7000 rw-p 00000000 00:00 0 
7f7bd2cc7000-7f7bd2cdf000 r-xp 00000000 08:01 15732834                   /lib/x86_64-linux-gnu/libz.so.1.2.8
7f7bd2cdf000-7f7bd2ede000 ---p 00018000 08:01 15732834                   /lib/x86_64-linux-gnu/libz.so.1.2.8
7f7bd2ede000-7f7bd2edf000 r--p 00017000 08:01 15732834                   /lib/x86_64-linux-gnu/libz.so.1.2.8
7f7bd2edf000-7f7bd2ee0000 rw-p 00018000 08:01 15732834                   /lib/x86_64-linux-gnu/libz.so.1.2.8
7f7bd2ee0000-7f7bd2ef9000 r-xp 00000000 08:01 15728740                   /lib/x86_64-linux-gnu/libpthread-2.19.so
7f7bd2ef9000-7f7bd30f8000 ---p 00019000 08:01 15728740                   /lib/x86_64-linux-gnu/libpthread-2.19.so
7f7bd30f8000-7f7bd30f9000 r--p 00018000 08:01 15728740                   /lib/x86_64-linux-gnu/libpthread-2.19.so
7f7bd30f9000-7f7bd30fa000 rw-p 00019000 08:01 15728740                   /lib/x86_64-linux-gnu/libpthread-2.19.so
7f7bd30fa000-7f7bd30fe000 rw-p 00000000 00:00 0 
7f7bd30fe000-7f7bd3101000 r-xp 00000000 08:01 15728670                   /lib/x86_64-linux-gnu/libdl-2.19.so
7f7bd3101000-7f7bd3300000 ---p 00003000 08:01 15728670                   /lib/x86_64-linux-gnu/libdl-2.19.so
7f7bd3300000-7f7bd3301000 r--p 00002000 08:01 15728670                   /lib/x86_64-linux-gnu/libdl-2.19.so
7f7bd3301000-7f7bd3302000 rw-p 00003000 08:01 15728670                   /lib/x86_64-linux-gnu/libdl-2.19.so
7f7bd3302000-7f7bd34bd000 r-xp 00000000 08:01 15728739                   /lib/x86_64-linux-gnu/libc-2.19.so
7f7bd34bd000-7f7bd36bc000 ---p 001bb000 08:01 15728739                   /lib/x86_64-linux-gnu/libc-2.19.so
7f7bd36bc000-7f7bd36c0000 r--p 001ba000 08:01 15728739                   /lib/x86_64-linux-gnu/libc-2.19.so
7f7bd36c0000-7f7bd36c2000 rw-p 001be000 08:01 15728739                   /lib/x86_64-linux-gnu/libc-2.19.so
7f7bd36c2000-7f7bd36c7000 rw-p 00000000 00:00 0 
7f7bd36c7000-7f7bd36d4000 r-xp 00000000 08:01 5768752                    /usr/lib/jvm/java-7-openjdk-amd64/jre/lib/amd64/jli/libjli.so
7f7bd36d4000-7f7bd38d3000 ---p 0000d000 08:01 5768752                    /usr/lib/jvm/java-7-openjdk-amd64/jre/lib/amd64/jli/libjli.so
7f7bd38d3000-7f7bd38d4000 r--p 0000c000 08:01 5768752                    /usr/lib/jvm/java-7-openjdk-amd64/jre/lib/amd64/jli/libjli.so
7f7bd38d4000-7f7bd38d5000 rw-p 0000d000 08:01 5768752                    /usr/lib/jvm/java-7-openjdk-amd64/jre/lib/amd64/jli/libjli.so
7f7bd38d5000-7f7bd38f8000 r-xp 00000000 08:01 15728736                   /lib/x86_64-linux-gnu/ld-2.19.so
7f7bd38f8000-7f7bd38fc000 r--s 0009a000 08:01 1994498                    /home/hannan/workspace/UCSDUnfoldingMaps/lib/core.jar
7f7bd38fc000-7f7bd38fe000 r--s 00006000 08:01 927253                     /usr/share/java/java-atk-wrapper.jar
7f7bd38fe000-7f7bd3901000 r--s 0000f000 08:01 5768836                    /usr/lib/jvm/java-7-openjdk-amd64/jre/lib/ext/icedtea-sound.jar
7f7bd3901000-7f7bd3905000 r--s 0003c000 08:01 5768848                    /usr/lib/jvm/java-7-openjdk-amd64/jre/lib/ext/sunpkcs11.jar
7f7bd3905000-7f7bd3909000 r--s 00034000 08:01 5768852                    /usr/lib/jvm/java-7-openjdk-amd64/jre/lib/ext/sunjce_provider.jar
7f7bd3909000-7f7bd390c000 r--s 00086000 08:01 5768849                    /usr/lib/jvm/java-7-openjdk-amd64/jre/lib/ext/localedata.jar
7f7bd390c000-7f7bd390e000 r--s 00012000 08:01 5768854                    /usr/lib/jvm/java-7-openjdk-amd64/jre/lib/ext/zipfs.jar
7f7bd390e000-7f7bd3918000 rw-p 00000000 00:00 0 
7f7bd3918000-7f7bd39ce000 rw-p 00000000 00:00 0 
7f7bd39ce000-7f7bd39d1000 ---p 00000000 00:00 0 
7f7bd39d1000-7f7bd3ad4000 rw-p 00000000 00:00 0                          [stack:9826]
7f7bd3ad4000-7f7bd3ad5000 r--s 00002000 08:01 5768837                    /usr/lib/jvm/java-7-openjdk-amd64/jre/lib/ext/dnsns.jar
7f7bd3ad5000-7f7bd3aeb000 rw-p 00000000 00:00 0 
7f7bd3aeb000-7f7bd3af3000 rw-s 00000000 08:01 12845841                   /tmp/hsperfdata_hannan/9818
7f7bd3af3000-7f7bd3af4000 rw-p 00000000 00:00 0 
7f7bd3af4000-7f7bd3af5000 r--p 00000000 00:00 0 
7f7bd3af5000-7f7bd3af7000 rw-p 00000000 00:00 0 
7f7bd3af7000-7f7bd3af8000 r--p 00022000 08:01 15728736                   /lib/x86_64-linux-gnu/ld-2.19.so
7f7bd3af8000-7f7bd3af9000 rw-p 00023000 08:01 15728736                   /lib/x86_64-linux-gnu/ld-2.19.so
7f7bd3af9000-7f7bd3afa000 rw-p 00000000 00:00 0 
7ffc6fe04000-7ffc6fe25000 rw-p 00000000 00:00 0                          [stack]
7ffc6ff79000-7ffc6ff7b000 r-xp 00000000 00:00 0                          [vdso]
7ffc6ff7b000-7ffc6ff7d000 r--p 00000000 00:00 0                          [vvar]
ffffffffff600000-ffffffffff601000 r-xp 00000000 00:00 0                  [vsyscall]

VM Arguments:
jvm_args: -Djava.security.policy=java.policy.applet -Dfile.encoding=UTF-8 
java_command: sun.applet.AppletViewer module1.HelloWorld1443387761705.html
Launcher Type: SUN_STANDARD

Environment Variables:
PATH=/usr/local/sbin:/usr/local/bin:/usr/sbin:/usr/bin:/sbin:/bin:/usr/games:/usr/local/games
SHELL=/bin/bash
DISPLAY=:0.0

Signal Handlers:
SIGSEGV: [libjvm.so+0x94b9a0], sa_mask[0]=0x7ffbfeff, sa_flags=0x10000004
SIGBUS: [libjvm.so+0x94b9a0], sa_mask[0]=0x7ffbfeff, sa_flags=0x10000004
SIGFPE: [libjvm.so+0x7c3880], sa_mask[0]=0x7ffbfeff, sa_flags=0x10000004
SIGPIPE: [libjvm.so+0x7c3880], sa_mask[0]=0x7ffbfeff, sa_flags=0x10000004
SIGXFSZ: [libjvm.so+0x7c3880], sa_mask[0]=0x7ffbfeff, sa_flags=0x10000004
SIGILL: [libjvm.so+0x7c3880], sa_mask[0]=0x7ffbfeff, sa_flags=0x10000004
SIGUSR1: SIG_DFL, sa_mask[0]=0x00000000, sa_flags=0x00000000
SIGUSR2: [libjvm.so+0x7c3720], sa_mask[0]=0x00000004, sa_flags=0x10000004
SIGHUP: [libjvm.so+0x7c3900], sa_mask[0]=0x7ffbfeff, sa_flags=0x10000004
SIGINT: [libjvm.so+0x7c3900], sa_mask[0]=0x7ffbfeff, sa_flags=0x10000004
SIGTERM: [libjvm.so+0x7c3900], sa_mask[0]=0x7ffbfeff, sa_flags=0x10000004
SIGQUIT: [libjvm.so+0x7c3900], sa_mask[0]=0x7ffbfeff, sa_flags=0x10000004
SIGTRAP: SIG_DFL, sa_mask[0]=0x00000000, sa_flags=0x00000000


---------------  S Y S T E M  ---------------

OS:Ubuntu 14.04 (trusty)
uname:Linux 3.16.0-44-generic #59~14.04.1-Ubuntu SMP Tue Jul 7 15:07:27 UTC 2015 x86_64
libc:glibc 2.19 NPTL 2.19 
rlimit: STACK 8192k, CORE 0k, NPROC 14587, NOFILE 4096, AS infinity
load average:3.43 1.58 1.81

/proc/meminfo:
MemTotal:        3755716 kB
MemFree:          212460 kB
MemAvailable:     622208 kB
Buffers:            9596 kB
Cached:           585348 kB
SwapCached:        13024 kB
Active:          2384860 kB
Inactive:         785308 kB
Active(anon):    2115592 kB
Inactive(anon):   582488 kB
Active(file):     269268 kB
Inactive(file):   202820 kB
Unevictable:          32 kB
Mlocked:              32 kB
SwapTotal:       3896316 kB
SwapFree:        3481660 kB
Dirty:               320 kB
Writeback:             0 kB
AnonPages:       2564892 kB
Mapped:           459312 kB
Shmem:            122856 kB
Slab:             231724 kB
SReclaimable:     191052 kB
SUnreclaim:        40672 kB
KernelStack:       11120 kB
PageTables:        59312 kB
NFS_Unstable:          0 kB
Bounce:                0 kB
WritebackTmp:          0 kB
CommitLimit:     5774172 kB
Committed_AS:    8211644 kB
VmallocTotal:   34359738367 kB
VmallocUsed:       43324 kB
VmallocChunk:   34359686336 kB
HardwareCorrupted:     0 kB
AnonHugePages:    641024 kB
HugePages_Total:       0
HugePages_Free:        0
HugePages_Rsvd:        0
HugePages_Surp:        0
Hugepagesize:       2048 kB
DirectMap4k:       53824 kB
DirectMap2M:     3844096 kB


CPU:total 2 (2 cores per cpu, 1 threads per core) family 6 model 15 stepping 11, cmov, cx8, fxsr, mmx, sse, sse2, sse3, ssse3, tsc

/proc/cpuinfo:
processor	: 0
vendor_id	: GenuineIntel
cpu family	: 6
model		: 15
model name	: Intel(R) Core(TM)2 Duo CPU     E6550  @ 2.33GHz
stepping	: 11
microcode	: 0xb6
cpu MHz		: 2333.000
cache size	: 4096 KB
physical id	: 0
siblings	: 2
core id		: 0
cpu cores	: 2
apicid		: 0
initial apicid	: 0
fpu		: yes
fpu_exception	: yes
cpuid level	: 10
wp		: yes
flags		: fpu vme de pse tsc msr pae mce cx8 apic sep mtrr pge mca cmov pat pse36 clflush dts acpi mmx fxsr sse sse2 ss ht tm pbe syscall nx lm constant_tsc arch_perfmon pebs bts rep_good nopl aperfmperf pni dtes64 monitor ds_cpl vmx smx est tm2 ssse3 cx16 xtpr pdcm lahf_lm dtherm tpr_shadow vnmi flexpriority
bogomips	: 4654.99
clflush size	: 64
cache_alignment	: 64
address sizes	: 36 bits physical, 48 bits virtual
power management:

processor	: 1
vendor_id	: GenuineIntel
cpu family	: 6
model		: 15
model name	: Intel(R) Core(TM)2 Duo CPU     E6550  @ 2.33GHz
stepping	: 11
microcode	: 0xb6
cpu MHz		: 2333.000
cache size	: 4096 KB
physical id	: 0
siblings	: 2
core id		: 1
cpu cores	: 2
apicid		: 1
initial apicid	: 1
fpu		: yes
fpu_exception	: yes
cpuid level	: 10
wp		: yes
flags		: fpu vme de pse tsc msr pae mce cx8 apic sep mtrr pge mca cmov pat pse36 clflush dts acpi mmx fxsr sse sse2 ss ht tm pbe syscall nx lm constant_tsc arch_perfmon pebs bts rep_good nopl aperfmperf pni dtes64 monitor ds_cpl vmx smx est tm2 ssse3 cx16 xtpr pdcm lahf_lm dtherm tpr_shadow vnmi flexpriority
bogomips	: 4654.99
clflush size	: 64
cache_alignment	: 64
address sizes	: 36 bits physical, 48 bits virtual
power management:



Memory: 4k page, physical 3755716k(212460k free), swap 3896316k(3481660k free)

vm_info: OpenJDK 64-Bit Server VM (24.79-b02) for linux-amd64 JRE (1.7.0_79-b14), built on Apr 16 2015 08:21:58 by "buildd" with gcc 4.8.2

time: Mon Sep 28 02:03:16 2015
elapsed time: 34 seconds

