#
# A fatal error has been detected by the Java Runtime Environment:
#
#  SIGSEGV (0xb) at pc=0x00007f9455e2b4d0, pid=12184, tid=140275552872192
#
# JRE version: OpenJDK Runtime Environment (7.0_79-b14) (build 1.7.0_79-b14)
# Java VM: OpenJDK 64-Bit Server VM (24.79-b02 mixed mode linux-amd64 compressed oops)
# Derivative: IcedTea 2.5.5
# Distribution: Ubuntu 14.04 LTS, package 7u79-2.5.5-0ubuntu0.14.04.2
# Problematic frame:
# C  [r600_dri.so+0x29a4d0]
#
# Failed to write core dump. Core dumps have been disabled. To enable core dumping, try "ulimit -c unlimited" before starting Java again
#
# If you would like to submit a bug report, please include
# instructions on how to reproduce the bug and visit:
#   http://icedtea.classpath.org/bugzilla
# The crash happened outside the Java Virtual Machine in native code.
# See problematic frame for where to report the bug.
#

---------------  T H R E A D  ---------------

Current thread (0x00007f9464008000):  JavaThread "AWT-EventQueue-1" [_thread_in_native, id=12207, stack(0x00007f94726fe000,0x00007f94727ff000)]

siginfo:si_signo=SIGSEGV: si_errno=0, si_code=1 (SEGV_MAPERR), si_addr=0x0000000100000000

Registers:
RAX=0x00007f9455e2b4b0, RBX=0x00007f94580d37c0, RCX=0x0000000000000000, RDX=0x0000000000000001
RSP=0x00007f94727fc950, RBP=0x00007f9464696ff0, RSI=0x00007f94580d38a0, RDI=0x0000000100000000
R8 =0x0000000000000000, R9 =0x00007f947189c9c0, R10=0x00007f94a12584a7, R11=0x00000000c7967ab8
R12=0x0000000000000001, R13=0x0000000000000000, R14=0x00007f9464637100, R15=0x0000000000000000
RIP=0x00007f9455e2b4d0, EFLAGS=0x0000000000010206, CSGSFS=0x0000000000000033, ERR=0x0000000000000004
  TRAPNO=0x000000000000000e

Top of Stack: (sp=0x00007f94727fc950)
0x00007f94727fc950:   00007f94727fcbd8 00007f9464008000
0x00007f94727fc960:   00007f94727fca40 00007f94580d37c0
0x00007f94727fc970:   00007f9464696ff0 00007f94646aa350
0x00007f94727fc980:   0000000000000000 00007f9464637100
0x00007f94727fc990:   0000000000000000 00007f947189ca4e
0x00007f94727fc9a0:   00007f94727fc9d8 00007f9471ae7640
0x00007f94727fc9b0:   00007f9464606bf0 00007f9400000000
0x00007f94727fc9c0:   0000000000000000 0000000000000000
0x00007f94727fc9d0:   0000000000000000 00007f94580d37c0
0x00007f94727fc9e0:   000000000640002e 00000000bd434f48
0x00007f94727fc9f0:   00007f94727fca60 0000000000000000
0x00007f94727fca00:   00007f94727fcae8 00007f94727fcaa0
0x00007f94727fca10:   00007f9464008000 00007f94701db849
0x00007f94727fca20:   00007f94727fca40 00007f94718759b0
0x00007f94727fca30:   000000000640002e 00007f9464606bf0
0x00007f94727fca40:   00007f94727fcaa0 00007f94640081d8
0x00007f94727fca50:   00007f94727fca90 00007f94718759b0
0x00007f94727fca60:   00007f94727fcab0 00007f94a125851d
0x00007f94727fca70:   00007f94727fcaa0 00007f945866edc0
0x00007f94727fca80:   00007f945866edc0 0000000000000000
0x00007f94727fca90:   00007f94727fcae0 00007f94a125d5dc
0x00007f94727fcaa0:   00000000c7967790 00000000edf02db8
0x00007f94727fcab0:   00007f94727fcb48 00007f94a12750cc
0x00007f94727fcac0:   00000000edf02e78 00007f9474076388
0x00007f94727fcad0:   00007f94727fcb48 00007f94a1006058
0x00007f94727fcae0:   00007f94a1006058 000000000640002e
0x00007f94727fcaf0:   00000000c7ac9cf8 00007f9464606bf0
0x00007f94727fcb00:   00000000c7ab83e0 00007f94727fcb08
0x00007f94727fcb10:   00000000bd41bcb1 00007f94727fcb60
0x00007f94727fcb20:   00000000bd4e2858 00000000bd764b88
0x00007f94727fcb30:   00000000bd41bcc0 00007f94727fcae8
0x00007f94727fcb40:   00007f94727fcb58 00007f94727fcba8 

Instructions: (pc=0x00007f9455e2b4d0)
0x00007f9455e2b4b0:   48 85 ff 0f 84 50 01 00 00 41 57 41 56 41 55 41
0x00007f9455e2b4c0:   89 cd 41 54 41 89 d4 55 53 48 83 ec 18 48 85 f6
0x00007f9455e2b4d0:   48 8b 2f 0f 84 5b 02 00 00 48 85 ed 48 8b 1e 0f
0x00007f9455e2b4e0:   84 16 01 00 00 48 85 db 0f 84 52 02 00 00 80 bb 

Register to memory mapping:

RAX=0x00007f9455e2b4b0: <offset 0x29a4b0> in /usr/lib/x86_64-linux-gnu/dri/r600_dri.so at 0x00007f9455b91000
RBX=0x00007f94580d37c0 is an unknown value
RCX=0x0000000000000000 is an unknown value
RDX=0x0000000000000001 is an unknown value
RSP=0x00007f94727fc950 is pointing into the stack for thread: 0x00007f9464008000
RBP=0x00007f9464696ff0 is an unknown value
RSI=0x00007f94580d38a0 is an unknown value
RDI=0x0000000100000000 is an unknown value
R8 =0x0000000000000000 is an unknown value
R9 =0x00007f947189c9c0: <offset 0x439c0> in /usr/lib/x86_64-linux-gnu/mesa/libGL.so.1 at 0x00007f9471859000
R10=0x00007f94a12584a7 is at entry_point+71 in (nmethod*)0x00007f94a12582d0
R11=0x00000000c7967ab8 is an oop
jogamp.opengl.x11.glx.GLXProcAddressTable 
 - klass: 'jogamp/opengl/x11/glx/GLXProcAddressTable'
R12=0x0000000000000001 is an unknown value
R13=0x0000000000000000 is an unknown value
R14=0x00007f9464637100 is an unknown value
R15=0x0000000000000000 is an unknown value


Stack: [0x00007f94726fe000,0x00007f94727ff000],  sp=0x00007f94727fc950,  free space=1018k
Native frames: (J=compiled Java code, j=interpreted, Vv=VM code, C=native code)
C  [r600_dri.so+0x29a4d0]

Java frames: (J=compiled Java code, j=interpreted, Vv=VM code)
J 771  jogamp.opengl.x11.glx.GLX.dispatch_glXSwapBuffers0(JJJ)V (0 bytes) @ 0x00007f94a12584a7 [0x00007f94a1258460+0x47]
J 770 C2 jogamp.opengl.x11.glx.GLX.glXSwapBuffers(JJ)V (45 bytes) @ 0x00007f94a12750cc [0x00007f94a12750a0+0x2c]
j  jogamp.opengl.x11.glx.X11GLXDrawable.swapBuffersImpl(Z)V+17
j  jogamp.opengl.GLDrawableImpl.swapBuffers()V+67
j  javax.media.opengl.awt.GLCanvas$12.run()V+45
j  java.awt.event.InvocationEvent.dispatch()V+11
j  java.awt.EventQueue.dispatchEventImpl(Ljava/awt/AWTEvent;Ljava/lang/Object;)V+21
j  java.awt.EventQueue.access$300(Ljava/awt/EventQueue;Ljava/awt/AWTEvent;Ljava/lang/Object;)V+3
j  java.awt.EventQueue$3.run()Ljava/lang/Void;+12
j  java.awt.EventQueue$3.run()Ljava/lang/Object;+1
v  ~StubRoutines::call_stub
J 796  java.security.AccessController.doPrivileged(Ljava/security/PrivilegedAction;Ljava/security/AccessControlContext;)Ljava/lang/Object; (0 bytes) @ 0x00007f94a1278283 [0x00007f94a1278220+0x63]
J 625 C2 java.awt.EventDispatchThread.pumpOneEventForFilters(I)V (295 bytes) @ 0x00007f94a121aaf0 [0x00007f94a1219800+0x12f0]
J 803% C2 java.awt.EventDispatchThread.pumpEventsForFilter(ILjava/awt/Conditional;Ljava/awt/EventFilter;)V (47 bytes) @ 0x00007f94a1288e9c [0x00007f94a1288d80+0x11c]
j  java.awt.EventDispatchThread.pumpEventsForHierarchy(ILjava/awt/Conditional;Ljava/awt/Component;)V+11
j  java.awt.EventDispatchThread.pumpEvents(ILjava/awt/Conditional;)V+4
j  java.awt.EventDispatchThread.pumpEvents(Ljava/awt/Conditional;)V+3
j  java.awt.EventDispatchThread.run()V+9
v  ~StubRoutines::call_stub

---------------  P R O C E S S  ---------------

Java Threads: ( => current thread )
  0x00007f94584e2000 JavaThread "Thread-52" [_thread_blocked, id=12774, stack(0x00007f9454fb9000,0x00007f94550ba000)]
  0x00007f94641b1800 JavaThread "Animation Thread-SharedResourceRunner" daemon [_thread_blocked, id=12217, stack(0x00007f94724fc000,0x00007f94725fd000)]
=>0x00007f9464008000 JavaThread "AWT-EventQueue-1" [_thread_in_native, id=12207, stack(0x00007f94726fe000,0x00007f94727ff000)]
  0x00007f94a400a800 JavaThread "DestroyJavaVM" [_thread_blocked, id=12189, stack(0x00007f94ab6eb000,0x00007f94ab7ec000)]
  0x00007f94a42ba000 JavaThread "AWT-EventQueue-0" [_thread_blocked, id=12205, stack(0x00007f9472c66000,0x00007f9472d67000)]
  0x00007f94a42b6800 JavaThread "AWT-Shutdown" [_thread_blocked, id=12204, stack(0x00007f9472d67000,0x00007f9472e68000)]
  0x00007f94a42ab000 JavaThread "thread applet-module1.HelloWorld.class" [_thread_blocked, id=12203, stack(0x00007f9472e68000,0x00007f9472f69000)]
  0x00007f94a4299000 JavaThread "AWT-XAWT" daemon [_thread_blocked, id=12201, stack(0x00007f9472f69000,0x00007f947306a000)]
  0x00007f94a4274000 JavaThread "Java2D Disposer" daemon [_thread_blocked, id=12200, stack(0x00007f947347a000,0x00007f947357b000)]
  0x00007f94a40ac000 JavaThread "Service Thread" daemon [_thread_blocked, id=12198, stack(0x00007f949b015000,0x00007f949b116000)]
  0x00007f94a40a9800 JavaThread "C2 CompilerThread1" daemon [_thread_blocked, id=12197, stack(0x00007f949b116000,0x00007f949b217000)]
  0x00007f94a40a6800 JavaThread "C2 CompilerThread0" daemon [_thread_blocked, id=12196, stack(0x00007f949b217000,0x00007f949b318000)]
  0x00007f94a40a4800 JavaThread "Signal Dispatcher" daemon [_thread_blocked, id=12195, stack(0x00007f949b318000,0x00007f949b419000)]
  0x00007f94a4077800 JavaThread "Finalizer" daemon [_thread_blocked, id=12194, stack(0x00007f949bafb000,0x00007f949bbfc000)]
  0x00007f94a4075800 JavaThread "Reference Handler" daemon [_thread_blocked, id=12193, stack(0x00007f949bbfc000,0x00007f949bcfd000)]

Other Threads:
  0x00007f94a4071000 VMThread [stack: 0x00007f949bcfd000,0x00007f949bdfe000] [id=12192]
  0x00007f94a40b6800 WatcherThread [stack: 0x00007f949af14000,0x00007f949b015000] [id=12199]

VM state:not at safepoint (normal execution)

VM Mutex/Monitor currently owned by a thread: None

Heap
 PSYoungGen      total 18944K, used 17699K [0x00000000ece00000, 0x00000000eed00000, 0x0000000100000000)
  eden space 18432K, 95% used [0x00000000ece00000,0x00000000edf38e80,0x00000000ee000000)
  from space 512K, 12% used [0x00000000eec00000,0x00000000eec10000,0x00000000eec80000)
  to   space 512K, 0% used [0x00000000eec80000,0x00000000eec80000,0x00000000eed00000)
 ParOldGen       total 38912K, used 28520K [0x00000000c6a00000, 0x00000000c9000000, 0x00000000ece00000)
  object space 38912K, 73% used [0x00000000c6a00000,0x00000000c85da110,0x00000000c9000000)
 PSPermGen       total 21504K, used 19902K [0x00000000bc400000, 0x00000000bd900000, 0x00000000c6a00000)
  object space 21504K, 92% used [0x00000000bc400000,0x00000000bd76f900,0x00000000bd900000)

Card table byte_map: [0x00007f94a8115000,0x00007f94a8334000] byte_map_base: 0x00007f94a7b33000

Polling page: 0x00007f94ab811000

Code Cache  [0x00007f94a1000000, 0x00007f94a1290000, 0x00007f94a4000000)
 total_blobs=1689 nmethods=795 adapters=848 free_code_cache=46582Kb largest_free_block=47659648

Compilation events (10 events):
Event: 233.522 Thread 0x00007f94a40a9800  802             java.awt.EventQueue::getAccessControlContextFrom (53 bytes)
Event: 233.524 Thread 0x00007f94a40a9800 nmethod 802 0x00007f94a127f810 code [0x00007f94a127f960, 0x00007f94a127fa58]
Event: 242.214 Thread 0x00007f94a40a6800  803 %           java.awt.EventDispatchThread::pumpEventsForFilter @ 10 (47 bytes)
Event: 242.218 Thread 0x00007f94a40a6800 nmethod 803% 0x00007f94a1288c10 code [0x00007f94a1288d80, 0x00007f94a1289008]
Event: 249.187 Thread 0x00007f94a40a9800  804             processing.opengl.PGraphicsOpenGL::requestDraw (53 bytes)
Event: 249.190 Thread 0x00007f94a40a9800 nmethod 804 0x00007f94a12891d0 code [0x00007f94a1289340, 0x00007f94a12894a8]
Event: 249.970 Thread 0x00007f94a40a6800  805 % !         processing.core.PApplet::run @ 23 (298 bytes)
Event: 249.984 Thread 0x00007f94a40a6800 nmethod 805% 0x00007f94a1281f50 code [0x00007f94a1282140, 0x00007f94a1282aa0]
Event: 254.133 Thread 0x00007f94a40a9800  806   !         processing.opengl.PJOGL$PGLListener::display (520 bytes)
Event: 254.142 Thread 0x00007f94a40a9800 nmethod 806 0x00007f94a128b6d0 code [0x00007f94a128b8c0, 0x00007f94a128be78]

GC Heap History (10 events):
Event: 1062.601 GC heap before
{Heap before GC invocations=329 (full 0):
 PSYoungGen      total 18944K, used 18464K [0x00000000ece00000, 0x00000000eed00000, 0x0000000100000000)
  eden space 18432K, 100% used [0x00000000ece00000,0x00000000ee000000,0x00000000ee000000)
  from space 512K, 6% used [0x00000000eec80000,0x00000000eec88000,0x00000000eed00000)
  to   space 512K, 0% used [0x00000000eec00000,0x00000000eec00000,0x00000000eec80000)
 ParOldGen       total 38912K, used 28520K [0x00000000c6a00000, 0x00000000c9000000, 0x00000000ece00000)
  object space 38912K, 73% used [0x00000000c6a00000,0x00000000c85da110,0x00000000c9000000)
 PSPermGen       total 21504K, used 19896K [0x00000000bc400000, 0x00000000bd900000, 0x00000000c6a00000)
  object space 21504K, 92% used [0x00000000bc400000,0x00000000bd76e130,0x00000000bd900000)
Event: 1062.603 GC heap after
Heap after GC invocations=329 (full 0):
 PSYoungGen      total 18944K, used 64K [0x00000000ece00000, 0x00000000eed00000, 0x0000000100000000)
  eden space 18432K, 0% used [0x00000000ece00000,0x00000000ece00000,0x00000000ee000000)
  from space 512K, 12% used [0x00000000eec00000,0x00000000eec10000,0x00000000eec80000)
  to   space 512K, 0% used [0x00000000eec80000,0x00000000eec80000,0x00000000eed00000)
 ParOldGen       total 38912K, used 28520K [0x00000000c6a00000, 0x00000000c9000000, 0x00000000ece00000)
  object space 38912K, 73% used [0x00000000c6a00000,0x00000000c85da110,0x00000000c9000000)
 PSPermGen       total 21504K, used 19896K [0x00000000bc400000, 0x00000000bd900000, 0x00000000c6a00000)
  object space 21504K, 92% used [0x00000000bc400000,0x00000000bd76e130,0x00000000bd900000)
}
Event: 1064.923 GC heap before
{Heap before GC invocations=330 (full 0):
 PSYoungGen      total 18944K, used 18496K [0x00000000ece00000, 0x00000000eed00000, 0x0000000100000000)
  eden space 18432K, 100% used [0x00000000ece00000,0x00000000ee000000,0x00000000ee000000)
  from space 512K, 12% used [0x00000000eec00000,0x00000000eec10000,0x00000000eec80000)
  to   space 512K, 0% used [0x00000000eec80000,0x00000000eec80000,0x00000000eed00000)
 ParOldGen       total 38912K, used 28520K [0x00000000c6a00000, 0x00000000c9000000, 0x00000000ece00000)
  object space 38912K, 73% used [0x00000000c6a00000,0x00000000c85da110,0x00000000c9000000)
 PSPermGen       total 21504K, used 19896K [0x00000000bc400000, 0x00000000bd900000, 0x00000000c6a00000)
  object space 21504K, 92% used [0x00000000bc400000,0x00000000bd76e130,0x00000000bd900000)
Event: 1064.925 GC heap after
Heap after GC invocations=330 (full 0):
 PSYoungGen      total 18944K, used 32K [0x00000000ece00000, 0x00000000eed00000, 0x0000000100000000)
  eden space 18432K, 0% used [0x00000000ece00000,0x00000000ece00000,0x00000000ee000000)
  from space 512K, 6% used [0x00000000eec80000,0x00000000eec88000,0x00000000eed00000)
  to   space 512K, 0% used [0x00000000eec00000,0x00000000eec00000,0x00000000eec80000)
 ParOldGen       total 38912K, used 28520K [0x00000000c6a00000, 0x00000000c9000000, 0x00000000ece00000)
  object space 38912K, 73% used [0x00000000c6a00000,0x00000000c85da110,0x00000000c9000000)
 PSPermGen       total 21504K, used 19896K [0x00000000bc400000, 0x00000000bd900000, 0x00000000c6a00000)
  object space 21504K, 92% used [0x00000000bc400000,0x00000000bd76e130,0x00000000bd900000)
}
Event: 1067.253 GC heap before
{Heap before GC invocations=331 (full 0):
 PSYoungGen      total 18944K, used 18464K [0x00000000ece00000, 0x00000000eed00000, 0x0000000100000000)
  eden space 18432K, 100% used [0x00000000ece00000,0x00000000ee000000,0x00000000ee000000)
  from space 512K, 6% used [0x00000000eec80000,0x00000000eec88000,0x00000000eed00000)
  to   space 512K, 0% used [0x00000000eec00000,0x00000000eec00000,0x00000000eec80000)
 ParOldGen       total 38912K, used 28520K [0x00000000c6a00000, 0x00000000c9000000, 0x00000000ece00000)
  object space 38912K, 73% used [0x00000000c6a00000,0x00000000c85da110,0x00000000c9000000)
 PSPermGen       total 21504K, used 19896K [0x00000000bc400000, 0x00000000bd900000, 0x00000000c6a00000)
  object space 21504K, 92% used [0x00000000bc400000,0x00000000bd76e130,0x00000000bd900000)
Event: 1067.255 GC heap after
Heap after GC invocations=331 (full 0):
 PSYoungGen      total 18944K, used 64K [0x00000000ece00000, 0x00000000eed00000, 0x0000000100000000)
  eden space 18432K, 0% used [0x00000000ece00000,0x00000000ece00000,0x00000000ee000000)
  from space 512K, 12% used [0x00000000eec00000,0x00000000eec10000,0x00000000eec80000)
  to   space 512K, 0% used [0x00000000eec80000,0x00000000eec80000,0x00000000eed00000)
 ParOldGen       total 38912K, used 28520K [0x00000000c6a00000, 0x00000000c9000000, 0x00000000ece00000)
  object space 38912K, 73% used [0x00000000c6a00000,0x00000000c85da110,0x00000000c9000000)
 PSPermGen       total 21504K, used 19896K [0x00000000bc400000, 0x00000000bd900000, 0x00000000c6a00000)
  object space 21504K, 92% used [0x00000000bc400000,0x00000000bd76e130,0x00000000bd900000)
}
Event: 1069.584 GC heap before
{Heap before GC invocations=332 (full 0):
 PSYoungGen      total 18944K, used 18496K [0x00000000ece00000, 0x00000000eed00000, 0x0000000100000000)
  eden space 18432K, 100% used [0x00000000ece00000,0x00000000ee000000,0x00000000ee000000)
  from space 512K, 12% used [0x00000000eec00000,0x00000000eec10000,0x00000000eec80000)
  to   space 512K, 0% used [0x00000000eec80000,0x00000000eec80000,0x00000000eed00000)
 ParOldGen       total 38912K, used 28520K [0x00000000c6a00000, 0x00000000c9000000, 0x00000000ece00000)
  object space 38912K, 73% used [0x00000000c6a00000,0x00000000c85da110,0x00000000c9000000)
 PSPermGen       total 21504K, used 19896K [0x00000000bc400000, 0x00000000bd900000, 0x00000000c6a00000)
  object space 21504K, 92% used [0x00000000bc400000,0x00000000bd76e130,0x00000000bd900000)
Event: 1069.595 GC heap after
Heap after GC invocations=332 (full 0):
 PSYoungGen      total 18944K, used 64K [0x00000000ece00000, 0x00000000eed00000, 0x0000000100000000)
  eden space 18432K, 0% used [0x00000000ece00000,0x00000000ece00000,0x00000000ee000000)
  from space 512K, 12% used [0x00000000eec80000,0x00000000eec90000,0x00000000eed00000)
  to   space 512K, 0% used [0x00000000eec00000,0x00000000eec00000,0x00000000eec80000)
 ParOldGen       total 38912K, used 28520K [0x00000000c6a00000, 0x00000000c9000000, 0x00000000ece00000)
  object space 38912K, 73% used [0x00000000c6a00000,0x00000000c85da110,0x00000000c9000000)
 PSPermGen       total 21504K, used 19896K [0x00000000bc400000, 0x00000000bd900000, 0x00000000c6a00000)
  object space 21504K, 92% used [0x00000000bc400000,0x00000000bd76e130,0x00000000bd900000)
}
Event: 1072.020 GC heap before
{Heap before GC invocations=333 (full 0):
 PSYoungGen      total 18944K, used 18496K [0x00000000ece00000, 0x00000000eed00000, 0x0000000100000000)
  eden space 18432K, 100% used [0x00000000ece00000,0x00000000ee000000,0x00000000ee000000)
  from space 512K, 12% used [0x00000000eec80000,0x00000000eec90000,0x00000000eed00000)
  to   space 512K, 0% used [0x00000000eec00000,0x00000000eec00000,0x00000000eec80000)
 ParOldGen       total 38912K, used 28520K [0x00000000c6a00000, 0x00000000c9000000, 0x00000000ece00000)
  object space 38912K, 73% used [0x00000000c6a00000,0x00000000c85da110,0x00000000c9000000)
 PSPermGen       total 21504K, used 19896K [0x00000000bc400000, 0x00000000bd900000, 0x00000000c6a00000)
  object space 21504K, 92% used [0x00000000bc400000,0x00000000bd76e130,0x00000000bd900000)
Event: 1072.023 GC heap after
Heap after GC invocations=333 (full 0):
 PSYoungGen      total 18944K, used 64K [0x00000000ece00000, 0x00000000eed00000, 0x0000000100000000)
  eden space 18432K, 0% used [0x00000000ece00000,0x00000000ece00000,0x00000000ee000000)
  from space 512K, 12% used [0x00000000eec00000,0x00000000eec10000,0x00000000eec80000)
  to   space 512K, 0% used [0x00000000eec80000,0x00000000eec80000,0x00000000eed00000)
 ParOldGen       total 38912K, used 28520K [0x00000000c6a00000, 0x00000000c9000000, 0x00000000ece00000)
  object space 38912K, 73% used [0x00000000c6a00000,0x00000000c85da110,0x00000000c9000000)
 PSPermGen       total 21504K, used 19896K [0x00000000bc400000, 0x00000000bd900000, 0x00000000c6a00000)
  object space 21504K, 92% used [0x00000000bc400000,0x00000000bd76e130,0x00000000bd900000)
}

Deoptimization events (10 events):
Event: 1073.928 Thread 0x00007f9464008000 Uncommon trap: reason=unreached action=reinterpret pc=0x00007f94a1252774 method=java.awt.event.InvocationEvent.finishedDispatching(Z)V @ 9
Event: 1073.930 Thread 0x00007f9464008000 Uncommon trap: reason=unreached action=reinterpret pc=0x00007f94a120eb3c method=java.awt.EventQueue.eventToCacheIndex(Ljava/awt/AWTEvent;)I @ 60
Event: 1073.958 Thread 0x00007f9464008000 Uncommon trap: reason=class_check action=maybe_recompile pc=0x00007f94a1259db4 method=sun.java2d.x11.X11SurfaceData$X11WindowSurfaceData.getBounds()Ljava/awt/Rectangle; @ 4
Event: 1073.958 Thread 0x00007f9464008000 Uncommon trap: reason=unreached action=reinterpret pc=0x00007f94a126dad0 method=java.awt.EventQueue.isDispatchThreadImpl()Z @ 37
Event: 1074.454 Thread 0x00007f9464008000 Uncommon trap: reason=unreached action=reinterpret pc=0x00007f94a11fe914 method=java.util.Arrays.copyOf([Ljava/lang/Object;ILjava/lang/Class;)[Ljava/lang/Object; @ 4
Event: 1074.455 Thread 0x00007f9464008000 Uncommon trap: reason=unreached action=reinterpret pc=0x00007f94a123ddc8 method=java.lang.Class.getName()Ljava/lang/String; @ 6
Event: 1074.456 Thread 0x00007f94a42ab000 Uncommon trap: reason=class_check action=maybe_recompile pc=0x00007f94a1259db4 method=sun.java2d.x11.X11SurfaceData$X11WindowSurfaceData.getBounds()Ljava/awt/Rectangle; @ 4
Event: 1074.456 Thread 0x00007f94a42ab000 Uncommon trap: reason=unreached action=reinterpret pc=0x00007f94a11f42ec method=java.util.concurrent.locks.AbstractQueuedSynchronizer.acquireQueued(Ljava/util/concurrent/locks/AbstractQueuedSynchronizer$Node;I)Z @ 17
Event: 1074.472 Thread 0x00007f946400f800 Uncommon trap: reason=unreached action=reinterpret pc=0x00007f94a1282494 method=processing.core.PApplet.run()V @ 272
Event: 1074.472 Thread 0x00007f94a42ab000 Uncommon trap: reason=unreached action=reinterpret pc=0x00007f94a119dbac method=java.security.AccessControlContext.optimize()Ljava/security/AccessControlContext; @ 129

Internal exceptions (10 events):
Event: 2.630 Thread 0x00007f9464008000 Threw 0x00000000edb093f8 at /build/buildd/openjdk-7-7u79-2.5.5/build/openjdk/hotspot/src/share/vm/runtime/reflection.cpp:1030
Event: 2.689 Thread 0x00007f9464008000 Threw 0x00000000edbc9808 at /build/buildd/openjdk-7-7u79-2.5.5/build/openjdk/hotspot/src/share/vm/runtime/reflection.cpp:1030
Event: 2.689 Thread 0x00007f9464008000 Threw 0x00000000edbc9ac8 at /build/buildd/openjdk-7-7u79-2.5.5/build/openjdk/hotspot/src/share/vm/runtime/reflection.cpp:1030
Event: 2.723 Thread 0x00007f9464008000 Threw 0x00000000edc8c108 at /build/buildd/openjdk-7-7u79-2.5.5/build/openjdk/hotspot/src/share/vm/runtime/reflection.cpp:1030
Event: 3.451 Thread 0x00007f9458522800 Implicit null exception at 0x00007f94a10f36a0 to 0x00007f94a10f3739
Event: 3.451 Thread 0x00007f94584df000 Implicit null exception at 0x00007f94a10f36a0 to 0x00007f94a10f3739
Event: 3.528 Thread 0x00007f9458522800 Implicit null exception at 0x00007f94a10f23e7 to 0x00007f94a10f2b1d
Event: 1073.846 Thread 0x00007f9464008000 Implicit null exception at 0x00007f94a12542bb to 0x00007f94a12548e1
Event: 1073.928 Thread 0x00007f9464008000 Implicit null exception at 0x00007f94a125213b to 0x00007f94a1252761
Event: 1074.472 Thread 0x00007f94a42ab000 Implicit null exception at 0x00007f94a119d608 to 0x00007f94a119db95

Events (10 events):
Event: 1074.456 Thread 0x00007f94a42ab000 Uncommon trap: trap_request=0xffffffad fr.pc=0x00007f94a11f42ec
Event: 1074.456 Thread 0x00007f94a42ab000 DEOPT PACKING pc=0x00007f94a11f42ec sp=0x00007f9472f67430
Event: 1074.456 Thread 0x00007f94a42ab000 DEOPT UNPACKING pc=0x00007f94a1039045 sp=0x00007f9472f673d0 mode 2
Event: 1074.472 Thread 0x00007f946400f800 Uncommon trap: trap_request=0xffffffad fr.pc=0x00007f94a1282494
Event: 1074.472 Thread 0x00007f946400f800 DEOPT PACKING pc=0x00007f94a1282494 sp=0x00007f94726fc990
Event: 1074.472 Thread 0x00007f94a42ab000 Uncommon trap: trap_request=0xffffffad fr.pc=0x00007f94a119dbac
Event: 1074.472 Thread 0x00007f946400f800 DEOPT UNPACKING pc=0x00007f94a1039045 sp=0x00007f94726fc928 mode 2
Event: 1074.472 Thread 0x00007f94a42ab000 DEOPT PACKING pc=0x00007f94a119dbac sp=0x00007f9472f672c0
Event: 1074.472 Thread 0x00007f94a42ab000 DEOPT UNPACKING pc=0x00007f94a1039045 sp=0x00007f9472f67268 mode 2
Event: 1074.472 Thread 0x00007f946400f800 Thread exited: 0x00007f946400f800


Dynamic libraries:
00400000-00401000 r-xp 00000000 08:01 1861178                            /usr/lib/jvm/java-7-openjdk-amd64/jre/bin/java
00600000-00601000 r--p 00000000 08:01 1861178                            /usr/lib/jvm/java-7-openjdk-amd64/jre/bin/java
00601000-00602000 rw-p 00001000 08:01 1861178                            /usr/lib/jvm/java-7-openjdk-amd64/jre/bin/java
01996000-01a2b000 rw-p 00000000 00:00 0                                  [heap]
bc400000-bd900000 rw-p 00000000 00:00 0 
bd900000-c6a00000 rw-p 00000000 00:00 0 
c6a00000-c9000000 rw-p 00000000 00:00 0 
c9000000-ece00000 rw-p 00000000 00:00 0 
ece00000-eed00000 rw-p 00000000 00:00 0 
eed00000-f6300000 ---p 00000000 00:00 0 
f6300000-100000000 rw-p 00000000 00:00 0 
7f94537ae000-7f94537b1000 ---p 00000000 00:00 0 
7f94537b1000-7f94538af000 rw-p 00000000 00:00 0 
7f94538af000-7f94538b2000 ---p 00000000 00:00 0 
7f94538b2000-7f94539b0000 rw-p 00000000 00:00 0 
7f94539b0000-7f94539f3000 r-xp 00000000 08:01 532670                     /usr/lib/x86_64-linux-gnu/libjpeg.so.8.0.2
7f94539f3000-7f9453bf3000 ---p 00043000 08:01 532670                     /usr/lib/x86_64-linux-gnu/libjpeg.so.8.0.2
7f9453bf3000-7f9453bf4000 r--p 00043000 08:01 532670                     /usr/lib/x86_64-linux-gnu/libjpeg.so.8.0.2
7f9453bf4000-7f9453bf5000 rw-p 00044000 08:01 532670                     /usr/lib/x86_64-linux-gnu/libjpeg.so.8.0.2
7f9453bf5000-7f9453c05000 rw-p 00000000 00:00 0 
7f9453c26000-7f9453c30000 r-xp 00000000 08:01 5768782                    /usr/lib/jvm/java-7-openjdk-amd64/jre/lib/amd64/libjavajpeg.so
7f9453c30000-7f9453e2f000 ---p 0000a000 08:01 5768782                    /usr/lib/jvm/java-7-openjdk-amd64/jre/lib/amd64/libjavajpeg.so
7f9453e2f000-7f9453e30000 r--p 00009000 08:01 5768782                    /usr/lib/jvm/java-7-openjdk-amd64/jre/lib/amd64/libjavajpeg.so
7f9453e30000-7f9453e31000 rw-p 0000a000 08:01 5768782                    /usr/lib/jvm/java-7-openjdk-amd64/jre/lib/amd64/libjavajpeg.so
7f9453e31000-7f9453e34000 ---p 00000000 00:00 0 
7f9453e34000-7f9453f32000 rw-p 00000000 00:00 0 
7f9453f32000-7f9453f35000 ---p 00000000 00:00 0 
7f9453f35000-7f9454033000 rw-p 00000000 00:00 0 
7f9454033000-7f9454036000 ---p 00000000 00:00 0 
7f9454036000-7f9454134000 rw-p 00000000 00:00 0 
7f9454134000-7f9454137000 ---p 00000000 00:00 0 
7f9454137000-7f9454235000 rw-p 00000000 00:00 0 
7f9454235000-7f9454238000 ---p 00000000 00:00 0 
7f9454238000-7f9454336000 rw-p 00000000 00:00 0 
7f9454336000-7f9454339000 ---p 00000000 00:00 0 
7f9454339000-7f9454437000 rw-p 00000000 00:00 0 
7f9454437000-7f945443c000 r-xp 00000000 08:01 15728669                   /lib/x86_64-linux-gnu/libnss_dns-2.19.so
7f945443c000-7f945463b000 ---p 00005000 08:01 15728669                   /lib/x86_64-linux-gnu/libnss_dns-2.19.so
7f945463b000-7f945463c000 r--p 00004000 08:01 15728669                   /lib/x86_64-linux-gnu/libnss_dns-2.19.so
7f945463c000-7f945463d000 rw-p 00005000 08:01 15728669                   /lib/x86_64-linux-gnu/libnss_dns-2.19.so
7f945463d000-7f945463f000 r-xp 00000000 08:01 15732752                   /lib/x86_64-linux-gnu/libnss_mdns4_minimal.so.2
7f945463f000-7f945483e000 ---p 00002000 08:01 15732752                   /lib/x86_64-linux-gnu/libnss_mdns4_minimal.so.2
7f945483e000-7f945483f000 r--p 00001000 08:01 15732752                   /lib/x86_64-linux-gnu/libnss_mdns4_minimal.so.2
7f945483f000-7f9454840000 rw-p 00002000 08:01 15732752                   /lib/x86_64-linux-gnu/libnss_mdns4_minimal.so.2
7f9454840000-7f9454841000 rw-s 133b23000 00:05 1913                      /dev/dri/card0
7f9454841000-7f9454842000 rw-s 133b22000 00:05 1913                      /dev/dri/card0
7f9454842000-7f9454843000 rw-s 133b21000 00:05 1913                      /dev/dri/card0
7f9454843000-7f9454844000 rw-s 133b20000 00:05 1913                      /dev/dri/card0
7f9454844000-7f9454845000 rw-s 133b1f000 00:05 1913                      /dev/dri/card0
7f9454845000-7f9454846000 rw-s 133b1e000 00:05 1913                      /dev/dri/card0
7f9454847000-7f9454848000 rw-s 133b1c000 00:05 1913                      /dev/dri/card0
7f9454849000-7f945484a000 rw-s 133b1a000 00:05 1913                      /dev/dri/card0
7f945484d000-7f945484e000 rw-s 133b16000 00:05 1913                      /dev/dri/card0
7f9454851000-7f9454852000 rw-s 133b12000 00:05 1913                      /dev/dri/card0
7f9454852000-7f9454853000 rw-s 133b11000 00:05 1913                      /dev/dri/card0
7f9454853000-7f9454854000 rw-s 133b10000 00:05 1913                      /dev/dri/card0
7f9454855000-7f9454856000 rw-s 127600000 00:05 1913                      /dev/dri/card0
7f9454857000-7f9454858000 rw-s 1275fe000 00:05 1913                      /dev/dri/card0
7f945485b000-7f945485c000 rw-s 1275f5000 00:05 1913                      /dev/dri/card0
7f945485c000-7f945485d000 rw-s 108245000 00:05 1913                      /dev/dri/card0
7f945485d000-7f945485e000 rw-s 108243000 00:05 1913                      /dev/dri/card0
7f9454861000-7f9454864000 ---p 00000000 00:00 0 
7f9454864000-7f9454962000 rw-p 00000000 00:00 0 
7f9454962000-7f9454965000 ---p 00000000 00:00 0 
7f9454965000-7f9454a63000 rw-p 00000000 00:00 0 
7f9454bc1000-7f9454cc1000 rw-s 131e8a000 00:05 1913                      /dev/dri/card0
7f9454cc3000-7f9454cc4000 rw-s 131e31000 00:05 1913                      /dev/dri/card0
7f9454cd9000-7f9454eae000 rw-p 00000000 00:00 0 
7f9454eb8000-7f9454ebb000 ---p 00000000 00:00 0 
7f9454ebb000-7f9454fb9000 rw-p 00000000 00:00 0 
7f9454fb9000-7f9454fbc000 ---p 00000000 00:00 0 
7f9454fbc000-7f94550ba000 rw-p 00000000 00:00 0                          [stack:12774]
7f94550ba000-7f94550bb000 rw-s 13172c000 00:05 1913                      /dev/dri/card0
7f94550bb000-7f9455290000 rw-p 00000000 00:00 0 
7f9455290000-7f9455390000 rw-s 13162a000 00:05 1913                      /dev/dri/card0
7f9455390000-7f9455391000 ---p 00000000 00:00 0 
7f9455391000-7f9455b91000 rw-p 00000000 00:00 0                          [stack:12219]
7f9455b91000-7f94562d7000 r-xp 00000000 08:01 918024                     /usr/lib/x86_64-linux-gnu/dri/r600_dri.so
7f94562d7000-7f94564d6000 ---p 00746000 08:01 918024                     /usr/lib/x86_64-linux-gnu/dri/r600_dri.so
7f94564d6000-7f9456529000 r--p 00745000 08:01 918024                     /usr/lib/x86_64-linux-gnu/dri/r600_dri.so
7f9456529000-7f9456535000 rw-p 00798000 08:01 918024                     /usr/lib/x86_64-linux-gnu/dri/r600_dri.so
7f9456535000-7f945671d000 rw-p 00000000 00:00 0 
7f945671d000-7f945671f000 r-xp 00000000 08:01 532093                     /usr/lib/x86_64-linux-gnu/libXinerama.so.1.0.0
7f945671f000-7f945691e000 ---p 00002000 08:01 532093                     /usr/lib/x86_64-linux-gnu/libXinerama.so.1.0.0
7f945691e000-7f945691f000 r--p 00001000 08:01 532093                     /usr/lib/x86_64-linux-gnu/libXinerama.so.1.0.0
7f945691f000-7f9456920000 rw-p 00002000 08:01 532093                     /usr/lib/x86_64-linux-gnu/libXinerama.so.1.0.0
7f9456920000-7f9456957000 r-xp 00000000 08:01 533016                     /usr/lib/x86_64-linux-gnu/libtxc_dxtn_s2tc.so.0.0.0
7f9456957000-7f9456b56000 ---p 00037000 08:01 533016                     /usr/lib/x86_64-linux-gnu/libtxc_dxtn_s2tc.so.0.0.0
7f9456b56000-7f9456b57000 r--p 00036000 08:01 533016                     /usr/lib/x86_64-linux-gnu/libtxc_dxtn_s2tc.so.0.0.0
7f9456b57000-7f9456b58000 rw-p 00037000 08:01 533016                     /usr/lib/x86_64-linux-gnu/libtxc_dxtn_s2tc.so.0.0.0
7f9456b58000-7f9456b59000 ---p 00000000 00:00 0 
7f9456b59000-7f9457359000 rw-p 00000000 00:00 0                          [stack:12218]
7f9457359000-7f9457361000 r-xp 00000000 08:01 15732733                   /lib/x86_64-linux-gnu/libnih-dbus.so.1.0.0
7f9457361000-7f9457561000 ---p 00008000 08:01 15732733                   /lib/x86_64-linux-gnu/libnih-dbus.so.1.0.0
7f9457561000-7f9457562000 r--p 00008000 08:01 15732733                   /lib/x86_64-linux-gnu/libnih-dbus.so.1.0.0
7f9457562000-7f9457563000 rw-p 00009000 08:01 15732733                   /lib/x86_64-linux-gnu/libnih-dbus.so.1.0.0
7f9457563000-7f945757a000 r-xp 00000000 08:01 15732735                   /lib/x86_64-linux-gnu/libnih.so.1.0.0
7f945757a000-7f9457779000 ---p 00017000 08:01 15732735                   /lib/x86_64-linux-gnu/libnih.so.1.0.0
7f9457779000-7f945777a000 r--p 00016000 08:01 15732735                   /lib/x86_64-linux-gnu/libnih.so.1.0.0
7f945777a000-7f945777b000 rw-p 00017000 08:01 15732735                   /lib/x86_64-linux-gnu/libnih.so.1.0.0
7f945777b000-7f9457794000 r-xp 00000000 08:01 15732676                   /lib/x86_64-linux-gnu/libcgmanager.so.0.0.0
7f9457794000-7f9457993000 ---p 00019000 08:01 15732676                   /lib/x86_64-linux-gnu/libcgmanager.so.0.0.0
7f9457993000-7f9457995000 r--p 00018000 08:01 15732676                   /lib/x86_64-linux-gnu/libcgmanager.so.0.0.0
7f9457995000-7f9457996000 rw-p 0001a000 08:01 15732676                   /lib/x86_64-linux-gnu/libcgmanager.so.0.0.0
7f9457996000-7f94579a6000 r-xp 00000000 08:01 15728930                   /lib/x86_64-linux-gnu/libudev.so.1.3.5
7f94579a6000-7f9457ba5000 ---p 00010000 08:01 15728930                   /lib/x86_64-linux-gnu/libudev.so.1.3.5
7f9457ba5000-7f9457ba6000 r--p 0000f000 08:01 15728930                   /lib/x86_64-linux-gnu/libudev.so.1.3.5
7f9457ba6000-7f9457ba7000 rw-p 00010000 08:01 15728930                   /lib/x86_64-linux-gnu/libudev.so.1.3.5
7f9457ba7000-7f9457bcc000 r-xp 00000000 08:01 15732817                   /lib/x86_64-linux-gnu/libtinfo.so.5.9
7f9457bcc000-7f9457dcb000 ---p 00025000 08:01 15732817                   /lib/x86_64-linux-gnu/libtinfo.so.5.9
7f9457dcb000-7f9457dcf000 r--p 00024000 08:01 15732817                   /lib/x86_64-linux-gnu/libtinfo.so.5.9
7f9457dcf000-7f9457dd0000 rw-p 00028000 08:01 15732817                   /lib/x86_64-linux-gnu/libtinfo.so.5.9
7f9457dd0000-7f9457df9000 r-xp 00000000 08:01 532322                     /usr/lib/x86_64-linux-gnu/libedit.so.2.0.47
7f9457df9000-7f9457ff9000 ---p 00029000 08:01 532322                     /usr/lib/x86_64-linux-gnu/libedit.so.2.0.47
7f9457ff9000-7f9457ffb000 r--p 00029000 08:01 532322                     /usr/lib/x86_64-linux-gnu/libedit.so.2.0.47
7f9457ffb000-7f9457ffc000 rw-p 0002b000 08:01 532322                     /usr/lib/x86_64-linux-gnu/libedit.so.2.0.47
7f9457ffc000-7f9458000000 rw-p 00000000 00:00 0 
7f9458000000-7f9458b0b000 rw-p 00000000 00:00 0 
7f9458b0b000-7f945c000000 ---p 00000000 00:00 0 
7f945c019000-7f945c01a000 rw-s 131cf6000 00:05 1913                      /dev/dri/card0
7f945c01a000-7f945c01b000 rw-s 131cf5000 00:05 1913                      /dev/dri/card0
7f945c01b000-7f945c01c000 rw-s 131cf4000 00:05 1913                      /dev/dri/card0
7f945c01c000-7f945c01d000 rw-s 131cf3000 00:05 1913                      /dev/dri/card0
7f945c01e000-7f945c01f000 rw-s 131cf1000 00:05 1913                      /dev/dri/card0
7f945c020000-7f945c021000 rw-s 131cef000 00:05 1913                      /dev/dri/card0
7f945c022000-7f945c023000 rw-s 131ced000 00:05 1913                      /dev/dri/card0
7f945c023000-7f945c024000 rw-s 131cec000 00:05 1913                      /dev/dri/card0
7f945c03f000-7f945c040000 rw-s 131b4a000 00:05 1913                      /dev/dri/card0
7f945c040000-7f945c041000 rw-s 13193b000 00:05 1913                      /dev/dri/card0
7f945c041000-7f945c042000 rw-s 13193a000 00:05 1913                      /dev/dri/card0
7f945c068000-7f945db70000 r-xp 00000000 08:01 531941                     /usr/lib/x86_64-linux-gnu/libLLVM-3.5.so.1
7f945db70000-7f945db71000 ---p 01b08000 08:01 531941                     /usr/lib/x86_64-linux-gnu/libLLVM-3.5.so.1
7f945db71000-7f945dd39000 r--p 01b08000 08:01 531941                     /usr/lib/x86_64-linux-gnu/libLLVM-3.5.so.1
7f945dd39000-7f945dd3f000 rw-p 01cd0000 08:01 531941                     /usr/lib/x86_64-linux-gnu/libLLVM-3.5.so.1
7f945dd3f000-7f945dd54000 rw-p 00000000 00:00 0 
7f945dd54000-7f945dd60000 r-xp 00000000 08:01 530540                     /usr/lib/x86_64-linux-gnu/libdrm_radeon.so.1.0.1
7f945dd60000-7f945df5f000 ---p 0000c000 08:01 530540                     /usr/lib/x86_64-linux-gnu/libdrm_radeon.so.1.0.1
7f945df5f000-7f945df60000 r--p 0000b000 08:01 530540                     /usr/lib/x86_64-linux-gnu/libdrm_radeon.so.1.0.1
7f945df60000-7f945df61000 rw-p 0000c000 08:01 530540                     /usr/lib/x86_64-linux-gnu/libdrm_radeon.so.1.0.1
7f945df61000-7f945df76000 r-xp 00000000 08:01 532323                     /usr/lib/x86_64-linux-gnu/libelf-0.158.so
7f945df76000-7f945e175000 ---p 00015000 08:01 532323                     /usr/lib/x86_64-linux-gnu/libelf-0.158.so
7f945e175000-7f945e176000 r--p 00014000 08:01 532323                     /usr/lib/x86_64-linux-gnu/libelf-0.158.so
7f945e176000-7f945e177000 rw-p 00015000 08:01 532323                     /usr/lib/x86_64-linux-gnu/libelf-0.158.so
7f945e177000-7f945e17d000 r-xp 00000000 08:01 530538                     /usr/lib/x86_64-linux-gnu/libdrm_nouveau.so.2.0.0
7f945e17d000-7f945e37c000 ---p 00006000 08:01 530538                     /usr/lib/x86_64-linux-gnu/libdrm_nouveau.so.2.0.0
7f945e37c000-7f945e37d000 r--p 00005000 08:01 530538                     /usr/lib/x86_64-linux-gnu/libdrm_nouveau.so.2.0.0
7f945e37d000-7f945e37e000 rw-p 00006000 08:01 530538                     /usr/lib/x86_64-linux-gnu/libdrm_nouveau.so.2.0.0
7f945e37e000-7f945e385000 r-xp 00000000 08:01 919135                     /usr/lib/x86_64-linux-gnu/mesa-egl/libOpenVG.so.1.0.0
7f945e385000-7f945e584000 ---p 00007000 08:01 919135                     /usr/lib/x86_64-linux-gnu/mesa-egl/libOpenVG.so.1.0.0
7f945e584000-7f945e585000 r--p 00006000 08:01 919135                     /usr/lib/x86_64-linux-gnu/mesa-egl/libOpenVG.so.1.0.0
7f945e585000-7f945e586000 rw-p 00007000 08:01 919135                     /usr/lib/x86_64-linux-gnu/mesa-egl/libOpenVG.so.1.0.0
7f945e586000-7f945e588000 rw-p 00000000 00:00 0 
7f945e588000-7f945ed10000 r-xp 00000000 08:01 918029                     /usr/lib/x86_64-linux-gnu/egl/egl_gallium.so
7f945ed10000-7f945ef10000 ---p 00788000 08:01 918029                     /usr/lib/x86_64-linux-gnu/egl/egl_gallium.so
7f945ef10000-7f945ef63000 r--p 00788000 08:01 918029                     /usr/lib/x86_64-linux-gnu/egl/egl_gallium.so
7f945ef63000-7f945ef6f000 rw-p 007db000 08:01 918029                     /usr/lib/x86_64-linux-gnu/egl/egl_gallium.so
7f945ef6f000-7f945f156000 rw-p 00000000 00:00 0 
7f945f156000-7f945f15c000 r-xp 00000000 08:01 919133                     /usr/lib/x86_64-linux-gnu/mesa-egl/libGLESv2.so.2.0.0
7f945f15c000-7f945f35b000 ---p 00006000 08:01 919133                     /usr/lib/x86_64-linux-gnu/mesa-egl/libGLESv2.so.2.0.0
7f945f35b000-7f945f35c000 r--p 00005000 08:01 919133                     /usr/lib/x86_64-linux-gnu/mesa-egl/libGLESv2.so.2.0.0
7f945f35c000-7f945f35d000 rw-p 00006000 08:01 919133                     /usr/lib/x86_64-linux-gnu/mesa-egl/libGLESv2.so.2.0.0
7f945f35d000-7f945f3a2000 r-xp 00000000 08:01 12845847                   /tmp/jogamp_0000/file_cache/jln7000337730136935944/jln5505884049312847376/libjogl_mobile.so
7f945f3a2000-7f945f5a2000 ---p 00045000 08:01 12845847                   /tmp/jogamp_0000/file_cache/jln7000337730136935944/jln5505884049312847376/libjogl_mobile.so
7f945f5a2000-7f945f5a3000 rw-p 00045000 08:01 12845847                   /tmp/jogamp_0000/file_cache/jln7000337730136935944/jln5505884049312847376/libjogl_mobile.so
7f945f5a3000-7f945f5af000 r-xp 00000000 08:01 532405                     /usr/lib/x86_64-linux-gnu/libgbm.so.1.0.0
7f945f5af000-7f945f7af000 ---p 0000c000 08:01 532405                     /usr/lib/x86_64-linux-gnu/libgbm.so.1.0.0
7f945f7af000-7f945f7b0000 r--p 0000c000 08:01 532405                     /usr/lib/x86_64-linux-gnu/libgbm.so.1.0.0
7f945f7b0000-7f945f7b1000 rw-p 0000d000 08:01 532405                     /usr/lib/x86_64-linux-gnu/libgbm.so.1.0.0
7f945f7b1000-7f945f7c0000 r-xp 00000000 08:01 533084                     /usr/lib/x86_64-linux-gnu/libwayland-server.so.0.1.0
7f945f7c0000-7f945f9bf000 ---p 0000f000 08:01 533084                     /usr/lib/x86_64-linux-gnu/libwayland-server.so.0.1.0
7f945f9bf000-7f945f9c1000 r--p 0000e000 08:01 533084                     /usr/lib/x86_64-linux-gnu/libwayland-server.so.0.1.0
7f945f9c1000-7f945f9c2000 rw-p 00010000 08:01 533084                     /usr/lib/x86_64-linux-gnu/libwayland-server.so.0.1.0
7f945f9c2000-7f945f9cd000 r-xp 00000000 08:01 533078                     /usr/lib/x86_64-linux-gnu/libwayland-client.so.0.2.0
7f945f9cd000-7f945fbcc000 ---p 0000b000 08:01 533078                     /usr/lib/x86_64-linux-gnu/libwayland-client.so.0.2.0
7f945fbcc000-7f945fbce000 r--p 0000a000 08:01 533078                     /usr/lib/x86_64-linux-gnu/libwayland-client.so.0.2.0
7f945fbce000-7f945fbcf000 rw-p 0000c000 08:01 533078                     /usr/lib/x86_64-linux-gnu/libwayland-client.so.0.2.0
7f945fbcf000-7f945fbd4000 r-xp 00000000 08:01 533134                     /usr/lib/x86_64-linux-gnu/libxcb-xfixes.so.0.0.0
7f945fbd4000-7f945fdd4000 ---p 00005000 08:01 533134                     /usr/lib/x86_64-linux-gnu/libxcb-xfixes.so.0.0.0
7f945fdd4000-7f945fdd5000 r--p 00005000 08:01 533134                     /usr/lib/x86_64-linux-gnu/libxcb-xfixes.so.0.0.0
7f945fdd5000-7f945fdd6000 rw-p 00006000 08:01 533134                     /usr/lib/x86_64-linux-gnu/libxcb-xfixes.so.0.0.0
7f945fdd6000-7f945fdfd000 r-xp 00000000 08:01 919129                     /usr/lib/x86_64-linux-gnu/mesa-egl/libEGL.so.1.0.0
7f945fdfd000-7f945fffd000 ---p 00027000 08:01 919129                     /usr/lib/x86_64-linux-gnu/mesa-egl/libEGL.so.1.0.0
7f945fffd000-7f945fffe000 r--p 00027000 08:01 919129                     /usr/lib/x86_64-linux-gnu/mesa-egl/libEGL.so.1.0.0
7f945fffe000-7f945ffff000 rw-p 00028000 08:01 919129                     /usr/lib/x86_64-linux-gnu/mesa-egl/libEGL.so.1.0.0
7f945ffff000-7f9460000000 rw-p 00000000 00:00 0 
7f9460000000-7f9460021000 rw-p 00000000 00:00 0 
7f9460021000-7f9464000000 ---p 00000000 00:00 0 
7f9464000000-7f9464818000 rw-p 00000000 00:00 0 
7f9464818000-7f9468000000 ---p 00000000 00:00 0 
7f9468000000-7f94681e1000 rw-p 00000000 00:00 0 
7f94681e1000-7f946c000000 ---p 00000000 00:00 0 
7f946c000000-7f946c021000 rw-p 00000000 00:00 0 
7f946c021000-7f9470000000 ---p 00000000 00:00 0 
7f9470000000-7f9470001000 rw-s 131939000 00:05 1913                      /dev/dri/card0
7f947014f000-7f94701f4000 r-xp 00000000 08:01 12845846                   /tmp/jogamp_0000/file_cache/jln7000337730136935944/jln5505884049312847376/libjogl_desktop.so
7f94701f4000-7f94703f4000 ---p 000a5000 08:01 12845846                   /tmp/jogamp_0000/file_cache/jln7000337730136935944/jln5505884049312847376/libjogl_desktop.so
7f94703f4000-7f94703f5000 rw-p 000a5000 08:01 12845846                   /tmp/jogamp_0000/file_cache/jln7000337730136935944/jln5505884049312847376/libjogl_desktop.so
7f94703f5000-7f9470400000 r-xp 00000000 08:01 530534                     /usr/lib/x86_64-linux-gnu/libdrm.so.2.4.0
7f9470400000-7f94705ff000 ---p 0000b000 08:01 530534                     /usr/lib/x86_64-linux-gnu/libdrm.so.2.4.0
7f94705ff000-7f9470600000 r--p 0000a000 08:01 530534                     /usr/lib/x86_64-linux-gnu/libdrm.so.2.4.0
7f9470600000-7f9470601000 rw-p 0000b000 08:01 530534                     /usr/lib/x86_64-linux-gnu/libdrm.so.2.4.0
7f9470601000-7f9470602000 r-xp 00000000 08:01 533148                     /usr/lib/x86_64-linux-gnu/libxshmfence.so.1.0.0
7f9470602000-7f9470801000 ---p 00001000 08:01 533148                     /usr/lib/x86_64-linux-gnu/libxshmfence.so.1.0.0
7f9470801000-7f9470802000 r--p 00000000 08:01 533148                     /usr/lib/x86_64-linux-gnu/libxshmfence.so.1.0.0
7f9470802000-7f9470803000 rw-p 00001000 08:01 533148                     /usr/lib/x86_64-linux-gnu/libxshmfence.so.1.0.0
7f9470803000-7f9470808000 r-xp 00000000 08:01 533130                     /usr/lib/x86_64-linux-gnu/libxcb-sync.so.1.0.0
7f9470808000-7f9470a07000 ---p 00005000 08:01 533130                     /usr/lib/x86_64-linux-gnu/libxcb-sync.so.1.0.0
7f9470a07000-7f9470a08000 r--p 00004000 08:01 533130                     /usr/lib/x86_64-linux-gnu/libxcb-sync.so.1.0.0
7f9470a08000-7f9470a09000 rw-p 00005000 08:01 533130                     /usr/lib/x86_64-linux-gnu/libxcb-sync.so.1.0.0
7f9470a09000-7f9470a0b000 r-xp 00000000 08:01 533118                     /usr/lib/x86_64-linux-gnu/libxcb-present.so.0.0.0
7f9470a0b000-7f9470c0a000 ---p 00002000 08:01 533118                     /usr/lib/x86_64-linux-gnu/libxcb-present.so.0.0.0
7f9470c0a000-7f9470c0b000 r--p 00001000 08:01 533118                     /usr/lib/x86_64-linux-gnu/libxcb-present.so.0.0.0
7f9470c0b000-7f9470c0c000 rw-p 00002000 08:01 533118                     /usr/lib/x86_64-linux-gnu/libxcb-present.so.0.0.0
7f9470c0c000-7f9470c0e000 r-xp 00000000 08:01 533108                     /usr/lib/x86_64-linux-gnu/libxcb-dri3.so.0.0.0
7f9470c0e000-7f9470e0d000 ---p 00002000 08:01 533108                     /usr/lib/x86_64-linux-gnu/libxcb-dri3.so.0.0.0
7f9470e0d000-7f9470e0e000 r--p 00001000 08:01 533108                     /usr/lib/x86_64-linux-gnu/libxcb-dri3.so.0.0.0
7f9470e0e000-7f9470e0f000 rw-p 00002000 08:01 533108                     /usr/lib/x86_64-linux-gnu/libxcb-dri3.so.0.0.0
7f9470e0f000-7f9470e12000 r-xp 00000000 08:01 533106                     /usr/lib/x86_64-linux-gnu/libxcb-dri2.so.0.0.0
7f9470e12000-7f9471012000 ---p 00003000 08:01 533106                     /usr/lib/x86_64-linux-gnu/libxcb-dri2.so.0.0.0
7f9471012000-7f9471013000 r--p 00003000 08:01 533106                     /usr/lib/x86_64-linux-gnu/libxcb-dri2.so.0.0.0
7f9471013000-7f9471014000 rw-p 00004000 08:01 533106                     /usr/lib/x86_64-linux-gnu/libxcb-dri2.so.0.0.0
7f9471014000-7f9471029000 r-xp 00000000 08:01 533110                     /usr/lib/x86_64-linux-gnu/libxcb-glx.so.0.0.0
7f9471029000-7f9471228000 ---p 00015000 08:01 533110                     /usr/lib/x86_64-linux-gnu/libxcb-glx.so.0.0.0
7f9471228000-7f947122a000 r--p 00014000 08:01 533110                     /usr/lib/x86_64-linux-gnu/libxcb-glx.so.0.0.0
7f947122a000-7f947122b000 rw-p 00016000 08:01 533110                     /usr/lib/x86_64-linux-gnu/libxcb-glx.so.0.0.0
7f947122b000-7f947122c000 r-xp 00000000 08:01 532064                     /usr/lib/x86_64-linux-gnu/libX11-xcb.so.1.0.0
7f947122c000-7f947142b000 ---p 00001000 08:01 532064                     /usr/lib/x86_64-linux-gnu/libX11-xcb.so.1.0.0
7f947142b000-7f947142c000 r--p 00000000 08:01 532064                     /usr/lib/x86_64-linux-gnu/libX11-xcb.so.1.0.0
7f947142c000-7f947142d000 rw-p 00001000 08:01 532064                     /usr/lib/x86_64-linux-gnu/libX11-xcb.so.1.0.0
7f947142d000-7f947142f000 r-xp 00000000 08:01 532079                     /usr/lib/x86_64-linux-gnu/libXdamage.so.1.1.0
7f947142f000-7f947162e000 ---p 00002000 08:01 532079                     /usr/lib/x86_64-linux-gnu/libXdamage.so.1.1.0
7f947162e000-7f947162f000 r--p 00001000 08:01 532079                     /usr/lib/x86_64-linux-gnu/libXdamage.so.1.1.0
7f947162f000-7f9471630000 rw-p 00002000 08:01 532079                     /usr/lib/x86_64-linux-gnu/libXdamage.so.1.1.0
7f9471630000-7f9471654000 r-xp 00000000 08:01 532457                     /usr/lib/x86_64-linux-gnu/libglapi.so.0.0.0
7f9471654000-7f9471854000 ---p 00024000 08:01 532457                     /usr/lib/x86_64-linux-gnu/libglapi.so.0.0.0
7f9471854000-7f9471857000 r--p 00024000 08:01 532457                     /usr/lib/x86_64-linux-gnu/libglapi.so.0.0.0
7f9471857000-7f9471858000 rw-p 00027000 08:01 532457                     /usr/lib/x86_64-linux-gnu/libglapi.so.0.0.0
7f9471858000-7f9471859000 rw-p 00000000 00:00 0 
7f9471859000-7f94718e5000 r-xp 00000000 08:01 919126                     /usr/lib/x86_64-linux-gnu/mesa/libGL.so.1.2.0
7f94718e5000-7f9471ae4000 ---p 0008c000 08:01 919126                     /usr/lib/x86_64-linux-gnu/mesa/libGL.so.1.2.0
7f9471ae4000-7f9471ae7000 r--p 0008b000 08:01 919126                     /usr/lib/x86_64-linux-gnu/mesa/libGL.so.1.2.0
7f9471ae7000-7f9471ae8000 rw-p 0008e000 08:01 919126                     /usr/lib/x86_64-linux-gnu/mesa/libGL.so.1.2.0
7f9471ae8000-7f9471ae9000 rw-p 00000000 00:00 0 
7f9471ae9000-7f9471af0000 r-xp 00000000 08:01 12845849                   /tmp/jogamp_0000/file_cache/jln7000337730136935944/jln5505884049312847376/libnativewindow_x11.so
7f9471af0000-7f9471cef000 ---p 00007000 08:01 12845849                   /tmp/jogamp_0000/file_cache/jln7000337730136935944/jln5505884049312847376/libnativewindow_x11.so
7f9471cef000-7f9471cf0000 rw-p 00006000 08:01 12845849                   /tmp/jogamp_0000/file_cache/jln7000337730136935944/jln5505884049312847376/libnativewindow_x11.so
7f9471cf0000-7f9471cf4000 r-xp 00000000 08:01 532121                     /usr/lib/x86_64-linux-gnu/libXxf86vm.so.1.0.0
7f9471cf4000-7f9471ef4000 ---p 00004000 08:01 532121                     /usr/lib/x86_64-linux-gnu/libXxf86vm.so.1.0.0
7f9471ef4000-7f9471ef5000 r--p 00004000 08:01 532121                     /usr/lib/x86_64-linux-gnu/libXxf86vm.so.1.0.0
7f9471ef5000-7f9471ef6000 rw-p 00005000 08:01 532121                     /usr/lib/x86_64-linux-gnu/libXxf86vm.so.1.0.0
7f9471ef6000-7f9471ef8000 r-xp 00000000 08:01 12845848                   /tmp/jogamp_0000/file_cache/jln7000337730136935944/jln5505884049312847376/libnativewindow_awt.so
7f9471ef8000-7f94720f7000 ---p 00002000 08:01 12845848                   /tmp/jogamp_0000/file_cache/jln7000337730136935944/jln5505884049312847376/libnativewindow_awt.so
7f94720f7000-7f94720f8000 rw-p 00001000 08:01 12845848                   /tmp/jogamp_0000/file_cache/jln7000337730136935944/jln5505884049312847376/libnativewindow_awt.so
7f94720f8000-7f94720f9000 r-xp 00000000 08:01 5768800                    /usr/lib/jvm/java-7-openjdk-amd64/jre/lib/amd64/libjawt.so
7f94720f9000-7f94722f8000 ---p 00001000 08:01 5768800                    /usr/lib/jvm/java-7-openjdk-amd64/jre/lib/amd64/libjawt.so
7f94722f8000-7f94722f9000 r--p 00000000 08:01 5768800                    /usr/lib/jvm/java-7-openjdk-amd64/jre/lib/amd64/libjawt.so
7f94722f9000-7f94722fa000 rw-p 00001000 08:01 5768800                    /usr/lib/jvm/java-7-openjdk-amd64/jre/lib/amd64/libjawt.so
7f94722fa000-7f94722fc000 r-xp 00000000 08:01 12845845                   /tmp/jogamp_0000/file_cache/jln7000337730136935944/jln5505884049312847376/libgluegen-rt.so
7f94722fc000-7f94724fb000 ---p 00002000 08:01 12845845                   /tmp/jogamp_0000/file_cache/jln7000337730136935944/jln5505884049312847376/libgluegen-rt.so
7f94724fb000-7f94724fc000 rw-p 00001000 08:01 12845845                   /tmp/jogamp_0000/file_cache/jln7000337730136935944/jln5505884049312847376/libgluegen-rt.so
7f94724fc000-7f94724ff000 ---p 00000000 00:00 0 
7f94724ff000-7f94725fd000 rw-p 00000000 00:00 0                          [stack:12217]
7f94725fd000-7f9472600000 ---p 00000000 00:00 0 
7f9472600000-7f94726fe000 rw-p 00000000 00:00 0 
7f94726fe000-7f9472701000 ---p 00000000 00:00 0 
7f9472701000-7f94727ff000 rw-p 00000000 00:00 0                          [stack:12207]
7f94727ff000-7f947280f000 r-xp 00000000 08:01 5768799                    /usr/lib/jvm/java-7-openjdk-amd64/jre/lib/amd64/libnio.so
7f947280f000-7f9472a0f000 ---p 00010000 08:01 5768799                    /usr/lib/jvm/java-7-openjdk-amd64/jre/lib/amd64/libnio.so
7f9472a0f000-7f9472a10000 r--p 00010000 08:01 5768799                    /usr/lib/jvm/java-7-openjdk-amd64/jre/lib/amd64/libnio.so
7f9472a10000-7f9472a11000 rw-p 00011000 08:01 5768799                    /usr/lib/jvm/java-7-openjdk-amd64/jre/lib/amd64/libnio.so
7f9472a11000-7f9472a63000 r-xp 00000000 08:01 5768803                    /usr/lib/jvm/java-7-openjdk-amd64/jre/lib/amd64/libfontmanager.so
7f9472a63000-7f9472c62000 ---p 00052000 08:01 5768803                    /usr/lib/jvm/java-7-openjdk-amd64/jre/lib/amd64/libfontmanager.so
7f9472c62000-7f9472c65000 r--p 00051000 08:01 5768803                    /usr/lib/jvm/java-7-openjdk-amd64/jre/lib/amd64/libfontmanager.so
7f9472c65000-7f9472c66000 rw-p 00054000 08:01 5768803                    /usr/lib/jvm/java-7-openjdk-amd64/jre/lib/amd64/libfontmanager.so
7f9472c66000-7f9472c69000 ---p 00000000 00:00 0 
7f9472c69000-7f9472d67000 rw-p 00000000 00:00 0                          [stack:12205]
7f9472d67000-7f9472d6a000 ---p 00000000 00:00 0 
7f9472d6a000-7f9472e68000 rw-p 00000000 00:00 0                          [stack:12204]
7f9472e68000-7f9472e6b000 ---p 00000000 00:00 0 
7f9472e6b000-7f9472f69000 rw-p 00000000 00:00 0                          [stack:12203]
7f9472f69000-7f9472f6c000 ---p 00000000 00:00 0 
7f9472f6c000-7f947306a000 rw-p 00000000 00:00 0                          [stack:12201]
7f947306a000-7f947306f000 r-xp 00000000 08:01 527015                     /usr/lib/x86_64-linux-gnu/libXfixes.so.3.1.0
7f947306f000-7f947326e000 ---p 00005000 08:01 527015                     /usr/lib/x86_64-linux-gnu/libXfixes.so.3.1.0
7f947326e000-7f947326f000 r--p 00004000 08:01 527015                     /usr/lib/x86_64-linux-gnu/libXfixes.so.3.1.0
7f947326f000-7f9473270000 rw-p 00005000 08:01 527015                     /usr/lib/x86_64-linux-gnu/libXfixes.so.3.1.0
7f9473270000-7f9473279000 r-xp 00000000 08:01 532077                     /usr/lib/x86_64-linux-gnu/libXcursor.so.1.0.2
7f9473279000-7f9473478000 ---p 00009000 08:01 532077                     /usr/lib/x86_64-linux-gnu/libXcursor.so.1.0.2
7f9473478000-7f9473479000 r--p 00008000 08:01 532077                     /usr/lib/x86_64-linux-gnu/libXcursor.so.1.0.2
7f9473479000-7f947347a000 rw-p 00009000 08:01 532077                     /usr/lib/x86_64-linux-gnu/libXcursor.so.1.0.2
7f947347a000-7f947347d000 ---p 00000000 00:00 0 
7f947347d000-7f947357b000 rw-p 00000000 00:00 0                          [stack:12200]
7f947357b000-7f9473592000 r-xp 00000000 08:01 5768826                    /usr/lib/jvm/java-7-openjdk-amd64/jre/lib/amd64/libnet.so
7f9473592000-7f9473791000 ---p 00017000 08:01 5768826                    /usr/lib/jvm/java-7-openjdk-amd64/jre/lib/amd64/libnet.so
7f9473791000-7f9473792000 r--p 00016000 08:01 5768826                    /usr/lib/jvm/java-7-openjdk-amd64/jre/lib/amd64/libnet.so
7f9473792000-7f9473793000 rw-p 00017000 08:01 5768826                    /usr/lib/jvm/java-7-openjdk-amd64/jre/lib/amd64/libnet.so
7f9473793000-7f9473797000 r-xp 00000000 08:01 15732704                   /lib/x86_64-linux-gnu/libgpg-error.so.0.10.0
7f9473797000-7f9473996000 ---p 00004000 08:01 15732704                   /lib/x86_64-linux-gnu/libgpg-error.so.0.10.0
7f9473996000-7f9473997000 r--p 00003000 08:01 15732704                   /lib/x86_64-linux-gnu/libgpg-error.so.0.10.0
7f9473997000-7f9473998000 rw-p 00004000 08:01 15732704                   /lib/x86_64-linux-gnu/libgpg-error.so.0.10.0
7f9473998000-7f947399a000 r-xp 00000000 08:01 15732714                   /lib/x86_64-linux-gnu/libkeyutils.so.1.4
7f947399a000-7f9473b9a000 ---p 00002000 08:01 15732714                   /lib/x86_64-linux-gnu/libkeyutils.so.1.4
7f9473b9a000-7f9473b9b000 r--p 00002000 08:01 15732714                   /lib/x86_64-linux-gnu/libkeyutils.so.1.4
7f9473b9b000-7f9473b9c000 rw-p 00003000 08:01 15732714                   /lib/x86_64-linux-gnu/libkeyutils.so.1.4
7f9473b9c000-7f9473bd9000 r-xp 00000000 08:01 15728745                   /lib/x86_64-linux-gnu/libpcre.so.3.13.1
7f9473bd9000-7f9473dd8000 ---p 0003d000 08:01 15728745                   /lib/x86_64-linux-gnu/libpcre.so.3.13.1
7f9473dd8000-7f9473dd9000 r--p 0003c000 08:01 15728745                   /lib/x86_64-linux-gnu/libpcre.so.3.13.1
7f9473dd9000-7f9473dda000 rw-p 0003d000 08:01 15728745                   /lib/x86_64-linux-gnu/libpcre.so.3.13.1
7f9473dda000-7f9473dff000 r-xp 00000000 08:01 15732786                   /lib/x86_64-linux-gnu/libpng12.so.0.50.0
7f9473dff000-7f9473ffe000 ---p 00025000 08:01 15732786                   /lib/x86_64-linux-gnu/libpng12.so.0.50.0
7f9473ffe000-7f9473fff000 r--p 00024000 08:01 15732786                   /lib/x86_64-linux-gnu/libpng12.so.0.50.0
7f9473fff000-7f9474000000 rw-p 00025000 08:01 15732786                   /lib/x86_64-linux-gnu/libpng12.so.0.50.0
7f9474000000-7f947487c000 rw-p 00000000 00:00 0 
7f947487c000-7f9478000000 ---p 00000000 00:00 0 
7f9478000000-7f9478021000 rw-p 00000000 00:00 0 
7f9478021000-7f947c000000 ---p 00000000 00:00 0 
7f947c000000-7f947c021000 rw-p 00000000 00:00 0 
7f947c021000-7f9480000000 ---p 00000000 00:00 0 
7f9480000000-7f9480783000 rw-p 00000000 00:00 0 
7f9480783000-7f9484000000 ---p 00000000 00:00 0 
7f9484000000-7f9484021000 rw-p 00000000 00:00 0 
7f9484021000-7f9488000000 ---p 00000000 00:00 0 
7f9488000000-7f9488021000 rw-p 00000000 00:00 0 
7f9488021000-7f948c000000 ---p 00000000 00:00 0 
7f948c000000-7f948c061000 rw-p 00000000 00:00 0 
7f948c061000-7f9490000000 ---p 00000000 00:00 0 
7f9490073000-7f9490074000 rw-p 00000000 00:00 0 
7f9490074000-7f9490075000 rw-s 12fa9b000 00:05 1913                      /dev/dri/card0
7f9490075000-7f9490076000 rw-s 11d430000 00:05 1913                      /dev/dri/card0
7f9490076000-7f9490077000 rw-s 134397000 00:05 1913                      /dev/dri/card0
7f9490077000-7f9490078000 rw-s 10df1c000 00:05 1913                      /dev/dri/card0
7f9490078000-7f9490079000 rw-s 11d447000 00:05 1913                      /dev/dri/card0
7f9490079000-7f949007a000 rw-s 1343b8000 00:05 1913                      /dev/dri/card0
7f949007a000-7f949007b000 rw-s 1343b7000 00:05 1913                      /dev/dri/card0
7f949007b000-7f949007c000 rw-s 11d446000 00:05 1913                      /dev/dri/card0
7f949007c000-7f949007d000 rw-s 1343b6000 00:05 1913                      /dev/dri/card0
7f949007d000-7f949007e000 rw-s 1343b5000 00:05 1913                      /dev/dri/card0
7f949007e000-7f949007f000 rw-s 1343b4000 00:05 1913                      /dev/dri/card0
7f949007f000-7f9490080000 rw-s 12fa9a000 00:05 1913                      /dev/dri/card0
7f9490080000-7f9490081000 rw-s 1343b3000 00:05 1913                      /dev/dri/card0
7f9490081000-7f9490082000 rw-s 11d43a000 00:05 1913                      /dev/dri/card0
7f9490082000-7f9490083000 rw-s 11d439000 00:05 1913                      /dev/dri/card0
7f9490083000-7f9490084000 rw-s 11d438000 00:05 1913                      /dev/dri/card0
7f9490084000-7f9490085000 rw-s 11d437000 00:05 1913                      /dev/dri/card0
7f9490085000-7f9490086000 rw-s 10dd3f000 00:05 1913                      /dev/dri/card0
7f9490086000-7f9490087000 rw-s 10dd3e000 00:05 1913                      /dev/dri/card0
7f9490087000-7f9490088000 rw-s 11d435000 00:05 1913                      /dev/dri/card0
7f9490088000-7f9490089000 rw-s 11ab1f000 00:05 1913                      /dev/dri/card0
7f9490089000-7f949008a000 rw-s 1343af000 00:05 1913                      /dev/dri/card0
7f949008a000-7f949008b000 rw-s 11d434000 00:05 1913                      /dev/dri/card0
7f949008b000-7f949008c000 rw-s 11d433000 00:05 1913                      /dev/dri/card0
7f949008c000-7f949009c000 rw-s 130326000 00:05 1913                      /dev/dri/card0
7f949009c000-7f94900ac000 rw-s 130313000 00:05 1913                      /dev/dri/card0
7f94900ac000-7f94900f0000 r-xp 00000000 08:01 15732685                   /lib/x86_64-linux-gnu/libdbus-1.so.3.7.6
7f94900f0000-7f94902ef000 ---p 00044000 08:01 15732685                   /lib/x86_64-linux-gnu/libdbus-1.so.3.7.6
7f94902ef000-7f94902f0000 r--p 00043000 08:01 15732685                   /lib/x86_64-linux-gnu/libdbus-1.so.3.7.6
7f94902f0000-7f94902f1000 rw-p 00044000 08:01 15732685                   /lib/x86_64-linux-gnu/libdbus-1.so.3.7.6
7f94902f1000-7f949032c000 r-xp 00000000 08:01 532797                     /usr/lib/x86_64-linux-gnu/libp11-kit.so.0.0.0
7f949032c000-7f949052b000 ---p 0003b000 08:01 532797                     /usr/lib/x86_64-linux-gnu/libp11-kit.so.0.0.0
7f949052b000-7f9490531000 r--p 0003a000 08:01 532797                     /usr/lib/x86_64-linux-gnu/libp11-kit.so.0.0.0
7f9490531000-7f9490533000 rw-p 00040000 08:01 532797                     /usr/lib/x86_64-linux-gnu/libp11-kit.so.0.0.0
7f9490533000-7f9490545000 r-xp 00000000 08:01 526101                     /usr/lib/x86_64-linux-gnu/libtasn1.so.6.2.0
7f9490545000-7f9490745000 ---p 00012000 08:01 526101                     /usr/lib/x86_64-linux-gnu/libtasn1.so.6.2.0
7f9490745000-7f9490746000 r--p 00012000 08:01 526101                     /usr/lib/x86_64-linux-gnu/libtasn1.so.6.2.0
7f9490746000-7f9490747000 rw-p 00013000 08:01 526101                     /usr/lib/x86_64-linux-gnu/libtasn1.so.6.2.0
7f9490747000-7f94907c3000 r-xp 00000000 08:01 15732984                   /lib/x86_64-linux-gnu/libgcrypt.so.11.8.2
7f94907c3000-7f94909c3000 ---p 0007c000 08:01 15732984                   /lib/x86_64-linux-gnu/libgcrypt.so.11.8.2
7f94909c3000-7f94909c4000 r--p 0007c000 08:01 15732984                   /lib/x86_64-linux-gnu/libgcrypt.so.11.8.2
7f94909c4000-7f94909c7000 rw-p 0007d000 08:01 15732984                   /lib/x86_64-linux-gnu/libgcrypt.so.11.8.2
7f94909c7000-7f94909d1000 r-xp 00000000 08:01 532680                     /usr/lib/x86_64-linux-gnu/libkrb5support.so.0.1
7f94909d1000-7f9490bd0000 ---p 0000a000 08:01 532680                     /usr/lib/x86_64-linux-gnu/libkrb5support.so.0.1
7f9490bd0000-7f9490bd1000 r--p 00009000 08:01 532680                     /usr/lib/x86_64-linux-gnu/libkrb5support.so.0.1
7f9490bd1000-7f9490bd2000 rw-p 0000a000 08:01 532680                     /usr/lib/x86_64-linux-gnu/libkrb5support.so.0.1
7f9490bd2000-7f9490bd5000 r-xp 00000000 08:01 15732977                   /lib/x86_64-linux-gnu/libcom_err.so.2.1
7f9490bd5000-7f9490dd4000 ---p 00003000 08:01 15732977                   /lib/x86_64-linux-gnu/libcom_err.so.2.1
7f9490dd4000-7f9490dd5000 r--p 00002000 08:01 15732977                   /lib/x86_64-linux-gnu/libcom_err.so.2.1
7f9490dd5000-7f9490dd6000 rw-p 00003000 08:01 15732977                   /lib/x86_64-linux-gnu/libcom_err.so.2.1
7f9490dd6000-7f9490e02000 r-xp 00000000 08:01 532674                     /usr/lib/x86_64-linux-gnu/libk5crypto.so.3.1
7f9490e02000-7f9491001000 ---p 0002c000 08:01 532674                     /usr/lib/x86_64-linux-gnu/libk5crypto.so.3.1
7f9491001000-7f9491003000 r--p 0002b000 08:01 532674                     /usr/lib/x86_64-linux-gnu/libk5crypto.so.3.1
7f9491003000-7f9491004000 rw-p 0002d000 08:01 532674                     /usr/lib/x86_64-linux-gnu/libk5crypto.so.3.1
7f9491004000-7f9491005000 rw-p 00000000 00:00 0 
7f9491005000-7f94910c1000 r-xp 00000000 08:01 532678                     /usr/lib/x86_64-linux-gnu/libkrb5.so.3.3
7f94910c1000-7f94912c1000 ---p 000bc000 08:01 532678                     /usr/lib/x86_64-linux-gnu/libkrb5.so.3.3
7f94912c1000-7f94912ce000 r--p 000bc000 08:01 532678                     /usr/lib/x86_64-linux-gnu/libkrb5.so.3.3
7f94912ce000-7f94912d0000 rw-p 000c9000 08:01 532678                     /usr/lib/x86_64-linux-gnu/libkrb5.so.3.3
7f94912d0000-7f94912d5000 r-xp 00000000 08:01 532081                     /usr/lib/x86_64-linux-gnu/libXdmcp.so.6.0.0
7f94912d5000-7f94914d4000 ---p 00005000 08:01 532081                     /usr/lib/x86_64-linux-gnu/libXdmcp.so.6.0.0
7f94914d4000-7f94914d5000 r--p 00004000 08:01 532081                     /usr/lib/x86_64-linux-gnu/libXdmcp.so.6.0.0
7f94914d5000-7f94914d6000 rw-p 00005000 08:01 532081                     /usr/lib/x86_64-linux-gnu/libXdmcp.so.6.0.0
7f94914d6000-7f94914d8000 r-xp 00000000 08:01 532070                     /usr/lib/x86_64-linux-gnu/libXau.so.6.0.0
7f94914d8000-7f94916d8000 ---p 00002000 08:01 532070                     /usr/lib/x86_64-linux-gnu/libXau.so.6.0.0
7f94916d8000-7f94916d9000 r--p 00002000 08:01 532070                     /usr/lib/x86_64-linux-gnu/libXau.so.6.0.0
7f94916d9000-7f94916da000 rw-p 00003000 08:01 532070                     /usr/lib/x86_64-linux-gnu/libXau.so.6.0.0
7f94916da000-7f94916f1000 r-xp 00000000 08:01 15728645                   /lib/x86_64-linux-gnu/libresolv-2.19.so
7f94916f1000-7f94918f1000 ---p 00017000 08:01 15728645                   /lib/x86_64-linux-gnu/libresolv-2.19.so
7f94918f1000-7f94918f2000 r--p 00017000 08:01 15728645                   /lib/x86_64-linux-gnu/libresolv-2.19.so
7f94918f2000-7f94918f3000 rw-p 00018000 08:01 15728645                   /lib/x86_64-linux-gnu/libresolv-2.19.so
7f94918f3000-7f94918f5000 rw-p 00000000 00:00 0 
7f94918f5000-7f9491915000 r-xp 00000000 08:01 15732801                   /lib/x86_64-linux-gnu/libselinux.so.1
7f9491915000-7f9491b14000 ---p 00020000 08:01 15732801                   /lib/x86_64-linux-gnu/libselinux.so.1
7f9491b14000-7f9491b15000 r--p 0001f000 08:01 15732801                   /lib/x86_64-linux-gnu/libselinux.so.1
7f9491b15000-7f9491b16000 rw-p 00020000 08:01 15732801                   /lib/x86_64-linux-gnu/libselinux.so.1
7f9491b16000-7f9491b18000 rw-p 00000000 00:00 0 
7f9491b18000-7f9491c1e000 r-xp 00000000 08:01 15732702                   /lib/x86_64-linux-gnu/libglib-2.0.so.0.4002.0
7f9491c1e000-7f9491e1d000 ---p 00106000 08:01 15732702                   /lib/x86_64-linux-gnu/libglib-2.0.so.0.4002.0
7f9491e1d000-7f9491e1e000 r--p 00105000 08:01 15732702                   /lib/x86_64-linux-gnu/libglib-2.0.so.0.4002.0
7f9491e1e000-7f9491e1f000 rw-p 00106000 08:01 15732702                   /lib/x86_64-linux-gnu/libglib-2.0.so.0.4002.0
7f9491e1f000-7f9494000000 rw-p 00000000 00:00 0 
7f9494000000-7f9494021000 rw-p 00000000 00:00 0 
7f9494021000-7f9498000000 ---p 00000000 00:00 0 
7f9498000000-7f9498001000 rw-s 13172b000 00:05 1913                      /dev/dri/card0
7f9498001000-7f9498002000 rw-s 11d432000 00:05 1913                      /dev/dri/card0
7f9498002000-7f9498003000 rw-s 11d431000 00:05 1913                      /dev/dri/card0
7f9498003000-7f949800a000 r-xp 00000000 08:01 532352                     /usr/lib/x86_64-linux-gnu/libffi.so.6.0.1
7f949800a000-7f9498209000 ---p 00007000 08:01 532352                     /usr/lib/x86_64-linux-gnu/libffi.so.6.0.1
7f9498209000-7f949820a000 r--p 00006000 08:01 532352                     /usr/lib/x86_64-linux-gnu/libffi.so.6.0.1
7f949820a000-7f949820b000 rw-p 00007000 08:01 532352                     /usr/lib/x86_64-linux-gnu/libffi.so.6.0.1
7f949820b000-7f949820e000 r-xp 00000000 08:01 532465                     /usr/lib/x86_64-linux-gnu/libgmodule-2.0.so.0.4002.0
7f949820e000-7f949840d000 ---p 00003000 08:01 532465                     /usr/lib/x86_64-linux-gnu/libgmodule-2.0.so.0.4002.0
7f949840d000-7f949840e000 r--p 00002000 08:01 532465                     /usr/lib/x86_64-linux-gnu/libgmodule-2.0.so.0.4002.0
7f949840e000-7f949840f000 rw-p 00003000 08:01 532465                     /usr/lib/x86_64-linux-gnu/libgmodule-2.0.so.0.4002.0
7f949840f000-7f9498436000 r-xp 00000000 08:01 15732693                   /lib/x86_64-linux-gnu/libexpat.so.1.6.0
7f9498436000-7f9498636000 ---p 00027000 08:01 15732693                   /lib/x86_64-linux-gnu/libexpat.so.1.6.0
7f9498636000-7f9498638000 r--p 00027000 08:01 15732693                   /lib/x86_64-linux-gnu/libexpat.so.1.6.0
7f9498638000-7f9498639000 rw-p 00029000 08:01 15732693                   /lib/x86_64-linux-gnu/libexpat.so.1.6.0
7f9498639000-7f94986d6000 r-xp 00000000 08:01 527024                     /usr/lib/x86_64-linux-gnu/libfreetype.so.6.11.1
7f94986d6000-7f94988d5000 ---p 0009d000 08:01 527024                     /usr/lib/x86_64-linux-gnu/libfreetype.so.6.11.1
7f94988d5000-7f94988db000 r--p 0009c000 08:01 527024                     /usr/lib/x86_64-linux-gnu/libfreetype.so.6.11.1
7f94988db000-7f94988dc000 rw-p 000a2000 08:01 527024                     /usr/lib/x86_64-linux-gnu/libfreetype.so.6.11.1
7f94988dc000-7f94988eb000 r-xp 00000000 08:01 532174                     /usr/lib/x86_64-linux-gnu/libavahi-client.so.3.2.9
7f94988eb000-7f9498aeb000 ---p 0000f000 08:01 532174                     /usr/lib/x86_64-linux-gnu/libavahi-client.so.3.2.9
7f9498aeb000-7f9498aec000 r--p 0000f000 08:01 532174                     /usr/lib/x86_64-linux-gnu/libavahi-client.so.3.2.9
7f9498aec000-7f9498aed000 rw-p 00010000 08:01 532174                     /usr/lib/x86_64-linux-gnu/libavahi-client.so.3.2.9
7f9498aed000-7f9498af8000 r-xp 00000000 08:01 532176                     /usr/lib/x86_64-linux-gnu/libavahi-common.so.3.5.3
7f9498af8000-7f9498cf7000 ---p 0000b000 08:01 532176                     /usr/lib/x86_64-linux-gnu/libavahi-common.so.3.5.3
7f9498cf7000-7f9498cf8000 r--p 0000a000 08:01 532176                     /usr/lib/x86_64-linux-gnu/libavahi-common.so.3.5.3
7f9498cf8000-7f9498cf9000 rw-p 0000b000 08:01 532176                     /usr/lib/x86_64-linux-gnu/libavahi-common.so.3.5.3
7f9498cf9000-7f9498daf000 r-xp 00000000 08:01 526935                     /usr/lib/x86_64-linux-gnu/libgnutls.so.26.22.6
7f9498daf000-7f9498faf000 ---p 000b6000 08:01 526935                     /usr/lib/x86_64-linux-gnu/libgnutls.so.26.22.6
7f9498faf000-7f9498fb5000 r--p 000b6000 08:01 526935                     /usr/lib/x86_64-linux-gnu/libgnutls.so.26.22.6
7f9498fb5000-7f9498fb6000 rw-p 000bc000 08:01 526935                     /usr/lib/x86_64-linux-gnu/libgnutls.so.26.22.6
7f9498fb6000-7f9498fb7000 rw-p 00000000 00:00 0 
7f9498fb7000-7f9498ffa000 r-xp 00000000 08:01 532508                     /usr/lib/x86_64-linux-gnu/libgssapi_krb5.so.2.2
7f9498ffa000-7f94991fa000 ---p 00043000 08:01 532508                     /usr/lib/x86_64-linux-gnu/libgssapi_krb5.so.2.2
7f94991fa000-7f94991fb000 r--p 00043000 08:01 532508                     /usr/lib/x86_64-linux-gnu/libgssapi_krb5.so.2.2
7f94991fb000-7f94991fd000 rw-p 00044000 08:01 532508                     /usr/lib/x86_64-linux-gnu/libgssapi_krb5.so.2.2
7f94991fd000-7f949921a000 r-xp 00000000 08:01 533138                     /usr/lib/x86_64-linux-gnu/libxcb.so.1.1.0
7f949921a000-7f949941a000 ---p 0001d000 08:01 533138                     /usr/lib/x86_64-linux-gnu/libxcb.so.1.1.0
7f949941a000-7f949941b000 r--p 0001d000 08:01 533138                     /usr/lib/x86_64-linux-gnu/libxcb.so.1.1.0
7f949941b000-7f949941c000 rw-p 0001e000 08:01 533138                     /usr/lib/x86_64-linux-gnu/libxcb.so.1.1.0
7f949941c000-7f949946b000 r-xp 00000000 08:01 532481                     /usr/lib/x86_64-linux-gnu/libgobject-2.0.so.0.4002.0
7f949946b000-7f949966b000 ---p 0004f000 08:01 532481                     /usr/lib/x86_64-linux-gnu/libgobject-2.0.so.0.4002.0
7f949966b000-7f949966c000 r--p 0004f000 08:01 532481                     /usr/lib/x86_64-linux-gnu/libgobject-2.0.so.0.4002.0
7f949966c000-7f949966d000 rw-p 00050000 08:01 532481                     /usr/lib/x86_64-linux-gnu/libgobject-2.0.so.0.4002.0
7f949966d000-7f94997d9000 r-xp 00000000 08:01 532453                     /usr/lib/x86_64-linux-gnu/libgio-2.0.so.0.4002.0
7f94997d9000-7f94999d8000 ---p 0016c000 08:01 532453                     /usr/lib/x86_64-linux-gnu/libgio-2.0.so.0.4002.0
7f94999d8000-7f94999dc000 r--p 0016b000 08:01 532453                     /usr/lib/x86_64-linux-gnu/libgio-2.0.so.0.4002.0
7f94999dc000-7f94999de000 rw-p 0016f000 08:01 532453                     /usr/lib/x86_64-linux-gnu/libgio-2.0.so.0.4002.0
7f94999de000-7f94999e0000 rw-p 00000000 00:00 0 
7f94999e0000-7f9499a1a000 r-xp 00000000 08:01 532366                     /usr/lib/x86_64-linux-gnu/libfontconfig.so.1.8.0
7f9499a1a000-7f9499c19000 ---p 0003a000 08:01 532366                     /usr/lib/x86_64-linux-gnu/libfontconfig.so.1.8.0
7f9499c19000-7f9499c1b000 r--p 00039000 08:01 532366                     /usr/lib/x86_64-linux-gnu/libfontconfig.so.1.8.0
7f9499c1b000-7f9499c1c000 rw-p 0003b000 08:01 532366                     /usr/lib/x86_64-linux-gnu/libfontconfig.so.1.8.0
7f9499c1c000-7f9499c88000 r-xp 00000000 08:01 524410                     /usr/lib/x86_64-linux-gnu/libcups.so.2
7f9499c88000-7f9499e88000 ---p 0006c000 08:01 524410                     /usr/lib/x86_64-linux-gnu/libcups.so.2
7f9499e88000-7f9499e8f000 r--p 0006c000 08:01 524410                     /usr/lib/x86_64-linux-gnu/libcups.so.2
7f9499e8f000-7f9499e90000 rw-p 00073000 08:01 524410                     /usr/lib/x86_64-linux-gnu/libcups.so.2
7f9499e90000-7f9499e9f000 r-xp 00000000 08:01 527017                     /usr/lib/x86_64-linux-gnu/libXi.so.6.1.0
7f9499e9f000-7f949a09e000 ---p 0000f000 08:01 527017                     /usr/lib/x86_64-linux-gnu/libXi.so.6.1.0
7f949a09e000-7f949a09f000 r--p 0000e000 08:01 527017                     /usr/lib/x86_64-linux-gnu/libXi.so.6.1.0
7f949a09f000-7f949a0a0000 rw-p 0000f000 08:01 527017                     /usr/lib/x86_64-linux-gnu/libXi.so.6.1.0
7f949a0a0000-7f949a0a5000 r-xp 00000000 08:01 532111                     /usr/lib/x86_64-linux-gnu/libXtst.so.6.1.0
7f949a0a5000-7f949a2a4000 ---p 00005000 08:01 532111                     /usr/lib/x86_64-linux-gnu/libXtst.so.6.1.0
7f949a2a4000-7f949a2a5000 r--p 00004000 08:01 532111                     /usr/lib/x86_64-linux-gnu/libXtst.so.6.1.0
7f949a2a5000-7f949a2a6000 rw-p 00005000 08:01 532111                     /usr/lib/x86_64-linux-gnu/libXtst.so.6.1.0
7f949a2a6000-7f949a2af000 r-xp 00000000 08:01 527019                     /usr/lib/x86_64-linux-gnu/libXrender.so.1.3.0
7f949a2af000-7f949a4ae000 ---p 00009000 08:01 527019                     /usr/lib/x86_64-linux-gnu/libXrender.so.1.3.0
7f949a4ae000-7f949a4af000 r--p 00008000 08:01 527019                     /usr/lib/x86_64-linux-gnu/libXrender.so.1.3.0
7f949a4af000-7f949a4b0000 rw-p 00009000 08:01 527019                     /usr/lib/x86_64-linux-gnu/libXrender.so.1.3.0
7f949a4b0000-7f949a5e0000 r-xp 00000000 08:01 532066                     /usr/lib/x86_64-linux-gnu/libX11.so.6.3.0
7f949a5e0000-7f949a7e0000 ---p 00130000 08:01 532066                     /usr/lib/x86_64-linux-gnu/libX11.so.6.3.0
7f949a7e0000-7f949a7e1000 r--p 00130000 08:01 532066                     /usr/lib/x86_64-linux-gnu/libX11.so.6.3.0
7f949a7e1000-7f949a7e5000 rw-p 00131000 08:01 532066                     /usr/lib/x86_64-linux-gnu/libX11.so.6.3.0
7f949a7e5000-7f949a7f6000 r-xp 00000000 08:01 526957                     /usr/lib/x86_64-linux-gnu/libXext.so.6.4.0
7f949a7f6000-7f949a9f5000 ---p 00011000 08:01 526957                     /usr/lib/x86_64-linux-gnu/libXext.so.6.4.0
7f949a9f5000-7f949a9f6000 r--p 00010000 08:01 526957                     /usr/lib/x86_64-linux-gnu/libXext.so.6.4.0
7f949a9f6000-7f949a9f7000 rw-p 00011000 08:01 526957                     /usr/lib/x86_64-linux-gnu/libXext.so.6.4.0
7f949a9f7000-7f949aa3f000 r-xp 00000000 08:01 5768962                    /usr/lib/jvm/java-7-openjdk-amd64/jre/lib/amd64/xawt/libmawt.so
7f949aa3f000-7f949ac3e000 ---p 00048000 08:01 5768962                    /usr/lib/jvm/java-7-openjdk-amd64/jre/lib/amd64/xawt/libmawt.so
7f949ac3e000-7f949ac3f000 r--p 00047000 08:01 5768962                    /usr/lib/jvm/java-7-openjdk-amd64/jre/lib/amd64/xawt/libmawt.so
7f949ac3f000-7f949ac42000 rw-p 00048000 08:01 5768962                    /usr/lib/jvm/java-7-openjdk-amd64/jre/lib/amd64/xawt/libmawt.so
7f949ac42000-7f949ac43000 rw-p 00000000 00:00 0 
7f949ac43000-7f949ace3000 r-xp 00000000 08:01 5768744                    /usr/lib/jvm/java-7-openjdk-amd64/jre/lib/amd64/libawt.so
7f949ace3000-7f949aee3000 ---p 000a0000 08:01 5768744                    /usr/lib/jvm/java-7-openjdk-amd64/jre/lib/amd64/libawt.so
7f949aee3000-7f949aee4000 r--p 000a0000 08:01 5768744                    /usr/lib/jvm/java-7-openjdk-amd64/jre/lib/amd64/libawt.so
7f949aee4000-7f949aeef000 rw-p 000a1000 08:01 5768744                    /usr/lib/jvm/java-7-openjdk-amd64/jre/lib/amd64/libawt.so
7f949aeef000-7f949af14000 rw-p 00000000 00:00 0 
7f949af14000-7f949af15000 ---p 00000000 00:00 0 
7f949af15000-7f949b015000 rw-p 00000000 00:00 0                          [stack:12199]
7f949b015000-7f949b018000 ---p 00000000 00:00 0 
7f949b018000-7f949b116000 rw-p 00000000 00:00 0                          [stack:12198]
7f949b116000-7f949b119000 ---p 00000000 00:00 0 
7f949b119000-7f949b217000 rw-p 00000000 00:00 0                          [stack:12197]
7f949b217000-7f949b21a000 ---p 00000000 00:00 0 
7f949b21a000-7f949b318000 rw-p 00000000 00:00 0                          [stack:12196]
7f949b318000-7f949b31b000 ---p 00000000 00:00 0 
7f949b31b000-7f949b419000 rw-p 00000000 00:00 0                          [stack:12195]
7f949b419000-7f949bafb000 r--p 00000000 08:01 531074                     /usr/lib/locale/locale-archive
7f949bafb000-7f949bafe000 ---p 00000000 00:00 0 
7f949bafe000-7f949bbfc000 rw-p 00000000 00:00 0                          [stack:12194]
7f949bbfc000-7f949bbff000 ---p 00000000 00:00 0 
7f949bbff000-7f949bcfd000 rw-p 00000000 00:00 0                          [stack:12193]
7f949bcfd000-7f949bcfe000 ---p 00000000 00:00 0 
7f949bcfe000-7f949c000000 rw-p 00000000 00:00 0                          [stack:12192]
7f949c000000-7f949c077000 rw-p 00000000 00:00 0 
7f949c077000-7f94a0000000 ---p 00000000 00:00 0 
7f94a0000000-7f94a0001000 rw-s 13172a000 00:05 1913                      /dev/dri/card0
7f94a0001000-7f94a0002000 rw-s 10dd3d000 00:05 1913                      /dev/dri/card0
7f94a0002000-7f94a0003000 rw-s 1343ad000 00:05 1913                      /dev/dri/card0
7f94a0003000-7f94a0004000 rw-s 130337000 00:05 1913                      /dev/dri/card0
7f94a0004000-7f94a0005000 rw-s 130336000 00:05 1913                      /dev/dri/card0
7f94a0005000-7f94a0006000 rw-s 130325000 00:05 1913                      /dev/dri/card0
7f94a0006000-7f94a0007000 rw-s 130324000 00:05 1913                      /dev/dri/card0
7f94a0007000-7f94a0008000 rw-s 130323000 00:05 1913                      /dev/dri/card0
7f94a0008000-7f94a0018000 rw-s 12fb3d000 00:05 1913                      /dev/dri/card0
7f94a0018000-7f94a0028000 rw-s 11a21d000 00:05 1913                      /dev/dri/card0
7f94a0028000-7f94a0038000 rw-s 11a20d000 00:05 1913                      /dev/dri/card0
7f94a0038000-7f94a0039000 rwxp 00000000 00:00 0 
7f94a0039000-7f94a0049000 rw-s 12f7b5000 00:05 1913                      /dev/dri/card0
7f94a0049000-7f94a0059000 rw-s 12f7a5000 00:05 1913                      /dev/dri/card0
7f94a0059000-7f94a005c000 ---p 00000000 00:00 0 
7f94a005c000-7f94a0092000 rw-p 00000000 00:00 0 
7f94a0092000-7f94a0097000 r--s 0004d000 08:01 2105410                    /usr/lib/jvm/java-7-openjdk-amd64/jre/lib/jsse.jar
7f94a0097000-7f94a00a1000 r--s 000ae000 08:01 2105406                    /usr/lib/jvm/java-7-openjdk-amd64/jre/lib/resources.jar
7f94a00a1000-7f94a00d2000 rw-p 00000000 00:00 0 
7f94a00d2000-7f94a00f5000 r--s 002ec000 08:01 1994511                    /home/hannan/workspace/UCSDUnfoldingMaps/lib/jogl-all.jar
7f94a00f5000-7f94a0887000 rw-p 00000000 00:00 0 
7f94a0887000-7f94a0a38000 r--s 01d27000 08:01 2105407                    /usr/lib/jvm/java-7-openjdk-amd64/jre/lib/rt.jar
7f94a0a38000-7f94a0ccc000 rw-p 00000000 00:00 0 
7f94a0ccc000-7f94a0ccd000 ---p 00000000 00:00 0 
7f94a0ccd000-7f94a0dcd000 rw-p 00000000 00:00 0                          [stack:12191]
7f94a0dcd000-7f94a0dce000 ---p 00000000 00:00 0 
7f94a0dce000-7f94a0ee1000 rw-p 00000000 00:00 0                          [stack:12190]
7f94a0ee1000-7f94a1000000 rw-p 00000000 00:00 0 
7f94a1000000-7f94a1290000 rwxp 00000000 00:00 0 
7f94a1290000-7f94a4329000 rw-p 00000000 00:00 0 
7f94a4329000-7f94a8000000 ---p 00000000 00:00 0 
7f94a8000000-7f94a8001000 r--s 0002f000 08:01 1994494                    /home/hannan/workspace/UCSDUnfoldingMaps/lib/jogl-all-natives-linux-amd64.jar
7f94a8001000-7f94a8003000 r--s 00000000 08:01 1994512                    /home/hannan/workspace/UCSDUnfoldingMaps/lib/gluegen-rt-natives-linux-amd64.jar
7f94a8003000-7f94a8004000 r--p 00000000 00:00 0 
7f94a8004000-7f94a800a000 r--s 00033000 08:01 1994495                    /home/hannan/workspace/UCSDUnfoldingMaps/lib/unfolding.0.9.7-uscd.jar
7f94a800a000-7f94a800b000 r--s 00005000 08:01 1994509                    /home/hannan/workspace/UCSDUnfoldingMaps/lib/libTUIO.jar
7f94a800b000-7f94a800c000 r--s 00007000 08:01 1994503                    /home/hannan/workspace/UCSDUnfoldingMaps/lib/json4processing.jar
7f94a800c000-7f94a8011000 r--s 00309000 08:01 1994499                    /home/hannan/workspace/UCSDUnfoldingMaps/lib/sqlite-jdbc-3.7.2.jar
7f94a8011000-7f94a8018000 r--s 00059000 08:01 1994497                    /home/hannan/workspace/UCSDUnfoldingMaps/lib/log4j-1.2.15.jar
7f94a8018000-7f94a801e000 r--s 00041000 08:01 1994506                    /home/hannan/workspace/UCSDUnfoldingMaps/lib/gluegen-rt.jar
7f94a801e000-7f94a80cd000 rw-p 00000000 00:00 0 
7f94a80cd000-7f94a8115000 rw-p 00000000 00:00 0 
7f94a8115000-7f94a8120000 rw-p 00000000 00:00 0 
7f94a8120000-7f94a8168000 rw-p 00000000 00:00 0 
7f94a8168000-7f94a817b000 rw-p 00000000 00:00 0 
7f94a817b000-7f94a829a000 rw-p 00000000 00:00 0 
7f94a829a000-7f94a82aa000 rw-p 00000000 00:00 0 
7f94a82aa000-7f94a82e5000 ---p 00000000 00:00 0 
7f94a82e5000-7f94a8333000 rw-p 00000000 00:00 0 
7f94a8333000-7f94a8334000 rw-p 00000000 00:00 0 
7f94a8334000-7f94a833c000 r-xp 00000000 08:01 5768789                    /usr/lib/jvm/java-7-openjdk-amd64/jre/lib/amd64/libzip.so
7f94a833c000-7f94a853b000 ---p 00008000 08:01 5768789                    /usr/lib/jvm/java-7-openjdk-amd64/jre/lib/amd64/libzip.so
7f94a853b000-7f94a853c000 r--p 00007000 08:01 5768789                    /usr/lib/jvm/java-7-openjdk-amd64/jre/lib/amd64/libzip.so
7f94a853c000-7f94a853d000 rw-p 00008000 08:01 5768789                    /usr/lib/jvm/java-7-openjdk-amd64/jre/lib/amd64/libzip.so
7f94a853d000-7f94a8548000 r-xp 00000000 08:01 15728659                   /lib/x86_64-linux-gnu/libnss_files-2.19.so
7f94a8548000-7f94a8747000 ---p 0000b000 08:01 15728659                   /lib/x86_64-linux-gnu/libnss_files-2.19.so
7f94a8747000-7f94a8748000 r--p 0000a000 08:01 15728659                   /lib/x86_64-linux-gnu/libnss_files-2.19.so
7f94a8748000-7f94a8749000 rw-p 0000b000 08:01 15728659                   /lib/x86_64-linux-gnu/libnss_files-2.19.so
7f94a8749000-7f94a8754000 r-xp 00000000 08:01 15732590                   /lib/x86_64-linux-gnu/libnss_nis-2.19.so
7f94a8754000-7f94a8953000 ---p 0000b000 08:01 15732590                   /lib/x86_64-linux-gnu/libnss_nis-2.19.so
7f94a8953000-7f94a8954000 r--p 0000a000 08:01 15732590                   /lib/x86_64-linux-gnu/libnss_nis-2.19.so
7f94a8954000-7f94a8955000 rw-p 0000b000 08:01 15732590                   /lib/x86_64-linux-gnu/libnss_nis-2.19.so
7f94a8955000-7f94a896c000 r-xp 00000000 08:01 15728734                   /lib/x86_64-linux-gnu/libnsl-2.19.so
7f94a896c000-7f94a8b6b000 ---p 00017000 08:01 15728734                   /lib/x86_64-linux-gnu/libnsl-2.19.so
7f94a8b6b000-7f94a8b6c000 r--p 00016000 08:01 15728734                   /lib/x86_64-linux-gnu/libnsl-2.19.so
7f94a8b6c000-7f94a8b6d000 rw-p 00017000 08:01 15728734                   /lib/x86_64-linux-gnu/libnsl-2.19.so
7f94a8b6d000-7f94a8b6f000 rw-p 00000000 00:00 0 
7f94a8b6f000-7f94a8b78000 r-xp 00000000 08:01 15728733                   /lib/x86_64-linux-gnu/libnss_compat-2.19.so
7f94a8b78000-7f94a8d77000 ---p 00009000 08:01 15728733                   /lib/x86_64-linux-gnu/libnss_compat-2.19.so
7f94a8d77000-7f94a8d78000 r--p 00008000 08:01 15728733                   /lib/x86_64-linux-gnu/libnss_compat-2.19.so
7f94a8d78000-7f94a8d79000 rw-p 00009000 08:01 15728733                   /lib/x86_64-linux-gnu/libnss_compat-2.19.so
7f94a8d79000-7f94a8da4000 r-xp 00000000 08:01 5768825                    /usr/lib/jvm/java-7-openjdk-amd64/jre/lib/amd64/libjava.so
7f94a8da4000-7f94a8fa4000 ---p 0002b000 08:01 5768825                    /usr/lib/jvm/java-7-openjdk-amd64/jre/lib/amd64/libjava.so
7f94a8fa4000-7f94a8fa5000 r--p 0002b000 08:01 5768825                    /usr/lib/jvm/java-7-openjdk-amd64/jre/lib/amd64/libjava.so
7f94a8fa5000-7f94a8fa7000 rw-p 0002c000 08:01 5768825                    /usr/lib/jvm/java-7-openjdk-amd64/jre/lib/amd64/libjava.so
7f94a8fa7000-7f94a8fb7000 r-xp 00000000 08:01 5768821                    /usr/lib/jvm/java-7-openjdk-amd64/jre/lib/amd64/libverify.so
7f94a8fb7000-7f94a91b6000 ---p 00010000 08:01 5768821                    /usr/lib/jvm/java-7-openjdk-amd64/jre/lib/amd64/libverify.so
7f94a91b6000-7f94a91b8000 r--p 0000f000 08:01 5768821                    /usr/lib/jvm/java-7-openjdk-amd64/jre/lib/amd64/libverify.so
7f94a91b8000-7f94a91b9000 rw-p 00011000 08:01 5768821                    /usr/lib/jvm/java-7-openjdk-amd64/jre/lib/amd64/libverify.so
7f94a91b9000-7f94a91c0000 r-xp 00000000 08:01 15728742                   /lib/x86_64-linux-gnu/librt-2.19.so
7f94a91c0000-7f94a93bf000 ---p 00007000 08:01 15728742                   /lib/x86_64-linux-gnu/librt-2.19.so
7f94a93bf000-7f94a93c0000 r--p 00006000 08:01 15728742                   /lib/x86_64-linux-gnu/librt-2.19.so
7f94a93c0000-7f94a93c1000 rw-p 00007000 08:01 15728742                   /lib/x86_64-linux-gnu/librt-2.19.so
7f94a93c1000-7f94a93d7000 r-xp 00000000 08:01 15732698                   /lib/x86_64-linux-gnu/libgcc_s.so.1
7f94a93d7000-7f94a95d6000 ---p 00016000 08:01 15732698                   /lib/x86_64-linux-gnu/libgcc_s.so.1
7f94a95d6000-7f94a95d7000 rw-p 00015000 08:01 15732698                   /lib/x86_64-linux-gnu/libgcc_s.so.1
7f94a95d7000-7f94a96dc000 r-xp 00000000 08:01 15728655                   /lib/x86_64-linux-gnu/libm-2.19.so
7f94a96dc000-7f94a98db000 ---p 00105000 08:01 15728655                   /lib/x86_64-linux-gnu/libm-2.19.so
7f94a98db000-7f94a98dc000 r--p 00104000 08:01 15728655                   /lib/x86_64-linux-gnu/libm-2.19.so
7f94a98dc000-7f94a98dd000 rw-p 00105000 08:01 15728655                   /lib/x86_64-linux-gnu/libm-2.19.so
7f94a98dd000-7f94a99c3000 r-xp 00000000 08:01 528136                     /usr/lib/x86_64-linux-gnu/libstdc++.so.6.0.19
7f94a99c3000-7f94a9bc2000 ---p 000e6000 08:01 528136                     /usr/lib/x86_64-linux-gnu/libstdc++.so.6.0.19
7f94a9bc2000-7f94a9bca000 r--p 000e5000 08:01 528136                     /usr/lib/x86_64-linux-gnu/libstdc++.so.6.0.19
7f94a9bca000-7f94a9bcc000 rw-p 000ed000 08:01 528136                     /usr/lib/x86_64-linux-gnu/libstdc++.so.6.0.19
7f94a9bcc000-7f94a9be1000 rw-p 00000000 00:00 0 
7f94a9be1000-7f94aa6f9000 r-xp 00000000 08:01 5768832                    /usr/lib/jvm/java-7-openjdk-amd64/jre/lib/amd64/server/libjvm.so
7f94aa6f9000-7f94aa8f9000 ---p 00b18000 08:01 5768832                    /usr/lib/jvm/java-7-openjdk-amd64/jre/lib/amd64/server/libjvm.so
7f94aa8f9000-7f94aa993000 r--p 00b18000 08:01 5768832                    /usr/lib/jvm/java-7-openjdk-amd64/jre/lib/amd64/server/libjvm.so
7f94aa993000-7f94aa9b6000 rw-p 00bb2000 08:01 5768832                    /usr/lib/jvm/java-7-openjdk-amd64/jre/lib/amd64/server/libjvm.so
7f94aa9b6000-7f94aa9e4000 rw-p 00000000 00:00 0 
7f94aa9e4000-7f94aa9fc000 r-xp 00000000 08:01 15732834                   /lib/x86_64-linux-gnu/libz.so.1.2.8
7f94aa9fc000-7f94aabfb000 ---p 00018000 08:01 15732834                   /lib/x86_64-linux-gnu/libz.so.1.2.8
7f94aabfb000-7f94aabfc000 r--p 00017000 08:01 15732834                   /lib/x86_64-linux-gnu/libz.so.1.2.8
7f94aabfc000-7f94aabfd000 rw-p 00018000 08:01 15732834                   /lib/x86_64-linux-gnu/libz.so.1.2.8
7f94aabfd000-7f94aac16000 r-xp 00000000 08:01 15728740                   /lib/x86_64-linux-gnu/libpthread-2.19.so
7f94aac16000-7f94aae15000 ---p 00019000 08:01 15728740                   /lib/x86_64-linux-gnu/libpthread-2.19.so
7f94aae15000-7f94aae16000 r--p 00018000 08:01 15728740                   /lib/x86_64-linux-gnu/libpthread-2.19.so
7f94aae16000-7f94aae17000 rw-p 00019000 08:01 15728740                   /lib/x86_64-linux-gnu/libpthread-2.19.so
7f94aae17000-7f94aae1b000 rw-p 00000000 00:00 0 
7f94aae1b000-7f94aae1e000 r-xp 00000000 08:01 15728670                   /lib/x86_64-linux-gnu/libdl-2.19.so
7f94aae1e000-7f94ab01d000 ---p 00003000 08:01 15728670                   /lib/x86_64-linux-gnu/libdl-2.19.so
7f94ab01d000-7f94ab01e000 r--p 00002000 08:01 15728670                   /lib/x86_64-linux-gnu/libdl-2.19.so
7f94ab01e000-7f94ab01f000 rw-p 00003000 08:01 15728670                   /lib/x86_64-linux-gnu/libdl-2.19.so
7f94ab01f000-7f94ab1da000 r-xp 00000000 08:01 15728739                   /lib/x86_64-linux-gnu/libc-2.19.so
7f94ab1da000-7f94ab3d9000 ---p 001bb000 08:01 15728739                   /lib/x86_64-linux-gnu/libc-2.19.so
7f94ab3d9000-7f94ab3dd000 r--p 001ba000 08:01 15728739                   /lib/x86_64-linux-gnu/libc-2.19.so
7f94ab3dd000-7f94ab3df000 rw-p 001be000 08:01 15728739                   /lib/x86_64-linux-gnu/libc-2.19.so
7f94ab3df000-7f94ab3e4000 rw-p 00000000 00:00 0 
7f94ab3e4000-7f94ab3f1000 r-xp 00000000 08:01 5768752                    /usr/lib/jvm/java-7-openjdk-amd64/jre/lib/amd64/jli/libjli.so
7f94ab3f1000-7f94ab5f0000 ---p 0000d000 08:01 5768752                    /usr/lib/jvm/java-7-openjdk-amd64/jre/lib/amd64/jli/libjli.so
7f94ab5f0000-7f94ab5f1000 r--p 0000c000 08:01 5768752                    /usr/lib/jvm/java-7-openjdk-amd64/jre/lib/amd64/jli/libjli.so
7f94ab5f1000-7f94ab5f2000 rw-p 0000d000 08:01 5768752                    /usr/lib/jvm/java-7-openjdk-amd64/jre/lib/amd64/jli/libjli.so
7f94ab5f2000-7f94ab615000 r-xp 00000000 08:01 15728736                   /lib/x86_64-linux-gnu/ld-2.19.so
7f94ab615000-7f94ab619000 r--s 0009a000 08:01 1994498                    /home/hannan/workspace/UCSDUnfoldingMaps/lib/core.jar
7f94ab619000-7f94ab61b000 r--s 00006000 08:01 927253                     /usr/share/java/java-atk-wrapper.jar
7f94ab61b000-7f94ab61e000 r--s 0000f000 08:01 5768836                    /usr/lib/jvm/java-7-openjdk-amd64/jre/lib/ext/icedtea-sound.jar
7f94ab61e000-7f94ab622000 r--s 0003c000 08:01 5768848                    /usr/lib/jvm/java-7-openjdk-amd64/jre/lib/ext/sunpkcs11.jar
7f94ab622000-7f94ab626000 r--s 00034000 08:01 5768852                    /usr/lib/jvm/java-7-openjdk-amd64/jre/lib/ext/sunjce_provider.jar
7f94ab626000-7f94ab629000 r--s 00086000 08:01 5768849                    /usr/lib/jvm/java-7-openjdk-amd64/jre/lib/ext/localedata.jar
7f94ab629000-7f94ab62b000 r--s 00012000 08:01 5768854                    /usr/lib/jvm/java-7-openjdk-amd64/jre/lib/ext/zipfs.jar
7f94ab62b000-7f94ab636000 rw-p 00000000 00:00 0 
7f94ab636000-7f94ab6eb000 rw-p 00000000 00:00 0 
7f94ab6eb000-7f94ab6ee000 ---p 00000000 00:00 0 
7f94ab6ee000-7f94ab7f1000 rw-p 00000000 00:00 0                          [stack:12189]
7f94ab7f1000-7f94ab7f2000 r--s 00002000 08:01 5768837                    /usr/lib/jvm/java-7-openjdk-amd64/jre/lib/ext/dnsns.jar
7f94ab7f2000-7f94ab808000 rw-p 00000000 00:00 0 
7f94ab808000-7f94ab810000 rw-s 00000000 08:01 12845841                   /tmp/hsperfdata_hannan/12184
7f94ab810000-7f94ab811000 rw-p 00000000 00:00 0 
7f94ab811000-7f94ab812000 r--p 00000000 00:00 0 
7f94ab812000-7f94ab814000 rw-p 00000000 00:00 0 
7f94ab814000-7f94ab815000 r--p 00022000 08:01 15728736                   /lib/x86_64-linux-gnu/ld-2.19.so
7f94ab815000-7f94ab816000 rw-p 00023000 08:01 15728736                   /lib/x86_64-linux-gnu/ld-2.19.so
7f94ab816000-7f94ab817000 rw-p 00000000 00:00 0 
7fff545a3000-7fff545c4000 rw-p 00000000 00:00 0                          [stack]
7fff545f3000-7fff545f5000 r-xp 00000000 00:00 0                          [vdso]
7fff545f5000-7fff545f7000 r--p 00000000 00:00 0                          [vvar]
ffffffffff600000-ffffffffff601000 r-xp 00000000 00:00 0                  [vsyscall]

VM Arguments:
jvm_args: -Djava.security.policy=java.policy.applet -Dfile.encoding=UTF-8 
java_command: sun.applet.AppletViewer module1.HelloWorld1443390076801.html
Launcher Type: SUN_STANDARD

Environment Variables:
PATH=/usr/local/sbin:/usr/local/bin:/usr/sbin:/usr/bin:/sbin:/bin:/usr/games:/usr/local/games
SHELL=/bin/bash
DISPLAY=:0.0

Signal Handlers:
SIGSEGV: [libjvm.so+0x94b9a0], sa_mask[0]=0x7ffbfeff, sa_flags=0x10000004
SIGBUS: [libjvm.so+0x94b9a0], sa_mask[0]=0x7ffbfeff, sa_flags=0x10000004
SIGFPE: [libjvm.so+0x7c3880], sa_mask[0]=0x7ffbfeff, sa_flags=0x10000004
SIGPIPE: [libjvm.so+0x7c3880], sa_mask[0]=0x7ffbfeff, sa_flags=0x10000004
SIGXFSZ: [libjvm.so+0x7c3880], sa_mask[0]=0x7ffbfeff, sa_flags=0x10000004
SIGILL: [libjvm.so+0x7c3880], sa_mask[0]=0x7ffbfeff, sa_flags=0x10000004
SIGUSR1: SIG_DFL, sa_mask[0]=0x00000000, sa_flags=0x00000000
SIGUSR2: [libjvm.so+0x7c3720], sa_mask[0]=0x00000004, sa_flags=0x10000004
SIGHUP: [libjvm.so+0x7c3900], sa_mask[0]=0x7ffbfeff, sa_flags=0x10000004
SIGINT: [libjvm.so+0x7c3900], sa_mask[0]=0x7ffbfeff, sa_flags=0x10000004
SIGTERM: [libjvm.so+0x7c3900], sa_mask[0]=0x7ffbfeff, sa_flags=0x10000004
SIGQUIT: [libjvm.so+0x7c3900], sa_mask[0]=0x7ffbfeff, sa_flags=0x10000004
SIGTRAP: SIG_DFL, sa_mask[0]=0x00000000, sa_flags=0x00000000


---------------  S Y S T E M  ---------------

OS:Ubuntu 14.04 (trusty)
uname:Linux 3.16.0-44-generic #59~14.04.1-Ubuntu SMP Tue Jul 7 15:07:27 UTC 2015 x86_64
libc:glibc 2.19 NPTL 2.19 
rlimit: STACK 8192k, CORE 0k, NPROC 14587, NOFILE 4096, AS infinity
load average:0.66 0.77 0.92

/proc/meminfo:
MemTotal:        3755716 kB
MemFree:          406216 kB
MemAvailable:     988368 kB
Buffers:           34348 kB
Cached:           740140 kB
SwapCached:        42976 kB
Active:          2182444 kB
Inactive:         848604 kB
Active(anon):    1814444 kB
Inactive(anon):   530544 kB
Active(file):     368000 kB
Inactive(file):   318060 kB
Unevictable:          32 kB
Mlocked:              32 kB
SwapTotal:       3896316 kB
SwapFree:        3356460 kB
Dirty:              1384 kB
Writeback:             0 kB
AnonPages:       2235848 kB
Mapped:           504848 kB
Shmem:             88280 kB
Slab:             172140 kB
SReclaimable:     130040 kB
SUnreclaim:        42100 kB
KernelStack:       11008 kB
PageTables:        55604 kB
NFS_Unstable:          0 kB
Bounce:                0 kB
WritebackTmp:          0 kB
CommitLimit:     5774172 kB
Committed_AS:    7418580 kB
VmallocTotal:   34359738367 kB
VmallocUsed:       43372 kB
VmallocChunk:   34359680740 kB
HardwareCorrupted:     0 kB
AnonHugePages:    868352 kB
HugePages_Total:       0
HugePages_Free:        0
HugePages_Rsvd:        0
HugePages_Surp:        0
Hugepagesize:       2048 kB
DirectMap4k:       53824 kB
DirectMap2M:     3844096 kB


CPU:total 2 (2 cores per cpu, 1 threads per core) family 6 model 15 stepping 11, cmov, cx8, fxsr, mmx, sse, sse2, sse3, ssse3, tsc

/proc/cpuinfo:
processor	: 0
vendor_id	: GenuineIntel
cpu family	: 6
model		: 15
model name	: Intel(R) Core(TM)2 Duo CPU     E6550  @ 2.33GHz
stepping	: 11
microcode	: 0xb6
cpu MHz		: 2333.000
cache size	: 4096 KB
physical id	: 0
siblings	: 2
core id		: 0
cpu cores	: 2
apicid		: 0
initial apicid	: 0
fpu		: yes
fpu_exception	: yes
cpuid level	: 10
wp		: yes
flags		: fpu vme de pse tsc msr pae mce cx8 apic sep mtrr pge mca cmov pat pse36 clflush dts acpi mmx fxsr sse sse2 ss ht tm pbe syscall nx lm constant_tsc arch_perfmon pebs bts rep_good nopl aperfmperf pni dtes64 monitor ds_cpl vmx smx est tm2 ssse3 cx16 xtpr pdcm lahf_lm dtherm tpr_shadow vnmi flexpriority
bogomips	: 4654.99
clflush size	: 64
cache_alignment	: 64
address sizes	: 36 bits physical, 48 bits virtual
power management:

processor	: 1
vendor_id	: GenuineIntel
cpu family	: 6
model		: 15
model name	: Intel(R) Core(TM)2 Duo CPU     E6550  @ 2.33GHz
stepping	: 11
microcode	: 0xb6
cpu MHz		: 2333.000
cache size	: 4096 KB
physical id	: 0
siblings	: 2
core id		: 1
cpu cores	: 2
apicid		: 1
initial apicid	: 1
fpu		: yes
fpu_exception	: yes
cpuid level	: 10
wp		: yes
flags		: fpu vme de pse tsc msr pae mce cx8 apic sep mtrr pge mca cmov pat pse36 clflush dts acpi mmx fxsr sse sse2 ss ht tm pbe syscall nx lm constant_tsc arch_perfmon pebs bts rep_good nopl aperfmperf pni dtes64 monitor ds_cpl vmx smx est tm2 ssse3 cx16 xtpr pdcm lahf_lm dtherm tpr_shadow vnmi flexpriority
bogomips	: 4654.99
clflush size	: 64
cache_alignment	: 64
address sizes	: 36 bits physical, 48 bits virtual
power management:



Memory: 4k page, physical 3755716k(405960k free), swap 3896316k(3356460k free)

vm_info: OpenJDK 64-Bit Server VM (24.79-b02) for linux-amd64 JRE (1.7.0_79-b14), built on Apr 16 2015 08:21:58 by "buildd" with gcc 4.8.2

time: Mon Sep 28 02:59:11 2015
elapsed time: 1074 seconds

