#
# A fatal error has been detected by the Java Runtime Environment:
#
#  SIGSEGV (0xb) at pc=0x00007f307101e4d0, pid=11703, tid=139846444992256
#
# JRE version: OpenJDK Runtime Environment (7.0_79-b14) (build 1.7.0_79-b14)
# Java VM: OpenJDK 64-Bit Server VM (24.79-b02 mixed mode linux-amd64 compressed oops)
# Derivative: IcedTea 2.5.5
# Distribution: Ubuntu 14.04 LTS, package 7u79-2.5.5-0ubuntu0.14.04.2
# Problematic frame:
# C  [r600_dri.so+0x29a4d0]
#
# Failed to write core dump. Core dumps have been disabled. To enable core dumping, try "ulimit -c unlimited" before starting Java again
#
# If you would like to submit a bug report, please include
# instructions on how to reproduce the bug and visit:
#   http://icedtea.classpath.org/bugzilla
# The crash happened outside the Java Virtual Machine in native code.
# See problematic frame for where to report the bug.
#

---------------  T H R E A D  ---------------

Current thread (0x00007f3080008000):  JavaThread "AWT-EventQueue-1" [_thread_in_native, id=11726, stack(0x00007f30899d4000,0x00007f3089ad5000)]

siginfo:si_signo=SIGSEGV: si_errno=0, si_code=1 (SEGV_MAPERR), si_addr=0x0000000100000000

Registers:
RAX=0x00007f307101e4b0, RBX=0x00007f30740da280, RCX=0x0000000000000000, RDX=0x0000000000000001
RSP=0x00007f3089ad2740, RBP=0x00007f30805bf550, RSI=0x00007f30740da360, RDI=0x0000000100000000
R8 =0x0000000000000000, R9 =0x00007f3088b729c0, R10=0x00007f30bc5cd7cc, R11=0x00007f30c56d02c0
R12=0x0000000000000001, R13=0x0000000000000000, R14=0x00007f3080645e10, R15=0x0000000000000000
RIP=0x00007f307101e4d0, EFLAGS=0x0000000000010206, CSGSFS=0x0000000000000033, ERR=0x0000000000000004
  TRAPNO=0x000000000000000e

Top of Stack: (sp=0x00007f3089ad2740)
0x00007f3089ad2740:   00007f3089ad2768 00007f3089ad27c0
0x00007f3089ad2750:   00007f30bc5c1175 00007f30740da280
0x00007f3089ad2760:   00007f30805bf550 00007f308063d620
0x00007f3089ad2770:   0000000000000000 00007f3080645e10
0x00007f3089ad2780:   0000000000000000 00007f3088b72a4e
0x00007f3089ad2790:   00007f3089ad27c8 00007f3088dbd640
0x00007f3089ad27a0:   00007f30805e4640 00007f3000000000
0x00007f3089ad27b0:   0000000000000000 0000000000000000
0x00007f3089ad27c0:   00007f3089ad2820 00007f30740da280
0x00007f3089ad27d0:   000000000640002e 00000000bd435160
0x00007f3089ad27e0:   00007f3089ad2850 0000000000000000
0x00007f3089ad27f0:   00000000bd435160 00007f3089ad2920
0x00007f3089ad2800:   00007f3080008000 00007f307b3cc849
0x00007f3089ad2810:   0000000000000000 00007f3088b4b9b0
0x00007f3089ad2820:   000000000640002e 00007f30805e4640
0x00007f3089ad2830:   00007f3089ad28e8 00007f30800081d8
0x00007f3089ad2840:   00000000edcecb78 00007f3088b4b9b0
0x00007f3089ad2850:   00007f3089ad28d8 00007f30bc5cd7f8
0x00007f3089ad2860:   00000000bd574690 0000000000000000
0x00007f3089ad2870:   00000000bd573a70 0000000000000000
0x00007f3089ad2880:   00007f3089ad2898 00007f3089ad28e8
0x00007f3089ad2890:   00007f3089ad2890 00007f3089ad2898
0x00007f3089ad28a0:   0000000000000000 00007f3089ad2920
0x00007f3089ad28b0:   00000000bd4370d8 0000000000000000
0x00007f3089ad28c0:   00000000bd435160 0000000000000000
0x00007f3089ad28d0:   00007f3089ad28f8 00007f3089ad2968
0x00007f3089ad28e0:   00007f30bc5c1058 00000000c7a54890
0x00007f3089ad28f0:   00007f30bc5c9cd8 00007f3088b4b9b0
0x00007f3089ad2900:   00000000bd4488a0 000000000640002e
0x00007f3089ad2910:   00000000bd415f30 00007f30805e4640
0x00007f3089ad2920:   00000000c7a54bb8 00007f3089ad2928
0x00007f3089ad2930:   00000000bd435091 00007f3089ad29a0 

Instructions: (pc=0x00007f307101e4d0)
0x00007f307101e4b0:   48 85 ff 0f 84 50 01 00 00 41 57 41 56 41 55 41
0x00007f307101e4c0:   89 cd 41 54 41 89 d4 55 53 48 83 ec 18 48 85 f6
0x00007f307101e4d0:   48 8b 2f 0f 84 5b 02 00 00 48 85 ed 48 8b 1e 0f
0x00007f307101e4e0:   84 16 01 00 00 48 85 db 0f 84 52 02 00 00 80 bb 

Register to memory mapping:

RAX=0x00007f307101e4b0: <offset 0x29a4b0> in /usr/lib/x86_64-linux-gnu/dri/r600_dri.so at 0x00007f3070d84000
RBX=0x00007f30740da280 is an unknown value
RCX=0x0000000000000000 is an unknown value
RDX=0x0000000000000001 is an unknown value
RSP=0x00007f3089ad2740 is pointing into the stack for thread: 0x00007f3080008000
RBP=0x00007f30805bf550 is an unknown value
RSI=0x00007f30740da360 is an unknown value
RDI=0x0000000100000000 is an unknown value
R8 =0x0000000000000000 is an unknown value
R9 =0x00007f3088b729c0: <offset 0x439c0> in /usr/lib/x86_64-linux-gnu/mesa/libGL.so.1 at 0x00007f3088b2f000
R10=0x00007f30bc5cd7cc is at code_begin+620 in an Interpreter codelet
method entry point (kind = native)  [0x00007f30bc5cd560, 0x00007f30bc5cddc0]  2144 bytes
R11=0x00007f30c56d02c0: <offset 0x85d2c0> in /usr/lib/jvm/java-7-openjdk-amd64/jre/lib/amd64/server/libjvm.so at 0x00007f30c4e73000
R12=0x0000000000000001 is an unknown value
R13=0x0000000000000000 is an unknown value
R14=0x00007f3080645e10 is an unknown value
R15=0x0000000000000000 is an unknown value


Stack: [0x00007f30899d4000,0x00007f3089ad5000],  sp=0x00007f3089ad2740,  free space=1017k
Native frames: (J=compiled Java code, j=interpreted, Vv=VM code, C=native code)
C  [r600_dri.so+0x29a4d0]

Java frames: (J=compiled Java code, j=interpreted, Vv=VM code)
j  jogamp.opengl.x11.glx.GLX.dispatch_glXSwapBuffers0(JJJ)V+0
j  jogamp.opengl.x11.glx.GLX.glXSwapBuffers(JJ)V+41
j  jogamp.opengl.x11.glx.X11GLXDrawable.swapBuffersImpl(Z)V+17
j  jogamp.opengl.GLDrawableImpl.swapBuffers()V+67
j  javax.media.opengl.awt.GLCanvas$12.run()V+45
j  java.awt.event.InvocationEvent.dispatch()V+11
j  java.awt.EventQueue.dispatchEventImpl(Ljava/awt/AWTEvent;Ljava/lang/Object;)V+21
j  java.awt.EventQueue.access$300(Ljava/awt/EventQueue;Ljava/awt/AWTEvent;Ljava/lang/Object;)V+3
j  java.awt.EventQueue$3.run()Ljava/lang/Void;+12
j  java.awt.EventQueue$3.run()Ljava/lang/Object;+1
v  ~StubRoutines::call_stub
j  java.security.AccessController.doPrivileged(Ljava/security/PrivilegedAction;Ljava/security/AccessControlContext;)Ljava/lang/Object;+0
j  java.security.ProtectionDomain$1.doIntersectionPrivilege(Ljava/security/PrivilegedAction;Ljava/security/AccessControlContext;Ljava/security/AccessControlContext;)Ljava/lang/Object;+28
j  java.awt.EventQueue.dispatchEvent(Ljava/awt/AWTEvent;)V+46
j  java.awt.EventDispatchThread.pumpOneEventForFilters(I)V+245
j  java.awt.EventDispatchThread.pumpEventsForFilter(ILjava/awt/Conditional;Ljava/awt/EventFilter;)V+35
j  java.awt.EventDispatchThread.pumpEventsForHierarchy(ILjava/awt/Conditional;Ljava/awt/Component;)V+11
j  java.awt.EventDispatchThread.pumpEvents(ILjava/awt/Conditional;)V+4
j  java.awt.EventDispatchThread.pumpEvents(Ljava/awt/Conditional;)V+3
j  java.awt.EventDispatchThread.run()V+9
v  ~StubRoutines::call_stub

---------------  P R O C E S S  ---------------

Java Threads: ( => current thread )
  0x00007f3074618000 JavaThread "Thread-62" [_thread_blocked, id=11811, stack(0x00007f30702ad000,0x00007f30703ae000)]
  0x00007f30801c9800 JavaThread "Animation Thread-SharedResourceRunner" daemon [_thread_blocked, id=11736, stack(0x00007f30897d2000,0x00007f30898d3000)]
  0x00007f30800ba800 JavaThread "process reaper" daemon [_thread_blocked, id=11731, stack(0x00007f30b4022000,0x00007f30b405b000)]
=>0x00007f3080008000 JavaThread "AWT-EventQueue-1" [_thread_in_native, id=11726, stack(0x00007f30899d4000,0x00007f3089ad5000)]
  0x00007f30c000a800 JavaThread "DestroyJavaVM" [_thread_blocked, id=11708, stack(0x00007f30c697d000,0x00007f30c6a7e000)]
  0x00007f30c02be800 JavaThread "AWT-EventQueue-0" [_thread_blocked, id=11724, stack(0x00007f3089f3c000,0x00007f308a03d000)]
  0x00007f30c02bb000 JavaThread "AWT-Shutdown" [_thread_blocked, id=11723, stack(0x00007f308a03d000,0x00007f308a13e000)]
  0x00007f30c02b0800 JavaThread "thread applet-module1.HelloWorld.class" [_thread_blocked, id=11722, stack(0x00007f308a13e000,0x00007f308a23f000)]
  0x00007f30c029f000 JavaThread "AWT-XAWT" daemon [_thread_blocked, id=11720, stack(0x00007f308a23f000,0x00007f308a340000)]
  0x00007f30c027a000 JavaThread "Java2D Disposer" daemon [_thread_blocked, id=11719, stack(0x00007f308a750000,0x00007f308a851000)]
  0x00007f30c00a9800 JavaThread "Service Thread" daemon [_thread_blocked, id=11717, stack(0x00007f30b41ba000,0x00007f30b42bb000)]
  0x00007f30c00a7800 JavaThread "C2 CompilerThread1" daemon [_thread_blocked, id=11716, stack(0x00007f30b42bb000,0x00007f30b43bc000)]
  0x00007f30c00a4800 JavaThread "C2 CompilerThread0" daemon [_thread_blocked, id=11715, stack(0x00007f30b43bc000,0x00007f30b44bd000)]
  0x00007f30c00a2800 JavaThread "Signal Dispatcher" daemon [_thread_blocked, id=11714, stack(0x00007f30b44bd000,0x00007f30b45be000)]
  0x00007f30c0077800 JavaThread "Finalizer" daemon [_thread_blocked, id=11713, stack(0x00007f30b4ca0000,0x00007f30b4da1000)]
  0x00007f30c0075800 JavaThread "Reference Handler" daemon [_thread_blocked, id=11712, stack(0x00007f30b4da1000,0x00007f30b4ea2000)]

Other Threads:
  0x00007f30c0071000 VMThread [stack: 0x00007f30b4ea2000,0x00007f30b4fa3000] [id=11711]
  0x00007f30c00b4800 WatcherThread [stack: 0x00007f30b40b9000,0x00007f30b41ba000] [id=11718]

VM state:not at safepoint (normal execution)

VM Mutex/Monitor currently owned by a thread: None

Heap
 PSYoungGen      total 138752K, used 28421K [0x00000000ece00000, 0x00000000fae00000, 0x0000000100000000)
  eden space 125440K, 14% used [0x00000000ece00000,0x00000000edf79500,0x00000000f4880000)
  from space 13312K, 79% used [0x00000000f4880000,0x00000000f52c82a0,0x00000000f5580000)
  to   space 14336K, 0% used [0x00000000fa000000,0x00000000fa000000,0x00000000fae00000)
 ParOldGen       total 38912K, used 20704K [0x00000000c6a00000, 0x00000000c9000000, 0x00000000ece00000)
  object space 38912K, 53% used [0x00000000c6a00000,0x00000000c7e38080,0x00000000c9000000)
 PSPermGen       total 21504K, used 19761K [0x00000000bc400000, 0x00000000bd900000, 0x00000000c6a00000)
  object space 21504K, 91% used [0x00000000bc400000,0x00000000bd74c6e8,0x00000000bd900000)

Card table byte_map: [0x00007f30bc39c000,0x00007f30bc5bb000] byte_map_base: 0x00007f30bbdba000

Polling page: 0x00007f30c6aa3000

Code Cache  [0x00007f30bc5bb000, 0x00007f30bc82b000, 0x00007f30bf5bb000)
 total_blobs=1368 nmethods=474 adapters=848 free_code_cache=47350Kb largest_free_block=48454464

Compilation events (10 events):
Event: 25.780 Thread 0x00007f30c00a4800 nmethod 487 0x00007f30bc77ee50 code [0x00007f30bc77efc0, 0x00007f30bc77f098]
Event: 25.781 Thread 0x00007f30c00a7800 nmethod 486 0x00007f30bc779050 code [0x00007f30bc7791e0, 0x00007f30bc779538]
Event: 25.782 Thread 0x00007f30c00a4800  488   !         jogamp.common.util.locks.RecursiveLockImpl01Unfairish::validateLocked (147 bytes)
Event: 25.784 Thread 0x00007f30c00a4800 nmethod 488 0x00007f30bc779c10 code [0x00007f30bc779d60, 0x00007f30bc77a078]
Event: 25.866 Thread 0x00007f30c00a7800  489             jogamp.common.util.locks.RecursiveLockImpl01Unfairish$SingleThreadSync::setOwner (6 bytes)
Event: 25.866 Thread 0x00007f30c00a7800 nmethod 489 0x00007f30bc77ec50 code [0x00007f30bc77ed80, 0x00007f30bc77edf8]
Event: 26.045 Thread 0x00007f30c00a4800  490             processing.core.PApplet::constrain (20 bytes)
Event: 26.045 Thread 0x00007f30c00a4800 nmethod 490 0x00007f30bc778e50 code [0x00007f30bc778f80, 0x00007f30bc778fd8]
Event: 26.062 Thread 0x00007f30c00a7800  491             processing.opengl.FrameBuffer::contextIsOutdated (138 bytes)
Event: 26.067 Thread 0x00007f30c00a7800 nmethod 491 0x00007f30bc784f50 code [0x00007f30bc7850c0, 0x00007f30bc7852e0]

GC Heap History (10 events):
Event: 4.913 GC heap before
{Heap before GC invocations=5 (full 0):
 PSYoungGen      total 33792K, used 33555K [0x00000000ece00000, 0x00000000ef100000, 0x0000000100000000)
  eden space 31744K, 99% used [0x00000000ece00000,0x00000000eecc8b70,0x00000000eed00000)
  from space 2048K, 99% used [0x00000000eef00000,0x00000000ef0fc090,0x00000000ef100000)
  to   space 2048K, 0% used [0x00000000eed00000,0x00000000eed00000,0x00000000eef00000)
 ParOldGen       total 38912K, used 11809K [0x00000000c6a00000, 0x00000000c9000000, 0x00000000ece00000)
  object space 38912K, 30% used [0x00000000c6a00000,0x00000000c7588738,0x00000000c9000000)
 PSPermGen       total 21504K, used 19448K [0x00000000bc400000, 0x00000000bd900000, 0x00000000c6a00000)
  object space 21504K, 90% used [0x00000000bc400000,0x00000000bd6fe090,0x00000000bd900000)
Event: 4.929 GC heap after
Heap after GC invocations=5 (full 0):
 PSYoungGen      total 33792K, used 2018K [0x00000000ece00000, 0x00000000f2000000, 0x0000000100000000)
  eden space 31744K, 0% used [0x00000000ece00000,0x00000000ece00000,0x00000000eed00000)
  from space 2048K, 98% used [0x00000000eed00000,0x00000000eeef88e0,0x00000000eef00000)
  to   space 10240K, 0% used [0x00000000f1600000,0x00000000f1600000,0x00000000f2000000)
 ParOldGen       total 38912K, used 16122K [0x00000000c6a00000, 0x00000000c9000000, 0x00000000ece00000)
  object space 38912K, 41% used [0x00000000c6a00000,0x00000000c79be908,0x00000000c9000000)
 PSPermGen       total 21504K, used 19448K [0x00000000bc400000, 0x00000000bd900000, 0x00000000c6a00000)
  object space 21504K, 90% used [0x00000000bc400000,0x00000000bd6fe090,0x00000000bd900000)
}
Event: 5.451 GC heap before
{Heap before GC invocations=6 (full 0):
 PSYoungGen      total 33792K, used 33602K [0x00000000ece00000, 0x00000000f2000000, 0x0000000100000000)
  eden space 31744K, 99% used [0x00000000ece00000,0x00000000eecd82c8,0x00000000eed00000)
  from space 2048K, 98% used [0x00000000eed00000,0x00000000eeef88e0,0x00000000eef00000)
  to   space 10240K, 0% used [0x00000000f1600000,0x00000000f1600000,0x00000000f2000000)
 ParOldGen       total 38912K, used 16122K [0x00000000c6a00000, 0x00000000c9000000, 0x00000000ece00000)
  object space 38912K, 41% used [0x00000000c6a00000,0x00000000c79be908,0x00000000c9000000)
 PSPermGen       total 21504K, used 19462K [0x00000000bc400000, 0x00000000bd900000, 0x00000000c6a00000)
  object space 21504K, 90% used [0x00000000bc400000,0x00000000bd701840,0x00000000bd900000)
Event: 5.466 GC heap after
Heap after GC invocations=6 (full 0):
 PSYoungGen      total 73728K, used 6802K [0x00000000ece00000, 0x00000000f2000000, 0x0000000100000000)
  eden space 63488K, 0% used [0x00000000ece00000,0x00000000ece00000,0x00000000f0c00000)
  from space 10240K, 66% used [0x00000000f1600000,0x00000000f1ca49f0,0x00000000f2000000)
  to   space 10240K, 0% used [0x00000000f0c00000,0x00000000f0c00000,0x00000000f1600000)
 ParOldGen       total 38912K, used 16122K [0x00000000c6a00000, 0x00000000c9000000, 0x00000000ece00000)
  object space 38912K, 41% used [0x00000000c6a00000,0x00000000c79be908,0x00000000c9000000)
 PSPermGen       total 21504K, used 19462K [0x00000000bc400000, 0x00000000bd900000, 0x00000000c6a00000)
  object space 21504K, 90% used [0x00000000bc400000,0x00000000bd701840,0x00000000bd900000)
}
Event: 6.521 GC heap before
{Heap before GC invocations=7 (full 0):
 PSYoungGen      total 73728K, used 70271K [0x00000000ece00000, 0x00000000f2000000, 0x0000000100000000)
  eden space 63488K, 99% used [0x00000000ece00000,0x00000000f0bfb370,0x00000000f0c00000)
  from space 10240K, 66% used [0x00000000f1600000,0x00000000f1ca49f0,0x00000000f2000000)
  to   space 10240K, 0% used [0x00000000f0c00000,0x00000000f0c00000,0x00000000f1600000)
 ParOldGen       total 38912K, used 16122K [0x00000000c6a00000, 0x00000000c9000000, 0x00000000ece00000)
  object space 38912K, 41% used [0x00000000c6a00000,0x00000000c79be908,0x00000000c9000000)
 PSPermGen       total 21504K, used 19501K [0x00000000bc400000, 0x00000000bd900000, 0x00000000c6a00000)
  object space 21504K, 90% used [0x00000000bc400000,0x00000000bd70b7a0,0x00000000bd900000)
Event: 6.536 GC heap after
Heap after GC invocations=7 (full 0):
 PSYoungGen      total 73728K, used 10176K [0x00000000ece00000, 0x00000000f6100000, 0x0000000100000000)
  eden space 63488K, 0% used [0x00000000ece00000,0x00000000ece00000,0x00000000f0c00000)
  from space 10240K, 99% used [0x00000000f0c00000,0x00000000f15f02c0,0x00000000f1600000)
  to   space 11776K, 0% used [0x00000000f5580000,0x00000000f5580000,0x00000000f6100000)
 ParOldGen       total 38912K, used 17055K [0x00000000c6a00000, 0x00000000c9000000, 0x00000000ece00000)
  object space 38912K, 43% used [0x00000000c6a00000,0x00000000c7aa7f50,0x00000000c9000000)
 PSPermGen       total 21504K, used 19501K [0x00000000bc400000, 0x00000000bd900000, 0x00000000c6a00000)
  object space 21504K, 90% used [0x00000000bc400000,0x00000000bd70b7a0,0x00000000bd900000)
}
Event: 10.633 GC heap before
{Heap before GC invocations=8 (full 0):
 PSYoungGen      total 73728K, used 73664K [0x00000000ece00000, 0x00000000f6100000, 0x0000000100000000)
  eden space 63488K, 100% used [0x00000000ece00000,0x00000000f0c00000,0x00000000f0c00000)
  from space 10240K, 99% used [0x00000000f0c00000,0x00000000f15f02c0,0x00000000f1600000)
  to   space 11776K, 0% used [0x00000000f5580000,0x00000000f5580000,0x00000000f6100000)
 ParOldGen       total 38912K, used 17055K [0x00000000c6a00000, 0x00000000c9000000, 0x00000000ece00000)
  object space 38912K, 43% used [0x00000000c6a00000,0x00000000c7aa7f50,0x00000000c9000000)
 PSPermGen       total 21504K, used 19602K [0x00000000bc400000, 0x00000000bd900000, 0x00000000c6a00000)
  object space 21504K, 91% used [0x00000000bc400000,0x00000000bd7249b0,0x00000000bd900000)
Event: 10.644 GC heap after
Heap after GC invocations=8 (full 0):
 PSYoungGen      total 137216K, used 10912K [0x00000000ece00000, 0x00000000f6400000, 0x0000000100000000)
  eden space 125440K, 0% used [0x00000000ece00000,0x00000000ece00000,0x00000000f4880000)
  from space 11776K, 92% used [0x00000000f5580000,0x00000000f60282a0,0x00000000f6100000)
  to   space 13312K, 0% used [0x00000000f4880000,0x00000000f4880000,0x00000000f5580000)
 ParOldGen       total 38912K, used 17855K [0x00000000c6a00000, 0x00000000c9000000, 0x00000000ece00000)
  object space 38912K, 45% used [0x00000000c6a00000,0x00000000c7b6ffd0,0x00000000c9000000)
 PSPermGen       total 21504K, used 19602K [0x00000000bc400000, 0x00000000bd900000, 0x00000000c6a00000)
  object space 21504K, 91% used [0x00000000bc400000,0x00000000bd7249b0,0x00000000bd900000)
}
Event: 24.110 GC heap before
{Heap before GC invocations=9 (full 0):
 PSYoungGen      total 137216K, used 136352K [0x00000000ece00000, 0x00000000f6400000, 0x0000000100000000)
  eden space 125440K, 100% used [0x00000000ece00000,0x00000000f4880000,0x00000000f4880000)
  from space 11776K, 92% used [0x00000000f5580000,0x00000000f60282a0,0x00000000f6100000)
  to   space 13312K, 0% used [0x00000000f4880000,0x00000000f4880000,0x00000000f5580000)
 ParOldGen       total 38912K, used 17855K [0x00000000c6a00000, 0x00000000c9000000, 0x00000000ece00000)
  object space 38912K, 45% used [0x00000000c6a00000,0x00000000c7b6ffd0,0x00000000c9000000)
 PSPermGen       total 21504K, used 19675K [0x00000000bc400000, 0x00000000bd900000, 0x00000000c6a00000)
  object space 21504K, 91% used [0x00000000bc400000,0x00000000bd736f60,0x00000000bd900000)
Event: 24.121 GC heap after
Heap after GC invocations=9 (full 0):
 PSYoungGen      total 138752K, used 10528K [0x00000000ece00000, 0x00000000fae00000, 0x0000000100000000)
  eden space 125440K, 0% used [0x00000000ece00000,0x00000000ece00000,0x00000000f4880000)
  from space 13312K, 79% used [0x00000000f4880000,0x00000000f52c82a0,0x00000000f5580000)
  to   space 14336K, 0% used [0x00000000fa000000,0x00000000fa000000,0x00000000fae00000)
 ParOldGen       total 38912K, used 20704K [0x00000000c6a00000, 0x00000000c9000000, 0x00000000ece00000)
  object space 38912K, 53% used [0x00000000c6a00000,0x00000000c7e38080,0x00000000c9000000)
 PSPermGen       total 21504K, used 19675K [0x00000000bc400000, 0x00000000bd900000, 0x00000000c6a00000)
  object space 21504K, 91% used [0x00000000bc400000,0x00000000bd736f60,0x00000000bd900000)
}

Deoptimization events (10 events):
Event: 4.888 Thread 0x00007f30a4006800 Uncommon trap: reason=range_check action=make_not_entrant pc=0x00007f30bc6d405c method=java.awt.image.DirectColorModel.getsRGBComponentFromsRGB(II)I @ 6
Event: 4.888 Thread 0x00007f30a4006800 Uncommon trap: reason=range_check action=make_not_entrant pc=0x00007f30bc6e9e8c method=java.awt.image.DirectColorModel.getsRGBComponentFromsRGB(II)I @ 6
Event: 4.929 Thread 0x00007f30a4006800 Uncommon trap: reason=range_check action=make_not_entrant pc=0x00007f30bc63cccc method=java.awt.image.DirectColorModel.getsRGBComponentFromsRGB(II)I @ 6
Event: 4.930 Thread 0x00007f30a4006800 Uncommon trap: reason=range_check action=make_not_entrant pc=0x00007f30bc6e844c method=java.awt.image.DirectColorModel.getsRGBComponentFromsRGB(II)I @ 6
Event: 8.314 Thread 0x00007f3080008000 Uncommon trap: reason=predicate action=maybe_recompile pc=0x00007f30bc73883c method=java.util.Arrays.fill([Ljava/lang/Object;IILjava/lang/Object;)V @ 16
Event: 8.831 Thread 0x00007f3080008000 Uncommon trap: reason=array_check action=maybe_recompile pc=0x00007f30bc735164 method=java.util.Arrays.fill([Ljava/lang/Object;IILjava/lang/Object;)V @ 20
Event: 8.831 Thread 0x00007f3080008000 Uncommon trap: reason=array_check action=maybe_recompile pc=0x00007f30bc735164 method=java.util.Arrays.fill([Ljava/lang/Object;IILjava/lang/Object;)V @ 20
Event: 8.833 Thread 0x00007f3080008000 Uncommon trap: reason=array_check action=maybe_recompile pc=0x00007f30bc735164 method=java.util.Arrays.fill([Ljava/lang/Object;IILjava/lang/Object;)V @ 20
Event: 8.833 Thread 0x00007f3080008000 Uncommon trap: reason=array_check action=maybe_recompile pc=0x00007f30bc735164 method=java.util.Arrays.fill([Ljava/lang/Object;IILjava/lang/Object;)V @ 20
Event: 26.132 Thread 0x00007f30c02b0800 Uncommon trap: reason=unreached action=reinterpret pc=0x00007f30bc759e14 method=java.security.AccessControlContext.optimize()Ljava/security/AccessControlContext; @ 129

Internal exceptions (10 events):
Event: 3.381 Thread 0x00007f3080008000 Threw 0x00000000ed219bc0 at /build/buildd/openjdk-7-7u79-2.5.5/build/openjdk/hotspot/src/share/vm/prims/jvm.cpp:1284
Event: 3.458 Thread 0x00007f3080008000 Threw 0x00000000ed67c800 at /build/buildd/openjdk-7-7u79-2.5.5/build/openjdk/hotspot/src/share/vm/prims/jvm.cpp:1284
Event: 3.796 Thread 0x00007f3080008000 Threw 0x00000000eda93928 at /build/buildd/openjdk-7-7u79-2.5.5/build/openjdk/hotspot/src/share/vm/runtime/reflection.cpp:1030
Event: 3.797 Thread 0x00007f3080008000 Threw 0x00000000eda93d98 at /build/buildd/openjdk-7-7u79-2.5.5/build/openjdk/hotspot/src/share/vm/runtime/reflection.cpp:1030
Event: 3.857 Thread 0x00007f3080008000 Threw 0x00000000edbe18e0 at /build/buildd/openjdk-7-7u79-2.5.5/build/openjdk/hotspot/src/share/vm/runtime/reflection.cpp:1030
Event: 3.857 Thread 0x00007f3080008000 Threw 0x00000000edbe1ba0 at /build/buildd/openjdk-7-7u79-2.5.5/build/openjdk/hotspot/src/share/vm/runtime/reflection.cpp:1030
Event: 3.922 Thread 0x00007f3080008000 Threw 0x00000000edd250d8 at /build/buildd/openjdk-7-7u79-2.5.5/build/openjdk/hotspot/src/share/vm/runtime/reflection.cpp:1030
Event: 3.923 Thread 0x00007f3080008000 Threw 0x00000000edd25398 at /build/buildd/openjdk-7-7u79-2.5.5/build/openjdk/hotspot/src/share/vm/runtime/reflection.cpp:1030
Event: 3.960 Thread 0x00007f3080008000 Threw 0x00000000ecee7e08 at /build/buildd/openjdk-7-7u79-2.5.5/build/openjdk/hotspot/src/share/vm/runtime/reflection.cpp:1030
Event: 26.132 Thread 0x00007f30c02b0800 Implicit null exception at 0x00007f30bc759896 to 0x00007f30bc759dfd

Events (10 events):
Event: 25.630 loading class 0x00007f30c01edd90 done
Event: 26.116 loading class 0x00007f30c00ad2b0
Event: 26.116 loading class 0x00007f30c00ad2b0 done
Event: 26.117 Thread 0x00007f3074618000 Thread added: 0x00007f3074618000
Event: 26.117 loading class 0x00007f30c01f4d30
Event: 26.117 loading class 0x00007f30c01f4d30 done
Event: 26.132 Thread 0x00007f30c02b0800 Uncommon trap: trap_request=0xffffffad fr.pc=0x00007f30bc759e14
Event: 26.132 Thread 0x00007f30c02b0800 DEOPT PACKING pc=0x00007f30bc759e14 sp=0x00007f308a23d290
Event: 26.132 Thread 0x00007f30c02b0800 DEOPT UNPACKING pc=0x00007f30bc5f4045 sp=0x00007f308a23d240 mode 2
Event: 26.132 Thread 0x00007f308000f800 Thread exited: 0x00007f308000f800


Dynamic libraries:
00400000-00401000 r-xp 00000000 08:01 1861178                            /usr/lib/jvm/java-7-openjdk-amd64/jre/bin/java
00600000-00601000 r--p 00000000 08:01 1861178                            /usr/lib/jvm/java-7-openjdk-amd64/jre/bin/java
00601000-00602000 rw-p 00001000 08:01 1861178                            /usr/lib/jvm/java-7-openjdk-amd64/jre/bin/java
01747000-017fe000 rw-p 00000000 00:00 0                                  [heap]
bc400000-bd900000 rw-p 00000000 00:00 0 
bd900000-c6a00000 rw-p 00000000 00:00 0 
c6a00000-c9000000 rw-p 00000000 00:00 0 
c9000000-ece00000 rw-p 00000000 00:00 0 
ece00000-fae00000 rw-p 00000000 00:00 0 
fae00000-100000000 rw-p 00000000 00:00 0 
7f306e93c000-7f306ea3c000 rw-s 12fb0f000 00:05 1913                      /dev/dri/card0
7f306eb43000-7f306eb86000 r-xp 00000000 08:01 532670                     /usr/lib/x86_64-linux-gnu/libjpeg.so.8.0.2
7f306eb86000-7f306ed86000 ---p 00043000 08:01 532670                     /usr/lib/x86_64-linux-gnu/libjpeg.so.8.0.2
7f306ed86000-7f306ed87000 r--p 00043000 08:01 532670                     /usr/lib/x86_64-linux-gnu/libjpeg.so.8.0.2
7f306ed87000-7f306ed88000 rw-p 00044000 08:01 532670                     /usr/lib/x86_64-linux-gnu/libjpeg.so.8.0.2
7f306ed88000-7f306ed98000 rw-p 00000000 00:00 0 
7f306edb9000-7f306edbc000 ---p 00000000 00:00 0 
7f306edbc000-7f306eeba000 rw-p 00000000 00:00 0 
7f306eeba000-7f306eebd000 ---p 00000000 00:00 0 
7f306eebd000-7f306efbb000 rw-p 00000000 00:00 0 
7f306efbb000-7f306efbe000 ---p 00000000 00:00 0 
7f306efbe000-7f306f0bc000 rw-p 00000000 00:00 0 
7f306f0be000-7f306f0bf000 rw-s 12a5b2000 00:05 1913                      /dev/dri/card0
7f306f0c2000-7f306f0c3000 rw-s 12a5ae000 00:05 1913                      /dev/dri/card0
7f306f0c3000-7f306f0c4000 rw-s 12a5ad000 00:05 1913                      /dev/dri/card0
7f306f0c4000-7f306f0c5000 rw-s 12a5ac000 00:05 1913                      /dev/dri/card0
7f306f0c6000-7f306f0c7000 rw-s 12f985000 00:05 1913                      /dev/dri/card0
7f306f0c8000-7f306f0c9000 rw-s 12f983000 00:05 1913                      /dev/dri/card0
7f306f0cc000-7f306f0cd000 rw-s 12f97a000 00:05 1913                      /dev/dri/card0
7f306f179000-7f306f17c000 ---p 00000000 00:00 0 
7f306f17c000-7f306f27a000 rw-p 00000000 00:00 0 
7f306f27a000-7f306f27d000 ---p 00000000 00:00 0 
7f306f27d000-7f306f37b000 rw-p 00000000 00:00 0 
7f306f37b000-7f306f37e000 ---p 00000000 00:00 0 
7f306f37e000-7f306f47c000 rw-p 00000000 00:00 0 
7f306f47c000-7f306f47f000 ---p 00000000 00:00 0 
7f306f47f000-7f306f57d000 rw-p 00000000 00:00 0 
7f306f57d000-7f306f582000 r-xp 00000000 08:01 15728669                   /lib/x86_64-linux-gnu/libnss_dns-2.19.so
7f306f582000-7f306f781000 ---p 00005000 08:01 15728669                   /lib/x86_64-linux-gnu/libnss_dns-2.19.so
7f306f781000-7f306f782000 r--p 00004000 08:01 15728669                   /lib/x86_64-linux-gnu/libnss_dns-2.19.so
7f306f782000-7f306f783000 rw-p 00005000 08:01 15728669                   /lib/x86_64-linux-gnu/libnss_dns-2.19.so
7f306f783000-7f306f785000 r-xp 00000000 08:01 15732752                   /lib/x86_64-linux-gnu/libnss_mdns4_minimal.so.2
7f306f785000-7f306f984000 ---p 00002000 08:01 15732752                   /lib/x86_64-linux-gnu/libnss_mdns4_minimal.so.2
7f306f984000-7f306f985000 r--p 00001000 08:01 15732752                   /lib/x86_64-linux-gnu/libnss_mdns4_minimal.so.2
7f306f985000-7f306f986000 rw-p 00002000 08:01 15732752                   /lib/x86_64-linux-gnu/libnss_mdns4_minimal.so.2
7f306f9a2000-7f306f9a3000 rw-s 130104000 00:05 1913                      /dev/dri/card0
7f306f9a3000-7f306f9a4000 rw-s 130103000 00:05 1913                      /dev/dri/card0
7f306f9a7000-7f306f9aa000 ---p 00000000 00:00 0 
7f306f9aa000-7f306faa8000 rw-p 00000000 00:00 0 
7f306faa8000-7f306faab000 ---p 00000000 00:00 0 
7f306faab000-7f306fba9000 rw-p 00000000 00:00 0 
7f306fba9000-7f306fbac000 ---p 00000000 00:00 0 
7f306fbac000-7f306fcaa000 rw-p 00000000 00:00 0 
7f306fcaa000-7f306fcad000 ---p 00000000 00:00 0 
7f306fcad000-7f306fdab000 rw-p 00000000 00:00 0 
7f306fdb5000-7f306fdb6000 rw-s 12a66e000 00:05 1913                      /dev/dri/card0
7f306fdb6000-7f306fdb7000 rw-s 12a66d000 00:05 1913                      /dev/dri/card0
7f306fdb7000-7f306fdb8000 rw-s 12a66c000 00:05 1913                      /dev/dri/card0
7f306fdb8000-7f306fdb9000 rw-s 12a66b000 00:05 1913                      /dev/dri/card0
7f306fdba000-7f306fdbb000 rw-s 12a669000 00:05 1913                      /dev/dri/card0
7f306fdbc000-7f306fdbd000 rw-s 12a667000 00:05 1913                      /dev/dri/card0
7f306fdbe000-7f306fdbf000 rw-s 12a665000 00:05 1913                      /dev/dri/card0
7f306fdbf000-7f306fdc0000 rw-s 12a664000 00:05 1913                      /dev/dri/card0
7f306fdc1000-7f306fdcb000 r-xp 00000000 08:01 5768782                    /usr/lib/jvm/java-7-openjdk-amd64/jre/lib/amd64/libjavajpeg.so
7f306fdcb000-7f306ffca000 ---p 0000a000 08:01 5768782                    /usr/lib/jvm/java-7-openjdk-amd64/jre/lib/amd64/libjavajpeg.so
7f306ffca000-7f306ffcb000 r--p 00009000 08:01 5768782                    /usr/lib/jvm/java-7-openjdk-amd64/jre/lib/amd64/libjavajpeg.so
7f306ffcb000-7f306ffcc000 rw-p 0000a000 08:01 5768782                    /usr/lib/jvm/java-7-openjdk-amd64/jre/lib/amd64/libjavajpeg.so
7f306ffcc000-7f30701a1000 rw-p 00000000 00:00 0 
7f30701a1000-7f30701a2000 rw-s 12a662000 00:05 1913                      /dev/dri/card0
7f30701a3000-7f30701a4000 rw-s 12a661000 00:05 1913                      /dev/dri/card0
7f30701a7000-7f30701a8000 rw-s 131e74000 00:05 1913                      /dev/dri/card0
7f30701a8000-7f30701a9000 rw-s 131e73000 00:05 1913                      /dev/dri/card0
7f30701aa000-7f30701ab000 rw-s 131dc5000 00:05 1913                      /dev/dri/card0
7f30701ac000-7f30701af000 ---p 00000000 00:00 0 
7f30701af000-7f30702ad000 rw-p 00000000 00:00 0 
7f30702ad000-7f30702b0000 ---p 00000000 00:00 0 
7f30702b0000-7f3070583000 rw-p 00000000 00:00 0                          [stack:11811]
7f3070583000-7f3070584000 ---p 00000000 00:00 0 
7f3070584000-7f3070d84000 rw-p 00000000 00:00 0                          [stack:11738]
7f3070d84000-7f30714ca000 r-xp 00000000 08:01 918024                     /usr/lib/x86_64-linux-gnu/dri/r600_dri.so
7f30714ca000-7f30716c9000 ---p 00746000 08:01 918024                     /usr/lib/x86_64-linux-gnu/dri/r600_dri.so
7f30716c9000-7f307171c000 r--p 00745000 08:01 918024                     /usr/lib/x86_64-linux-gnu/dri/r600_dri.so
7f307171c000-7f3071728000 rw-p 00798000 08:01 918024                     /usr/lib/x86_64-linux-gnu/dri/r600_dri.so
7f3071728000-7f3071910000 rw-p 00000000 00:00 0 
7f3071910000-7f3071912000 r-xp 00000000 08:01 532093                     /usr/lib/x86_64-linux-gnu/libXinerama.so.1.0.0
7f3071912000-7f3071b11000 ---p 00002000 08:01 532093                     /usr/lib/x86_64-linux-gnu/libXinerama.so.1.0.0
7f3071b11000-7f3071b12000 r--p 00001000 08:01 532093                     /usr/lib/x86_64-linux-gnu/libXinerama.so.1.0.0
7f3071b12000-7f3071b13000 rw-p 00002000 08:01 532093                     /usr/lib/x86_64-linux-gnu/libXinerama.so.1.0.0
7f3071b13000-7f3071b14000 ---p 00000000 00:00 0 
7f3071b14000-7f3072314000 rw-p 00000000 00:00 0                          [stack:11737]
7f3072314000-7f3073e1c000 r-xp 00000000 08:01 531941                     /usr/lib/x86_64-linux-gnu/libLLVM-3.5.so.1
7f3073e1c000-7f3073e1d000 ---p 01b08000 08:01 531941                     /usr/lib/x86_64-linux-gnu/libLLVM-3.5.so.1
7f3073e1d000-7f3073fe5000 r--p 01b08000 08:01 531941                     /usr/lib/x86_64-linux-gnu/libLLVM-3.5.so.1
7f3073fe5000-7f3073feb000 rw-p 01cd0000 08:01 531941                     /usr/lib/x86_64-linux-gnu/libLLVM-3.5.so.1
7f3073feb000-7f3074000000 rw-p 00000000 00:00 0 
7f3074000000-7f3074a2b000 rw-p 00000000 00:00 0 
7f3074a2b000-7f3078000000 ---p 00000000 00:00 0 
7f307800e000-7f307800f000 rw-s 131fd0000 00:05 1913                      /dev/dri/card0
7f307800f000-7f3078010000 rw-s 131fce000 00:05 1913                      /dev/dri/card0
7f3078010000-7f3078011000 rw-s 131fcd000 00:05 1913                      /dev/dri/card0
7f3078011000-7f3078111000 rw-s 131cbd000 00:05 1913                      /dev/dri/card0
7f30781b5000-7f30781ec000 r-xp 00000000 08:01 533016                     /usr/lib/x86_64-linux-gnu/libtxc_dxtn_s2tc.so.0.0.0
7f30781ec000-7f30783eb000 ---p 00037000 08:01 533016                     /usr/lib/x86_64-linux-gnu/libtxc_dxtn_s2tc.so.0.0.0
7f30783eb000-7f30783ec000 r--p 00036000 08:01 533016                     /usr/lib/x86_64-linux-gnu/libtxc_dxtn_s2tc.so.0.0.0
7f30783ec000-7f30783ed000 rw-p 00037000 08:01 533016                     /usr/lib/x86_64-linux-gnu/libtxc_dxtn_s2tc.so.0.0.0
7f30783ed000-7f30783f5000 r-xp 00000000 08:01 15732733                   /lib/x86_64-linux-gnu/libnih-dbus.so.1.0.0
7f30783f5000-7f30785f5000 ---p 00008000 08:01 15732733                   /lib/x86_64-linux-gnu/libnih-dbus.so.1.0.0
7f30785f5000-7f30785f6000 r--p 00008000 08:01 15732733                   /lib/x86_64-linux-gnu/libnih-dbus.so.1.0.0
7f30785f6000-7f30785f7000 rw-p 00009000 08:01 15732733                   /lib/x86_64-linux-gnu/libnih-dbus.so.1.0.0
7f30785f7000-7f307860e000 r-xp 00000000 08:01 15732735                   /lib/x86_64-linux-gnu/libnih.so.1.0.0
7f307860e000-7f307880d000 ---p 00017000 08:01 15732735                   /lib/x86_64-linux-gnu/libnih.so.1.0.0
7f307880d000-7f307880e000 r--p 00016000 08:01 15732735                   /lib/x86_64-linux-gnu/libnih.so.1.0.0
7f307880e000-7f307880f000 rw-p 00017000 08:01 15732735                   /lib/x86_64-linux-gnu/libnih.so.1.0.0
7f307880f000-7f3078828000 r-xp 00000000 08:01 15732676                   /lib/x86_64-linux-gnu/libcgmanager.so.0.0.0
7f3078828000-7f3078a27000 ---p 00019000 08:01 15732676                   /lib/x86_64-linux-gnu/libcgmanager.so.0.0.0
7f3078a27000-7f3078a29000 r--p 00018000 08:01 15732676                   /lib/x86_64-linux-gnu/libcgmanager.so.0.0.0
7f3078a29000-7f3078a2a000 rw-p 0001a000 08:01 15732676                   /lib/x86_64-linux-gnu/libcgmanager.so.0.0.0
7f3078a2a000-7f3078a3a000 r-xp 00000000 08:01 15728930                   /lib/x86_64-linux-gnu/libudev.so.1.3.5
7f3078a3a000-7f3078c39000 ---p 00010000 08:01 15728930                   /lib/x86_64-linux-gnu/libudev.so.1.3.5
7f3078c39000-7f3078c3a000 r--p 0000f000 08:01 15728930                   /lib/x86_64-linux-gnu/libudev.so.1.3.5
7f3078c3a000-7f3078c3b000 rw-p 00010000 08:01 15728930                   /lib/x86_64-linux-gnu/libudev.so.1.3.5
7f3078c3b000-7f3078c60000 r-xp 00000000 08:01 15732817                   /lib/x86_64-linux-gnu/libtinfo.so.5.9
7f3078c60000-7f3078e5f000 ---p 00025000 08:01 15732817                   /lib/x86_64-linux-gnu/libtinfo.so.5.9
7f3078e5f000-7f3078e63000 r--p 00024000 08:01 15732817                   /lib/x86_64-linux-gnu/libtinfo.so.5.9
7f3078e63000-7f3078e64000 rw-p 00028000 08:01 15732817                   /lib/x86_64-linux-gnu/libtinfo.so.5.9
7f3078e64000-7f3078e8d000 r-xp 00000000 08:01 532322                     /usr/lib/x86_64-linux-gnu/libedit.so.2.0.47
7f3078e8d000-7f307908d000 ---p 00029000 08:01 532322                     /usr/lib/x86_64-linux-gnu/libedit.so.2.0.47
7f307908d000-7f307908f000 r--p 00029000 08:01 532322                     /usr/lib/x86_64-linux-gnu/libedit.so.2.0.47
7f307908f000-7f3079090000 rw-p 0002b000 08:01 532322                     /usr/lib/x86_64-linux-gnu/libedit.so.2.0.47
7f3079090000-7f3079094000 rw-p 00000000 00:00 0 
7f3079094000-7f30790a0000 r-xp 00000000 08:01 530540                     /usr/lib/x86_64-linux-gnu/libdrm_radeon.so.1.0.1
7f30790a0000-7f307929f000 ---p 0000c000 08:01 530540                     /usr/lib/x86_64-linux-gnu/libdrm_radeon.so.1.0.1
7f307929f000-7f30792a0000 r--p 0000b000 08:01 530540                     /usr/lib/x86_64-linux-gnu/libdrm_radeon.so.1.0.1
7f30792a0000-7f30792a1000 rw-p 0000c000 08:01 530540                     /usr/lib/x86_64-linux-gnu/libdrm_radeon.so.1.0.1
7f30792a1000-7f30792b6000 r-xp 00000000 08:01 532323                     /usr/lib/x86_64-linux-gnu/libelf-0.158.so
7f30792b6000-7f30794b5000 ---p 00015000 08:01 532323                     /usr/lib/x86_64-linux-gnu/libelf-0.158.so
7f30794b5000-7f30794b6000 r--p 00014000 08:01 532323                     /usr/lib/x86_64-linux-gnu/libelf-0.158.so
7f30794b6000-7f30794b7000 rw-p 00015000 08:01 532323                     /usr/lib/x86_64-linux-gnu/libelf-0.158.so
7f30794b7000-7f30794bd000 r-xp 00000000 08:01 530538                     /usr/lib/x86_64-linux-gnu/libdrm_nouveau.so.2.0.0
7f30794bd000-7f30796bc000 ---p 00006000 08:01 530538                     /usr/lib/x86_64-linux-gnu/libdrm_nouveau.so.2.0.0
7f30796bc000-7f30796bd000 r--p 00005000 08:01 530538                     /usr/lib/x86_64-linux-gnu/libdrm_nouveau.so.2.0.0
7f30796bd000-7f30796be000 rw-p 00006000 08:01 530538                     /usr/lib/x86_64-linux-gnu/libdrm_nouveau.so.2.0.0
7f30796be000-7f30796c5000 r-xp 00000000 08:01 919135                     /usr/lib/x86_64-linux-gnu/mesa-egl/libOpenVG.so.1.0.0
7f30796c5000-7f30798c4000 ---p 00007000 08:01 919135                     /usr/lib/x86_64-linux-gnu/mesa-egl/libOpenVG.so.1.0.0
7f30798c4000-7f30798c5000 r--p 00006000 08:01 919135                     /usr/lib/x86_64-linux-gnu/mesa-egl/libOpenVG.so.1.0.0
7f30798c5000-7f30798c6000 rw-p 00007000 08:01 919135                     /usr/lib/x86_64-linux-gnu/mesa-egl/libOpenVG.so.1.0.0
7f30798c6000-7f30798c8000 rw-p 00000000 00:00 0 
7f30798c8000-7f307a050000 r-xp 00000000 08:01 918029                     /usr/lib/x86_64-linux-gnu/egl/egl_gallium.so
7f307a050000-7f307a250000 ---p 00788000 08:01 918029                     /usr/lib/x86_64-linux-gnu/egl/egl_gallium.so
7f307a250000-7f307a2a3000 r--p 00788000 08:01 918029                     /usr/lib/x86_64-linux-gnu/egl/egl_gallium.so
7f307a2a3000-7f307a2af000 rw-p 007db000 08:01 918029                     /usr/lib/x86_64-linux-gnu/egl/egl_gallium.so
7f307a2af000-7f307a496000 rw-p 00000000 00:00 0 
7f307a496000-7f307a49c000 r-xp 00000000 08:01 919133                     /usr/lib/x86_64-linux-gnu/mesa-egl/libGLESv2.so.2.0.0
7f307a49c000-7f307a69b000 ---p 00006000 08:01 919133                     /usr/lib/x86_64-linux-gnu/mesa-egl/libGLESv2.so.2.0.0
7f307a69b000-7f307a69c000 r--p 00005000 08:01 919133                     /usr/lib/x86_64-linux-gnu/mesa-egl/libGLESv2.so.2.0.0
7f307a69c000-7f307a69d000 rw-p 00006000 08:01 919133                     /usr/lib/x86_64-linux-gnu/mesa-egl/libGLESv2.so.2.0.0
7f307a69d000-7f307a6e2000 r-xp 00000000 08:01 12845847                   /tmp/jogamp_0000/file_cache/jln1387975944929192020/jln1240418583698770477/libjogl_mobile.so
7f307a6e2000-7f307a8e2000 ---p 00045000 08:01 12845847                   /tmp/jogamp_0000/file_cache/jln1387975944929192020/jln1240418583698770477/libjogl_mobile.so
7f307a8e2000-7f307a8e3000 rw-p 00045000 08:01 12845847                   /tmp/jogamp_0000/file_cache/jln1387975944929192020/jln1240418583698770477/libjogl_mobile.so
7f307a8e3000-7f307a8ef000 r-xp 00000000 08:01 532405                     /usr/lib/x86_64-linux-gnu/libgbm.so.1.0.0
7f307a8ef000-7f307aaef000 ---p 0000c000 08:01 532405                     /usr/lib/x86_64-linux-gnu/libgbm.so.1.0.0
7f307aaef000-7f307aaf0000 r--p 0000c000 08:01 532405                     /usr/lib/x86_64-linux-gnu/libgbm.so.1.0.0
7f307aaf0000-7f307aaf1000 rw-p 0000d000 08:01 532405                     /usr/lib/x86_64-linux-gnu/libgbm.so.1.0.0
7f307aaf1000-7f307ab00000 r-xp 00000000 08:01 533084                     /usr/lib/x86_64-linux-gnu/libwayland-server.so.0.1.0
7f307ab00000-7f307acff000 ---p 0000f000 08:01 533084                     /usr/lib/x86_64-linux-gnu/libwayland-server.so.0.1.0
7f307acff000-7f307ad01000 r--p 0000e000 08:01 533084                     /usr/lib/x86_64-linux-gnu/libwayland-server.so.0.1.0
7f307ad01000-7f307ad02000 rw-p 00010000 08:01 533084                     /usr/lib/x86_64-linux-gnu/libwayland-server.so.0.1.0
7f307ad02000-7f307ad0d000 r-xp 00000000 08:01 533078                     /usr/lib/x86_64-linux-gnu/libwayland-client.so.0.2.0
7f307ad0d000-7f307af0c000 ---p 0000b000 08:01 533078                     /usr/lib/x86_64-linux-gnu/libwayland-client.so.0.2.0
7f307af0c000-7f307af0e000 r--p 0000a000 08:01 533078                     /usr/lib/x86_64-linux-gnu/libwayland-client.so.0.2.0
7f307af0e000-7f307af0f000 rw-p 0000c000 08:01 533078                     /usr/lib/x86_64-linux-gnu/libwayland-client.so.0.2.0
7f307af0f000-7f307af14000 r-xp 00000000 08:01 533134                     /usr/lib/x86_64-linux-gnu/libxcb-xfixes.so.0.0.0
7f307af14000-7f307b114000 ---p 00005000 08:01 533134                     /usr/lib/x86_64-linux-gnu/libxcb-xfixes.so.0.0.0
7f307b114000-7f307b115000 r--p 00005000 08:01 533134                     /usr/lib/x86_64-linux-gnu/libxcb-xfixes.so.0.0.0
7f307b115000-7f307b116000 rw-p 00006000 08:01 533134                     /usr/lib/x86_64-linux-gnu/libxcb-xfixes.so.0.0.0
7f307b116000-7f307b13d000 r-xp 00000000 08:01 919129                     /usr/lib/x86_64-linux-gnu/mesa-egl/libEGL.so.1.0.0
7f307b13d000-7f307b33d000 ---p 00027000 08:01 919129                     /usr/lib/x86_64-linux-gnu/mesa-egl/libEGL.so.1.0.0
7f307b33d000-7f307b33e000 r--p 00027000 08:01 919129                     /usr/lib/x86_64-linux-gnu/mesa-egl/libEGL.so.1.0.0
7f307b33e000-7f307b33f000 rw-p 00028000 08:01 919129                     /usr/lib/x86_64-linux-gnu/mesa-egl/libEGL.so.1.0.0
7f307b33f000-7f307b340000 rw-p 00000000 00:00 0 
7f307b340000-7f307b3e5000 r-xp 00000000 08:01 12845846                   /tmp/jogamp_0000/file_cache/jln1387975944929192020/jln1240418583698770477/libjogl_desktop.so
7f307b3e5000-7f307b5e5000 ---p 000a5000 08:01 12845846                   /tmp/jogamp_0000/file_cache/jln1387975944929192020/jln1240418583698770477/libjogl_desktop.so
7f307b5e5000-7f307b5e6000 rw-p 000a5000 08:01 12845846                   /tmp/jogamp_0000/file_cache/jln1387975944929192020/jln1240418583698770477/libjogl_desktop.so
7f307b5e6000-7f307b5f1000 r-xp 00000000 08:01 530534                     /usr/lib/x86_64-linux-gnu/libdrm.so.2.4.0
7f307b5f1000-7f307b7f0000 ---p 0000b000 08:01 530534                     /usr/lib/x86_64-linux-gnu/libdrm.so.2.4.0
7f307b7f0000-7f307b7f1000 r--p 0000a000 08:01 530534                     /usr/lib/x86_64-linux-gnu/libdrm.so.2.4.0
7f307b7f1000-7f307b7f2000 rw-p 0000b000 08:01 530534                     /usr/lib/x86_64-linux-gnu/libdrm.so.2.4.0
7f307b7f2000-7f307b7f3000 r-xp 00000000 08:01 533148                     /usr/lib/x86_64-linux-gnu/libxshmfence.so.1.0.0
7f307b7f3000-7f307b9f2000 ---p 00001000 08:01 533148                     /usr/lib/x86_64-linux-gnu/libxshmfence.so.1.0.0
7f307b9f2000-7f307b9f3000 r--p 00000000 08:01 533148                     /usr/lib/x86_64-linux-gnu/libxshmfence.so.1.0.0
7f307b9f3000-7f307b9f4000 rw-p 00001000 08:01 533148                     /usr/lib/x86_64-linux-gnu/libxshmfence.so.1.0.0
7f307b9f4000-7f307b9f9000 r-xp 00000000 08:01 533130                     /usr/lib/x86_64-linux-gnu/libxcb-sync.so.1.0.0
7f307b9f9000-7f307bbf8000 ---p 00005000 08:01 533130                     /usr/lib/x86_64-linux-gnu/libxcb-sync.so.1.0.0
7f307bbf8000-7f307bbf9000 r--p 00004000 08:01 533130                     /usr/lib/x86_64-linux-gnu/libxcb-sync.so.1.0.0
7f307bbf9000-7f307bbfa000 rw-p 00005000 08:01 533130                     /usr/lib/x86_64-linux-gnu/libxcb-sync.so.1.0.0
7f307bbfa000-7f307bbfc000 r-xp 00000000 08:01 533118                     /usr/lib/x86_64-linux-gnu/libxcb-present.so.0.0.0
7f307bbfc000-7f307bdfb000 ---p 00002000 08:01 533118                     /usr/lib/x86_64-linux-gnu/libxcb-present.so.0.0.0
7f307bdfb000-7f307bdfc000 r--p 00001000 08:01 533118                     /usr/lib/x86_64-linux-gnu/libxcb-present.so.0.0.0
7f307bdfc000-7f307bdfd000 rw-p 00002000 08:01 533118                     /usr/lib/x86_64-linux-gnu/libxcb-present.so.0.0.0
7f307bdfd000-7f307bdff000 r-xp 00000000 08:01 533108                     /usr/lib/x86_64-linux-gnu/libxcb-dri3.so.0.0.0
7f307bdff000-7f307bffe000 ---p 00002000 08:01 533108                     /usr/lib/x86_64-linux-gnu/libxcb-dri3.so.0.0.0
7f307bffe000-7f307bfff000 r--p 00001000 08:01 533108                     /usr/lib/x86_64-linux-gnu/libxcb-dri3.so.0.0.0
7f307bfff000-7f307c000000 rw-p 00002000 08:01 533108                     /usr/lib/x86_64-linux-gnu/libxcb-dri3.so.0.0.0
7f307c000000-7f307c025000 rw-p 00000000 00:00 0 
7f307c025000-7f3080000000 ---p 00000000 00:00 0 
7f3080000000-7f3080690000 rw-p 00000000 00:00 0 
7f3080690000-7f3084000000 ---p 00000000 00:00 0 
7f3084000000-7f30841e1000 rw-p 00000000 00:00 0 
7f30841e1000-7f3088000000 ---p 00000000 00:00 0 
7f3088000000-7f3088001000 rw-s 131fcc000 00:05 1913                      /dev/dri/card0
7f30880e5000-7f30880e8000 r-xp 00000000 08:01 533106                     /usr/lib/x86_64-linux-gnu/libxcb-dri2.so.0.0.0
7f30880e8000-7f30882e8000 ---p 00003000 08:01 533106                     /usr/lib/x86_64-linux-gnu/libxcb-dri2.so.0.0.0
7f30882e8000-7f30882e9000 r--p 00003000 08:01 533106                     /usr/lib/x86_64-linux-gnu/libxcb-dri2.so.0.0.0
7f30882e9000-7f30882ea000 rw-p 00004000 08:01 533106                     /usr/lib/x86_64-linux-gnu/libxcb-dri2.so.0.0.0
7f30882ea000-7f30882ff000 r-xp 00000000 08:01 533110                     /usr/lib/x86_64-linux-gnu/libxcb-glx.so.0.0.0
7f30882ff000-7f30884fe000 ---p 00015000 08:01 533110                     /usr/lib/x86_64-linux-gnu/libxcb-glx.so.0.0.0
7f30884fe000-7f3088500000 r--p 00014000 08:01 533110                     /usr/lib/x86_64-linux-gnu/libxcb-glx.so.0.0.0
7f3088500000-7f3088501000 rw-p 00016000 08:01 533110                     /usr/lib/x86_64-linux-gnu/libxcb-glx.so.0.0.0
7f3088501000-7f3088502000 r-xp 00000000 08:01 532064                     /usr/lib/x86_64-linux-gnu/libX11-xcb.so.1.0.0
7f3088502000-7f3088701000 ---p 00001000 08:01 532064                     /usr/lib/x86_64-linux-gnu/libX11-xcb.so.1.0.0
7f3088701000-7f3088702000 r--p 00000000 08:01 532064                     /usr/lib/x86_64-linux-gnu/libX11-xcb.so.1.0.0
7f3088702000-7f3088703000 rw-p 00001000 08:01 532064                     /usr/lib/x86_64-linux-gnu/libX11-xcb.so.1.0.0
7f3088703000-7f3088705000 r-xp 00000000 08:01 532079                     /usr/lib/x86_64-linux-gnu/libXdamage.so.1.1.0
7f3088705000-7f3088904000 ---p 00002000 08:01 532079                     /usr/lib/x86_64-linux-gnu/libXdamage.so.1.1.0
7f3088904000-7f3088905000 r--p 00001000 08:01 532079                     /usr/lib/x86_64-linux-gnu/libXdamage.so.1.1.0
7f3088905000-7f3088906000 rw-p 00002000 08:01 532079                     /usr/lib/x86_64-linux-gnu/libXdamage.so.1.1.0
7f3088906000-7f308892a000 r-xp 00000000 08:01 532457                     /usr/lib/x86_64-linux-gnu/libglapi.so.0.0.0
7f308892a000-7f3088b2a000 ---p 00024000 08:01 532457                     /usr/lib/x86_64-linux-gnu/libglapi.so.0.0.0
7f3088b2a000-7f3088b2d000 r--p 00024000 08:01 532457                     /usr/lib/x86_64-linux-gnu/libglapi.so.0.0.0
7f3088b2d000-7f3088b2e000 rw-p 00027000 08:01 532457                     /usr/lib/x86_64-linux-gnu/libglapi.so.0.0.0
7f3088b2e000-7f3088b2f000 rw-p 00000000 00:00 0 
7f3088b2f000-7f3088bbb000 r-xp 00000000 08:01 919126                     /usr/lib/x86_64-linux-gnu/mesa/libGL.so.1.2.0
7f3088bbb000-7f3088dba000 ---p 0008c000 08:01 919126                     /usr/lib/x86_64-linux-gnu/mesa/libGL.so.1.2.0
7f3088dba000-7f3088dbd000 r--p 0008b000 08:01 919126                     /usr/lib/x86_64-linux-gnu/mesa/libGL.so.1.2.0
7f3088dbd000-7f3088dbe000 rw-p 0008e000 08:01 919126                     /usr/lib/x86_64-linux-gnu/mesa/libGL.so.1.2.0
7f3088dbe000-7f3088dbf000 rw-p 00000000 00:00 0 
7f3088dbf000-7f3088dc6000 r-xp 00000000 08:01 12845849                   /tmp/jogamp_0000/file_cache/jln1387975944929192020/jln1240418583698770477/libnativewindow_x11.so
7f3088dc6000-7f3088fc5000 ---p 00007000 08:01 12845849                   /tmp/jogamp_0000/file_cache/jln1387975944929192020/jln1240418583698770477/libnativewindow_x11.so
7f3088fc5000-7f3088fc6000 rw-p 00006000 08:01 12845849                   /tmp/jogamp_0000/file_cache/jln1387975944929192020/jln1240418583698770477/libnativewindow_x11.so
7f3088fc6000-7f3088fca000 r-xp 00000000 08:01 532121                     /usr/lib/x86_64-linux-gnu/libXxf86vm.so.1.0.0
7f3088fca000-7f30891ca000 ---p 00004000 08:01 532121                     /usr/lib/x86_64-linux-gnu/libXxf86vm.so.1.0.0
7f30891ca000-7f30891cb000 r--p 00004000 08:01 532121                     /usr/lib/x86_64-linux-gnu/libXxf86vm.so.1.0.0
7f30891cb000-7f30891cc000 rw-p 00005000 08:01 532121                     /usr/lib/x86_64-linux-gnu/libXxf86vm.so.1.0.0
7f30891cc000-7f30891ce000 r-xp 00000000 08:01 12845848                   /tmp/jogamp_0000/file_cache/jln1387975944929192020/jln1240418583698770477/libnativewindow_awt.so
7f30891ce000-7f30893cd000 ---p 00002000 08:01 12845848                   /tmp/jogamp_0000/file_cache/jln1387975944929192020/jln1240418583698770477/libnativewindow_awt.so
7f30893cd000-7f30893ce000 rw-p 00001000 08:01 12845848                   /tmp/jogamp_0000/file_cache/jln1387975944929192020/jln1240418583698770477/libnativewindow_awt.so
7f30893ce000-7f30893cf000 r-xp 00000000 08:01 5768800                    /usr/lib/jvm/java-7-openjdk-amd64/jre/lib/amd64/libjawt.so
7f30893cf000-7f30895ce000 ---p 00001000 08:01 5768800                    /usr/lib/jvm/java-7-openjdk-amd64/jre/lib/amd64/libjawt.so
7f30895ce000-7f30895cf000 r--p 00000000 08:01 5768800                    /usr/lib/jvm/java-7-openjdk-amd64/jre/lib/amd64/libjawt.so
7f30895cf000-7f30895d0000 rw-p 00001000 08:01 5768800                    /usr/lib/jvm/java-7-openjdk-amd64/jre/lib/amd64/libjawt.so
7f30895d0000-7f30895d2000 r-xp 00000000 08:01 12845845                   /tmp/jogamp_0000/file_cache/jln1387975944929192020/jln1240418583698770477/libgluegen-rt.so
7f30895d2000-7f30897d1000 ---p 00002000 08:01 12845845                   /tmp/jogamp_0000/file_cache/jln1387975944929192020/jln1240418583698770477/libgluegen-rt.so
7f30897d1000-7f30897d2000 rw-p 00001000 08:01 12845845                   /tmp/jogamp_0000/file_cache/jln1387975944929192020/jln1240418583698770477/libgluegen-rt.so
7f30897d2000-7f30897d5000 ---p 00000000 00:00 0 
7f30897d5000-7f30898d3000 rw-p 00000000 00:00 0                          [stack:11736]
7f30898d3000-7f30898d6000 ---p 00000000 00:00 0 
7f30898d6000-7f30899d4000 rw-p 00000000 00:00 0 
7f30899d4000-7f30899d7000 ---p 00000000 00:00 0 
7f30899d7000-7f3089ad5000 rw-p 00000000 00:00 0                          [stack:11726]
7f3089ad5000-7f3089ae5000 r-xp 00000000 08:01 5768799                    /usr/lib/jvm/java-7-openjdk-amd64/jre/lib/amd64/libnio.so
7f3089ae5000-7f3089ce5000 ---p 00010000 08:01 5768799                    /usr/lib/jvm/java-7-openjdk-amd64/jre/lib/amd64/libnio.so
7f3089ce5000-7f3089ce6000 r--p 00010000 08:01 5768799                    /usr/lib/jvm/java-7-openjdk-amd64/jre/lib/amd64/libnio.so
7f3089ce6000-7f3089ce7000 rw-p 00011000 08:01 5768799                    /usr/lib/jvm/java-7-openjdk-amd64/jre/lib/amd64/libnio.so
7f3089ce7000-7f3089d39000 r-xp 00000000 08:01 5768803                    /usr/lib/jvm/java-7-openjdk-amd64/jre/lib/amd64/libfontmanager.so
7f3089d39000-7f3089f38000 ---p 00052000 08:01 5768803                    /usr/lib/jvm/java-7-openjdk-amd64/jre/lib/amd64/libfontmanager.so
7f3089f38000-7f3089f3b000 r--p 00051000 08:01 5768803                    /usr/lib/jvm/java-7-openjdk-amd64/jre/lib/amd64/libfontmanager.so
7f3089f3b000-7f3089f3c000 rw-p 00054000 08:01 5768803                    /usr/lib/jvm/java-7-openjdk-amd64/jre/lib/amd64/libfontmanager.so
7f3089f3c000-7f3089f3f000 ---p 00000000 00:00 0 
7f3089f3f000-7f308a03d000 rw-p 00000000 00:00 0                          [stack:11724]
7f308a03d000-7f308a040000 ---p 00000000 00:00 0 
7f308a040000-7f308a13e000 rw-p 00000000 00:00 0                          [stack:11723]
7f308a13e000-7f308a141000 ---p 00000000 00:00 0 
7f308a141000-7f308a23f000 rw-p 00000000 00:00 0                          [stack:11722]
7f308a23f000-7f308a242000 ---p 00000000 00:00 0 
7f308a242000-7f308a340000 rw-p 00000000 00:00 0                          [stack:11720]
7f308a340000-7f308a345000 r-xp 00000000 08:01 527015                     /usr/lib/x86_64-linux-gnu/libXfixes.so.3.1.0
7f308a345000-7f308a544000 ---p 00005000 08:01 527015                     /usr/lib/x86_64-linux-gnu/libXfixes.so.3.1.0
7f308a544000-7f308a545000 r--p 00004000 08:01 527015                     /usr/lib/x86_64-linux-gnu/libXfixes.so.3.1.0
7f308a545000-7f308a546000 rw-p 00005000 08:01 527015                     /usr/lib/x86_64-linux-gnu/libXfixes.so.3.1.0
7f308a546000-7f308a54f000 r-xp 00000000 08:01 532077                     /usr/lib/x86_64-linux-gnu/libXcursor.so.1.0.2
7f308a54f000-7f308a74e000 ---p 00009000 08:01 532077                     /usr/lib/x86_64-linux-gnu/libXcursor.so.1.0.2
7f308a74e000-7f308a74f000 r--p 00008000 08:01 532077                     /usr/lib/x86_64-linux-gnu/libXcursor.so.1.0.2
7f308a74f000-7f308a750000 rw-p 00009000 08:01 532077                     /usr/lib/x86_64-linux-gnu/libXcursor.so.1.0.2
7f308a750000-7f308a753000 ---p 00000000 00:00 0 
7f308a753000-7f308a851000 rw-p 00000000 00:00 0                          [stack:11719]
7f308a851000-7f308a868000 r-xp 00000000 08:01 5768826                    /usr/lib/jvm/java-7-openjdk-amd64/jre/lib/amd64/libnet.so
7f308a868000-7f308aa67000 ---p 00017000 08:01 5768826                    /usr/lib/jvm/java-7-openjdk-amd64/jre/lib/amd64/libnet.so
7f308aa67000-7f308aa68000 r--p 00016000 08:01 5768826                    /usr/lib/jvm/java-7-openjdk-amd64/jre/lib/amd64/libnet.so
7f308aa68000-7f308aa69000 rw-p 00017000 08:01 5768826                    /usr/lib/jvm/java-7-openjdk-amd64/jre/lib/amd64/libnet.so
7f308aa69000-7f308aa6d000 r-xp 00000000 08:01 15732704                   /lib/x86_64-linux-gnu/libgpg-error.so.0.10.0
7f308aa6d000-7f308ac6c000 ---p 00004000 08:01 15732704                   /lib/x86_64-linux-gnu/libgpg-error.so.0.10.0
7f308ac6c000-7f308ac6d000 r--p 00003000 08:01 15732704                   /lib/x86_64-linux-gnu/libgpg-error.so.0.10.0
7f308ac6d000-7f308ac6e000 rw-p 00004000 08:01 15732704                   /lib/x86_64-linux-gnu/libgpg-error.so.0.10.0
7f308ac6e000-7f308ac70000 r-xp 00000000 08:01 15732714                   /lib/x86_64-linux-gnu/libkeyutils.so.1.4
7f308ac70000-7f308ae70000 ---p 00002000 08:01 15732714                   /lib/x86_64-linux-gnu/libkeyutils.so.1.4
7f308ae70000-7f308ae71000 r--p 00002000 08:01 15732714                   /lib/x86_64-linux-gnu/libkeyutils.so.1.4
7f308ae71000-7f308ae72000 rw-p 00003000 08:01 15732714                   /lib/x86_64-linux-gnu/libkeyutils.so.1.4
7f308ae72000-7f308aeaf000 r-xp 00000000 08:01 15728745                   /lib/x86_64-linux-gnu/libpcre.so.3.13.1
7f308aeaf000-7f308b0ae000 ---p 0003d000 08:01 15728745                   /lib/x86_64-linux-gnu/libpcre.so.3.13.1
7f308b0ae000-7f308b0af000 r--p 0003c000 08:01 15728745                   /lib/x86_64-linux-gnu/libpcre.so.3.13.1
7f308b0af000-7f308b0b0000 rw-p 0003d000 08:01 15728745                   /lib/x86_64-linux-gnu/libpcre.so.3.13.1
7f308b0b0000-7f308b0d5000 r-xp 00000000 08:01 15732786                   /lib/x86_64-linux-gnu/libpng12.so.0.50.0
7f308b0d5000-7f308b2d4000 ---p 00025000 08:01 15732786                   /lib/x86_64-linux-gnu/libpng12.so.0.50.0
7f308b2d4000-7f308b2d5000 r--p 00024000 08:01 15732786                   /lib/x86_64-linux-gnu/libpng12.so.0.50.0
7f308b2d5000-7f308b2d6000 rw-p 00025000 08:01 15732786                   /lib/x86_64-linux-gnu/libpng12.so.0.50.0
7f308b2d6000-7f308b31a000 r-xp 00000000 08:01 15732685                   /lib/x86_64-linux-gnu/libdbus-1.so.3.7.6
7f308b31a000-7f308b519000 ---p 00044000 08:01 15732685                   /lib/x86_64-linux-gnu/libdbus-1.so.3.7.6
7f308b519000-7f308b51a000 r--p 00043000 08:01 15732685                   /lib/x86_64-linux-gnu/libdbus-1.so.3.7.6
7f308b51a000-7f308b51b000 rw-p 00044000 08:01 15732685                   /lib/x86_64-linux-gnu/libdbus-1.so.3.7.6
7f308b51b000-7f308b556000 r-xp 00000000 08:01 532797                     /usr/lib/x86_64-linux-gnu/libp11-kit.so.0.0.0
7f308b556000-7f308b755000 ---p 0003b000 08:01 532797                     /usr/lib/x86_64-linux-gnu/libp11-kit.so.0.0.0
7f308b755000-7f308b75b000 r--p 0003a000 08:01 532797                     /usr/lib/x86_64-linux-gnu/libp11-kit.so.0.0.0
7f308b75b000-7f308b75d000 rw-p 00040000 08:01 532797                     /usr/lib/x86_64-linux-gnu/libp11-kit.so.0.0.0
7f308b75d000-7f308b76f000 r-xp 00000000 08:01 526101                     /usr/lib/x86_64-linux-gnu/libtasn1.so.6.2.0
7f308b76f000-7f308b96f000 ---p 00012000 08:01 526101                     /usr/lib/x86_64-linux-gnu/libtasn1.so.6.2.0
7f308b96f000-7f308b970000 r--p 00012000 08:01 526101                     /usr/lib/x86_64-linux-gnu/libtasn1.so.6.2.0
7f308b970000-7f308b971000 rw-p 00013000 08:01 526101                     /usr/lib/x86_64-linux-gnu/libtasn1.so.6.2.0
7f308b971000-7f308b9ed000 r-xp 00000000 08:01 15732984                   /lib/x86_64-linux-gnu/libgcrypt.so.11.8.2
7f308b9ed000-7f308bbed000 ---p 0007c000 08:01 15732984                   /lib/x86_64-linux-gnu/libgcrypt.so.11.8.2
7f308bbed000-7f308bbee000 r--p 0007c000 08:01 15732984                   /lib/x86_64-linux-gnu/libgcrypt.so.11.8.2
7f308bbee000-7f308bbf1000 rw-p 0007d000 08:01 15732984                   /lib/x86_64-linux-gnu/libgcrypt.so.11.8.2
7f308bbf1000-7f308bbfb000 r-xp 00000000 08:01 532680                     /usr/lib/x86_64-linux-gnu/libkrb5support.so.0.1
7f308bbfb000-7f308bdfa000 ---p 0000a000 08:01 532680                     /usr/lib/x86_64-linux-gnu/libkrb5support.so.0.1
7f308bdfa000-7f308bdfb000 r--p 00009000 08:01 532680                     /usr/lib/x86_64-linux-gnu/libkrb5support.so.0.1
7f308bdfb000-7f308bdfc000 rw-p 0000a000 08:01 532680                     /usr/lib/x86_64-linux-gnu/libkrb5support.so.0.1
7f308bdfc000-7f308bdff000 r-xp 00000000 08:01 15732977                   /lib/x86_64-linux-gnu/libcom_err.so.2.1
7f308bdff000-7f308bffe000 ---p 00003000 08:01 15732977                   /lib/x86_64-linux-gnu/libcom_err.so.2.1
7f308bffe000-7f308bfff000 r--p 00002000 08:01 15732977                   /lib/x86_64-linux-gnu/libcom_err.so.2.1
7f308bfff000-7f308c000000 rw-p 00003000 08:01 15732977                   /lib/x86_64-linux-gnu/libcom_err.so.2.1
7f308c000000-7f308c021000 rw-p 00000000 00:00 0 
7f308c021000-7f3090000000 ---p 00000000 00:00 0 
7f3090000000-7f3090001000 rw-s 131dbe000 00:05 1913                      /dev/dri/card0
7f3090031000-7f3090032000 rw-p 00000000 00:00 0 
7f3090032000-7f3090033000 rw-s 132f95000 00:05 1913                      /dev/dri/card0
7f3090033000-7f3090034000 rw-s 1331f9000 00:05 1913                      /dev/dri/card0
7f3090034000-7f3090035000 rw-s 1331f8000 00:05 1913                      /dev/dri/card0
7f3090035000-7f3090036000 rw-s 1331f7000 00:05 1913                      /dev/dri/card0
7f3090036000-7f3090037000 rw-s 132cf4000 00:05 1913                      /dev/dri/card0
7f3090037000-7f3090038000 rw-s 132cf3000 00:05 1913                      /dev/dri/card0
7f3090038000-7f3090039000 rw-s 132cf2000 00:05 1913                      /dev/dri/card0
7f3090039000-7f309003a000 rw-s 132cf1000 00:05 1913                      /dev/dri/card0
7f309003a000-7f309003b000 rw-s 132f91000 00:05 1913                      /dev/dri/card0
7f309003b000-7f309003c000 rw-s 132cf0000 00:05 1913                      /dev/dri/card0
7f309003c000-7f309003d000 rw-s 132cef000 00:05 1913                      /dev/dri/card0
7f309003d000-7f309003e000 rw-s 132f8f000 00:05 1913                      /dev/dri/card0
7f309003e000-7f309003f000 rw-s 132cee000 00:05 1913                      /dev/dri/card0
7f309003f000-7f3090040000 rw-s 132ced000 00:05 1913                      /dev/dri/card0
7f3090040000-7f3090041000 rw-s 132f8c000 00:05 1913                      /dev/dri/card0
7f3090041000-7f3090042000 rw-s 132f8b000 00:05 1913                      /dev/dri/card0
7f3090042000-7f3090043000 rw-s 132cec000 00:05 1913                      /dev/dri/card0
7f3090043000-7f3090044000 rw-s 132f63000 00:05 1913                      /dev/dri/card0
7f3090044000-7f3090045000 rw-s 132f61000 00:05 1913                      /dev/dri/card0
7f3090045000-7f3090055000 rw-s 1309e9000 00:05 1913                      /dev/dri/card0
7f3090055000-7f3090065000 rw-s 1309d6000 00:05 1913                      /dev/dri/card0
7f3090065000-7f3090075000 rw-s 130290000 00:05 1913                      /dev/dri/card0
7f3090075000-7f3090085000 rw-s 130260000 00:05 1913                      /dev/dri/card0
7f3090085000-7f3090095000 rw-s 130250000 00:05 1913                      /dev/dri/card0
7f3090095000-7f30900a5000 rw-s 130226000 00:05 1913                      /dev/dri/card0
7f30900a5000-7f30900d1000 r-xp 00000000 08:01 532674                     /usr/lib/x86_64-linux-gnu/libk5crypto.so.3.1
7f30900d1000-7f30902d0000 ---p 0002c000 08:01 532674                     /usr/lib/x86_64-linux-gnu/libk5crypto.so.3.1
7f30902d0000-7f30902d2000 r--p 0002b000 08:01 532674                     /usr/lib/x86_64-linux-gnu/libk5crypto.so.3.1
7f30902d2000-7f30902d3000 rw-p 0002d000 08:01 532674                     /usr/lib/x86_64-linux-gnu/libk5crypto.so.3.1
7f30902d3000-7f30902d4000 rw-p 00000000 00:00 0 
7f30902d4000-7f3090390000 r-xp 00000000 08:01 532678                     /usr/lib/x86_64-linux-gnu/libkrb5.so.3.3
7f3090390000-7f3090590000 ---p 000bc000 08:01 532678                     /usr/lib/x86_64-linux-gnu/libkrb5.so.3.3
7f3090590000-7f309059d000 r--p 000bc000 08:01 532678                     /usr/lib/x86_64-linux-gnu/libkrb5.so.3.3
7f309059d000-7f309059f000 rw-p 000c9000 08:01 532678                     /usr/lib/x86_64-linux-gnu/libkrb5.so.3.3
7f309059f000-7f30905a4000 r-xp 00000000 08:01 532081                     /usr/lib/x86_64-linux-gnu/libXdmcp.so.6.0.0
7f30905a4000-7f30907a3000 ---p 00005000 08:01 532081                     /usr/lib/x86_64-linux-gnu/libXdmcp.so.6.0.0
7f30907a3000-7f30907a4000 r--p 00004000 08:01 532081                     /usr/lib/x86_64-linux-gnu/libXdmcp.so.6.0.0
7f30907a4000-7f30907a5000 rw-p 00005000 08:01 532081                     /usr/lib/x86_64-linux-gnu/libXdmcp.so.6.0.0
7f30907a5000-7f30907a7000 r-xp 00000000 08:01 532070                     /usr/lib/x86_64-linux-gnu/libXau.so.6.0.0
7f30907a7000-7f30909a7000 ---p 00002000 08:01 532070                     /usr/lib/x86_64-linux-gnu/libXau.so.6.0.0
7f30909a7000-7f30909a8000 r--p 00002000 08:01 532070                     /usr/lib/x86_64-linux-gnu/libXau.so.6.0.0
7f30909a8000-7f30909a9000 rw-p 00003000 08:01 532070                     /usr/lib/x86_64-linux-gnu/libXau.so.6.0.0
7f30909a9000-7f30909b0000 r-xp 00000000 08:01 532352                     /usr/lib/x86_64-linux-gnu/libffi.so.6.0.1
7f30909b0000-7f3090baf000 ---p 00007000 08:01 532352                     /usr/lib/x86_64-linux-gnu/libffi.so.6.0.1
7f3090baf000-7f3090bb0000 r--p 00006000 08:01 532352                     /usr/lib/x86_64-linux-gnu/libffi.so.6.0.1
7f3090bb0000-7f3090bb1000 rw-p 00007000 08:01 532352                     /usr/lib/x86_64-linux-gnu/libffi.so.6.0.1
7f3090bb1000-7f3090bc8000 r-xp 00000000 08:01 15728645                   /lib/x86_64-linux-gnu/libresolv-2.19.so
7f3090bc8000-7f3090dc8000 ---p 00017000 08:01 15728645                   /lib/x86_64-linux-gnu/libresolv-2.19.so
7f3090dc8000-7f3090dc9000 r--p 00017000 08:01 15728645                   /lib/x86_64-linux-gnu/libresolv-2.19.so
7f3090dc9000-7f3090dca000 rw-p 00018000 08:01 15728645                   /lib/x86_64-linux-gnu/libresolv-2.19.so
7f3090dca000-7f3090dcc000 rw-p 00000000 00:00 0 
7f3090dcc000-7f3090dec000 r-xp 00000000 08:01 15732801                   /lib/x86_64-linux-gnu/libselinux.so.1
7f3090dec000-7f3090feb000 ---p 00020000 08:01 15732801                   /lib/x86_64-linux-gnu/libselinux.so.1
7f3090feb000-7f3090fec000 r--p 0001f000 08:01 15732801                   /lib/x86_64-linux-gnu/libselinux.so.1
7f3090fec000-7f3090fed000 rw-p 00020000 08:01 15732801                   /lib/x86_64-linux-gnu/libselinux.so.1
7f3090fed000-7f3090fef000 rw-p 00000000 00:00 0 
7f3090fef000-7f30910f5000 r-xp 00000000 08:01 15732702                   /lib/x86_64-linux-gnu/libglib-2.0.so.0.4002.0
7f30910f5000-7f30912f4000 ---p 00106000 08:01 15732702                   /lib/x86_64-linux-gnu/libglib-2.0.so.0.4002.0
7f30912f4000-7f30912f5000 r--p 00105000 08:01 15732702                   /lib/x86_64-linux-gnu/libglib-2.0.so.0.4002.0
7f30912f5000-7f30912f6000 rw-p 00106000 08:01 15732702                   /lib/x86_64-linux-gnu/libglib-2.0.so.0.4002.0
7f30912f6000-7f30912f7000 rw-p 00000000 00:00 0 
7f30912f7000-7f30912fa000 r-xp 00000000 08:01 532465                     /usr/lib/x86_64-linux-gnu/libgmodule-2.0.so.0.4002.0
7f30912fa000-7f30914f9000 ---p 00003000 08:01 532465                     /usr/lib/x86_64-linux-gnu/libgmodule-2.0.so.0.4002.0
7f30914f9000-7f30914fa000 r--p 00002000 08:01 532465                     /usr/lib/x86_64-linux-gnu/libgmodule-2.0.so.0.4002.0
7f30914fa000-7f30914fb000 rw-p 00003000 08:01 532465                     /usr/lib/x86_64-linux-gnu/libgmodule-2.0.so.0.4002.0
7f30914fb000-7f3091522000 r-xp 00000000 08:01 15732693                   /lib/x86_64-linux-gnu/libexpat.so.1.6.0
7f3091522000-7f3091722000 ---p 00027000 08:01 15732693                   /lib/x86_64-linux-gnu/libexpat.so.1.6.0
7f3091722000-7f3091724000 r--p 00027000 08:01 15732693                   /lib/x86_64-linux-gnu/libexpat.so.1.6.0
7f3091724000-7f3091725000 rw-p 00029000 08:01 15732693                   /lib/x86_64-linux-gnu/libexpat.so.1.6.0
7f3091725000-7f30917c2000 r-xp 00000000 08:01 527024                     /usr/lib/x86_64-linux-gnu/libfreetype.so.6.11.1
7f30917c2000-7f30919c1000 ---p 0009d000 08:01 527024                     /usr/lib/x86_64-linux-gnu/libfreetype.so.6.11.1
7f30919c1000-7f30919c7000 r--p 0009c000 08:01 527024                     /usr/lib/x86_64-linux-gnu/libfreetype.so.6.11.1
7f30919c7000-7f30919c8000 rw-p 000a2000 08:01 527024                     /usr/lib/x86_64-linux-gnu/libfreetype.so.6.11.1
7f30919c8000-7f30919d7000 r-xp 00000000 08:01 532174                     /usr/lib/x86_64-linux-gnu/libavahi-client.so.3.2.9
7f30919d7000-7f3091bd7000 ---p 0000f000 08:01 532174                     /usr/lib/x86_64-linux-gnu/libavahi-client.so.3.2.9
7f3091bd7000-7f3091bd8000 r--p 0000f000 08:01 532174                     /usr/lib/x86_64-linux-gnu/libavahi-client.so.3.2.9
7f3091bd8000-7f3091bd9000 rw-p 00010000 08:01 532174                     /usr/lib/x86_64-linux-gnu/libavahi-client.so.3.2.9
7f3091bd9000-7f3091be4000 r-xp 00000000 08:01 532176                     /usr/lib/x86_64-linux-gnu/libavahi-common.so.3.5.3
7f3091be4000-7f3091de3000 ---p 0000b000 08:01 532176                     /usr/lib/x86_64-linux-gnu/libavahi-common.so.3.5.3
7f3091de3000-7f3091de4000 r--p 0000a000 08:01 532176                     /usr/lib/x86_64-linux-gnu/libavahi-common.so.3.5.3
7f3091de4000-7f3091de5000 rw-p 0000b000 08:01 532176                     /usr/lib/x86_64-linux-gnu/libavahi-common.so.3.5.3
7f3091de5000-7f3091e9b000 r-xp 00000000 08:01 526935                     /usr/lib/x86_64-linux-gnu/libgnutls.so.26.22.6
7f3091e9b000-7f309209b000 ---p 000b6000 08:01 526935                     /usr/lib/x86_64-linux-gnu/libgnutls.so.26.22.6
7f309209b000-7f30920a1000 r--p 000b6000 08:01 526935                     /usr/lib/x86_64-linux-gnu/libgnutls.so.26.22.6
7f30920a1000-7f30920a2000 rw-p 000bc000 08:01 526935                     /usr/lib/x86_64-linux-gnu/libgnutls.so.26.22.6
7f30920a2000-7f30920a3000 rw-p 00000000 00:00 0 
7f30920a3000-7f30920e6000 r-xp 00000000 08:01 532508                     /usr/lib/x86_64-linux-gnu/libgssapi_krb5.so.2.2
7f30920e6000-7f30922e6000 ---p 00043000 08:01 532508                     /usr/lib/x86_64-linux-gnu/libgssapi_krb5.so.2.2
7f30922e6000-7f30922e7000 r--p 00043000 08:01 532508                     /usr/lib/x86_64-linux-gnu/libgssapi_krb5.so.2.2
7f30922e7000-7f30922e9000 rw-p 00044000 08:01 532508                     /usr/lib/x86_64-linux-gnu/libgssapi_krb5.so.2.2
7f30922e9000-7f3092306000 r-xp 00000000 08:01 533138                     /usr/lib/x86_64-linux-gnu/libxcb.so.1.1.0
7f3092306000-7f3092506000 ---p 0001d000 08:01 533138                     /usr/lib/x86_64-linux-gnu/libxcb.so.1.1.0
7f3092506000-7f3092507000 r--p 0001d000 08:01 533138                     /usr/lib/x86_64-linux-gnu/libxcb.so.1.1.0
7f3092507000-7f3092508000 rw-p 0001e000 08:01 533138                     /usr/lib/x86_64-linux-gnu/libxcb.so.1.1.0
7f3092508000-7f3092557000 r-xp 00000000 08:01 532481                     /usr/lib/x86_64-linux-gnu/libgobject-2.0.so.0.4002.0
7f3092557000-7f3092757000 ---p 0004f000 08:01 532481                     /usr/lib/x86_64-linux-gnu/libgobject-2.0.so.0.4002.0
7f3092757000-7f3092758000 r--p 0004f000 08:01 532481                     /usr/lib/x86_64-linux-gnu/libgobject-2.0.so.0.4002.0
7f3092758000-7f3092759000 rw-p 00050000 08:01 532481                     /usr/lib/x86_64-linux-gnu/libgobject-2.0.so.0.4002.0
7f3092759000-7f30928c5000 r-xp 00000000 08:01 532453                     /usr/lib/x86_64-linux-gnu/libgio-2.0.so.0.4002.0
7f30928c5000-7f3092ac4000 ---p 0016c000 08:01 532453                     /usr/lib/x86_64-linux-gnu/libgio-2.0.so.0.4002.0
7f3092ac4000-7f3092ac8000 r--p 0016b000 08:01 532453                     /usr/lib/x86_64-linux-gnu/libgio-2.0.so.0.4002.0
7f3092ac8000-7f3092aca000 rw-p 0016f000 08:01 532453                     /usr/lib/x86_64-linux-gnu/libgio-2.0.so.0.4002.0
7f3092aca000-7f3092acc000 rw-p 00000000 00:00 0 
7f3092acc000-7f3092b06000 r-xp 00000000 08:01 532366                     /usr/lib/x86_64-linux-gnu/libfontconfig.so.1.8.0
7f3092b06000-7f3092d05000 ---p 0003a000 08:01 532366                     /usr/lib/x86_64-linux-gnu/libfontconfig.so.1.8.0
7f3092d05000-7f3092d07000 r--p 00039000 08:01 532366                     /usr/lib/x86_64-linux-gnu/libfontconfig.so.1.8.0
7f3092d07000-7f3092d08000 rw-p 0003b000 08:01 532366                     /usr/lib/x86_64-linux-gnu/libfontconfig.so.1.8.0
7f3092d08000-7f3092d74000 r-xp 00000000 08:01 524410                     /usr/lib/x86_64-linux-gnu/libcups.so.2
7f3092d74000-7f3092f74000 ---p 0006c000 08:01 524410                     /usr/lib/x86_64-linux-gnu/libcups.so.2
7f3092f74000-7f3092f7b000 r--p 0006c000 08:01 524410                     /usr/lib/x86_64-linux-gnu/libcups.so.2
7f3092f7b000-7f3092f7c000 rw-p 00073000 08:01 524410                     /usr/lib/x86_64-linux-gnu/libcups.so.2
7f3092f7c000-7f3092f8b000 r-xp 00000000 08:01 527017                     /usr/lib/x86_64-linux-gnu/libXi.so.6.1.0
7f3092f8b000-7f309318a000 ---p 0000f000 08:01 527017                     /usr/lib/x86_64-linux-gnu/libXi.so.6.1.0
7f309318a000-7f309318b000 r--p 0000e000 08:01 527017                     /usr/lib/x86_64-linux-gnu/libXi.so.6.1.0
7f309318b000-7f309318c000 rw-p 0000f000 08:01 527017                     /usr/lib/x86_64-linux-gnu/libXi.so.6.1.0
7f309318c000-7f3093191000 r-xp 00000000 08:01 532111                     /usr/lib/x86_64-linux-gnu/libXtst.so.6.1.0
7f3093191000-7f3093390000 ---p 00005000 08:01 532111                     /usr/lib/x86_64-linux-gnu/libXtst.so.6.1.0
7f3093390000-7f3093391000 r--p 00004000 08:01 532111                     /usr/lib/x86_64-linux-gnu/libXtst.so.6.1.0
7f3093391000-7f3093392000 rw-p 00005000 08:01 532111                     /usr/lib/x86_64-linux-gnu/libXtst.so.6.1.0
7f3093392000-7f309339b000 r-xp 00000000 08:01 527019                     /usr/lib/x86_64-linux-gnu/libXrender.so.1.3.0
7f309339b000-7f309359a000 ---p 00009000 08:01 527019                     /usr/lib/x86_64-linux-gnu/libXrender.so.1.3.0
7f309359a000-7f309359b000 r--p 00008000 08:01 527019                     /usr/lib/x86_64-linux-gnu/libXrender.so.1.3.0
7f309359b000-7f309359c000 rw-p 00009000 08:01 527019                     /usr/lib/x86_64-linux-gnu/libXrender.so.1.3.0
7f309359c000-7f30936cc000 r-xp 00000000 08:01 532066                     /usr/lib/x86_64-linux-gnu/libX11.so.6.3.0
7f30936cc000-7f30938cc000 ---p 00130000 08:01 532066                     /usr/lib/x86_64-linux-gnu/libX11.so.6.3.0
7f30938cc000-7f30938cd000 r--p 00130000 08:01 532066                     /usr/lib/x86_64-linux-gnu/libX11.so.6.3.0
7f30938cd000-7f30938d1000 rw-p 00131000 08:01 532066                     /usr/lib/x86_64-linux-gnu/libX11.so.6.3.0
7f30938d1000-7f30938e2000 r-xp 00000000 08:01 526957                     /usr/lib/x86_64-linux-gnu/libXext.so.6.4.0
7f30938e2000-7f3093ae1000 ---p 00011000 08:01 526957                     /usr/lib/x86_64-linux-gnu/libXext.so.6.4.0
7f3093ae1000-7f3093ae2000 r--p 00010000 08:01 526957                     /usr/lib/x86_64-linux-gnu/libXext.so.6.4.0
7f3093ae2000-7f3093ae3000 rw-p 00011000 08:01 526957                     /usr/lib/x86_64-linux-gnu/libXext.so.6.4.0
7f3093ae3000-7f3093b2b000 r-xp 00000000 08:01 5768962                    /usr/lib/jvm/java-7-openjdk-amd64/jre/lib/amd64/xawt/libmawt.so
7f3093b2b000-7f3093d2a000 ---p 00048000 08:01 5768962                    /usr/lib/jvm/java-7-openjdk-amd64/jre/lib/amd64/xawt/libmawt.so
7f3093d2a000-7f3093d2b000 r--p 00047000 08:01 5768962                    /usr/lib/jvm/java-7-openjdk-amd64/jre/lib/amd64/xawt/libmawt.so
7f3093d2b000-7f3093d2e000 rw-p 00048000 08:01 5768962                    /usr/lib/jvm/java-7-openjdk-amd64/jre/lib/amd64/xawt/libmawt.so
7f3093d2e000-7f3093d2f000 rw-p 00000000 00:00 0 
7f3093d2f000-7f3093dcf000 r-xp 00000000 08:01 5768744                    /usr/lib/jvm/java-7-openjdk-amd64/jre/lib/amd64/libawt.so
7f3093dcf000-7f3093fcf000 ---p 000a0000 08:01 5768744                    /usr/lib/jvm/java-7-openjdk-amd64/jre/lib/amd64/libawt.so
7f3093fcf000-7f3093fd0000 r--p 000a0000 08:01 5768744                    /usr/lib/jvm/java-7-openjdk-amd64/jre/lib/amd64/libawt.so
7f3093fd0000-7f3093fdb000 rw-p 000a1000 08:01 5768744                    /usr/lib/jvm/java-7-openjdk-amd64/jre/lib/amd64/libawt.so
7f3093fdb000-7f3094000000 rw-p 00000000 00:00 0 
7f3094000000-7f3094657000 rw-p 00000000 00:00 0 
7f3094657000-7f3098000000 ---p 00000000 00:00 0 
7f3098000000-7f3098021000 rw-p 00000000 00:00 0 
7f3098021000-7f309c000000 ---p 00000000 00:00 0 
7f309c000000-7f309c021000 rw-p 00000000 00:00 0 
7f309c021000-7f30a0000000 ---p 00000000 00:00 0 
7f30a0000000-7f30a0610000 rw-p 00000000 00:00 0 
7f30a0610000-7f30a4000000 ---p 00000000 00:00 0 
7f30a4000000-7f30a4021000 rw-p 00000000 00:00 0 
7f30a4021000-7f30a8000000 ---p 00000000 00:00 0 
7f30a8000000-7f30a8021000 rw-p 00000000 00:00 0 
7f30a8021000-7f30ac000000 ---p 00000000 00:00 0 
7f30ac000000-7f30ac023000 rw-p 00000000 00:00 0 
7f30ac023000-7f30b0000000 ---p 00000000 00:00 0 
7f30b0000000-7f30b0021000 rw-p 00000000 00:00 0 
7f30b0021000-7f30b4000000 ---p 00000000 00:00 0 
7f30b4000000-7f30b4001000 rw-s 131dbd000 00:05 1913                      /dev/dri/card0
7f30b4001000-7f30b4002000 rw-s 132f56000 00:05 1913                      /dev/dri/card0
7f30b4002000-7f30b4003000 rw-s 11f2bc000 00:05 1913                      /dev/dri/card0
7f30b4003000-7f30b4004000 rw-s 11f2bb000 00:05 1913                      /dev/dri/card0
7f30b4004000-7f30b4005000 rw-s 132f55000 00:05 1913                      /dev/dri/card0
7f30b4005000-7f30b4006000 rw-s 11f2ba000 00:05 1913                      /dev/dri/card0
7f30b4006000-7f30b4007000 rw-s 11f2b9000 00:05 1913                      /dev/dri/card0
7f30b4007000-7f30b4008000 rw-s 132f54000 00:05 1913                      /dev/dri/card0
7f30b4008000-7f30b4009000 rw-s 132f53000 00:05 1913                      /dev/dri/card0
7f30b4009000-7f30b400a000 rw-s 1309fa000 00:05 1913                      /dev/dri/card0
7f30b400a000-7f30b400b000 rw-s 1309f9000 00:05 1913                      /dev/dri/card0
7f30b400b000-7f30b400c000 rw-s 1309e8000 00:05 1913                      /dev/dri/card0
7f30b400c000-7f30b400d000 rw-s 1309e7000 00:05 1913                      /dev/dri/card0
7f30b400d000-7f30b400e000 rw-s 1309e6000 00:05 1913                      /dev/dri/card0
7f30b400e000-7f30b400f000 rwxp 00000000 00:00 0 
7f30b400f000-7f30b401f000 rw-s 130216000 00:05 1913                      /dev/dri/card0
7f30b401f000-7f30b4020000 r--s 0002f000 08:01 1994494                    /home/hannan/workspace/UCSDUnfoldingMaps/lib/jogl-all-natives-linux-amd64.jar
7f30b4020000-7f30b4022000 r--s 00000000 08:01 1994512                    /home/hannan/workspace/UCSDUnfoldingMaps/lib/gluegen-rt-natives-linux-amd64.jar
7f30b4022000-7f30b4025000 ---p 00000000 00:00 0 
7f30b4025000-7f30b405b000 rw-p 00000000 00:00 0                          [stack:11731]
7f30b405b000-7f30b4065000 r--s 000ae000 08:01 2105406                    /usr/lib/jvm/java-7-openjdk-amd64/jre/lib/resources.jar
7f30b4065000-7f30b4096000 rw-p 00000000 00:00 0 
7f30b4096000-7f30b40b9000 r--s 002ec000 08:01 1994511                    /home/hannan/workspace/UCSDUnfoldingMaps/lib/jogl-all.jar
7f30b40b9000-7f30b40ba000 ---p 00000000 00:00 0 
7f30b40ba000-7f30b41ba000 rw-p 00000000 00:00 0                          [stack:11718]
7f30b41ba000-7f30b41bd000 ---p 00000000 00:00 0 
7f30b41bd000-7f30b42bb000 rw-p 00000000 00:00 0                          [stack:11717]
7f30b42bb000-7f30b42be000 ---p 00000000 00:00 0 
7f30b42be000-7f30b43bc000 rw-p 00000000 00:00 0                          [stack:11716]
7f30b43bc000-7f30b43bf000 ---p 00000000 00:00 0 
7f30b43bf000-7f30b44bd000 rw-p 00000000 00:00 0                          [stack:11715]
7f30b44bd000-7f30b44c0000 ---p 00000000 00:00 0 
7f30b44c0000-7f30b45be000 rw-p 00000000 00:00 0                          [stack:11714]
7f30b45be000-7f30b4ca0000 r--p 00000000 08:01 531074                     /usr/lib/locale/locale-archive
7f30b4ca0000-7f30b4ca3000 ---p 00000000 00:00 0 
7f30b4ca3000-7f30b4da1000 rw-p 00000000 00:00 0                          [stack:11713]
7f30b4da1000-7f30b4da4000 ---p 00000000 00:00 0 
7f30b4da4000-7f30b4ea2000 rw-p 00000000 00:00 0                          [stack:11712]
7f30b4ea2000-7f30b4ea3000 ---p 00000000 00:00 0 
7f30b4ea3000-7f30b5958000 rw-p 00000000 00:00 0                          [stack:11711]
7f30b5958000-7f30b5b09000 r--s 01d27000 08:01 2105407                    /usr/lib/jvm/java-7-openjdk-amd64/jre/lib/rt.jar
7f30b5b09000-7f30b8000000 rw-p 00000000 00:00 0 
7f30b8000000-7f30b8074000 rw-p 00000000 00:00 0 
7f30b8074000-7f30bc000000 ---p 00000000 00:00 0 
7f30bc000000-7f30bc001000 r--p 00000000 00:00 0 
7f30bc001000-7f30bc006000 r--s 0004d000 08:01 2105410                    /usr/lib/jvm/java-7-openjdk-amd64/jre/lib/jsse.jar
7f30bc006000-7f30bc00c000 r--s 00033000 08:01 1994495                    /home/hannan/workspace/UCSDUnfoldingMaps/lib/unfolding.0.9.7-uscd.jar
7f30bc00c000-7f30bc00d000 r--s 00005000 08:01 1994509                    /home/hannan/workspace/UCSDUnfoldingMaps/lib/libTUIO.jar
7f30bc00d000-7f30bc00e000 r--s 00007000 08:01 1994503                    /home/hannan/workspace/UCSDUnfoldingMaps/lib/json4processing.jar
7f30bc00e000-7f30bc015000 r--s 00059000 08:01 1994497                    /home/hannan/workspace/UCSDUnfoldingMaps/lib/log4j-1.2.15.jar
7f30bc015000-7f30bc016000 ---p 00000000 00:00 0 
7f30bc016000-7f30bc116000 rw-p 00000000 00:00 0                          [stack:11710]
7f30bc116000-7f30bc117000 ---p 00000000 00:00 0 
7f30bc117000-7f30bc222000 rw-p 00000000 00:00 0                          [stack:11709]
7f30bc222000-7f30bc26a000 rw-p 00000000 00:00 0 
7f30bc26a000-7f30bc27d000 rw-p 00000000 00:00 0 
7f30bc27d000-7f30bc39c000 rw-p 00000000 00:00 0 
7f30bc39c000-7f30bc3a7000 rw-p 00000000 00:00 0 
7f30bc3a7000-7f30bc3ef000 rw-p 00000000 00:00 0 
7f30bc3ef000-7f30bc402000 rw-p 00000000 00:00 0 
7f30bc402000-7f30bc521000 rw-p 00000000 00:00 0 
7f30bc521000-7f30bc591000 rw-p 00000000 00:00 0 
7f30bc591000-7f30bc5ba000 rw-p 00000000 00:00 0 
7f30bc5ba000-7f30bc5bb000 rw-p 00000000 00:00 0 
7f30bc5bb000-7f30bc82b000 rwxp 00000000 00:00 0 
7f30bc82b000-7f30bf5bb000 rw-p 00000000 00:00 0 
7f30bf5bb000-7f30bf5c3000 r-xp 00000000 08:01 5768789                    /usr/lib/jvm/java-7-openjdk-amd64/jre/lib/amd64/libzip.so
7f30bf5c3000-7f30bf7c2000 ---p 00008000 08:01 5768789                    /usr/lib/jvm/java-7-openjdk-amd64/jre/lib/amd64/libzip.so
7f30bf7c2000-7f30bf7c3000 r--p 00007000 08:01 5768789                    /usr/lib/jvm/java-7-openjdk-amd64/jre/lib/amd64/libzip.so
7f30bf7c3000-7f30bf7c4000 rw-p 00008000 08:01 5768789                    /usr/lib/jvm/java-7-openjdk-amd64/jre/lib/amd64/libzip.so
7f30bf7c4000-7f30bf7cf000 r-xp 00000000 08:01 15728659                   /lib/x86_64-linux-gnu/libnss_files-2.19.so
7f30bf7cf000-7f30bf9ce000 ---p 0000b000 08:01 15728659                   /lib/x86_64-linux-gnu/libnss_files-2.19.so
7f30bf9ce000-7f30bf9cf000 r--p 0000a000 08:01 15728659                   /lib/x86_64-linux-gnu/libnss_files-2.19.so
7f30bf9cf000-7f30bf9d0000 rw-p 0000b000 08:01 15728659                   /lib/x86_64-linux-gnu/libnss_files-2.19.so
7f30bf9d0000-7f30bf9db000 r-xp 00000000 08:01 15732590                   /lib/x86_64-linux-gnu/libnss_nis-2.19.so
7f30bf9db000-7f30bfbda000 ---p 0000b000 08:01 15732590                   /lib/x86_64-linux-gnu/libnss_nis-2.19.so
7f30bfbda000-7f30bfbdb000 r--p 0000a000 08:01 15732590                   /lib/x86_64-linux-gnu/libnss_nis-2.19.so
7f30bfbdb000-7f30bfbdc000 rw-p 0000b000 08:01 15732590                   /lib/x86_64-linux-gnu/libnss_nis-2.19.so
7f30bfbdc000-7f30bfbf3000 r-xp 00000000 08:01 15728734                   /lib/x86_64-linux-gnu/libnsl-2.19.so
7f30bfbf3000-7f30bfdf2000 ---p 00017000 08:01 15728734                   /lib/x86_64-linux-gnu/libnsl-2.19.so
7f30bfdf2000-7f30bfdf3000 r--p 00016000 08:01 15728734                   /lib/x86_64-linux-gnu/libnsl-2.19.so
7f30bfdf3000-7f30bfdf4000 rw-p 00017000 08:01 15728734                   /lib/x86_64-linux-gnu/libnsl-2.19.so
7f30bfdf4000-7f30bfdf6000 rw-p 00000000 00:00 0 
7f30bfdf6000-7f30bfdff000 r-xp 00000000 08:01 15728733                   /lib/x86_64-linux-gnu/libnss_compat-2.19.so
7f30bfdff000-7f30bfffe000 ---p 00009000 08:01 15728733                   /lib/x86_64-linux-gnu/libnss_compat-2.19.so
7f30bfffe000-7f30bffff000 r--p 00008000 08:01 15728733                   /lib/x86_64-linux-gnu/libnss_compat-2.19.so
7f30bffff000-7f30c0000000 rw-p 00009000 08:01 15728733                   /lib/x86_64-linux-gnu/libnss_compat-2.19.so
7f30c0000000-7f30c0313000 rw-p 00000000 00:00 0 
7f30c0313000-7f30c4000000 ---p 00000000 00:00 0 
7f30c4000000-7f30c4005000 r--s 00309000 08:01 1994499                    /home/hannan/workspace/UCSDUnfoldingMaps/lib/sqlite-jdbc-3.7.2.jar
7f30c4005000-7f30c400b000 r--s 00041000 08:01 1994506                    /home/hannan/workspace/UCSDUnfoldingMaps/lib/gluegen-rt.jar
7f30c400b000-7f30c4036000 r-xp 00000000 08:01 5768825                    /usr/lib/jvm/java-7-openjdk-amd64/jre/lib/amd64/libjava.so
7f30c4036000-7f30c4236000 ---p 0002b000 08:01 5768825                    /usr/lib/jvm/java-7-openjdk-amd64/jre/lib/amd64/libjava.so
7f30c4236000-7f30c4237000 r--p 0002b000 08:01 5768825                    /usr/lib/jvm/java-7-openjdk-amd64/jre/lib/amd64/libjava.so
7f30c4237000-7f30c4239000 rw-p 0002c000 08:01 5768825                    /usr/lib/jvm/java-7-openjdk-amd64/jre/lib/amd64/libjava.so
7f30c4239000-7f30c4249000 r-xp 00000000 08:01 5768821                    /usr/lib/jvm/java-7-openjdk-amd64/jre/lib/amd64/libverify.so
7f30c4249000-7f30c4448000 ---p 00010000 08:01 5768821                    /usr/lib/jvm/java-7-openjdk-amd64/jre/lib/amd64/libverify.so
7f30c4448000-7f30c444a000 r--p 0000f000 08:01 5768821                    /usr/lib/jvm/java-7-openjdk-amd64/jre/lib/amd64/libverify.so
7f30c444a000-7f30c444b000 rw-p 00011000 08:01 5768821                    /usr/lib/jvm/java-7-openjdk-amd64/jre/lib/amd64/libverify.so
7f30c444b000-7f30c4452000 r-xp 00000000 08:01 15728742                   /lib/x86_64-linux-gnu/librt-2.19.so
7f30c4452000-7f30c4651000 ---p 00007000 08:01 15728742                   /lib/x86_64-linux-gnu/librt-2.19.so
7f30c4651000-7f30c4652000 r--p 00006000 08:01 15728742                   /lib/x86_64-linux-gnu/librt-2.19.so
7f30c4652000-7f30c4653000 rw-p 00007000 08:01 15728742                   /lib/x86_64-linux-gnu/librt-2.19.so
7f30c4653000-7f30c4669000 r-xp 00000000 08:01 15732698                   /lib/x86_64-linux-gnu/libgcc_s.so.1
7f30c4669000-7f30c4868000 ---p 00016000 08:01 15732698                   /lib/x86_64-linux-gnu/libgcc_s.so.1
7f30c4868000-7f30c4869000 rw-p 00015000 08:01 15732698                   /lib/x86_64-linux-gnu/libgcc_s.so.1
7f30c4869000-7f30c496e000 r-xp 00000000 08:01 15728655                   /lib/x86_64-linux-gnu/libm-2.19.so
7f30c496e000-7f30c4b6d000 ---p 00105000 08:01 15728655                   /lib/x86_64-linux-gnu/libm-2.19.so
7f30c4b6d000-7f30c4b6e000 r--p 00104000 08:01 15728655                   /lib/x86_64-linux-gnu/libm-2.19.so
7f30c4b6e000-7f30c4b6f000 rw-p 00105000 08:01 15728655                   /lib/x86_64-linux-gnu/libm-2.19.so
7f30c4b6f000-7f30c4c55000 r-xp 00000000 08:01 528136                     /usr/lib/x86_64-linux-gnu/libstdc++.so.6.0.19
7f30c4c55000-7f30c4e54000 ---p 000e6000 08:01 528136                     /usr/lib/x86_64-linux-gnu/libstdc++.so.6.0.19
7f30c4e54000-7f30c4e5c000 r--p 000e5000 08:01 528136                     /usr/lib/x86_64-linux-gnu/libstdc++.so.6.0.19
7f30c4e5c000-7f30c4e5e000 rw-p 000ed000 08:01 528136                     /usr/lib/x86_64-linux-gnu/libstdc++.so.6.0.19
7f30c4e5e000-7f30c4e73000 rw-p 00000000 00:00 0 
7f30c4e73000-7f30c598b000 r-xp 00000000 08:01 5768832                    /usr/lib/jvm/java-7-openjdk-amd64/jre/lib/amd64/server/libjvm.so
7f30c598b000-7f30c5b8b000 ---p 00b18000 08:01 5768832                    /usr/lib/jvm/java-7-openjdk-amd64/jre/lib/amd64/server/libjvm.so
7f30c5b8b000-7f30c5c25000 r--p 00b18000 08:01 5768832                    /usr/lib/jvm/java-7-openjdk-amd64/jre/lib/amd64/server/libjvm.so
7f30c5c25000-7f30c5c48000 rw-p 00bb2000 08:01 5768832                    /usr/lib/jvm/java-7-openjdk-amd64/jre/lib/amd64/server/libjvm.so
7f30c5c48000-7f30c5c76000 rw-p 00000000 00:00 0 
7f30c5c76000-7f30c5c8e000 r-xp 00000000 08:01 15732834                   /lib/x86_64-linux-gnu/libz.so.1.2.8
7f30c5c8e000-7f30c5e8d000 ---p 00018000 08:01 15732834                   /lib/x86_64-linux-gnu/libz.so.1.2.8
7f30c5e8d000-7f30c5e8e000 r--p 00017000 08:01 15732834                   /lib/x86_64-linux-gnu/libz.so.1.2.8
7f30c5e8e000-7f30c5e8f000 rw-p 00018000 08:01 15732834                   /lib/x86_64-linux-gnu/libz.so.1.2.8
7f30c5e8f000-7f30c5ea8000 r-xp 00000000 08:01 15728740                   /lib/x86_64-linux-gnu/libpthread-2.19.so
7f30c5ea8000-7f30c60a7000 ---p 00019000 08:01 15728740                   /lib/x86_64-linux-gnu/libpthread-2.19.so
7f30c60a7000-7f30c60a8000 r--p 00018000 08:01 15728740                   /lib/x86_64-linux-gnu/libpthread-2.19.so
7f30c60a8000-7f30c60a9000 rw-p 00019000 08:01 15728740                   /lib/x86_64-linux-gnu/libpthread-2.19.so
7f30c60a9000-7f30c60ad000 rw-p 00000000 00:00 0 
7f30c60ad000-7f30c60b0000 r-xp 00000000 08:01 15728670                   /lib/x86_64-linux-gnu/libdl-2.19.so
7f30c60b0000-7f30c62af000 ---p 00003000 08:01 15728670                   /lib/x86_64-linux-gnu/libdl-2.19.so
7f30c62af000-7f30c62b0000 r--p 00002000 08:01 15728670                   /lib/x86_64-linux-gnu/libdl-2.19.so
7f30c62b0000-7f30c62b1000 rw-p 00003000 08:01 15728670                   /lib/x86_64-linux-gnu/libdl-2.19.so
7f30c62b1000-7f30c646c000 r-xp 00000000 08:01 15728739                   /lib/x86_64-linux-gnu/libc-2.19.so
7f30c646c000-7f30c666b000 ---p 001bb000 08:01 15728739                   /lib/x86_64-linux-gnu/libc-2.19.so
7f30c666b000-7f30c666f000 r--p 001ba000 08:01 15728739                   /lib/x86_64-linux-gnu/libc-2.19.so
7f30c666f000-7f30c6671000 rw-p 001be000 08:01 15728739                   /lib/x86_64-linux-gnu/libc-2.19.so
7f30c6671000-7f30c6676000 rw-p 00000000 00:00 0 
7f30c6676000-7f30c6683000 r-xp 00000000 08:01 5768752                    /usr/lib/jvm/java-7-openjdk-amd64/jre/lib/amd64/jli/libjli.so
7f30c6683000-7f30c6882000 ---p 0000d000 08:01 5768752                    /usr/lib/jvm/java-7-openjdk-amd64/jre/lib/amd64/jli/libjli.so
7f30c6882000-7f30c6883000 r--p 0000c000 08:01 5768752                    /usr/lib/jvm/java-7-openjdk-amd64/jre/lib/amd64/jli/libjli.so
7f30c6883000-7f30c6884000 rw-p 0000d000 08:01 5768752                    /usr/lib/jvm/java-7-openjdk-amd64/jre/lib/amd64/jli/libjli.so
7f30c6884000-7f30c68a7000 r-xp 00000000 08:01 15728736                   /lib/x86_64-linux-gnu/ld-2.19.so
7f30c68a7000-7f30c68ab000 r--s 0009a000 08:01 1994498                    /home/hannan/workspace/UCSDUnfoldingMaps/lib/core.jar
7f30c68ab000-7f30c68ad000 r--s 00006000 08:01 927253                     /usr/share/java/java-atk-wrapper.jar
7f30c68ad000-7f30c68b0000 r--s 0000f000 08:01 5768836                    /usr/lib/jvm/java-7-openjdk-amd64/jre/lib/ext/icedtea-sound.jar
7f30c68b0000-7f30c68b4000 r--s 0003c000 08:01 5768848                    /usr/lib/jvm/java-7-openjdk-amd64/jre/lib/ext/sunpkcs11.jar
7f30c68b4000-7f30c68b8000 r--s 00034000 08:01 5768852                    /usr/lib/jvm/java-7-openjdk-amd64/jre/lib/ext/sunjce_provider.jar
7f30c68b8000-7f30c68bb000 r--s 00086000 08:01 5768849                    /usr/lib/jvm/java-7-openjdk-amd64/jre/lib/ext/localedata.jar
7f30c68bb000-7f30c68bd000 r--s 00012000 08:01 5768854                    /usr/lib/jvm/java-7-openjdk-amd64/jre/lib/ext/zipfs.jar
7f30c68bd000-7f30c68c7000 rw-p 00000000 00:00 0 
7f30c68c7000-7f30c697d000 rw-p 00000000 00:00 0 
7f30c697d000-7f30c6980000 ---p 00000000 00:00 0 
7f30c6980000-7f30c6a83000 rw-p 00000000 00:00 0                          [stack:11708]
7f30c6a83000-7f30c6a84000 r--s 00002000 08:01 5768837                    /usr/lib/jvm/java-7-openjdk-amd64/jre/lib/ext/dnsns.jar
7f30c6a84000-7f30c6a9a000 rw-p 00000000 00:00 0 
7f30c6a9a000-7f30c6aa2000 rw-s 00000000 08:01 12845841                   /tmp/hsperfdata_hannan/11703
7f30c6aa2000-7f30c6aa3000 rw-p 00000000 00:00 0 
7f30c6aa3000-7f30c6aa4000 r--p 00000000 00:00 0 
7f30c6aa4000-7f30c6aa6000 rw-p 00000000 00:00 0 
7f30c6aa6000-7f30c6aa7000 r--p 00022000 08:01 15728736                   /lib/x86_64-linux-gnu/ld-2.19.so
7f30c6aa7000-7f30c6aa8000 rw-p 00023000 08:01 15728736                   /lib/x86_64-linux-gnu/ld-2.19.so
7f30c6aa8000-7f30c6aa9000 rw-p 00000000 00:00 0 
7fff501a7000-7fff501c8000 rw-p 00000000 00:00 0                          [stack]
7fff501d8000-7fff501da000 r-xp 00000000 00:00 0                          [vdso]
7fff501da000-7fff501dc000 r--p 00000000 00:00 0                          [vvar]
ffffffffff600000-ffffffffff601000 r-xp 00000000 00:00 0                  [vsyscall]

VM Arguments:
jvm_args: -Djava.security.policy=java.policy.applet -Dfile.encoding=UTF-8 
java_command: sun.applet.AppletViewer module1.HelloWorld1443389403773.html
Launcher Type: SUN_STANDARD

Environment Variables:
PATH=/usr/local/sbin:/usr/local/bin:/usr/sbin:/usr/bin:/sbin:/bin:/usr/games:/usr/local/games
SHELL=/bin/bash
DISPLAY=:0.0

Signal Handlers:
SIGSEGV: [libjvm.so+0x94b9a0], sa_mask[0]=0x7ffbfeff, sa_flags=0x10000004
SIGBUS: [libjvm.so+0x94b9a0], sa_mask[0]=0x7ffbfeff, sa_flags=0x10000004
SIGFPE: [libjvm.so+0x7c3880], sa_mask[0]=0x7ffbfeff, sa_flags=0x10000004
SIGPIPE: [libjvm.so+0x7c3880], sa_mask[0]=0x7ffbfeff, sa_flags=0x10000004
SIGXFSZ: [libjvm.so+0x7c3880], sa_mask[0]=0x7ffbfeff, sa_flags=0x10000004
SIGILL: [libjvm.so+0x7c3880], sa_mask[0]=0x7ffbfeff, sa_flags=0x10000004
SIGUSR1: SIG_DFL, sa_mask[0]=0x00000000, sa_flags=0x00000000
SIGUSR2: [libjvm.so+0x7c3720], sa_mask[0]=0x00000004, sa_flags=0x10000004
SIGHUP: [libjvm.so+0x7c3900], sa_mask[0]=0x7ffbfeff, sa_flags=0x10000004
SIGINT: [libjvm.so+0x7c3900], sa_mask[0]=0x7ffbfeff, sa_flags=0x10000004
SIGTERM: [libjvm.so+0x7c3900], sa_mask[0]=0x7ffbfeff, sa_flags=0x10000004
SIGQUIT: [libjvm.so+0x7c3900], sa_mask[0]=0x7ffbfeff, sa_flags=0x10000004
SIGTRAP: SIG_DFL, sa_mask[0]=0x00000000, sa_flags=0x00000000


---------------  S Y S T E M  ---------------

OS:Ubuntu 14.04 (trusty)
uname:Linux 3.16.0-44-generic #59~14.04.1-Ubuntu SMP Tue Jul 7 15:07:27 UTC 2015 x86_64
libc:glibc 2.19 NPTL 2.19 
rlimit: STACK 8192k, CORE 0k, NPROC 14587, NOFILE 4096, AS infinity
load average:2.79 1.60 1.30

/proc/meminfo:
MemTotal:        3755716 kB
MemFree:          327452 kB
MemAvailable:     720492 kB
Buffers:           13952 kB
Cached:           602712 kB
SwapCached:        39780 kB
Active:          2303836 kB
Inactive:         819692 kB
Active(anon):    2019760 kB
Inactive(anon):   606144 kB
Active(file):     284076 kB
Inactive(file):   213548 kB
Unevictable:          32 kB
Mlocked:              32 kB
SwapTotal:       3896316 kB
SwapFree:        3240948 kB
Dirty:              1364 kB
Writeback:             0 kB
AnonPages:       2477520 kB
Mapped:           491476 kB
Shmem:            119024 kB
Slab:             170212 kB
SReclaimable:     128688 kB
SUnreclaim:        41524 kB
KernelStack:       11472 kB
PageTables:        60572 kB
NFS_Unstable:          0 kB
Bounce:                0 kB
WritebackTmp:          0 kB
CommitLimit:     5774172 kB
Committed_AS:    8584128 kB
VmallocTotal:   34359738367 kB
VmallocUsed:       43300 kB
VmallocChunk:   34359688356 kB
HardwareCorrupted:     0 kB
AnonHugePages:    886784 kB
HugePages_Total:       0
HugePages_Free:        0
HugePages_Rsvd:        0
HugePages_Surp:        0
Hugepagesize:       2048 kB
DirectMap4k:       53824 kB
DirectMap2M:     3844096 kB


CPU:total 2 (2 cores per cpu, 1 threads per core) family 6 model 15 stepping 11, cmov, cx8, fxsr, mmx, sse, sse2, sse3, ssse3, tsc

/proc/cpuinfo:
processor	: 0
vendor_id	: GenuineIntel
cpu family	: 6
model		: 15
model name	: Intel(R) Core(TM)2 Duo CPU     E6550  @ 2.33GHz
stepping	: 11
microcode	: 0xb6
cpu MHz		: 2333.000
cache size	: 4096 KB
physical id	: 0
siblings	: 2
core id		: 0
cpu cores	: 2
apicid		: 0
initial apicid	: 0
fpu		: yes
fpu_exception	: yes
cpuid level	: 10
wp		: yes
flags		: fpu vme de pse tsc msr pae mce cx8 apic sep mtrr pge mca cmov pat pse36 clflush dts acpi mmx fxsr sse sse2 ss ht tm pbe syscall nx lm constant_tsc arch_perfmon pebs bts rep_good nopl aperfmperf pni dtes64 monitor ds_cpl vmx smx est tm2 ssse3 cx16 xtpr pdcm lahf_lm dtherm tpr_shadow vnmi flexpriority
bogomips	: 4654.99
clflush size	: 64
cache_alignment	: 64
address sizes	: 36 bits physical, 48 bits virtual
power management:

processor	: 1
vendor_id	: GenuineIntel
cpu family	: 6
model		: 15
model name	: Intel(R) Core(TM)2 Duo CPU     E6550  @ 2.33GHz
stepping	: 11
microcode	: 0xb6
cpu MHz		: 2000.000
cache size	: 4096 KB
physical id	: 0
siblings	: 2
core id		: 1
cpu cores	: 2
apicid		: 1
initial apicid	: 1
fpu		: yes
fpu_exception	: yes
cpuid level	: 10
wp		: yes
flags		: fpu vme de pse tsc msr pae mce cx8 apic sep mtrr pge mca cmov pat pse36 clflush dts acpi mmx fxsr sse sse2 ss ht tm pbe syscall nx lm constant_tsc arch_perfmon pebs bts rep_good nopl aperfmperf pni dtes64 monitor ds_cpl vmx smx est tm2 ssse3 cx16 xtpr pdcm lahf_lm dtherm tpr_shadow vnmi flexpriority
bogomips	: 4654.99
clflush size	: 64
cache_alignment	: 64
address sizes	: 36 bits physical, 48 bits virtual
power management:



Memory: 4k page, physical 3755716k(327452k free), swap 3896316k(3240948k free)

vm_info: OpenJDK 64-Bit Server VM (24.79-b02) for linux-amd64 JRE (1.7.0_79-b14), built on Apr 16 2015 08:21:58 by "buildd" with gcc 4.8.2

time: Mon Sep 28 02:30:30 2015
elapsed time: 26 seconds

