#
# A fatal error has been detected by the Java Runtime Environment:
#
#  SIGSEGV (0xb) at pc=0x00007ff7412214d0, pid=11088, tid=140700343486208
#
# JRE version: OpenJDK Runtime Environment (7.0_79-b14) (build 1.7.0_79-b14)
# Java VM: OpenJDK 64-Bit Server VM (24.79-b02 mixed mode linux-amd64 compressed oops)
# Derivative: IcedTea 2.5.5
# Distribution: Ubuntu 14.04 LTS, package 7u79-2.5.5-0ubuntu0.14.04.2
# Problematic frame:
# C  [r600_dri.so+0x29a4d0]
#
# Failed to write core dump. Core dumps have been disabled. To enable core dumping, try "ulimit -c unlimited" before starting Java again
#
# If you would like to submit a bug report, please include
# instructions on how to reproduce the bug and visit:
#   http://icedtea.classpath.org/bugzilla
# The crash happened outside the Java Virtual Machine in native code.
# See problematic frame for where to report the bug.
#

---------------  T H R E A D  ---------------

Current thread (0x00007ff750008000):  JavaThread "AWT-EventQueue-1" [_thread_in_native, id=11111, stack(0x00007ff759ee4000,0x00007ff759fe5000)]

siginfo:si_signo=SIGSEGV: si_errno=0, si_code=1 (SEGV_MAPERR), si_addr=0x0000000100000000

Registers:
RAX=0x00007ff7412214b0, RBX=0x00007ff7440d9fc0, RCX=0x0000000000000000, RDX=0x0000000000000001
RSP=0x00007ff759fe28e0, RBP=0x00007ff75060da60, RSI=0x00007ff7440da0a0, RDI=0x0000000100000000
R8 =0x0000000000000000, R9 =0x00007ff7590829c0, R10=0x00007ff78cc3f0e7, R11=0x00000000c711dcb8
R12=0x0000000000000001, R13=0x0000000000000000, R14=0x00007ff750632290, R15=0x0000000000000000
RIP=0x00007ff7412214d0, EFLAGS=0x0000000000010206, CSGSFS=0x0000000000000033, ERR=0x0000000000000004
  TRAPNO=0x000000000000000e

Top of Stack: (sp=0x00007ff759fe28e0)
0x00007ff759fe28e0:   00000000ecfcab38 0000003000000018
0x00007ff759fe28f0:   00007ff759fe2960 00007ff7440d9fc0
0x00007ff759fe2900:   00007ff75060da60 00007ff750623280
0x00007ff759fe2910:   0000000000000000 00007ff750632290
0x00007ff759fe2920:   0000000000000000 00007ff759082a4e
0x00007ff759fe2930:   00007ff759fe2968 00007ff7592cd640
0x00007ff759fe2940:   00007ff75067de90 00007ff700000000
0x00007ff759fe2950:   0000000000000000 0000000000000000
0x00007ff759fe2960:   00007ff759fe29d8 00007ff7440d9fc0
0x00007ff759fe2970:   000000000640002e 00000000bd4331d0
0x00007ff759fe2980:   00007ff759fe29f0 0000000000000000
0x00007ff759fe2990:   00007ff759fe2a78 00007ff759fe2a30
0x00007ff759fe29a0:   00007ff750008000 00007ff74b7d2849
0x00007ff759fe29b0:   00000000bc76d9c8 00007ff75905b9b0
0x00007ff759fe29c0:   000000000640002e 00007ff75067de90
0x00007ff759fe29d0:   00007ff759fe2a30 00007ff7500081d8
0x00007ff759fe29e0:   00007ff78c9e5175 00007ff75905b9b0
0x00007ff759fe29f0:   00007ff759fe2a40 00007ff78cc3f15d
0x00007ff759fe2a00:   00000000bcf8f647 00007ff759fe2a58
0x00007ff759fe2a10:   00000000bcf908d0 00000000bd7feda8
0x00007ff759fe2a20:   00000000bcf8f670 0000000000000000
0x00007ff759fe2a30:   00000000c711d990 00000000ecfcac20
0x00007ff759fe2a40:   00007ff759fe2ad8 00007ff78cc2284c
0x00007ff759fe2a50:   0000000000000000 00000000ecfcac20
0x00007ff759fe2a60:   00007ff759fe2ad8 00007ff78c9e5058
0x00007ff759fe2a70:   00007ff78c9e5058 000000000640002e
0x00007ff759fe2a80:   00000000c7a1bfa8 00007ff75067de90
0x00007ff759fe2a90:   00000000c7a1bfd0 00007ff759fe2a98
0x00007ff759fe2aa0:   00000000bd419f39 00007ff759fe2af0
0x00007ff759fe2ab0:   00000000bd4e0520 00000000bd809da0
0x00007ff759fe2ac0:   00000000bd419f48 00007ff759fe2a78
0x00007ff759fe2ad0:   00007ff759fe2ae8 00007ff759fe2b38 

Instructions: (pc=0x00007ff7412214d0)
0x00007ff7412214b0:   48 85 ff 0f 84 50 01 00 00 41 57 41 56 41 55 41
0x00007ff7412214c0:   89 cd 41 54 41 89 d4 55 53 48 83 ec 18 48 85 f6
0x00007ff7412214d0:   48 8b 2f 0f 84 5b 02 00 00 48 85 ed 48 8b 1e 0f
0x00007ff7412214e0:   84 16 01 00 00 48 85 db 0f 84 52 02 00 00 80 bb 

Register to memory mapping:

RAX=0x00007ff7412214b0: <offset 0x29a4b0> in /usr/lib/x86_64-linux-gnu/dri/r600_dri.so at 0x00007ff740f87000
RBX=0x00007ff7440d9fc0 is an unknown value
RCX=0x0000000000000000 is an unknown value
RDX=0x0000000000000001 is an unknown value
RSP=0x00007ff759fe28e0 is pointing into the stack for thread: 0x00007ff750008000
RBP=0x00007ff75060da60 is an unknown value
RSI=0x00007ff7440da0a0 is an unknown value
RDI=0x0000000100000000 is an unknown value
R8 =0x0000000000000000 is an unknown value
R9 =0x00007ff7590829c0: <offset 0x439c0> in /usr/lib/x86_64-linux-gnu/mesa/libGL.so.1 at 0x00007ff75903f000
R10=0x00007ff78cc3f0e7 is at entry_point+71 in (nmethod*)0x00007ff78cc3ef10
R11=0x00000000c711dcb8 is an oop
jogamp.opengl.x11.glx.GLXProcAddressTable 
 - klass: 'jogamp/opengl/x11/glx/GLXProcAddressTable'
R12=0x0000000000000001 is an unknown value
R13=0x0000000000000000 is an unknown value
R14=0x00007ff750632290 is an unknown value
R15=0x0000000000000000 is an unknown value


Stack: [0x00007ff759ee4000,0x00007ff759fe5000],  sp=0x00007ff759fe28e0,  free space=1018k
Native frames: (J=compiled Java code, j=interpreted, Vv=VM code, C=native code)
C  [r600_dri.so+0x29a4d0]

Java frames: (J=compiled Java code, j=interpreted, Vv=VM code)
J 774  jogamp.opengl.x11.glx.GLX.dispatch_glXSwapBuffers0(JJJ)V (0 bytes) @ 0x00007ff78cc3f0e7 [0x00007ff78cc3f0a0+0x47]
J 773 C2 jogamp.opengl.x11.glx.GLX.glXSwapBuffers(JJ)V (45 bytes) @ 0x00007ff78cc2284c [0x00007ff78cc22820+0x2c]
j  jogamp.opengl.x11.glx.X11GLXDrawable.swapBuffersImpl(Z)V+17
j  jogamp.opengl.GLDrawableImpl.swapBuffers()V+67
j  javax.media.opengl.awt.GLCanvas$12.run()V+45
j  java.awt.event.InvocationEvent.dispatch()V+11
j  java.awt.EventQueue.dispatchEventImpl(Ljava/awt/AWTEvent;Ljava/lang/Object;)V+21
j  java.awt.EventQueue.access$300(Ljava/awt/EventQueue;Ljava/awt/AWTEvent;Ljava/lang/Object;)V+3
j  java.awt.EventQueue$3.run()Ljava/lang/Void;+12
j  java.awt.EventQueue$3.run()Ljava/lang/Object;+1
v  ~StubRoutines::call_stub
j  java.security.AccessController.doPrivileged(Ljava/security/PrivilegedAction;Ljava/security/AccessControlContext;)Ljava/lang/Object;+0
J 629 C2 java.awt.EventDispatchThread.pumpOneEventForFilters(I)V (295 bytes) @ 0x00007ff78cbf5390 [0x00007ff78cbf4080+0x1310]
j  java.awt.EventDispatchThread.pumpEventsForFilter(ILjava/awt/Conditional;Ljava/awt/EventFilter;)V+35
j  java.awt.EventDispatchThread.pumpEventsForHierarchy(ILjava/awt/Conditional;Ljava/awt/Component;)V+11
j  java.awt.EventDispatchThread.pumpEvents(ILjava/awt/Conditional;)V+4
j  java.awt.EventDispatchThread.pumpEvents(Ljava/awt/Conditional;)V+3
j  java.awt.EventDispatchThread.run()V+9
v  ~StubRoutines::call_stub

---------------  P R O C E S S  ---------------

Java Threads: ( => current thread )
  0x00007ff74412a800 JavaThread "Thread-57" [_thread_blocked, id=11425, stack(0x00007ff73fb91000,0x00007ff73fc92000)]
  0x00007ff7501b2000 JavaThread "Animation Thread-SharedResourceRunner" daemon [_thread_blocked, id=11121, stack(0x00007ff759ce2000,0x00007ff759de3000)]
  0x00007ff75000f800 JavaThread "Animation Thread" [_thread_blocked, id=11112, stack(0x00007ff759de3000,0x00007ff759ee4000)]
=>0x00007ff750008000 JavaThread "AWT-EventQueue-1" [_thread_in_native, id=11111, stack(0x00007ff759ee4000,0x00007ff759fe5000)]
  0x00007ff79000a800 JavaThread "DestroyJavaVM" [_thread_blocked, id=11093, stack(0x00007ff796e96000,0x00007ff796f97000)]
  0x00007ff790281800 JavaThread "AWT-EventQueue-0" [_thread_blocked, id=11109, stack(0x00007ff75a44c000,0x00007ff75a54d000)]
  0x00007ff79027e000 JavaThread "AWT-Shutdown" [_thread_blocked, id=11108, stack(0x00007ff75a54d000,0x00007ff75a64e000)]
  0x00007ff790273000 JavaThread "thread applet-module1.HelloWorld.class" [_thread_blocked, id=11107, stack(0x00007ff75a64e000,0x00007ff75a74f000)]
  0x00007ff790261000 JavaThread "AWT-XAWT" daemon [_thread_blocked, id=11105, stack(0x00007ff75a74f000,0x00007ff75a850000)]
  0x00007ff79023c000 JavaThread "Java2D Disposer" daemon [_thread_blocked, id=11104, stack(0x00007ff78005c000,0x00007ff78015d000)]
  0x00007ff7900ac000 JavaThread "Service Thread" daemon [_thread_blocked, id=11102, stack(0x00007ff7868c5000,0x00007ff7869c6000)]
  0x00007ff7900a9800 JavaThread "C2 CompilerThread1" daemon [_thread_blocked, id=11101, stack(0x00007ff7869c6000,0x00007ff786ac7000)]
  0x00007ff7900a6800 JavaThread "C2 CompilerThread0" daemon [_thread_blocked, id=11100, stack(0x00007ff786ac7000,0x00007ff786bc8000)]
  0x00007ff7900a4800 JavaThread "Signal Dispatcher" daemon [_thread_blocked, id=11099, stack(0x00007ff786bc8000,0x00007ff786cc9000)]
  0x00007ff790077800 JavaThread "Finalizer" daemon [_thread_blocked, id=11098, stack(0x00007ff7873ab000,0x00007ff7874ac000)]
  0x00007ff790075800 JavaThread "Reference Handler" daemon [_thread_blocked, id=11097, stack(0x00007ff7874ac000,0x00007ff7875ad000)]

Other Threads:
  0x00007ff790071000 VMThread [stack: 0x00007ff7875ad000,0x00007ff7876ae000] [id=11096]
  0x00007ff7900b6800 WatcherThread [stack: 0x00007ff7867c4000,0x00007ff7868c5000] [id=11103]

VM state:not at safepoint (normal execution)

VM Mutex/Monitor currently owned by a thread: None

Heap
 PSYoungGen      total 33792K, used 2474K [0x00000000ece00000, 0x00000000efa80000, 0x0000000100000000)
  eden space 33280K, 7% used [0x00000000ece00000,0x00000000ed05aaf8,0x00000000eee80000)
  from space 512K, 12% used [0x00000000eef80000,0x00000000eef90000,0x00000000ef000000)
  to   space 6144K, 0% used [0x00000000ef480000,0x00000000ef480000,0x00000000efa80000)
 ParOldGen       total 54272K, used 23144K [0x00000000c6a00000, 0x00000000c9f00000, 0x00000000ece00000)
  object space 54272K, 42% used [0x00000000c6a00000,0x00000000c809a2f8,0x00000000c9f00000)
 PSPermGen       total 40960K, used 20561K [0x00000000bc400000, 0x00000000bec00000, 0x00000000c6a00000)
  object space 40960K, 50% used [0x00000000bc400000,0x00000000bd814718,0x00000000bec00000)

Card table byte_map: [0x00007ff78c7c0000,0x00007ff78c9df000] byte_map_base: 0x00007ff78c1de000

Polling page: 0x00007ff796fbc000

Code Cache  [0x00007ff78c9df000, 0x00007ff78cc5f000, 0x00007ff78f9df000)
 total_blobs=1683 nmethods=777 adapters=860 free_code_cache=46658Kb largest_free_block=47736832

Compilation events (10 events):
Event: 225.392 Thread 0x00007ff7900a6800 nmethod 792 0x00007ff78cc537d0 code [0x00007ff78cc53920, 0x00007ff78cc53a18]
Event: 225.392 Thread 0x00007ff7900a6800  793             processing.opengl.PJOGL::wrapBackTexture (164 bytes)
Event: 225.395 Thread 0x00007ff7900a6800 nmethod 793 0x00007ff78cc56590 code [0x00007ff78cc56700, 0x00007ff78cc56888]
Event: 225.395 Thread 0x00007ff7900a6800  794             processing.opengl.PJOGL::wrapFrontTexture (152 bytes)
Event: 225.397 Thread 0x00007ff7900a6800 nmethod 794 0x00007ff78cc56090 code [0x00007ff78cc56200, 0x00007ff78cc56388]
Event: 225.397 Thread 0x00007ff7900a6800  795             processing.opengl.PJOGL::endDraw (162 bytes)
Event: 225.398 Thread 0x00007ff7900a6800 nmethod 795 0x00007ff78cc55c90 code [0x00007ff78cc55e00, 0x00007ff78cc55f28]
Event: 225.400 Thread 0x00007ff7900a9800 nmethod 790 0x00007ff78cc4aad0 code [0x00007ff78cc4ace0, 0x00007ff78cc4b330]
Event: 227.450 Thread 0x00007ff7900a6800  797             java.nio.ByteBuffer::order (17 bytes)
Event: 227.451 Thread 0x00007ff7900a6800 nmethod 797 0x00007ff78cc56e90 code [0x00007ff78cc56fc0, 0x00007ff78cc57038]

GC Heap History (10 events):
Event: 206.976 GC heap before
{Heap before GC invocations=26 (full 1):
 PSYoungGen      total 38912K, used 38464K [0x00000000ece00000, 0x00000000f0580000, 0x0000000100000000)
  eden space 38400K, 100% used [0x00000000ece00000,0x00000000ef380000,0x00000000ef380000)
  from space 512K, 12% used [0x00000000f0500000,0x00000000f0510000,0x00000000f0580000)
  to   space 8192K, 0% used [0x00000000ef580000,0x00000000ef580000,0x00000000efd80000)
 ParOldGen       total 54272K, used 23104K [0x00000000c6a00000, 0x00000000c9f00000, 0x00000000ece00000)
  object space 54272K, 42% used [0x00000000c6a00000,0x00000000c80902f8,0x00000000c9f00000)
 PSPermGen       total 40960K, used 20554K [0x00000000bc400000, 0x00000000bec00000, 0x00000000c6a00000)
  object space 40960K, 50% used [0x00000000bc400000,0x00000000bd812a10,0x00000000bec00000)
Event: 206.978 GC heap after
Heap after GC invocations=26 (full 1):
 PSYoungGen      total 45568K, used 96K [0x00000000ece00000, 0x00000000f0580000, 0x0000000100000000)
  eden space 37376K, 0% used [0x00000000ece00000,0x00000000ece00000,0x00000000ef280000)
  from space 8192K, 1% used [0x00000000ef580000,0x00000000ef598000,0x00000000efd80000)
  to   space 7680K, 0% used [0x00000000efe00000,0x00000000efe00000,0x00000000f0580000)
 ParOldGen       total 54272K, used 23104K [0x00000000c6a00000, 0x00000000c9f00000, 0x00000000ece00000)
  object space 54272K, 42% used [0x00000000c6a00000,0x00000000c80902f8,0x00000000c9f00000)
 PSPermGen       total 40960K, used 20554K [0x00000000bc400000, 0x00000000bec00000, 0x00000000c6a00000)
  object space 40960K, 50% used [0x00000000bc400000,0x00000000bd812a10,0x00000000bec00000)
}
Event: 213.030 GC heap before
{Heap before GC invocations=27 (full 1):
 PSYoungGen      total 45568K, used 37472K [0x00000000ece00000, 0x00000000f0580000, 0x0000000100000000)
  eden space 37376K, 100% used [0x00000000ece00000,0x00000000ef280000,0x00000000ef280000)
  from space 8192K, 1% used [0x00000000ef580000,0x00000000ef598000,0x00000000efd80000)
  to   space 7680K, 0% used [0x00000000efe00000,0x00000000efe00000,0x00000000f0580000)
 ParOldGen       total 54272K, used 23104K [0x00000000c6a00000, 0x00000000c9f00000, 0x00000000ece00000)
  object space 54272K, 42% used [0x00000000c6a00000,0x00000000c80902f8,0x00000000c9f00000)
 PSPermGen       total 40960K, used 20554K [0x00000000bc400000, 0x00000000bec00000, 0x00000000c6a00000)
  object space 40960K, 50% used [0x00000000bc400000,0x00000000bd812a10,0x00000000bec00000)
Event: 213.033 GC heap after
Heap after GC invocations=27 (full 1):
 PSYoungGen      total 37888K, used 64K [0x00000000ece00000, 0x00000000eff80000, 0x0000000100000000)
  eden space 36352K, 0% used [0x00000000ece00000,0x00000000ece00000,0x00000000ef180000)
  from space 1536K, 4% used [0x00000000efe00000,0x00000000efe10000,0x00000000eff80000)
  to   space 7168K, 0% used [0x00000000ef180000,0x00000000ef180000,0x00000000ef880000)
 ParOldGen       total 54272K, used 23104K [0x00000000c6a00000, 0x00000000c9f00000, 0x00000000ece00000)
  object space 54272K, 42% used [0x00000000c6a00000,0x00000000c80902f8,0x00000000c9f00000)
 PSPermGen       total 40960K, used 20554K [0x00000000bc400000, 0x00000000bec00000, 0x00000000c6a00000)
  object space 40960K, 50% used [0x00000000bc400000,0x00000000bd812a10,0x00000000bec00000)
}
Event: 218.914 GC heap before
{Heap before GC invocations=28 (full 1):
 PSYoungGen      total 37888K, used 36416K [0x00000000ece00000, 0x00000000eff80000, 0x0000000100000000)
  eden space 36352K, 100% used [0x00000000ece00000,0x00000000ef180000,0x00000000ef180000)
  from space 1536K, 4% used [0x00000000efe00000,0x00000000efe10000,0x00000000eff80000)
  to   space 7168K, 0% used [0x00000000ef180000,0x00000000ef180000,0x00000000ef880000)
 ParOldGen       total 54272K, used 23104K [0x00000000c6a00000, 0x00000000c9f00000, 0x00000000ece00000)
  object space 54272K, 42% used [0x00000000c6a00000,0x00000000c80902f8,0x00000000c9f00000)
 PSPermGen       total 40960K, used 20554K [0x00000000bc400000, 0x00000000bec00000, 0x00000000c6a00000)
  object space 40960K, 50% used [0x00000000bc400000,0x00000000bd812a10,0x00000000bec00000)
Event: 218.916 GC heap after
Heap after GC invocations=28 (full 1):
 PSYoungGen      total 35840K, used 64K [0x00000000ece00000, 0x00000000efe80000, 0x0000000100000000)
  eden space 35328K, 0% used [0x00000000ece00000,0x00000000ece00000,0x00000000ef080000)
  from space 512K, 12% used [0x00000000ef180000,0x00000000ef190000,0x00000000ef200000)
  to   space 6656K, 0% used [0x00000000ef800000,0x00000000ef800000,0x00000000efe80000)
 ParOldGen       total 54272K, used 23120K [0x00000000c6a00000, 0x00000000c9f00000, 0x00000000ece00000)
  object space 54272K, 42% used [0x00000000c6a00000,0x00000000c80942f8,0x00000000c9f00000)
 PSPermGen       total 40960K, used 20554K [0x00000000bc400000, 0x00000000bec00000, 0x00000000c6a00000)
  object space 40960K, 50% used [0x00000000bc400000,0x00000000bd812a10,0x00000000bec00000)
}
Event: 224.631 GC heap before
{Heap before GC invocations=29 (full 1):
 PSYoungGen      total 35840K, used 35392K [0x00000000ece00000, 0x00000000efe80000, 0x0000000100000000)
  eden space 35328K, 100% used [0x00000000ece00000,0x00000000ef080000,0x00000000ef080000)
  from space 512K, 12% used [0x00000000ef180000,0x00000000ef190000,0x00000000ef200000)
  to   space 6656K, 0% used [0x00000000ef800000,0x00000000ef800000,0x00000000efe80000)
 ParOldGen       total 54272K, used 23120K [0x00000000c6a00000, 0x00000000c9f00000, 0x00000000ece00000)
  object space 54272K, 42% used [0x00000000c6a00000,0x00000000c80942f8,0x00000000c9f00000)
 PSPermGen       total 40960K, used 20554K [0x00000000bc400000, 0x00000000bec00000, 0x00000000c6a00000)
  object space 40960K, 50% used [0x00000000bc400000,0x00000000bd812a70,0x00000000bec00000)
Event: 224.633 GC heap after
Heap after GC invocations=29 (full 1):
 PSYoungGen      total 37888K, used 64K [0x00000000ece00000, 0x00000000efb80000, 0x0000000100000000)
  eden space 34304K, 0% used [0x00000000ece00000,0x00000000ece00000,0x00000000eef80000)
  from space 3584K, 1% used [0x00000000ef800000,0x00000000ef810000,0x00000000efb80000)
  to   space 6144K, 0% used [0x00000000eef80000,0x00000000eef80000,0x00000000ef580000)
 ParOldGen       total 54272K, used 23128K [0x00000000c6a00000, 0x00000000c9f00000, 0x00000000ece00000)
  object space 54272K, 42% used [0x00000000c6a00000,0x00000000c80962f8,0x00000000c9f00000)
 PSPermGen       total 40960K, used 20554K [0x00000000bc400000, 0x00000000bec00000, 0x00000000c6a00000)
  object space 40960K, 50% used [0x00000000bc400000,0x00000000bd812a70,0x00000000bec00000)
}
Event: 230.262 GC heap before
{Heap before GC invocations=30 (full 1):
 PSYoungGen      total 37888K, used 34368K [0x00000000ece00000, 0x00000000efb80000, 0x0000000100000000)
  eden space 34304K, 100% used [0x00000000ece00000,0x00000000eef80000,0x00000000eef80000)
  from space 3584K, 1% used [0x00000000ef800000,0x00000000ef810000,0x00000000efb80000)
  to   space 6144K, 0% used [0x00000000eef80000,0x00000000eef80000,0x00000000ef580000)
 ParOldGen       total 54272K, used 23128K [0x00000000c6a00000, 0x00000000c9f00000, 0x00000000ece00000)
  object space 54272K, 42% used [0x00000000c6a00000,0x00000000c80962f8,0x00000000c9f00000)
 PSPermGen       total 40960K, used 20555K [0x00000000bc400000, 0x00000000bec00000, 0x00000000c6a00000)
  object space 40960K, 50% used [0x00000000bc400000,0x00000000bd812fc8,0x00000000bec00000)
Event: 230.264 GC heap after
Heap after GC invocations=30 (full 1):
 PSYoungGen      total 33792K, used 64K [0x00000000ece00000, 0x00000000efa80000, 0x0000000100000000)
  eden space 33280K, 0% used [0x00000000ece00000,0x00000000ece00000,0x00000000eee80000)
  from space 512K, 12% used [0x00000000eef80000,0x00000000eef90000,0x00000000ef000000)
  to   space 6144K, 0% used [0x00000000ef480000,0x00000000ef480000,0x00000000efa80000)
 ParOldGen       total 54272K, used 23144K [0x00000000c6a00000, 0x00000000c9f00000, 0x00000000ece00000)
  object space 54272K, 42% used [0x00000000c6a00000,0x00000000c809a2f8,0x00000000c9f00000)
 PSPermGen       total 40960K, used 20555K [0x00000000bc400000, 0x00000000bec00000, 0x00000000c6a00000)
  object space 40960K, 50% used [0x00000000bc400000,0x00000000bd812fc8,0x00000000bec00000)
}

Deoptimization events (10 events):
Event: 228.465 Thread 0x00007ff750008000 Uncommon trap: reason=class_check action=maybe_recompile pc=0x00007ff78cc2d834 method=sun.java2d.x11.X11SurfaceData$X11WindowSurfaceData.getBounds()Ljava/awt/Rectangle; @ 4
Event: 228.465 Thread 0x00007ff750008000 Uncommon trap: reason=unreached action=reinterpret pc=0x00007ff78cc2b634 method=java.awt.event.InvocationEvent.finishedDispatching(Z)V @ 9
Event: 228.465 Thread 0x00007ff750008000 Uncommon trap: reason=class_check action=maybe_recompile pc=0x00007ff78cc29340 method=java.awt.EventQueue.dispatchEventImpl(Ljava/awt/AWTEvent;Ljava/lang/Object;)V @ 6
Event: 228.465 Thread 0x00007ff750008000 Uncommon trap: reason=class_check action=maybe_recompile pc=0x00007ff78cc29340 method=java.awt.EventQueue.dispatchEventImpl(Ljava/awt/AWTEvent;Ljava/lang/Object;)V @ 6
Event: 228.465 Thread 0x00007ff750008000 Uncommon trap: reason=class_check action=maybe_recompile pc=0x00007ff78cc29340 method=java.awt.EventQueue.dispatchEventImpl(Ljava/awt/AWTEvent;Ljava/lang/Object;)V @ 6
Event: 228.469 Thread 0x00007ff75000f800 Uncommon trap: reason=unreached action=reinterpret pc=0x00007ff78cc25904 method=java.awt.EventQueue.postEvent(Ljava/awt/AWTEvent;I)V @ 51
Event: 228.519 Thread 0x00007ff750008000 Uncommon trap: reason=class_check action=maybe_recompile pc=0x00007ff78cc2d834 method=sun.java2d.x11.X11SurfaceData$X11WindowSurfaceData.getBounds()Ljava/awt/Rectangle; @ 4
Event: 230.579 Thread 0x00007ff750008000 Uncommon trap: reason=unreached action=reinterpret pc=0x00007ff78cc21808 method=java.lang.Class.getName()Ljava/lang/String; @ 6
Event: 230.579 Thread 0x00007ff790273000 Uncommon trap: reason=class_check action=maybe_recompile pc=0x00007ff78cc2d834 method=sun.java2d.x11.X11SurfaceData$X11WindowSurfaceData.getBounds()Ljava/awt/Rectangle; @ 4
Event: 230.579 Thread 0x00007ff790273000 Uncommon trap: reason=unreached action=reinterpret pc=0x00007ff78cb42e0c method=java.security.AccessControlContext.optimize()Ljava/security/AccessControlContext; @ 129

Internal exceptions (10 events):
Event: 3.345 Thread 0x00007ff7444da800 Threw 0x00000000edb930b0 at /build/buildd/openjdk-7-7u79-2.5.5/build/openjdk/hotspot/src/share/vm/prims/jvm.cpp:1284
Event: 3.411 Thread 0x00007ff750008000 Threw 0x00000000edbf5e10 at /build/buildd/openjdk-7-7u79-2.5.5/build/openjdk/hotspot/src/share/vm/runtime/reflection.cpp:1030
Event: 3.411 Thread 0x00007ff750008000 Threw 0x00000000edbf61f0 at /build/buildd/openjdk-7-7u79-2.5.5/build/openjdk/hotspot/src/share/vm/runtime/reflection.cpp:1030
Event: 3.628 Thread 0x00007ff750008000 Threw 0x00000000ed042150 at /build/buildd/openjdk-7-7u79-2.5.5/build/openjdk/hotspot/src/share/vm/runtime/reflection.cpp:1030
Event: 3.628 Thread 0x00007ff750008000 Threw 0x00000000ed042530 at /build/buildd/openjdk-7-7u79-2.5.5/build/openjdk/hotspot/src/share/vm/runtime/reflection.cpp:1030
Event: 3.861 Thread 0x00007ff750008000 Threw 0x00000000ed3f5fe8 at /build/buildd/openjdk-7-7u79-2.5.5/build/openjdk/hotspot/src/share/vm/runtime/reflection.cpp:1030
Event: 228.462 Thread 0x00007ff790261000 Implicit null exception at 0x00007ff78cc33bc5 to 0x00007ff78cc35f31
Event: 228.463 Thread 0x00007ff790261000 Implicit null exception at 0x00007ff78cc2e0af to 0x00007ff78cc2ee39
Event: 228.465 Thread 0x00007ff750008000 Implicit null exception at 0x00007ff78cc2affb to 0x00007ff78cc2b621
Event: 230.579 Thread 0x00007ff790273000 Implicit null exception at 0x00007ff78cb4280d to 0x00007ff78cb42de5

Events (10 events):
Event: 230.562 loading class 0x00007ff7640b5dc0 done
Event: 230.579 Thread 0x00007ff750008000 Uncommon trap: trap_request=0xffffffad fr.pc=0x00007ff78cc21808
Event: 230.579 Thread 0x00007ff750008000 DEOPT PACKING pc=0x00007ff78cc21808 sp=0x00007ff759fe0c00
Event: 230.579 Thread 0x00007ff750008000 DEOPT UNPACKING pc=0x00007ff78ca18045 sp=0x00007ff759fe0bc0 mode 2
Event: 230.579 Thread 0x00007ff790273000 Uncommon trap: trap_request=0xffffffde fr.pc=0x00007ff78cc2d834
Event: 230.579 Thread 0x00007ff790273000 DEOPT PACKING pc=0x00007ff78cc2d834 sp=0x00007ff75a74d560
Event: 230.579 Thread 0x00007ff790273000 DEOPT UNPACKING pc=0x00007ff78ca18045 sp=0x00007ff75a74d4e0 mode 2
Event: 230.579 Thread 0x00007ff790273000 Uncommon trap: trap_request=0xffffffad fr.pc=0x00007ff78cb42e0c
Event: 230.579 Thread 0x00007ff790273000 DEOPT PACKING pc=0x00007ff78cb42e0c sp=0x00007ff75a74d2c0
Event: 230.579 Thread 0x00007ff790273000 DEOPT UNPACKING pc=0x00007ff78ca18045 sp=0x00007ff75a74d268 mode 2


Dynamic libraries:
00400000-00401000 r-xp 00000000 08:01 1861178                            /usr/lib/jvm/java-7-openjdk-amd64/jre/bin/java
00600000-00601000 r--p 00000000 08:01 1861178                            /usr/lib/jvm/java-7-openjdk-amd64/jre/bin/java
00601000-00602000 rw-p 00001000 08:01 1861178                            /usr/lib/jvm/java-7-openjdk-amd64/jre/bin/java
01077000-010c7000 rw-p 00000000 00:00 0                                  [heap]
bc400000-bec00000 rw-p 00000000 00:00 0 
bec00000-c6a00000 rw-p 00000000 00:00 0 
c6a00000-c9f00000 rw-p 00000000 00:00 0 
c9f00000-ece00000 rw-p 00000000 00:00 0 
ece00000-efa80000 rw-p 00000000 00:00 0 
efa80000-f5f00000 ---p 00000000 00:00 0 
f5f00000-100000000 rw-p 00000000 00:00 0 
7ff73f707000-7ff73f78b000 r-xp 00000000 08:01 12845852                   /tmp/sqlite-3.7.2-libsqlitejdbc.so
7ff73f78b000-7ff73f98b000 ---p 00084000 08:01 12845852                   /tmp/sqlite-3.7.2-libsqlitejdbc.so
7ff73f98b000-7ff73f98c000 r--p 00084000 08:01 12845852                   /tmp/sqlite-3.7.2-libsqlitejdbc.so
7ff73f98c000-7ff73f98f000 rw-p 00085000 08:01 12845852                   /tmp/sqlite-3.7.2-libsqlitejdbc.so
7ff73f98f000-7ff73f992000 ---p 00000000 00:00 0 
7ff73f992000-7ff73fa90000 rw-p 00000000 00:00 0 
7ff73fa90000-7ff73fa93000 ---p 00000000 00:00 0 
7ff73fa93000-7ff73fb91000 rw-p 00000000 00:00 0 
7ff73fb91000-7ff73fb94000 ---p 00000000 00:00 0 
7ff73fb94000-7ff73fc92000 rw-p 00000000 00:00 0                          [stack:11425]
7ff73fc92000-7ff73fc95000 ---p 00000000 00:00 0 
7ff73fc95000-7ff73fd93000 rw-p 00000000 00:00 0 
7ff73fd93000-7ff73fd96000 ---p 00000000 00:00 0 
7ff73fd96000-7ff73fe94000 rw-p 00000000 00:00 0 
7ff73fe94000-7ff73fe97000 ---p 00000000 00:00 0 
7ff73fe97000-7ff73ff95000 rw-p 00000000 00:00 0 
7ff73ff95000-7ff73ff98000 ---p 00000000 00:00 0 
7ff73ff98000-7ff740096000 rw-p 00000000 00:00 0 
7ff740096000-7ff740099000 ---p 00000000 00:00 0 
7ff740099000-7ff740197000 rw-p 00000000 00:00 0 
7ff7403a4000-7ff740579000 rw-p 00000000 00:00 0 
7ff740686000-7ff740786000 rw-s 13284a000 00:05 1913                      /dev/dri/card0
7ff740786000-7ff740787000 ---p 00000000 00:00 0 
7ff740787000-7ff740f87000 rw-p 00000000 00:00 0                          [stack:11123]
7ff740f87000-7ff7416cd000 r-xp 00000000 08:01 918024                     /usr/lib/x86_64-linux-gnu/dri/r600_dri.so
7ff7416cd000-7ff7418cc000 ---p 00746000 08:01 918024                     /usr/lib/x86_64-linux-gnu/dri/r600_dri.so
7ff7418cc000-7ff74191f000 r--p 00745000 08:01 918024                     /usr/lib/x86_64-linux-gnu/dri/r600_dri.so
7ff74191f000-7ff74192b000 rw-p 00798000 08:01 918024                     /usr/lib/x86_64-linux-gnu/dri/r600_dri.so
7ff74192b000-7ff741b13000 rw-p 00000000 00:00 0 
7ff741b13000-7ff741b14000 ---p 00000000 00:00 0 
7ff741b14000-7ff742314000 rw-p 00000000 00:00 0                          [stack:11122]
7ff742314000-7ff743e1c000 r-xp 00000000 08:01 531941                     /usr/lib/x86_64-linux-gnu/libLLVM-3.5.so.1
7ff743e1c000-7ff743e1d000 ---p 01b08000 08:01 531941                     /usr/lib/x86_64-linux-gnu/libLLVM-3.5.so.1
7ff743e1d000-7ff743fe5000 r--p 01b08000 08:01 531941                     /usr/lib/x86_64-linux-gnu/libLLVM-3.5.so.1
7ff743fe5000-7ff743feb000 rw-p 01cd0000 08:01 531941                     /usr/lib/x86_64-linux-gnu/libLLVM-3.5.so.1
7ff743feb000-7ff744000000 rw-p 00000000 00:00 0 
7ff744000000-7ff74518b000 rw-p 00000000 00:00 0 
7ff74518b000-7ff748000000 ---p 00000000 00:00 0 
7ff74805d000-7ff74805e000 rw-s 13294a000 00:05 1913                      /dev/dri/card0
7ff74805e000-7ff74805f000 rw-s 132849000 00:05 1913                      /dev/dri/card0
7ff74805f000-7ff748060000 rw-s 132848000 00:05 1913                      /dev/dri/card0
7ff748060000-7ff748061000 rw-s 132847000 00:05 1913                      /dev/dri/card0
7ff748062000-7ff748063000 rw-s 132845000 00:05 1913                      /dev/dri/card0
7ff7480e3000-7ff7482b8000 rw-p 00000000 00:00 0 
7ff7482b8000-7ff7483b8000 rw-s 130fbd000 00:05 1913                      /dev/dri/card0
7ff7483b8000-7ff7483ba000 r-xp 00000000 08:01 532093                     /usr/lib/x86_64-linux-gnu/libXinerama.so.1.0.0
7ff7483ba000-7ff7485b9000 ---p 00002000 08:01 532093                     /usr/lib/x86_64-linux-gnu/libXinerama.so.1.0.0
7ff7485b9000-7ff7485ba000 r--p 00001000 08:01 532093                     /usr/lib/x86_64-linux-gnu/libXinerama.so.1.0.0
7ff7485ba000-7ff7485bb000 rw-p 00002000 08:01 532093                     /usr/lib/x86_64-linux-gnu/libXinerama.so.1.0.0
7ff7485bb000-7ff7485f2000 r-xp 00000000 08:01 533016                     /usr/lib/x86_64-linux-gnu/libtxc_dxtn_s2tc.so.0.0.0
7ff7485f2000-7ff7487f1000 ---p 00037000 08:01 533016                     /usr/lib/x86_64-linux-gnu/libtxc_dxtn_s2tc.so.0.0.0
7ff7487f1000-7ff7487f2000 r--p 00036000 08:01 533016                     /usr/lib/x86_64-linux-gnu/libtxc_dxtn_s2tc.so.0.0.0
7ff7487f2000-7ff7487f3000 rw-p 00037000 08:01 533016                     /usr/lib/x86_64-linux-gnu/libtxc_dxtn_s2tc.so.0.0.0
7ff7487f3000-7ff7487fb000 r-xp 00000000 08:01 15732733                   /lib/x86_64-linux-gnu/libnih-dbus.so.1.0.0
7ff7487fb000-7ff7489fb000 ---p 00008000 08:01 15732733                   /lib/x86_64-linux-gnu/libnih-dbus.so.1.0.0
7ff7489fb000-7ff7489fc000 r--p 00008000 08:01 15732733                   /lib/x86_64-linux-gnu/libnih-dbus.so.1.0.0
7ff7489fc000-7ff7489fd000 rw-p 00009000 08:01 15732733                   /lib/x86_64-linux-gnu/libnih-dbus.so.1.0.0
7ff7489fd000-7ff748a14000 r-xp 00000000 08:01 15732735                   /lib/x86_64-linux-gnu/libnih.so.1.0.0
7ff748a14000-7ff748c13000 ---p 00017000 08:01 15732735                   /lib/x86_64-linux-gnu/libnih.so.1.0.0
7ff748c13000-7ff748c14000 r--p 00016000 08:01 15732735                   /lib/x86_64-linux-gnu/libnih.so.1.0.0
7ff748c14000-7ff748c15000 rw-p 00017000 08:01 15732735                   /lib/x86_64-linux-gnu/libnih.so.1.0.0
7ff748c15000-7ff748c2e000 r-xp 00000000 08:01 15732676                   /lib/x86_64-linux-gnu/libcgmanager.so.0.0.0
7ff748c2e000-7ff748e2d000 ---p 00019000 08:01 15732676                   /lib/x86_64-linux-gnu/libcgmanager.so.0.0.0
7ff748e2d000-7ff748e2f000 r--p 00018000 08:01 15732676                   /lib/x86_64-linux-gnu/libcgmanager.so.0.0.0
7ff748e2f000-7ff748e30000 rw-p 0001a000 08:01 15732676                   /lib/x86_64-linux-gnu/libcgmanager.so.0.0.0
7ff748e30000-7ff748e40000 r-xp 00000000 08:01 15728930                   /lib/x86_64-linux-gnu/libudev.so.1.3.5
7ff748e40000-7ff74903f000 ---p 00010000 08:01 15728930                   /lib/x86_64-linux-gnu/libudev.so.1.3.5
7ff74903f000-7ff749040000 r--p 0000f000 08:01 15728930                   /lib/x86_64-linux-gnu/libudev.so.1.3.5
7ff749040000-7ff749041000 rw-p 00010000 08:01 15728930                   /lib/x86_64-linux-gnu/libudev.so.1.3.5
7ff749041000-7ff749066000 r-xp 00000000 08:01 15732817                   /lib/x86_64-linux-gnu/libtinfo.so.5.9
7ff749066000-7ff749265000 ---p 00025000 08:01 15732817                   /lib/x86_64-linux-gnu/libtinfo.so.5.9
7ff749265000-7ff749269000 r--p 00024000 08:01 15732817                   /lib/x86_64-linux-gnu/libtinfo.so.5.9
7ff749269000-7ff74926a000 rw-p 00028000 08:01 15732817                   /lib/x86_64-linux-gnu/libtinfo.so.5.9
7ff74926a000-7ff749293000 r-xp 00000000 08:01 532322                     /usr/lib/x86_64-linux-gnu/libedit.so.2.0.47
7ff749293000-7ff749493000 ---p 00029000 08:01 532322                     /usr/lib/x86_64-linux-gnu/libedit.so.2.0.47
7ff749493000-7ff749495000 r--p 00029000 08:01 532322                     /usr/lib/x86_64-linux-gnu/libedit.so.2.0.47
7ff749495000-7ff749496000 rw-p 0002b000 08:01 532322                     /usr/lib/x86_64-linux-gnu/libedit.so.2.0.47
7ff749496000-7ff74949a000 rw-p 00000000 00:00 0 
7ff74949a000-7ff7494a6000 r-xp 00000000 08:01 530540                     /usr/lib/x86_64-linux-gnu/libdrm_radeon.so.1.0.1
7ff7494a6000-7ff7496a5000 ---p 0000c000 08:01 530540                     /usr/lib/x86_64-linux-gnu/libdrm_radeon.so.1.0.1
7ff7496a5000-7ff7496a6000 r--p 0000b000 08:01 530540                     /usr/lib/x86_64-linux-gnu/libdrm_radeon.so.1.0.1
7ff7496a6000-7ff7496a7000 rw-p 0000c000 08:01 530540                     /usr/lib/x86_64-linux-gnu/libdrm_radeon.so.1.0.1
7ff7496a7000-7ff7496bc000 r-xp 00000000 08:01 532323                     /usr/lib/x86_64-linux-gnu/libelf-0.158.so
7ff7496bc000-7ff7498bb000 ---p 00015000 08:01 532323                     /usr/lib/x86_64-linux-gnu/libelf-0.158.so
7ff7498bb000-7ff7498bc000 r--p 00014000 08:01 532323                     /usr/lib/x86_64-linux-gnu/libelf-0.158.so
7ff7498bc000-7ff7498bd000 rw-p 00015000 08:01 532323                     /usr/lib/x86_64-linux-gnu/libelf-0.158.so
7ff7498bd000-7ff7498c3000 r-xp 00000000 08:01 530538                     /usr/lib/x86_64-linux-gnu/libdrm_nouveau.so.2.0.0
7ff7498c3000-7ff749ac2000 ---p 00006000 08:01 530538                     /usr/lib/x86_64-linux-gnu/libdrm_nouveau.so.2.0.0
7ff749ac2000-7ff749ac3000 r--p 00005000 08:01 530538                     /usr/lib/x86_64-linux-gnu/libdrm_nouveau.so.2.0.0
7ff749ac3000-7ff749ac4000 rw-p 00006000 08:01 530538                     /usr/lib/x86_64-linux-gnu/libdrm_nouveau.so.2.0.0
7ff749ac4000-7ff749acb000 r-xp 00000000 08:01 919135                     /usr/lib/x86_64-linux-gnu/mesa-egl/libOpenVG.so.1.0.0
7ff749acb000-7ff749cca000 ---p 00007000 08:01 919135                     /usr/lib/x86_64-linux-gnu/mesa-egl/libOpenVG.so.1.0.0
7ff749cca000-7ff749ccb000 r--p 00006000 08:01 919135                     /usr/lib/x86_64-linux-gnu/mesa-egl/libOpenVG.so.1.0.0
7ff749ccb000-7ff749ccc000 rw-p 00007000 08:01 919135                     /usr/lib/x86_64-linux-gnu/mesa-egl/libOpenVG.so.1.0.0
7ff749ccc000-7ff749cce000 rw-p 00000000 00:00 0 
7ff749cce000-7ff74a456000 r-xp 00000000 08:01 918029                     /usr/lib/x86_64-linux-gnu/egl/egl_gallium.so
7ff74a456000-7ff74a656000 ---p 00788000 08:01 918029                     /usr/lib/x86_64-linux-gnu/egl/egl_gallium.so
7ff74a656000-7ff74a6a9000 r--p 00788000 08:01 918029                     /usr/lib/x86_64-linux-gnu/egl/egl_gallium.so
7ff74a6a9000-7ff74a6b5000 rw-p 007db000 08:01 918029                     /usr/lib/x86_64-linux-gnu/egl/egl_gallium.so
7ff74a6b5000-7ff74a89c000 rw-p 00000000 00:00 0 
7ff74a89c000-7ff74a8a2000 r-xp 00000000 08:01 919133                     /usr/lib/x86_64-linux-gnu/mesa-egl/libGLESv2.so.2.0.0
7ff74a8a2000-7ff74aaa1000 ---p 00006000 08:01 919133                     /usr/lib/x86_64-linux-gnu/mesa-egl/libGLESv2.so.2.0.0
7ff74aaa1000-7ff74aaa2000 r--p 00005000 08:01 919133                     /usr/lib/x86_64-linux-gnu/mesa-egl/libGLESv2.so.2.0.0
7ff74aaa2000-7ff74aaa3000 rw-p 00006000 08:01 919133                     /usr/lib/x86_64-linux-gnu/mesa-egl/libGLESv2.so.2.0.0
7ff74aaa3000-7ff74aae8000 r-xp 00000000 08:01 12845847                   /tmp/jogamp_0000/file_cache/jln4942853290034648590/jln6394690214299297489/libjogl_mobile.so
7ff74aae8000-7ff74ace8000 ---p 00045000 08:01 12845847                   /tmp/jogamp_0000/file_cache/jln4942853290034648590/jln6394690214299297489/libjogl_mobile.so
7ff74ace8000-7ff74ace9000 rw-p 00045000 08:01 12845847                   /tmp/jogamp_0000/file_cache/jln4942853290034648590/jln6394690214299297489/libjogl_mobile.so
7ff74ace9000-7ff74acf5000 r-xp 00000000 08:01 532405                     /usr/lib/x86_64-linux-gnu/libgbm.so.1.0.0
7ff74acf5000-7ff74aef5000 ---p 0000c000 08:01 532405                     /usr/lib/x86_64-linux-gnu/libgbm.so.1.0.0
7ff74aef5000-7ff74aef6000 r--p 0000c000 08:01 532405                     /usr/lib/x86_64-linux-gnu/libgbm.so.1.0.0
7ff74aef6000-7ff74aef7000 rw-p 0000d000 08:01 532405                     /usr/lib/x86_64-linux-gnu/libgbm.so.1.0.0
7ff74aef7000-7ff74af06000 r-xp 00000000 08:01 533084                     /usr/lib/x86_64-linux-gnu/libwayland-server.so.0.1.0
7ff74af06000-7ff74b105000 ---p 0000f000 08:01 533084                     /usr/lib/x86_64-linux-gnu/libwayland-server.so.0.1.0
7ff74b105000-7ff74b107000 r--p 0000e000 08:01 533084                     /usr/lib/x86_64-linux-gnu/libwayland-server.so.0.1.0
7ff74b107000-7ff74b108000 rw-p 00010000 08:01 533084                     /usr/lib/x86_64-linux-gnu/libwayland-server.so.0.1.0
7ff74b108000-7ff74b113000 r-xp 00000000 08:01 533078                     /usr/lib/x86_64-linux-gnu/libwayland-client.so.0.2.0
7ff74b113000-7ff74b312000 ---p 0000b000 08:01 533078                     /usr/lib/x86_64-linux-gnu/libwayland-client.so.0.2.0
7ff74b312000-7ff74b314000 r--p 0000a000 08:01 533078                     /usr/lib/x86_64-linux-gnu/libwayland-client.so.0.2.0
7ff74b314000-7ff74b315000 rw-p 0000c000 08:01 533078                     /usr/lib/x86_64-linux-gnu/libwayland-client.so.0.2.0
7ff74b315000-7ff74b31a000 r-xp 00000000 08:01 533134                     /usr/lib/x86_64-linux-gnu/libxcb-xfixes.so.0.0.0
7ff74b31a000-7ff74b51a000 ---p 00005000 08:01 533134                     /usr/lib/x86_64-linux-gnu/libxcb-xfixes.so.0.0.0
7ff74b51a000-7ff74b51b000 r--p 00005000 08:01 533134                     /usr/lib/x86_64-linux-gnu/libxcb-xfixes.so.0.0.0
7ff74b51b000-7ff74b51c000 rw-p 00006000 08:01 533134                     /usr/lib/x86_64-linux-gnu/libxcb-xfixes.so.0.0.0
7ff74b51c000-7ff74b543000 r-xp 00000000 08:01 919129                     /usr/lib/x86_64-linux-gnu/mesa-egl/libEGL.so.1.0.0
7ff74b543000-7ff74b743000 ---p 00027000 08:01 919129                     /usr/lib/x86_64-linux-gnu/mesa-egl/libEGL.so.1.0.0
7ff74b743000-7ff74b744000 r--p 00027000 08:01 919129                     /usr/lib/x86_64-linux-gnu/mesa-egl/libEGL.so.1.0.0
7ff74b744000-7ff74b745000 rw-p 00028000 08:01 919129                     /usr/lib/x86_64-linux-gnu/mesa-egl/libEGL.so.1.0.0
7ff74b745000-7ff74b746000 rw-p 00000000 00:00 0 
7ff74b746000-7ff74b7eb000 r-xp 00000000 08:01 12845846                   /tmp/jogamp_0000/file_cache/jln4942853290034648590/jln6394690214299297489/libjogl_desktop.so
7ff74b7eb000-7ff74b9eb000 ---p 000a5000 08:01 12845846                   /tmp/jogamp_0000/file_cache/jln4942853290034648590/jln6394690214299297489/libjogl_desktop.so
7ff74b9eb000-7ff74b9ec000 rw-p 000a5000 08:01 12845846                   /tmp/jogamp_0000/file_cache/jln4942853290034648590/jln6394690214299297489/libjogl_desktop.so
7ff74b9ec000-7ff74b9f7000 r-xp 00000000 08:01 530534                     /usr/lib/x86_64-linux-gnu/libdrm.so.2.4.0
7ff74b9f7000-7ff74bbf6000 ---p 0000b000 08:01 530534                     /usr/lib/x86_64-linux-gnu/libdrm.so.2.4.0
7ff74bbf6000-7ff74bbf7000 r--p 0000a000 08:01 530534                     /usr/lib/x86_64-linux-gnu/libdrm.so.2.4.0
7ff74bbf7000-7ff74bbf8000 rw-p 0000b000 08:01 530534                     /usr/lib/x86_64-linux-gnu/libdrm.so.2.4.0
7ff74bbf8000-7ff74bbf9000 r-xp 00000000 08:01 533148                     /usr/lib/x86_64-linux-gnu/libxshmfence.so.1.0.0
7ff74bbf9000-7ff74bdf8000 ---p 00001000 08:01 533148                     /usr/lib/x86_64-linux-gnu/libxshmfence.so.1.0.0
7ff74bdf8000-7ff74bdf9000 r--p 00000000 08:01 533148                     /usr/lib/x86_64-linux-gnu/libxshmfence.so.1.0.0
7ff74bdf9000-7ff74bdfa000 rw-p 00001000 08:01 533148                     /usr/lib/x86_64-linux-gnu/libxshmfence.so.1.0.0
7ff74bdfa000-7ff74bdff000 r-xp 00000000 08:01 533130                     /usr/lib/x86_64-linux-gnu/libxcb-sync.so.1.0.0
7ff74bdff000-7ff74bffe000 ---p 00005000 08:01 533130                     /usr/lib/x86_64-linux-gnu/libxcb-sync.so.1.0.0
7ff74bffe000-7ff74bfff000 r--p 00004000 08:01 533130                     /usr/lib/x86_64-linux-gnu/libxcb-sync.so.1.0.0
7ff74bfff000-7ff74c000000 rw-p 00005000 08:01 533130                     /usr/lib/x86_64-linux-gnu/libxcb-sync.so.1.0.0
7ff74c000000-7ff74c023000 rw-p 00000000 00:00 0 
7ff74c023000-7ff750000000 ---p 00000000 00:00 0 
7ff750000000-7ff750811000 rw-p 00000000 00:00 0 
7ff750811000-7ff754000000 ---p 00000000 00:00 0 
7ff754000000-7ff7541e1000 rw-p 00000000 00:00 0 
7ff7541e1000-7ff758000000 ---p 00000000 00:00 0 
7ff758018000-7ff758019000 rw-s 131403000 00:05 1913                      /dev/dri/card0
7ff758019000-7ff75801a000 rw-s 131402000 00:05 1913                      /dev/dri/card0
7ff75805b000-7ff75805c000 rw-s 1310c5000 00:05 1913                      /dev/dri/card0
7ff75805d000-7ff75805e000 rw-s 1084be000 00:05 1913                      /dev/dri/card0
7ff75805e000-7ff75805f000 rw-s 1084bd000 00:05 1913                      /dev/dri/card0
7ff758060000-7ff758061000 rw-s 131cc6000 00:05 1913                      /dev/dri/card0
7ff758062000-7ff758063000 rw-s 131cc4000 00:05 1913                      /dev/dri/card0
7ff758066000-7ff758067000 rw-s 131cbb000 00:05 1913                      /dev/dri/card0
7ff758067000-7ff758068000 rw-s 1081e3000 00:05 1913                      /dev/dri/card0
7ff758068000-7ff758069000 rw-s 1081e2000 00:05 1913                      /dev/dri/card0
7ff758082000-7ff758083000 rw-s 1314dd000 00:05 1913                      /dev/dri/card0
7ff758083000-7ff758084000 rw-s 1312ce000 00:05 1913                      /dev/dri/card0
7ff758084000-7ff758085000 rw-s 1312cd000 00:05 1913                      /dev/dri/card0
7ff758085000-7ff758086000 rw-s 1312cc000 00:05 1913                      /dev/dri/card0
7ff758086000-7ff758087000 rw-s 1310be000 00:05 1913                      /dev/dri/card0
7ff75812b000-7ff75813b000 rw-s 13040b000 00:05 1913                      /dev/dri/card0
7ff7581ef000-7ff7581f1000 r-xp 00000000 08:01 533118                     /usr/lib/x86_64-linux-gnu/libxcb-present.so.0.0.0
7ff7581f1000-7ff7583f0000 ---p 00002000 08:01 533118                     /usr/lib/x86_64-linux-gnu/libxcb-present.so.0.0.0
7ff7583f0000-7ff7583f1000 r--p 00001000 08:01 533118                     /usr/lib/x86_64-linux-gnu/libxcb-present.so.0.0.0
7ff7583f1000-7ff7583f2000 rw-p 00002000 08:01 533118                     /usr/lib/x86_64-linux-gnu/libxcb-present.so.0.0.0
7ff7583f2000-7ff7583f4000 r-xp 00000000 08:01 533108                     /usr/lib/x86_64-linux-gnu/libxcb-dri3.so.0.0.0
7ff7583f4000-7ff7585f3000 ---p 00002000 08:01 533108                     /usr/lib/x86_64-linux-gnu/libxcb-dri3.so.0.0.0
7ff7585f3000-7ff7585f4000 r--p 00001000 08:01 533108                     /usr/lib/x86_64-linux-gnu/libxcb-dri3.so.0.0.0
7ff7585f4000-7ff7585f5000 rw-p 00002000 08:01 533108                     /usr/lib/x86_64-linux-gnu/libxcb-dri3.so.0.0.0
7ff7585f5000-7ff7585f8000 r-xp 00000000 08:01 533106                     /usr/lib/x86_64-linux-gnu/libxcb-dri2.so.0.0.0
7ff7585f8000-7ff7587f8000 ---p 00003000 08:01 533106                     /usr/lib/x86_64-linux-gnu/libxcb-dri2.so.0.0.0
7ff7587f8000-7ff7587f9000 r--p 00003000 08:01 533106                     /usr/lib/x86_64-linux-gnu/libxcb-dri2.so.0.0.0
7ff7587f9000-7ff7587fa000 rw-p 00004000 08:01 533106                     /usr/lib/x86_64-linux-gnu/libxcb-dri2.so.0.0.0
7ff7587fa000-7ff75880f000 r-xp 00000000 08:01 533110                     /usr/lib/x86_64-linux-gnu/libxcb-glx.so.0.0.0
7ff75880f000-7ff758a0e000 ---p 00015000 08:01 533110                     /usr/lib/x86_64-linux-gnu/libxcb-glx.so.0.0.0
7ff758a0e000-7ff758a10000 r--p 00014000 08:01 533110                     /usr/lib/x86_64-linux-gnu/libxcb-glx.so.0.0.0
7ff758a10000-7ff758a11000 rw-p 00016000 08:01 533110                     /usr/lib/x86_64-linux-gnu/libxcb-glx.so.0.0.0
7ff758a11000-7ff758a12000 r-xp 00000000 08:01 532064                     /usr/lib/x86_64-linux-gnu/libX11-xcb.so.1.0.0
7ff758a12000-7ff758c11000 ---p 00001000 08:01 532064                     /usr/lib/x86_64-linux-gnu/libX11-xcb.so.1.0.0
7ff758c11000-7ff758c12000 r--p 00000000 08:01 532064                     /usr/lib/x86_64-linux-gnu/libX11-xcb.so.1.0.0
7ff758c12000-7ff758c13000 rw-p 00001000 08:01 532064                     /usr/lib/x86_64-linux-gnu/libX11-xcb.so.1.0.0
7ff758c13000-7ff758c15000 r-xp 00000000 08:01 532079                     /usr/lib/x86_64-linux-gnu/libXdamage.so.1.1.0
7ff758c15000-7ff758e14000 ---p 00002000 08:01 532079                     /usr/lib/x86_64-linux-gnu/libXdamage.so.1.1.0
7ff758e14000-7ff758e15000 r--p 00001000 08:01 532079                     /usr/lib/x86_64-linux-gnu/libXdamage.so.1.1.0
7ff758e15000-7ff758e16000 rw-p 00002000 08:01 532079                     /usr/lib/x86_64-linux-gnu/libXdamage.so.1.1.0
7ff758e16000-7ff758e3a000 r-xp 00000000 08:01 532457                     /usr/lib/x86_64-linux-gnu/libglapi.so.0.0.0
7ff758e3a000-7ff75903a000 ---p 00024000 08:01 532457                     /usr/lib/x86_64-linux-gnu/libglapi.so.0.0.0
7ff75903a000-7ff75903d000 r--p 00024000 08:01 532457                     /usr/lib/x86_64-linux-gnu/libglapi.so.0.0.0
7ff75903d000-7ff75903e000 rw-p 00027000 08:01 532457                     /usr/lib/x86_64-linux-gnu/libglapi.so.0.0.0
7ff75903e000-7ff75903f000 rw-p 00000000 00:00 0 
7ff75903f000-7ff7590cb000 r-xp 00000000 08:01 919126                     /usr/lib/x86_64-linux-gnu/mesa/libGL.so.1.2.0
7ff7590cb000-7ff7592ca000 ---p 0008c000 08:01 919126                     /usr/lib/x86_64-linux-gnu/mesa/libGL.so.1.2.0
7ff7592ca000-7ff7592cd000 r--p 0008b000 08:01 919126                     /usr/lib/x86_64-linux-gnu/mesa/libGL.so.1.2.0
7ff7592cd000-7ff7592ce000 rw-p 0008e000 08:01 919126                     /usr/lib/x86_64-linux-gnu/mesa/libGL.so.1.2.0
7ff7592ce000-7ff7592cf000 rw-p 00000000 00:00 0 
7ff7592cf000-7ff7592d6000 r-xp 00000000 08:01 12845849                   /tmp/jogamp_0000/file_cache/jln4942853290034648590/jln6394690214299297489/libnativewindow_x11.so
7ff7592d6000-7ff7594d5000 ---p 00007000 08:01 12845849                   /tmp/jogamp_0000/file_cache/jln4942853290034648590/jln6394690214299297489/libnativewindow_x11.so
7ff7594d5000-7ff7594d6000 rw-p 00006000 08:01 12845849                   /tmp/jogamp_0000/file_cache/jln4942853290034648590/jln6394690214299297489/libnativewindow_x11.so
7ff7594d6000-7ff7594da000 r-xp 00000000 08:01 532121                     /usr/lib/x86_64-linux-gnu/libXxf86vm.so.1.0.0
7ff7594da000-7ff7596da000 ---p 00004000 08:01 532121                     /usr/lib/x86_64-linux-gnu/libXxf86vm.so.1.0.0
7ff7596da000-7ff7596db000 r--p 00004000 08:01 532121                     /usr/lib/x86_64-linux-gnu/libXxf86vm.so.1.0.0
7ff7596db000-7ff7596dc000 rw-p 00005000 08:01 532121                     /usr/lib/x86_64-linux-gnu/libXxf86vm.so.1.0.0
7ff7596dc000-7ff7596de000 r-xp 00000000 08:01 12845848                   /tmp/jogamp_0000/file_cache/jln4942853290034648590/jln6394690214299297489/libnativewindow_awt.so
7ff7596de000-7ff7598dd000 ---p 00002000 08:01 12845848                   /tmp/jogamp_0000/file_cache/jln4942853290034648590/jln6394690214299297489/libnativewindow_awt.so
7ff7598dd000-7ff7598de000 rw-p 00001000 08:01 12845848                   /tmp/jogamp_0000/file_cache/jln4942853290034648590/jln6394690214299297489/libnativewindow_awt.so
7ff7598de000-7ff7598df000 r-xp 00000000 08:01 5768800                    /usr/lib/jvm/java-7-openjdk-amd64/jre/lib/amd64/libjawt.so
7ff7598df000-7ff759ade000 ---p 00001000 08:01 5768800                    /usr/lib/jvm/java-7-openjdk-amd64/jre/lib/amd64/libjawt.so
7ff759ade000-7ff759adf000 r--p 00000000 08:01 5768800                    /usr/lib/jvm/java-7-openjdk-amd64/jre/lib/amd64/libjawt.so
7ff759adf000-7ff759ae0000 rw-p 00001000 08:01 5768800                    /usr/lib/jvm/java-7-openjdk-amd64/jre/lib/amd64/libjawt.so
7ff759ae0000-7ff759ae2000 r-xp 00000000 08:01 12845845                   /tmp/jogamp_0000/file_cache/jln4942853290034648590/jln6394690214299297489/libgluegen-rt.so
7ff759ae2000-7ff759ce1000 ---p 00002000 08:01 12845845                   /tmp/jogamp_0000/file_cache/jln4942853290034648590/jln6394690214299297489/libgluegen-rt.so
7ff759ce1000-7ff759ce2000 rw-p 00001000 08:01 12845845                   /tmp/jogamp_0000/file_cache/jln4942853290034648590/jln6394690214299297489/libgluegen-rt.so
7ff759ce2000-7ff759ce5000 ---p 00000000 00:00 0 
7ff759ce5000-7ff759de3000 rw-p 00000000 00:00 0                          [stack:11121]
7ff759de3000-7ff759de6000 ---p 00000000 00:00 0 
7ff759de6000-7ff759ee4000 rw-p 00000000 00:00 0                          [stack:11112]
7ff759ee4000-7ff759ee7000 ---p 00000000 00:00 0 
7ff759ee7000-7ff759fe5000 rw-p 00000000 00:00 0                          [stack:11111]
7ff759fe5000-7ff759ff5000 r-xp 00000000 08:01 5768799                    /usr/lib/jvm/java-7-openjdk-amd64/jre/lib/amd64/libnio.so
7ff759ff5000-7ff75a1f5000 ---p 00010000 08:01 5768799                    /usr/lib/jvm/java-7-openjdk-amd64/jre/lib/amd64/libnio.so
7ff75a1f5000-7ff75a1f6000 r--p 00010000 08:01 5768799                    /usr/lib/jvm/java-7-openjdk-amd64/jre/lib/amd64/libnio.so
7ff75a1f6000-7ff75a1f7000 rw-p 00011000 08:01 5768799                    /usr/lib/jvm/java-7-openjdk-amd64/jre/lib/amd64/libnio.so
7ff75a1f7000-7ff75a249000 r-xp 00000000 08:01 5768803                    /usr/lib/jvm/java-7-openjdk-amd64/jre/lib/amd64/libfontmanager.so
7ff75a249000-7ff75a448000 ---p 00052000 08:01 5768803                    /usr/lib/jvm/java-7-openjdk-amd64/jre/lib/amd64/libfontmanager.so
7ff75a448000-7ff75a44b000 r--p 00051000 08:01 5768803                    /usr/lib/jvm/java-7-openjdk-amd64/jre/lib/amd64/libfontmanager.so
7ff75a44b000-7ff75a44c000 rw-p 00054000 08:01 5768803                    /usr/lib/jvm/java-7-openjdk-amd64/jre/lib/amd64/libfontmanager.so
7ff75a44c000-7ff75a44f000 ---p 00000000 00:00 0 
7ff75a44f000-7ff75a54d000 rw-p 00000000 00:00 0                          [stack:11109]
7ff75a54d000-7ff75a550000 ---p 00000000 00:00 0 
7ff75a550000-7ff75a64e000 rw-p 00000000 00:00 0                          [stack:11108]
7ff75a64e000-7ff75a651000 ---p 00000000 00:00 0 
7ff75a651000-7ff75a74f000 rw-p 00000000 00:00 0                          [stack:11107]
7ff75a74f000-7ff75a752000 ---p 00000000 00:00 0 
7ff75a752000-7ff75a850000 rw-p 00000000 00:00 0                          [stack:11105]
7ff75a850000-7ff75a855000 r-xp 00000000 08:01 527015                     /usr/lib/x86_64-linux-gnu/libXfixes.so.3.1.0
7ff75a855000-7ff75aa54000 ---p 00005000 08:01 527015                     /usr/lib/x86_64-linux-gnu/libXfixes.so.3.1.0
7ff75aa54000-7ff75aa55000 r--p 00004000 08:01 527015                     /usr/lib/x86_64-linux-gnu/libXfixes.so.3.1.0
7ff75aa55000-7ff75aa56000 rw-p 00005000 08:01 527015                     /usr/lib/x86_64-linux-gnu/libXfixes.so.3.1.0
7ff75aa56000-7ff75aa5f000 r-xp 00000000 08:01 532077                     /usr/lib/x86_64-linux-gnu/libXcursor.so.1.0.2
7ff75aa5f000-7ff75ac5e000 ---p 00009000 08:01 532077                     /usr/lib/x86_64-linux-gnu/libXcursor.so.1.0.2
7ff75ac5e000-7ff75ac5f000 r--p 00008000 08:01 532077                     /usr/lib/x86_64-linux-gnu/libXcursor.so.1.0.2
7ff75ac5f000-7ff75ac60000 rw-p 00009000 08:01 532077                     /usr/lib/x86_64-linux-gnu/libXcursor.so.1.0.2
7ff75ac60000-7ff75ac77000 r-xp 00000000 08:01 5768826                    /usr/lib/jvm/java-7-openjdk-amd64/jre/lib/amd64/libnet.so
7ff75ac77000-7ff75ae76000 ---p 00017000 08:01 5768826                    /usr/lib/jvm/java-7-openjdk-amd64/jre/lib/amd64/libnet.so
7ff75ae76000-7ff75ae77000 r--p 00016000 08:01 5768826                    /usr/lib/jvm/java-7-openjdk-amd64/jre/lib/amd64/libnet.so
7ff75ae77000-7ff75ae78000 rw-p 00017000 08:01 5768826                    /usr/lib/jvm/java-7-openjdk-amd64/jre/lib/amd64/libnet.so
7ff75ae78000-7ff75ae7c000 r-xp 00000000 08:01 15732704                   /lib/x86_64-linux-gnu/libgpg-error.so.0.10.0
7ff75ae7c000-7ff75b07b000 ---p 00004000 08:01 15732704                   /lib/x86_64-linux-gnu/libgpg-error.so.0.10.0
7ff75b07b000-7ff75b07c000 r--p 00003000 08:01 15732704                   /lib/x86_64-linux-gnu/libgpg-error.so.0.10.0
7ff75b07c000-7ff75b07d000 rw-p 00004000 08:01 15732704                   /lib/x86_64-linux-gnu/libgpg-error.so.0.10.0
7ff75b07d000-7ff75b07f000 r-xp 00000000 08:01 15732714                   /lib/x86_64-linux-gnu/libkeyutils.so.1.4
7ff75b07f000-7ff75b27f000 ---p 00002000 08:01 15732714                   /lib/x86_64-linux-gnu/libkeyutils.so.1.4
7ff75b27f000-7ff75b280000 r--p 00002000 08:01 15732714                   /lib/x86_64-linux-gnu/libkeyutils.so.1.4
7ff75b280000-7ff75b281000 rw-p 00003000 08:01 15732714                   /lib/x86_64-linux-gnu/libkeyutils.so.1.4
7ff75b281000-7ff75b2be000 r-xp 00000000 08:01 15728745                   /lib/x86_64-linux-gnu/libpcre.so.3.13.1
7ff75b2be000-7ff75b4bd000 ---p 0003d000 08:01 15728745                   /lib/x86_64-linux-gnu/libpcre.so.3.13.1
7ff75b4bd000-7ff75b4be000 r--p 0003c000 08:01 15728745                   /lib/x86_64-linux-gnu/libpcre.so.3.13.1
7ff75b4be000-7ff75b4bf000 rw-p 0003d000 08:01 15728745                   /lib/x86_64-linux-gnu/libpcre.so.3.13.1
7ff75b4bf000-7ff75b4e4000 r-xp 00000000 08:01 15732786                   /lib/x86_64-linux-gnu/libpng12.so.0.50.0
7ff75b4e4000-7ff75b6e3000 ---p 00025000 08:01 15732786                   /lib/x86_64-linux-gnu/libpng12.so.0.50.0
7ff75b6e3000-7ff75b6e4000 r--p 00024000 08:01 15732786                   /lib/x86_64-linux-gnu/libpng12.so.0.50.0
7ff75b6e4000-7ff75b6e5000 rw-p 00025000 08:01 15732786                   /lib/x86_64-linux-gnu/libpng12.so.0.50.0
7ff75b6e5000-7ff75b729000 r-xp 00000000 08:01 15732685                   /lib/x86_64-linux-gnu/libdbus-1.so.3.7.6
7ff75b729000-7ff75b928000 ---p 00044000 08:01 15732685                   /lib/x86_64-linux-gnu/libdbus-1.so.3.7.6
7ff75b928000-7ff75b929000 r--p 00043000 08:01 15732685                   /lib/x86_64-linux-gnu/libdbus-1.so.3.7.6
7ff75b929000-7ff75b92a000 rw-p 00044000 08:01 15732685                   /lib/x86_64-linux-gnu/libdbus-1.so.3.7.6
7ff75b92a000-7ff75b965000 r-xp 00000000 08:01 532797                     /usr/lib/x86_64-linux-gnu/libp11-kit.so.0.0.0
7ff75b965000-7ff75bb64000 ---p 0003b000 08:01 532797                     /usr/lib/x86_64-linux-gnu/libp11-kit.so.0.0.0
7ff75bb64000-7ff75bb6a000 r--p 0003a000 08:01 532797                     /usr/lib/x86_64-linux-gnu/libp11-kit.so.0.0.0
7ff75bb6a000-7ff75bb6c000 rw-p 00040000 08:01 532797                     /usr/lib/x86_64-linux-gnu/libp11-kit.so.0.0.0
7ff75bb6c000-7ff75bb7e000 r-xp 00000000 08:01 526101                     /usr/lib/x86_64-linux-gnu/libtasn1.so.6.2.0
7ff75bb7e000-7ff75bd7e000 ---p 00012000 08:01 526101                     /usr/lib/x86_64-linux-gnu/libtasn1.so.6.2.0
7ff75bd7e000-7ff75bd7f000 r--p 00012000 08:01 526101                     /usr/lib/x86_64-linux-gnu/libtasn1.so.6.2.0
7ff75bd7f000-7ff75bd80000 rw-p 00013000 08:01 526101                     /usr/lib/x86_64-linux-gnu/libtasn1.so.6.2.0
7ff75bd80000-7ff75bdfc000 r-xp 00000000 08:01 15732984                   /lib/x86_64-linux-gnu/libgcrypt.so.11.8.2
7ff75bdfc000-7ff75bffc000 ---p 0007c000 08:01 15732984                   /lib/x86_64-linux-gnu/libgcrypt.so.11.8.2
7ff75bffc000-7ff75bffd000 r--p 0007c000 08:01 15732984                   /lib/x86_64-linux-gnu/libgcrypt.so.11.8.2
7ff75bffd000-7ff75c000000 rw-p 0007d000 08:01 15732984                   /lib/x86_64-linux-gnu/libgcrypt.so.11.8.2
7ff75c000000-7ff75c046000 rw-p 00000000 00:00 0 
7ff75c046000-7ff760000000 ---p 00000000 00:00 0 
7ff760000000-7ff760078000 rw-p 00000000 00:00 0 
7ff760078000-7ff764000000 ---p 00000000 00:00 0 
7ff764000000-7ff764aa1000 rw-p 00000000 00:00 0 
7ff764aa1000-7ff768000000 ---p 00000000 00:00 0 
7ff768000000-7ff768876000 rw-p 00000000 00:00 0 
7ff768876000-7ff76c000000 ---p 00000000 00:00 0 
7ff76c000000-7ff76c053000 rw-p 00000000 00:00 0 
7ff76c053000-7ff770000000 ---p 00000000 00:00 0 
7ff770000000-7ff77002a000 rw-p 00000000 00:00 0 
7ff77002a000-7ff774000000 ---p 00000000 00:00 0 
7ff774000000-7ff774063000 rw-p 00000000 00:00 0 
7ff774063000-7ff778000000 ---p 00000000 00:00 0 
7ff778000000-7ff778069000 rw-p 00000000 00:00 0 
7ff778069000-7ff77c000000 ---p 00000000 00:00 0 
7ff77c000000-7ff77c021000 rw-p 00000000 00:00 0 
7ff77c021000-7ff780000000 ---p 00000000 00:00 0 
7ff780033000-7ff780034000 rw-s 12a87b000 00:05 1913                      /dev/dri/card0
7ff780035000-7ff780036000 rw-s 12a879000 00:05 1913                      /dev/dri/card0
7ff780037000-7ff780038000 rw-s 12a877000 00:05 1913                      /dev/dri/card0
7ff780046000-7ff780047000 rw-s 1299e8000 00:05 1913                      /dev/dri/card0
7ff78004a000-7ff78004b000 rw-s 12aa74000 00:05 1913                      /dev/dri/card0
7ff78004b000-7ff78004c000 rw-s 1298e3000 00:05 1913                      /dev/dri/card0
7ff78004c000-7ff78004d000 rw-s 12aa73000 00:05 1913                      /dev/dri/card0
7ff78004d000-7ff78004e000 rw-s 12aa72000 00:05 1913                      /dev/dri/card0
7ff78004e000-7ff78004f000 rw-s 12aa71000 00:05 1913                      /dev/dri/card0
7ff780051000-7ff780052000 rw-s 123a25000 00:05 1913                      /dev/dri/card0
7ff780052000-7ff780053000 rw-s 12aa70000 00:05 1913                      /dev/dri/card0
7ff780054000-7ff780055000 rw-s 132c92000 00:05 1913                      /dev/dri/card0
7ff780055000-7ff780056000 rw-s 12aa6f000 00:05 1913                      /dev/dri/card0
7ff780056000-7ff780057000 rw-s 132c90000 00:05 1913                      /dev/dri/card0
7ff780057000-7ff780058000 rw-s 12aa6e000 00:05 1913                      /dev/dri/card0
7ff780058000-7ff780059000 rw-s 12aa6d000 00:05 1913                      /dev/dri/card0
7ff78005c000-7ff78005f000 ---p 00000000 00:00 0 
7ff78005f000-7ff78015d000 rw-p 00000000 00:00 0                          [stack:11104]
7ff78015d000-7ff780167000 r-xp 00000000 08:01 532680                     /usr/lib/x86_64-linux-gnu/libkrb5support.so.0.1
7ff780167000-7ff780366000 ---p 0000a000 08:01 532680                     /usr/lib/x86_64-linux-gnu/libkrb5support.so.0.1
7ff780366000-7ff780367000 r--p 00009000 08:01 532680                     /usr/lib/x86_64-linux-gnu/libkrb5support.so.0.1
7ff780367000-7ff780368000 rw-p 0000a000 08:01 532680                     /usr/lib/x86_64-linux-gnu/libkrb5support.so.0.1
7ff780368000-7ff78036b000 r-xp 00000000 08:01 15732977                   /lib/x86_64-linux-gnu/libcom_err.so.2.1
7ff78036b000-7ff78056a000 ---p 00003000 08:01 15732977                   /lib/x86_64-linux-gnu/libcom_err.so.2.1
7ff78056a000-7ff78056b000 r--p 00002000 08:01 15732977                   /lib/x86_64-linux-gnu/libcom_err.so.2.1
7ff78056b000-7ff78056c000 rw-p 00003000 08:01 15732977                   /lib/x86_64-linux-gnu/libcom_err.so.2.1
7ff78056c000-7ff780598000 r-xp 00000000 08:01 532674                     /usr/lib/x86_64-linux-gnu/libk5crypto.so.3.1
7ff780598000-7ff780797000 ---p 0002c000 08:01 532674                     /usr/lib/x86_64-linux-gnu/libk5crypto.so.3.1
7ff780797000-7ff780799000 r--p 0002b000 08:01 532674                     /usr/lib/x86_64-linux-gnu/libk5crypto.so.3.1
7ff780799000-7ff78079a000 rw-p 0002d000 08:01 532674                     /usr/lib/x86_64-linux-gnu/libk5crypto.so.3.1
7ff78079a000-7ff78079b000 rw-p 00000000 00:00 0 
7ff78079b000-7ff780857000 r-xp 00000000 08:01 532678                     /usr/lib/x86_64-linux-gnu/libkrb5.so.3.3
7ff780857000-7ff780a57000 ---p 000bc000 08:01 532678                     /usr/lib/x86_64-linux-gnu/libkrb5.so.3.3
7ff780a57000-7ff780a64000 r--p 000bc000 08:01 532678                     /usr/lib/x86_64-linux-gnu/libkrb5.so.3.3
7ff780a64000-7ff780a66000 rw-p 000c9000 08:01 532678                     /usr/lib/x86_64-linux-gnu/libkrb5.so.3.3
7ff780a66000-7ff780a6b000 r-xp 00000000 08:01 532081                     /usr/lib/x86_64-linux-gnu/libXdmcp.so.6.0.0
7ff780a6b000-7ff780c6a000 ---p 00005000 08:01 532081                     /usr/lib/x86_64-linux-gnu/libXdmcp.so.6.0.0
7ff780c6a000-7ff780c6b000 r--p 00004000 08:01 532081                     /usr/lib/x86_64-linux-gnu/libXdmcp.so.6.0.0
7ff780c6b000-7ff780c6c000 rw-p 00005000 08:01 532081                     /usr/lib/x86_64-linux-gnu/libXdmcp.so.6.0.0
7ff780c6c000-7ff780c6e000 r-xp 00000000 08:01 532070                     /usr/lib/x86_64-linux-gnu/libXau.so.6.0.0
7ff780c6e000-7ff780e6e000 ---p 00002000 08:01 532070                     /usr/lib/x86_64-linux-gnu/libXau.so.6.0.0
7ff780e6e000-7ff780e6f000 r--p 00002000 08:01 532070                     /usr/lib/x86_64-linux-gnu/libXau.so.6.0.0
7ff780e6f000-7ff780e70000 rw-p 00003000 08:01 532070                     /usr/lib/x86_64-linux-gnu/libXau.so.6.0.0
7ff780e70000-7ff780e77000 r-xp 00000000 08:01 532352                     /usr/lib/x86_64-linux-gnu/libffi.so.6.0.1
7ff780e77000-7ff781076000 ---p 00007000 08:01 532352                     /usr/lib/x86_64-linux-gnu/libffi.so.6.0.1
7ff781076000-7ff781077000 r--p 00006000 08:01 532352                     /usr/lib/x86_64-linux-gnu/libffi.so.6.0.1
7ff781077000-7ff781078000 rw-p 00007000 08:01 532352                     /usr/lib/x86_64-linux-gnu/libffi.so.6.0.1
7ff781078000-7ff78108f000 r-xp 00000000 08:01 15728645                   /lib/x86_64-linux-gnu/libresolv-2.19.so
7ff78108f000-7ff78128f000 ---p 00017000 08:01 15728645                   /lib/x86_64-linux-gnu/libresolv-2.19.so
7ff78128f000-7ff781290000 r--p 00017000 08:01 15728645                   /lib/x86_64-linux-gnu/libresolv-2.19.so
7ff781290000-7ff781291000 rw-p 00018000 08:01 15728645                   /lib/x86_64-linux-gnu/libresolv-2.19.so
7ff781291000-7ff781293000 rw-p 00000000 00:00 0 
7ff781293000-7ff7812b3000 r-xp 00000000 08:01 15732801                   /lib/x86_64-linux-gnu/libselinux.so.1
7ff7812b3000-7ff7814b2000 ---p 00020000 08:01 15732801                   /lib/x86_64-linux-gnu/libselinux.so.1
7ff7814b2000-7ff7814b3000 r--p 0001f000 08:01 15732801                   /lib/x86_64-linux-gnu/libselinux.so.1
7ff7814b3000-7ff7814b4000 rw-p 00020000 08:01 15732801                   /lib/x86_64-linux-gnu/libselinux.so.1
7ff7814b4000-7ff7814b6000 rw-p 00000000 00:00 0 
7ff7814b6000-7ff7815bc000 r-xp 00000000 08:01 15732702                   /lib/x86_64-linux-gnu/libglib-2.0.so.0.4002.0
7ff7815bc000-7ff7817bb000 ---p 00106000 08:01 15732702                   /lib/x86_64-linux-gnu/libglib-2.0.so.0.4002.0
7ff7817bb000-7ff7817bc000 r--p 00105000 08:01 15732702                   /lib/x86_64-linux-gnu/libglib-2.0.so.0.4002.0
7ff7817bc000-7ff7817bd000 rw-p 00106000 08:01 15732702                   /lib/x86_64-linux-gnu/libglib-2.0.so.0.4002.0
7ff7817bd000-7ff7817be000 rw-p 00000000 00:00 0 
7ff7817be000-7ff7817c1000 r-xp 00000000 08:01 532465                     /usr/lib/x86_64-linux-gnu/libgmodule-2.0.so.0.4002.0
7ff7817c1000-7ff7819c0000 ---p 00003000 08:01 532465                     /usr/lib/x86_64-linux-gnu/libgmodule-2.0.so.0.4002.0
7ff7819c0000-7ff7819c1000 r--p 00002000 08:01 532465                     /usr/lib/x86_64-linux-gnu/libgmodule-2.0.so.0.4002.0
7ff7819c1000-7ff7819c2000 rw-p 00003000 08:01 532465                     /usr/lib/x86_64-linux-gnu/libgmodule-2.0.so.0.4002.0
7ff7819c2000-7ff7819e9000 r-xp 00000000 08:01 15732693                   /lib/x86_64-linux-gnu/libexpat.so.1.6.0
7ff7819e9000-7ff781be9000 ---p 00027000 08:01 15732693                   /lib/x86_64-linux-gnu/libexpat.so.1.6.0
7ff781be9000-7ff781beb000 r--p 00027000 08:01 15732693                   /lib/x86_64-linux-gnu/libexpat.so.1.6.0
7ff781beb000-7ff781bec000 rw-p 00029000 08:01 15732693                   /lib/x86_64-linux-gnu/libexpat.so.1.6.0
7ff781bec000-7ff781c89000 r-xp 00000000 08:01 527024                     /usr/lib/x86_64-linux-gnu/libfreetype.so.6.11.1
7ff781c89000-7ff781e88000 ---p 0009d000 08:01 527024                     /usr/lib/x86_64-linux-gnu/libfreetype.so.6.11.1
7ff781e88000-7ff781e8e000 r--p 0009c000 08:01 527024                     /usr/lib/x86_64-linux-gnu/libfreetype.so.6.11.1
7ff781e8e000-7ff781e8f000 rw-p 000a2000 08:01 527024                     /usr/lib/x86_64-linux-gnu/libfreetype.so.6.11.1
7ff781e8f000-7ff781e9e000 r-xp 00000000 08:01 532174                     /usr/lib/x86_64-linux-gnu/libavahi-client.so.3.2.9
7ff781e9e000-7ff78209e000 ---p 0000f000 08:01 532174                     /usr/lib/x86_64-linux-gnu/libavahi-client.so.3.2.9
7ff78209e000-7ff78209f000 r--p 0000f000 08:01 532174                     /usr/lib/x86_64-linux-gnu/libavahi-client.so.3.2.9
7ff78209f000-7ff7820a0000 rw-p 00010000 08:01 532174                     /usr/lib/x86_64-linux-gnu/libavahi-client.so.3.2.9
7ff7820a0000-7ff7820ab000 r-xp 00000000 08:01 532176                     /usr/lib/x86_64-linux-gnu/libavahi-common.so.3.5.3
7ff7820ab000-7ff7822aa000 ---p 0000b000 08:01 532176                     /usr/lib/x86_64-linux-gnu/libavahi-common.so.3.5.3
7ff7822aa000-7ff7822ab000 r--p 0000a000 08:01 532176                     /usr/lib/x86_64-linux-gnu/libavahi-common.so.3.5.3
7ff7822ab000-7ff7822ac000 rw-p 0000b000 08:01 532176                     /usr/lib/x86_64-linux-gnu/libavahi-common.so.3.5.3
7ff7822ac000-7ff78448c000 rw-p 00000000 00:00 0 
7ff78448c000-7ff78448d000 rw-s 1310bd000 00:05 1913                      /dev/dri/card0
7ff78448d000-7ff78448e000 rw-s 12aa6c000 00:05 1913                      /dev/dri/card0
7ff78448e000-7ff78448f000 rw-s 12aa6b000 00:05 1913                      /dev/dri/card0
7ff784492000-7ff784493000 rw-s 12aa6a000 00:05 1913                      /dev/dri/card0
7ff784493000-7ff784494000 rw-s 12fd01000 00:05 1913                      /dev/dri/card0
7ff784494000-7ff784495000 rw-s 12aa69000 00:05 1913                      /dev/dri/card0
7ff784495000-7ff784496000 rw-p 00000000 00:00 0 
7ff784496000-7ff784497000 rw-s 12aa68000 00:05 1913                      /dev/dri/card0
7ff784497000-7ff784498000 rw-s 12fd10000 00:05 1913                      /dev/dri/card0
7ff784498000-7ff784499000 rw-s 12fd0f000 00:05 1913                      /dev/dri/card0
7ff784499000-7ff78449a000 rw-s 12fcfe000 00:05 1913                      /dev/dri/card0
7ff78449a000-7ff78449b000 rw-s 12fcfd000 00:05 1913                      /dev/dri/card0
7ff78449b000-7ff7844ab000 rw-s 12fcec000 00:05 1913                      /dev/dri/card0
7ff7844ab000-7ff7844bb000 rw-s 12f391000 00:05 1913                      /dev/dri/card0
7ff7844bb000-7ff7844cb000 rw-s 12f361000 00:05 1913                      /dev/dri/card0
7ff7844cb000-7ff7844db000 rw-s 12f351000 00:05 1913                      /dev/dri/card0
7ff7844db000-7ff7844eb000 rw-s 12f327000 00:05 1913                      /dev/dri/card0
7ff7844eb000-7ff7844fb000 rw-s 12f317000 00:05 1913                      /dev/dri/card0
7ff7844fb000-7ff7844fe000 ---p 00000000 00:00 0 
7ff7844fe000-7ff784565000 rw-p 00000000 00:00 0 
7ff784565000-7ff784588000 r--s 002ec000 08:01 1994511                    /home/hannan/workspace/UCSDUnfoldingMaps/lib/jogl-all.jar
7ff784588000-7ff78463e000 r-xp 00000000 08:01 526935                     /usr/lib/x86_64-linux-gnu/libgnutls.so.26.22.6
7ff78463e000-7ff78483e000 ---p 000b6000 08:01 526935                     /usr/lib/x86_64-linux-gnu/libgnutls.so.26.22.6
7ff78483e000-7ff784844000 r--p 000b6000 08:01 526935                     /usr/lib/x86_64-linux-gnu/libgnutls.so.26.22.6
7ff784844000-7ff784845000 rw-p 000bc000 08:01 526935                     /usr/lib/x86_64-linux-gnu/libgnutls.so.26.22.6
7ff784845000-7ff784846000 rw-p 00000000 00:00 0 
7ff784846000-7ff784889000 r-xp 00000000 08:01 532508                     /usr/lib/x86_64-linux-gnu/libgssapi_krb5.so.2.2
7ff784889000-7ff784a89000 ---p 00043000 08:01 532508                     /usr/lib/x86_64-linux-gnu/libgssapi_krb5.so.2.2
7ff784a89000-7ff784a8a000 r--p 00043000 08:01 532508                     /usr/lib/x86_64-linux-gnu/libgssapi_krb5.so.2.2
7ff784a8a000-7ff784a8c000 rw-p 00044000 08:01 532508                     /usr/lib/x86_64-linux-gnu/libgssapi_krb5.so.2.2
7ff784a8c000-7ff784aa9000 r-xp 00000000 08:01 533138                     /usr/lib/x86_64-linux-gnu/libxcb.so.1.1.0
7ff784aa9000-7ff784ca9000 ---p 0001d000 08:01 533138                     /usr/lib/x86_64-linux-gnu/libxcb.so.1.1.0
7ff784ca9000-7ff784caa000 r--p 0001d000 08:01 533138                     /usr/lib/x86_64-linux-gnu/libxcb.so.1.1.0
7ff784caa000-7ff784cab000 rw-p 0001e000 08:01 533138                     /usr/lib/x86_64-linux-gnu/libxcb.so.1.1.0
7ff784cab000-7ff784cfa000 r-xp 00000000 08:01 532481                     /usr/lib/x86_64-linux-gnu/libgobject-2.0.so.0.4002.0
7ff784cfa000-7ff784efa000 ---p 0004f000 08:01 532481                     /usr/lib/x86_64-linux-gnu/libgobject-2.0.so.0.4002.0
7ff784efa000-7ff784efb000 r--p 0004f000 08:01 532481                     /usr/lib/x86_64-linux-gnu/libgobject-2.0.so.0.4002.0
7ff784efb000-7ff784efc000 rw-p 00050000 08:01 532481                     /usr/lib/x86_64-linux-gnu/libgobject-2.0.so.0.4002.0
7ff784efc000-7ff785068000 r-xp 00000000 08:01 532453                     /usr/lib/x86_64-linux-gnu/libgio-2.0.so.0.4002.0
7ff785068000-7ff785267000 ---p 0016c000 08:01 532453                     /usr/lib/x86_64-linux-gnu/libgio-2.0.so.0.4002.0
7ff785267000-7ff78526b000 r--p 0016b000 08:01 532453                     /usr/lib/x86_64-linux-gnu/libgio-2.0.so.0.4002.0
7ff78526b000-7ff78526d000 rw-p 0016f000 08:01 532453                     /usr/lib/x86_64-linux-gnu/libgio-2.0.so.0.4002.0
7ff78526d000-7ff78526f000 rw-p 00000000 00:00 0 
7ff78526f000-7ff7852a9000 r-xp 00000000 08:01 532366                     /usr/lib/x86_64-linux-gnu/libfontconfig.so.1.8.0
7ff7852a9000-7ff7854a8000 ---p 0003a000 08:01 532366                     /usr/lib/x86_64-linux-gnu/libfontconfig.so.1.8.0
7ff7854a8000-7ff7854aa000 r--p 00039000 08:01 532366                     /usr/lib/x86_64-linux-gnu/libfontconfig.so.1.8.0
7ff7854aa000-7ff7854ab000 rw-p 0003b000 08:01 532366                     /usr/lib/x86_64-linux-gnu/libfontconfig.so.1.8.0
7ff7854ab000-7ff785517000 r-xp 00000000 08:01 524410                     /usr/lib/x86_64-linux-gnu/libcups.so.2
7ff785517000-7ff785717000 ---p 0006c000 08:01 524410                     /usr/lib/x86_64-linux-gnu/libcups.so.2
7ff785717000-7ff78571e000 r--p 0006c000 08:01 524410                     /usr/lib/x86_64-linux-gnu/libcups.so.2
7ff78571e000-7ff78571f000 rw-p 00073000 08:01 524410                     /usr/lib/x86_64-linux-gnu/libcups.so.2
7ff78571f000-7ff78572e000 r-xp 00000000 08:01 527017                     /usr/lib/x86_64-linux-gnu/libXi.so.6.1.0
7ff78572e000-7ff78592d000 ---p 0000f000 08:01 527017                     /usr/lib/x86_64-linux-gnu/libXi.so.6.1.0
7ff78592d000-7ff78592e000 r--p 0000e000 08:01 527017                     /usr/lib/x86_64-linux-gnu/libXi.so.6.1.0
7ff78592e000-7ff78592f000 rw-p 0000f000 08:01 527017                     /usr/lib/x86_64-linux-gnu/libXi.so.6.1.0
7ff78592f000-7ff785934000 r-xp 00000000 08:01 532111                     /usr/lib/x86_64-linux-gnu/libXtst.so.6.1.0
7ff785934000-7ff785b33000 ---p 00005000 08:01 532111                     /usr/lib/x86_64-linux-gnu/libXtst.so.6.1.0
7ff785b33000-7ff785b34000 r--p 00004000 08:01 532111                     /usr/lib/x86_64-linux-gnu/libXtst.so.6.1.0
7ff785b34000-7ff785b35000 rw-p 00005000 08:01 532111                     /usr/lib/x86_64-linux-gnu/libXtst.so.6.1.0
7ff785b35000-7ff785b3e000 r-xp 00000000 08:01 527019                     /usr/lib/x86_64-linux-gnu/libXrender.so.1.3.0
7ff785b3e000-7ff785d3d000 ---p 00009000 08:01 527019                     /usr/lib/x86_64-linux-gnu/libXrender.so.1.3.0
7ff785d3d000-7ff785d3e000 r--p 00008000 08:01 527019                     /usr/lib/x86_64-linux-gnu/libXrender.so.1.3.0
7ff785d3e000-7ff785d3f000 rw-p 00009000 08:01 527019                     /usr/lib/x86_64-linux-gnu/libXrender.so.1.3.0
7ff785d3f000-7ff785e6f000 r-xp 00000000 08:01 532066                     /usr/lib/x86_64-linux-gnu/libX11.so.6.3.0
7ff785e6f000-7ff78606f000 ---p 00130000 08:01 532066                     /usr/lib/x86_64-linux-gnu/libX11.so.6.3.0
7ff78606f000-7ff786070000 r--p 00130000 08:01 532066                     /usr/lib/x86_64-linux-gnu/libX11.so.6.3.0
7ff786070000-7ff786074000 rw-p 00131000 08:01 532066                     /usr/lib/x86_64-linux-gnu/libX11.so.6.3.0
7ff786074000-7ff786085000 r-xp 00000000 08:01 526957                     /usr/lib/x86_64-linux-gnu/libXext.so.6.4.0
7ff786085000-7ff786284000 ---p 00011000 08:01 526957                     /usr/lib/x86_64-linux-gnu/libXext.so.6.4.0
7ff786284000-7ff786285000 r--p 00010000 08:01 526957                     /usr/lib/x86_64-linux-gnu/libXext.so.6.4.0
7ff786285000-7ff786286000 rw-p 00011000 08:01 526957                     /usr/lib/x86_64-linux-gnu/libXext.so.6.4.0
7ff786286000-7ff786287000 rw-s 12fcfc000 00:05 1913                      /dev/dri/card0
7ff786287000-7ff786288000 rwxp 00000000 00:00 0 
7ff786288000-7ff786289000 r--s 0002f000 08:01 1994494                    /home/hannan/workspace/UCSDUnfoldingMaps/lib/jogl-all-natives-linux-amd64.jar
7ff786289000-7ff78628b000 r--s 00000000 08:01 1994512                    /home/hannan/workspace/UCSDUnfoldingMaps/lib/gluegen-rt-natives-linux-amd64.jar
7ff78628b000-7ff786290000 r--s 0004d000 08:01 2105410                    /usr/lib/jvm/java-7-openjdk-amd64/jre/lib/jsse.jar
7ff786290000-7ff78629a000 r--s 000ae000 08:01 2105406                    /usr/lib/jvm/java-7-openjdk-amd64/jre/lib/resources.jar
7ff78629a000-7ff7862a0000 r--s 00033000 08:01 1994495                    /home/hannan/workspace/UCSDUnfoldingMaps/lib/unfolding.0.9.7-uscd.jar
7ff7862a0000-7ff7862a7000 r--s 00059000 08:01 1994497                    /home/hannan/workspace/UCSDUnfoldingMaps/lib/log4j-1.2.15.jar
7ff7862a7000-7ff7862ef000 r-xp 00000000 08:01 5768962                    /usr/lib/jvm/java-7-openjdk-amd64/jre/lib/amd64/xawt/libmawt.so
7ff7862ef000-7ff7864ee000 ---p 00048000 08:01 5768962                    /usr/lib/jvm/java-7-openjdk-amd64/jre/lib/amd64/xawt/libmawt.so
7ff7864ee000-7ff7864ef000 r--p 00047000 08:01 5768962                    /usr/lib/jvm/java-7-openjdk-amd64/jre/lib/amd64/xawt/libmawt.so
7ff7864ef000-7ff7864f2000 rw-p 00048000 08:01 5768962                    /usr/lib/jvm/java-7-openjdk-amd64/jre/lib/amd64/xawt/libmawt.so
7ff7864f2000-7ff7864f3000 rw-p 00000000 00:00 0 
7ff7864f3000-7ff786593000 r-xp 00000000 08:01 5768744                    /usr/lib/jvm/java-7-openjdk-amd64/jre/lib/amd64/libawt.so
7ff786593000-7ff786793000 ---p 000a0000 08:01 5768744                    /usr/lib/jvm/java-7-openjdk-amd64/jre/lib/amd64/libawt.so
7ff786793000-7ff786794000 r--p 000a0000 08:01 5768744                    /usr/lib/jvm/java-7-openjdk-amd64/jre/lib/amd64/libawt.so
7ff786794000-7ff78679f000 rw-p 000a1000 08:01 5768744                    /usr/lib/jvm/java-7-openjdk-amd64/jre/lib/amd64/libawt.so
7ff78679f000-7ff7867c4000 rw-p 00000000 00:00 0 
7ff7867c4000-7ff7867c5000 ---p 00000000 00:00 0 
7ff7867c5000-7ff7868c5000 rw-p 00000000 00:00 0                          [stack:11103]
7ff7868c5000-7ff7868c8000 ---p 00000000 00:00 0 
7ff7868c8000-7ff7869c6000 rw-p 00000000 00:00 0                          [stack:11102]
7ff7869c6000-7ff7869c9000 ---p 00000000 00:00 0 
7ff7869c9000-7ff786ac7000 rw-p 00000000 00:00 0                          [stack:11101]
7ff786ac7000-7ff786aca000 ---p 00000000 00:00 0 
7ff786aca000-7ff786bc8000 rw-p 00000000 00:00 0                          [stack:11100]
7ff786bc8000-7ff786bcb000 ---p 00000000 00:00 0 
7ff786bcb000-7ff786cc9000 rw-p 00000000 00:00 0                          [stack:11099]
7ff786cc9000-7ff7873ab000 r--p 00000000 08:01 531074                     /usr/lib/locale/locale-archive
7ff7873ab000-7ff7873ae000 ---p 00000000 00:00 0 
7ff7873ae000-7ff7874ac000 rw-p 00000000 00:00 0                          [stack:11098]
7ff7874ac000-7ff7874af000 ---p 00000000 00:00 0 
7ff7874af000-7ff7875ad000 rw-p 00000000 00:00 0                          [stack:11097]
7ff7875ad000-7ff7875ae000 ---p 00000000 00:00 0 
7ff7875ae000-7ff788000000 rw-p 00000000 00:00 0                          [stack:11096]
7ff788000000-7ff788021000 rw-p 00000000 00:00 0 
7ff788021000-7ff78c000000 ---p 00000000 00:00 0 
7ff78c000000-7ff78c005000 r--s 00309000 08:01 1994499                    /home/hannan/workspace/UCSDUnfoldingMaps/lib/sqlite-jdbc-3.7.2.jar
7ff78c005000-7ff78c047000 rw-p 00000000 00:00 0 
7ff78c047000-7ff78c1f8000 r--s 01d27000 08:01 2105407                    /usr/lib/jvm/java-7-openjdk-amd64/jre/lib/rt.jar
7ff78c1f8000-7ff78c48c000 rw-p 00000000 00:00 0 
7ff78c48c000-7ff78c48d000 ---p 00000000 00:00 0 
7ff78c48d000-7ff78c58d000 rw-p 00000000 00:00 0                          [stack:11095]
7ff78c58d000-7ff78c58e000 ---p 00000000 00:00 0 
7ff78c58e000-7ff78c6a9000 rw-p 00000000 00:00 0                          [stack:11094]
7ff78c6a9000-7ff78c7c0000 rw-p 00000000 00:00 0 
7ff78c7c0000-7ff78c7d4000 rw-p 00000000 00:00 0 
7ff78c7d4000-7ff78c813000 rw-p 00000000 00:00 0 
7ff78c813000-7ff78c82e000 rw-p 00000000 00:00 0 
7ff78c82e000-7ff78c945000 rw-p 00000000 00:00 0 
7ff78c945000-7ff78c95c000 rw-p 00000000 00:00 0 
7ff78c95c000-7ff78c98e000 ---p 00000000 00:00 0 
7ff78c98e000-7ff78c9de000 rw-p 00000000 00:00 0 
7ff78c9de000-7ff78c9df000 rw-p 00000000 00:00 0 
7ff78c9df000-7ff78cc5f000 rwxp 00000000 00:00 0 
7ff78cc5f000-7ff78f9df000 rw-p 00000000 00:00 0 
7ff78f9df000-7ff78f9e7000 r-xp 00000000 08:01 5768789                    /usr/lib/jvm/java-7-openjdk-amd64/jre/lib/amd64/libzip.so
7ff78f9e7000-7ff78fbe6000 ---p 00008000 08:01 5768789                    /usr/lib/jvm/java-7-openjdk-amd64/jre/lib/amd64/libzip.so
7ff78fbe6000-7ff78fbe7000 r--p 00007000 08:01 5768789                    /usr/lib/jvm/java-7-openjdk-amd64/jre/lib/amd64/libzip.so
7ff78fbe7000-7ff78fbe8000 rw-p 00008000 08:01 5768789                    /usr/lib/jvm/java-7-openjdk-amd64/jre/lib/amd64/libzip.so
7ff78fbe8000-7ff78fbf3000 r-xp 00000000 08:01 15728659                   /lib/x86_64-linux-gnu/libnss_files-2.19.so
7ff78fbf3000-7ff78fdf2000 ---p 0000b000 08:01 15728659                   /lib/x86_64-linux-gnu/libnss_files-2.19.so
7ff78fdf2000-7ff78fdf3000 r--p 0000a000 08:01 15728659                   /lib/x86_64-linux-gnu/libnss_files-2.19.so
7ff78fdf3000-7ff78fdf4000 rw-p 0000b000 08:01 15728659                   /lib/x86_64-linux-gnu/libnss_files-2.19.so
7ff78fdf4000-7ff78fdff000 r-xp 00000000 08:01 15732590                   /lib/x86_64-linux-gnu/libnss_nis-2.19.so
7ff78fdff000-7ff78fffe000 ---p 0000b000 08:01 15732590                   /lib/x86_64-linux-gnu/libnss_nis-2.19.so
7ff78fffe000-7ff78ffff000 r--p 0000a000 08:01 15732590                   /lib/x86_64-linux-gnu/libnss_nis-2.19.so
7ff78ffff000-7ff790000000 rw-p 0000b000 08:01 15732590                   /lib/x86_64-linux-gnu/libnss_nis-2.19.so
7ff790000000-7ff7902a2000 rw-p 00000000 00:00 0 
7ff7902a2000-7ff794000000 ---p 00000000 00:00 0 
7ff794000000-7ff794001000 r--p 00000000 00:00 0 
7ff794001000-7ff794002000 r--s 00005000 08:01 1994509                    /home/hannan/workspace/UCSDUnfoldingMaps/lib/libTUIO.jar
7ff794002000-7ff794003000 r--s 00007000 08:01 1994503                    /home/hannan/workspace/UCSDUnfoldingMaps/lib/json4processing.jar
7ff794003000-7ff794009000 r--s 00041000 08:01 1994506                    /home/hannan/workspace/UCSDUnfoldingMaps/lib/gluegen-rt.jar
7ff794009000-7ff7940c1000 rw-p 00000000 00:00 0 
7ff7940c1000-7ff794100000 rw-p 00000000 00:00 0 
7ff794100000-7ff794117000 r-xp 00000000 08:01 15728734                   /lib/x86_64-linux-gnu/libnsl-2.19.so
7ff794117000-7ff794316000 ---p 00017000 08:01 15728734                   /lib/x86_64-linux-gnu/libnsl-2.19.so
7ff794316000-7ff794317000 r--p 00016000 08:01 15728734                   /lib/x86_64-linux-gnu/libnsl-2.19.so
7ff794317000-7ff794318000 rw-p 00017000 08:01 15728734                   /lib/x86_64-linux-gnu/libnsl-2.19.so
7ff794318000-7ff79431a000 rw-p 00000000 00:00 0 
7ff79431a000-7ff794323000 r-xp 00000000 08:01 15728733                   /lib/x86_64-linux-gnu/libnss_compat-2.19.so
7ff794323000-7ff794522000 ---p 00009000 08:01 15728733                   /lib/x86_64-linux-gnu/libnss_compat-2.19.so
7ff794522000-7ff794523000 r--p 00008000 08:01 15728733                   /lib/x86_64-linux-gnu/libnss_compat-2.19.so
7ff794523000-7ff794524000 rw-p 00009000 08:01 15728733                   /lib/x86_64-linux-gnu/libnss_compat-2.19.so
7ff794524000-7ff79454f000 r-xp 00000000 08:01 5768825                    /usr/lib/jvm/java-7-openjdk-amd64/jre/lib/amd64/libjava.so
7ff79454f000-7ff79474f000 ---p 0002b000 08:01 5768825                    /usr/lib/jvm/java-7-openjdk-amd64/jre/lib/amd64/libjava.so
7ff79474f000-7ff794750000 r--p 0002b000 08:01 5768825                    /usr/lib/jvm/java-7-openjdk-amd64/jre/lib/amd64/libjava.so
7ff794750000-7ff794752000 rw-p 0002c000 08:01 5768825                    /usr/lib/jvm/java-7-openjdk-amd64/jre/lib/amd64/libjava.so
7ff794752000-7ff794762000 r-xp 00000000 08:01 5768821                    /usr/lib/jvm/java-7-openjdk-amd64/jre/lib/amd64/libverify.so
7ff794762000-7ff794961000 ---p 00010000 08:01 5768821                    /usr/lib/jvm/java-7-openjdk-amd64/jre/lib/amd64/libverify.so
7ff794961000-7ff794963000 r--p 0000f000 08:01 5768821                    /usr/lib/jvm/java-7-openjdk-amd64/jre/lib/amd64/libverify.so
7ff794963000-7ff794964000 rw-p 00011000 08:01 5768821                    /usr/lib/jvm/java-7-openjdk-amd64/jre/lib/amd64/libverify.so
7ff794964000-7ff79496b000 r-xp 00000000 08:01 15728742                   /lib/x86_64-linux-gnu/librt-2.19.so
7ff79496b000-7ff794b6a000 ---p 00007000 08:01 15728742                   /lib/x86_64-linux-gnu/librt-2.19.so
7ff794b6a000-7ff794b6b000 r--p 00006000 08:01 15728742                   /lib/x86_64-linux-gnu/librt-2.19.so
7ff794b6b000-7ff794b6c000 rw-p 00007000 08:01 15728742                   /lib/x86_64-linux-gnu/librt-2.19.so
7ff794b6c000-7ff794b82000 r-xp 00000000 08:01 15732698                   /lib/x86_64-linux-gnu/libgcc_s.so.1
7ff794b82000-7ff794d81000 ---p 00016000 08:01 15732698                   /lib/x86_64-linux-gnu/libgcc_s.so.1
7ff794d81000-7ff794d82000 rw-p 00015000 08:01 15732698                   /lib/x86_64-linux-gnu/libgcc_s.so.1
7ff794d82000-7ff794e87000 r-xp 00000000 08:01 15728655                   /lib/x86_64-linux-gnu/libm-2.19.so
7ff794e87000-7ff795086000 ---p 00105000 08:01 15728655                   /lib/x86_64-linux-gnu/libm-2.19.so
7ff795086000-7ff795087000 r--p 00104000 08:01 15728655                   /lib/x86_64-linux-gnu/libm-2.19.so
7ff795087000-7ff795088000 rw-p 00105000 08:01 15728655                   /lib/x86_64-linux-gnu/libm-2.19.so
7ff795088000-7ff79516e000 r-xp 00000000 08:01 528136                     /usr/lib/x86_64-linux-gnu/libstdc++.so.6.0.19
7ff79516e000-7ff79536d000 ---p 000e6000 08:01 528136                     /usr/lib/x86_64-linux-gnu/libstdc++.so.6.0.19
7ff79536d000-7ff795375000 r--p 000e5000 08:01 528136                     /usr/lib/x86_64-linux-gnu/libstdc++.so.6.0.19
7ff795375000-7ff795377000 rw-p 000ed000 08:01 528136                     /usr/lib/x86_64-linux-gnu/libstdc++.so.6.0.19
7ff795377000-7ff79538c000 rw-p 00000000 00:00 0 
7ff79538c000-7ff795ea4000 r-xp 00000000 08:01 5768832                    /usr/lib/jvm/java-7-openjdk-amd64/jre/lib/amd64/server/libjvm.so
7ff795ea4000-7ff7960a4000 ---p 00b18000 08:01 5768832                    /usr/lib/jvm/java-7-openjdk-amd64/jre/lib/amd64/server/libjvm.so
7ff7960a4000-7ff79613e000 r--p 00b18000 08:01 5768832                    /usr/lib/jvm/java-7-openjdk-amd64/jre/lib/amd64/server/libjvm.so
7ff79613e000-7ff796161000 rw-p 00bb2000 08:01 5768832                    /usr/lib/jvm/java-7-openjdk-amd64/jre/lib/amd64/server/libjvm.so
7ff796161000-7ff79618f000 rw-p 00000000 00:00 0 
7ff79618f000-7ff7961a7000 r-xp 00000000 08:01 15732834                   /lib/x86_64-linux-gnu/libz.so.1.2.8
7ff7961a7000-7ff7963a6000 ---p 00018000 08:01 15732834                   /lib/x86_64-linux-gnu/libz.so.1.2.8
7ff7963a6000-7ff7963a7000 r--p 00017000 08:01 15732834                   /lib/x86_64-linux-gnu/libz.so.1.2.8
7ff7963a7000-7ff7963a8000 rw-p 00018000 08:01 15732834                   /lib/x86_64-linux-gnu/libz.so.1.2.8
7ff7963a8000-7ff7963c1000 r-xp 00000000 08:01 15728740                   /lib/x86_64-linux-gnu/libpthread-2.19.so
7ff7963c1000-7ff7965c0000 ---p 00019000 08:01 15728740                   /lib/x86_64-linux-gnu/libpthread-2.19.so
7ff7965c0000-7ff7965c1000 r--p 00018000 08:01 15728740                   /lib/x86_64-linux-gnu/libpthread-2.19.so
7ff7965c1000-7ff7965c2000 rw-p 00019000 08:01 15728740                   /lib/x86_64-linux-gnu/libpthread-2.19.so
7ff7965c2000-7ff7965c6000 rw-p 00000000 00:00 0 
7ff7965c6000-7ff7965c9000 r-xp 00000000 08:01 15728670                   /lib/x86_64-linux-gnu/libdl-2.19.so
7ff7965c9000-7ff7967c8000 ---p 00003000 08:01 15728670                   /lib/x86_64-linux-gnu/libdl-2.19.so
7ff7967c8000-7ff7967c9000 r--p 00002000 08:01 15728670                   /lib/x86_64-linux-gnu/libdl-2.19.so
7ff7967c9000-7ff7967ca000 rw-p 00003000 08:01 15728670                   /lib/x86_64-linux-gnu/libdl-2.19.so
7ff7967ca000-7ff796985000 r-xp 00000000 08:01 15728739                   /lib/x86_64-linux-gnu/libc-2.19.so
7ff796985000-7ff796b84000 ---p 001bb000 08:01 15728739                   /lib/x86_64-linux-gnu/libc-2.19.so
7ff796b84000-7ff796b88000 r--p 001ba000 08:01 15728739                   /lib/x86_64-linux-gnu/libc-2.19.so
7ff796b88000-7ff796b8a000 rw-p 001be000 08:01 15728739                   /lib/x86_64-linux-gnu/libc-2.19.so
7ff796b8a000-7ff796b8f000 rw-p 00000000 00:00 0 
7ff796b8f000-7ff796b9c000 r-xp 00000000 08:01 5768752                    /usr/lib/jvm/java-7-openjdk-amd64/jre/lib/amd64/jli/libjli.so
7ff796b9c000-7ff796d9b000 ---p 0000d000 08:01 5768752                    /usr/lib/jvm/java-7-openjdk-amd64/jre/lib/amd64/jli/libjli.so
7ff796d9b000-7ff796d9c000 r--p 0000c000 08:01 5768752                    /usr/lib/jvm/java-7-openjdk-amd64/jre/lib/amd64/jli/libjli.so
7ff796d9c000-7ff796d9d000 rw-p 0000d000 08:01 5768752                    /usr/lib/jvm/java-7-openjdk-amd64/jre/lib/amd64/jli/libjli.so
7ff796d9d000-7ff796dc0000 r-xp 00000000 08:01 15728736                   /lib/x86_64-linux-gnu/ld-2.19.so
7ff796dc0000-7ff796dc4000 r--s 0009a000 08:01 1994498                    /home/hannan/workspace/UCSDUnfoldingMaps/lib/core.jar
7ff796dc4000-7ff796dc6000 r--s 00006000 08:01 927253                     /usr/share/java/java-atk-wrapper.jar
7ff796dc6000-7ff796dc9000 r--s 0000f000 08:01 5768836                    /usr/lib/jvm/java-7-openjdk-amd64/jre/lib/ext/icedtea-sound.jar
7ff796dc9000-7ff796dcd000 r--s 0003c000 08:01 5768848                    /usr/lib/jvm/java-7-openjdk-amd64/jre/lib/ext/sunpkcs11.jar
7ff796dcd000-7ff796dd1000 r--s 00034000 08:01 5768852                    /usr/lib/jvm/java-7-openjdk-amd64/jre/lib/ext/sunjce_provider.jar
7ff796dd1000-7ff796dd4000 r--s 00086000 08:01 5768849                    /usr/lib/jvm/java-7-openjdk-amd64/jre/lib/ext/localedata.jar
7ff796dd4000-7ff796dd6000 r--s 00012000 08:01 5768854                    /usr/lib/jvm/java-7-openjdk-amd64/jre/lib/ext/zipfs.jar
7ff796dd6000-7ff796de0000 rw-p 00000000 00:00 0 
7ff796de0000-7ff796e96000 rw-p 00000000 00:00 0 
7ff796e96000-7ff796e99000 ---p 00000000 00:00 0 
7ff796e99000-7ff796f9c000 rw-p 00000000 00:00 0                          [stack:11093]
7ff796f9c000-7ff796f9d000 r--s 00002000 08:01 5768837                    /usr/lib/jvm/java-7-openjdk-amd64/jre/lib/ext/dnsns.jar
7ff796f9d000-7ff796fb3000 rw-p 00000000 00:00 0 
7ff796fb3000-7ff796fbb000 rw-s 00000000 08:01 12845841                   /tmp/hsperfdata_hannan/11088
7ff796fbb000-7ff796fbc000 rw-p 00000000 00:00 0 
7ff796fbc000-7ff796fbd000 r--p 00000000 00:00 0 
7ff796fbd000-7ff796fbf000 rw-p 00000000 00:00 0 
7ff796fbf000-7ff796fc0000 r--p 00022000 08:01 15728736                   /lib/x86_64-linux-gnu/ld-2.19.so
7ff796fc0000-7ff796fc1000 rw-p 00023000 08:01 15728736                   /lib/x86_64-linux-gnu/ld-2.19.so
7ff796fc1000-7ff796fc2000 rw-p 00000000 00:00 0 
7ffd060ef000-7ffd06110000 rw-p 00000000 00:00 0                          [stack]
7ffd06163000-7ffd06165000 r-xp 00000000 00:00 0                          [vdso]
7ffd06165000-7ffd06167000 r--p 00000000 00:00 0                          [vvar]
ffffffffff600000-ffffffffff601000 r-xp 00000000 00:00 0                  [vsyscall]

VM Arguments:
jvm_args: -Djava.security.policy=java.policy.applet -Dfile.encoding=UTF-8 
java_command: sun.applet.AppletViewer module1.HelloWorld1443389101866.html
Launcher Type: SUN_STANDARD

Environment Variables:
PATH=/usr/local/sbin:/usr/local/bin:/usr/sbin:/usr/bin:/sbin:/bin:/usr/games:/usr/local/games
SHELL=/bin/bash
DISPLAY=:0.0

Signal Handlers:
SIGSEGV: [libjvm.so+0x94b9a0], sa_mask[0]=0x7ffbfeff, sa_flags=0x10000004
SIGBUS: [libjvm.so+0x94b9a0], sa_mask[0]=0x7ffbfeff, sa_flags=0x10000004
SIGFPE: [libjvm.so+0x7c3880], sa_mask[0]=0x7ffbfeff, sa_flags=0x10000004
SIGPIPE: [libjvm.so+0x7c3880], sa_mask[0]=0x7ffbfeff, sa_flags=0x10000004
SIGXFSZ: [libjvm.so+0x7c3880], sa_mask[0]=0x7ffbfeff, sa_flags=0x10000004
SIGILL: [libjvm.so+0x7c3880], sa_mask[0]=0x7ffbfeff, sa_flags=0x10000004
SIGUSR1: SIG_DFL, sa_mask[0]=0x00000000, sa_flags=0x00000000
SIGUSR2: [libjvm.so+0x7c3720], sa_mask[0]=0x00000004, sa_flags=0x10000004
SIGHUP: [libjvm.so+0x7c3900], sa_mask[0]=0x7ffbfeff, sa_flags=0x10000004
SIGINT: [libjvm.so+0x7c3900], sa_mask[0]=0x7ffbfeff, sa_flags=0x10000004
SIGTERM: [libjvm.so+0x7c3900], sa_mask[0]=0x7ffbfeff, sa_flags=0x10000004
SIGQUIT: [libjvm.so+0x7c3900], sa_mask[0]=0x7ffbfeff, sa_flags=0x10000004
SIGTRAP: SIG_DFL, sa_mask[0]=0x00000000, sa_flags=0x00000000


---------------  S Y S T E M  ---------------

OS:Ubuntu 14.04 (trusty)
uname:Linux 3.16.0-44-generic #59~14.04.1-Ubuntu SMP Tue Jul 7 15:07:27 UTC 2015 x86_64
libc:glibc 2.19 NPTL 2.19 
rlimit: STACK 8192k, CORE 0k, NPROC 14587, NOFILE 4096, AS infinity
load average:1.67 1.24 1.17

/proc/meminfo:
MemTotal:        3755716 kB
MemFree:          351176 kB
MemAvailable:     749524 kB
Buffers:           10476 kB
Cached:           610740 kB
SwapCached:        24664 kB
Active:          2348416 kB
Inactive:         752396 kB
Active(anon):    2011096 kB
Inactive(anon):   587900 kB
Active(file):     337320 kB
Inactive(file):   164496 kB
Unevictable:          32 kB
Mlocked:              32 kB
SwapTotal:       3896316 kB
SwapFree:        3312636 kB
Dirty:               172 kB
Writeback:             0 kB
AnonPages:       2465436 kB
Mapped:           498280 kB
Shmem:            119400 kB
Slab:             172256 kB
SReclaimable:     130916 kB
SUnreclaim:        41340 kB
KernelStack:       11440 kB
PageTables:        60424 kB
NFS_Unstable:          0 kB
Bounce:                0 kB
WritebackTmp:          0 kB
CommitLimit:     5774172 kB
Committed_AS:    8420472 kB
VmallocTotal:   34359738367 kB
VmallocUsed:       43300 kB
VmallocChunk:   34359688356 kB
HardwareCorrupted:     0 kB
AnonHugePages:    858112 kB
HugePages_Total:       0
HugePages_Free:        0
HugePages_Rsvd:        0
HugePages_Surp:        0
Hugepagesize:       2048 kB
DirectMap4k:       53824 kB
DirectMap2M:     3844096 kB


CPU:total 2 (2 cores per cpu, 1 threads per core) family 6 model 15 stepping 11, cmov, cx8, fxsr, mmx, sse, sse2, sse3, ssse3, tsc

/proc/cpuinfo:
processor	: 0
vendor_id	: GenuineIntel
cpu family	: 6
model		: 15
model name	: Intel(R) Core(TM)2 Duo CPU     E6550  @ 2.33GHz
stepping	: 11
microcode	: 0xb6
cpu MHz		: 2333.000
cache size	: 4096 KB
physical id	: 0
siblings	: 2
core id		: 0
cpu cores	: 2
apicid		: 0
initial apicid	: 0
fpu		: yes
fpu_exception	: yes
cpuid level	: 10
wp		: yes
flags		: fpu vme de pse tsc msr pae mce cx8 apic sep mtrr pge mca cmov pat pse36 clflush dts acpi mmx fxsr sse sse2 ss ht tm pbe syscall nx lm constant_tsc arch_perfmon pebs bts rep_good nopl aperfmperf pni dtes64 monitor ds_cpl vmx smx est tm2 ssse3 cx16 xtpr pdcm lahf_lm dtherm tpr_shadow vnmi flexpriority
bogomips	: 4654.99
clflush size	: 64
cache_alignment	: 64
address sizes	: 36 bits physical, 48 bits virtual
power management:

processor	: 1
vendor_id	: GenuineIntel
cpu family	: 6
model		: 15
model name	: Intel(R) Core(TM)2 Duo CPU     E6550  @ 2.33GHz
stepping	: 11
microcode	: 0xb6
cpu MHz		: 2333.000
cache size	: 4096 KB
physical id	: 0
siblings	: 2
core id		: 1
cpu cores	: 2
apicid		: 1
initial apicid	: 1
fpu		: yes
fpu_exception	: yes
cpuid level	: 10
wp		: yes
flags		: fpu vme de pse tsc msr pae mce cx8 apic sep mtrr pge mca cmov pat pse36 clflush dts acpi mmx fxsr sse sse2 ss ht tm pbe syscall nx lm constant_tsc arch_perfmon pebs bts rep_good nopl aperfmperf pni dtes64 monitor ds_cpl vmx smx est tm2 ssse3 cx16 xtpr pdcm lahf_lm dtherm tpr_shadow vnmi flexpriority
bogomips	: 4654.99
clflush size	: 64
cache_alignment	: 64
address sizes	: 36 bits physical, 48 bits virtual
power management:



Memory: 4k page, physical 3755716k(351176k free), swap 3896316k(3312636k free)

vm_info: OpenJDK 64-Bit Server VM (24.79-b02) for linux-amd64 JRE (1.7.0_79-b14), built on Apr 16 2015 08:21:58 by "buildd" with gcc 4.8.2

time: Mon Sep 28 02:28:52 2015
elapsed time: 230 seconds

