#
# A fatal error has been detected by the Java Runtime Environment:
#
#  SIGSEGV (0xb) at pc=0x00007f6e7036f4d0, pid=12039, tid=140112719046400
#
# JRE version: OpenJDK Runtime Environment (7.0_79-b14) (build 1.7.0_79-b14)
# Java VM: OpenJDK 64-Bit Server VM (24.79-b02 mixed mode linux-amd64 compressed oops)
# Derivative: IcedTea 2.5.5
# Distribution: Ubuntu 14.04 LTS, package 7u79-2.5.5-0ubuntu0.14.04.2
# Problematic frame:
# C  [r600_dri.so+0x29a4d0]
#
# Failed to write core dump. Core dumps have been disabled. To enable core dumping, try "ulimit -c unlimited" before starting Java again
#
# If you would like to submit a bug report, please include
# instructions on how to reproduce the bug and visit:
#   http://icedtea.classpath.org/bugzilla
# The crash happened outside the Java Virtual Machine in native code.
# See problematic frame for where to report the bug.
#

---------------  T H R E A D  ---------------

Current thread (0x00007f6e80008000):  JavaThread "AWT-EventQueue-1" [_thread_in_native, id=12062, stack(0x00007f6e88c8e000,0x00007f6e88d8f000)]

siginfo:si_signo=SIGSEGV: si_errno=0, si_code=1 (SEGV_MAPERR), si_addr=0x0000000100000000

Registers:
RAX=0x00007f6e7036f4b0, RBX=0x00007f6e740ea280, RCX=0x0000000000000000, RDX=0x0000000000000001
RSP=0x00007f6e88d8c740, RBP=0x00007f6e80699380, RSI=0x00007f6e740ea360, RDI=0x0000000100000000
R8 =0x0000000000000000, R9 =0x00007f6e7bdb39c0, R10=0x00007f6eb90127cc, R11=0x00007f6ec490f2c0
R12=0x0000000000000001, R13=0x0000000000000000, R14=0x00007f6e80608020, R15=0x0000000000000000
RIP=0x00007f6e7036f4d0, EFLAGS=0x0000000000010206, CSGSFS=0x0000000000000033, ERR=0x0000000000000004
  TRAPNO=0x000000000000000e

Top of Stack: (sp=0x00007f6e88d8c740)
0x00007f6e88d8c740:   00007f6e88d8c768 00007f6e88d8c7c0
0x00007f6e88d8c750:   00007f6eb9006175 00007f6e740ea280
0x00007f6e88d8c760:   00007f6e80699380 00007f6e80693c20
0x00007f6e88d8c770:   0000000000000000 00007f6e80608020
0x00007f6e88d8c780:   0000000000000000 00007f6e7bdb3a4e
0x00007f6e88d8c790:   00007f6e88d8c7c8 00007f6e7bffe640
0x00007f6e88d8c7a0:   00007f6e8067ac10 00007f6e00000000
0x00007f6e88d8c7b0:   0000000000000000 0000000000000000
0x00007f6e88d8c7c0:   00007f6e88d8c820 00007f6e740ea280
0x00007f6e88d8c7d0:   000000000640002e 00000000bd434370
0x00007f6e88d8c7e0:   00007f6e88d8c850 0000000000000000
0x00007f6e88d8c7f0:   00000000bd434370 00007f6e88d8c920
0x00007f6e88d8c800:   00007f6e80008000 00007f6e7a6f2849
0x00007f6e88d8c810:   0000000000000000 00007f6e7bd8c9b0
0x00007f6e88d8c820:   000000000640002e 00007f6e8067ac10
0x00007f6e88d8c830:   00007f6e88d8c8e8 00007f6e800081d8
0x00007f6e88d8c840:   00000000ece4a560 00007f6e7bd8c9b0
0x00007f6e88d8c850:   00007f6e88d8c8d8 00007f6eb90127f8
0x00007f6e88d8c860:   00000000bd5731e0 0000000000000000
0x00007f6e88d8c870:   00000000bd5725c0 0000000000000000
0x00007f6e88d8c880:   00007f6e88d8c898 00007f6e88d8c8e8
0x00007f6e88d8c890:   00007f6e88d8c890 00007f6e88d8c898
0x00007f6e88d8c8a0:   0000000000000000 00007f6e88d8c920
0x00007f6e88d8c8b0:   00000000bd4362e8 0000000000000000
0x00007f6e88d8c8c0:   00000000bd434370 0000000000000000
0x00007f6e88d8c8d0:   00007f6e88d8c8f8 00007f6e88d8c968
0x00007f6e88d8c8e0:   00007f6eb9006058 00000000c71f8968
0x00007f6e88d8c8f0:   00007f6eb900ecd8 00007f6e7bd8c9b0
0x00007f6e88d8c900:   00000000bd447b40 000000000640002e
0x00007f6e88d8c910:   00000000bd418e30 00007f6e8067ac10
0x00007f6e88d8c920:   00000000c71f8c90 00007f6e88d8c928
0x00007f6e88d8c930:   00000000bd4342a1 00007f6e88d8c9a0 

Instructions: (pc=0x00007f6e7036f4d0)
0x00007f6e7036f4b0:   48 85 ff 0f 84 50 01 00 00 41 57 41 56 41 55 41
0x00007f6e7036f4c0:   89 cd 41 54 41 89 d4 55 53 48 83 ec 18 48 85 f6
0x00007f6e7036f4d0:   48 8b 2f 0f 84 5b 02 00 00 48 85 ed 48 8b 1e 0f
0x00007f6e7036f4e0:   84 16 01 00 00 48 85 db 0f 84 52 02 00 00 80 bb 

Register to memory mapping:

RAX=0x00007f6e7036f4b0: <offset 0x29a4b0> in /usr/lib/x86_64-linux-gnu/dri/r600_dri.so at 0x00007f6e700d5000
RBX=0x00007f6e740ea280 is an unknown value
RCX=0x0000000000000000 is an unknown value
RDX=0x0000000000000001 is an unknown value
RSP=0x00007f6e88d8c740 is pointing into the stack for thread: 0x00007f6e80008000
RBP=0x00007f6e80699380 is an unknown value
RSI=0x00007f6e740ea360 is an unknown value
RDI=0x0000000100000000 is an unknown value
R8 =0x0000000000000000 is an unknown value
R9 =0x00007f6e7bdb39c0: <offset 0x439c0> in /usr/lib/x86_64-linux-gnu/mesa/libGL.so.1 at 0x00007f6e7bd70000
R10=0x00007f6eb90127cc is at code_begin+620 in an Interpreter codelet
method entry point (kind = native)  [0x00007f6eb9012560, 0x00007f6eb9012dc0]  2144 bytes
R11=0x00007f6ec490f2c0: <offset 0x85d2c0> in /usr/lib/jvm/java-7-openjdk-amd64/jre/lib/amd64/server/libjvm.so at 0x00007f6ec40b2000
R12=0x0000000000000001 is an unknown value
R13=0x0000000000000000 is an unknown value
R14=0x00007f6e80608020 is an unknown value
R15=0x0000000000000000 is an unknown value


Stack: [0x00007f6e88c8e000,0x00007f6e88d8f000],  sp=0x00007f6e88d8c740,  free space=1017k
Native frames: (J=compiled Java code, j=interpreted, Vv=VM code, C=native code)
C  [r600_dri.so+0x29a4d0]

Java frames: (J=compiled Java code, j=interpreted, Vv=VM code)
j  jogamp.opengl.x11.glx.GLX.dispatch_glXSwapBuffers0(JJJ)V+0
j  jogamp.opengl.x11.glx.GLX.glXSwapBuffers(JJ)V+41
j  jogamp.opengl.x11.glx.X11GLXDrawable.swapBuffersImpl(Z)V+17
j  jogamp.opengl.GLDrawableImpl.swapBuffers()V+67
j  javax.media.opengl.awt.GLCanvas$12.run()V+45
j  java.awt.event.InvocationEvent.dispatch()V+11
j  java.awt.EventQueue.dispatchEventImpl(Ljava/awt/AWTEvent;Ljava/lang/Object;)V+21
j  java.awt.EventQueue.access$300(Ljava/awt/EventQueue;Ljava/awt/AWTEvent;Ljava/lang/Object;)V+3
j  java.awt.EventQueue$3.run()Ljava/lang/Void;+12
j  java.awt.EventQueue$3.run()Ljava/lang/Object;+1
v  ~StubRoutines::call_stub
j  java.security.AccessController.doPrivileged(Ljava/security/PrivilegedAction;Ljava/security/AccessControlContext;)Ljava/lang/Object;+0
j  java.security.ProtectionDomain$1.doIntersectionPrivilege(Ljava/security/PrivilegedAction;Ljava/security/AccessControlContext;Ljava/security/AccessControlContext;)Ljava/lang/Object;+28
j  java.awt.EventQueue.dispatchEvent(Ljava/awt/AWTEvent;)V+46
j  java.awt.EventDispatchThread.pumpOneEventForFilters(I)V+245
j  java.awt.EventDispatchThread.pumpEventsForFilter(ILjava/awt/Conditional;Ljava/awt/EventFilter;)V+35
j  java.awt.EventDispatchThread.pumpEventsForHierarchy(ILjava/awt/Conditional;Ljava/awt/Component;)V+11
j  java.awt.EventDispatchThread.pumpEvents(ILjava/awt/Conditional;)V+4
j  java.awt.EventDispatchThread.pumpEvents(Ljava/awt/Conditional;)V+3
j  java.awt.EventDispatchThread.run()V+9
v  ~StubRoutines::call_stub

---------------  P R O C E S S  ---------------

Java Threads: ( => current thread )
  0x00007f6e74131000 JavaThread "Thread-88" [_thread_blocked, id=12179, stack(0x00007f6e6f4fe000,0x00007f6e6f5ff000)]
  0x00007f6e801a0000 JavaThread "Animation Thread-SharedResourceRunner" daemon [_thread_blocked, id=12072, stack(0x00007f6e88a8c000,0x00007f6e88b8d000)]
  0x00007f6e80091000 JavaThread "process reaper" daemon [_thread_blocked, id=12067, stack(0x00007f6eb804a000,0x00007f6eb8083000)]
=>0x00007f6e80008000 JavaThread "AWT-EventQueue-1" [_thread_in_native, id=12062, stack(0x00007f6e88c8e000,0x00007f6e88d8f000)]
  0x00007f6ebc00a800 JavaThread "DestroyJavaVM" [_thread_blocked, id=12044, stack(0x00007f6ec5bbc000,0x00007f6ec5cbd000)]
  0x00007f6ebc2c0800 JavaThread "AWT-EventQueue-0" [_thread_blocked, id=12060, stack(0x00007f6e891f6000,0x00007f6e892f7000)]
  0x00007f6ebc2bd000 JavaThread "AWT-Shutdown" [_thread_blocked, id=12059, stack(0x00007f6e892f7000,0x00007f6e893f8000)]
  0x00007f6ebc2b3800 JavaThread "thread applet-module1.HelloWorld.class" [_thread_blocked, id=12058, stack(0x00007f6e893f8000,0x00007f6e894f9000)]
  0x00007f6ebc2a1000 JavaThread "AWT-XAWT" daemon [_thread_blocked, id=12056, stack(0x00007f6e894f9000,0x00007f6e895fa000)]
  0x00007f6ebc27c000 JavaThread "Java2D Disposer" daemon [_thread_blocked, id=12055, stack(0x00007f6e89a0a000,0x00007f6e89b0b000)]
  0x00007f6ebc0ac000 JavaThread "Service Thread" daemon [_thread_blocked, id=12053, stack(0x00007f6eab318000,0x00007f6eab419000)]
  0x00007f6ebc0a9800 JavaThread "C2 CompilerThread1" daemon [_thread_blocked, id=12052, stack(0x00007f6eab419000,0x00007f6eab51a000)]
  0x00007f6ebc0a6800 JavaThread "C2 CompilerThread0" daemon [_thread_blocked, id=12051, stack(0x00007f6eab51a000,0x00007f6eab61b000)]
  0x00007f6ebc0a4800 JavaThread "Signal Dispatcher" daemon [_thread_blocked, id=12050, stack(0x00007f6eab61b000,0x00007f6eab71c000)]
  0x00007f6ebc077800 JavaThread "Finalizer" daemon [_thread_blocked, id=12049, stack(0x00007f6eabdfe000,0x00007f6eabeff000)]
  0x00007f6ebc075800 JavaThread "Reference Handler" daemon [_thread_blocked, id=12048, stack(0x00007f6eabeff000,0x00007f6eac000000)]

Other Threads:
  0x00007f6ebc071000 VMThread [stack: 0x00007f6eb80f3000,0x00007f6eb81f4000] [id=12047]
  0x00007f6ebc0b6800 WatcherThread [stack: 0x00007f6eab217000,0x00007f6eab318000] [id=12054]

VM state:not at safepoint (normal execution)

VM Mutex/Monitor currently owned by a thread: None

Heap
 PSYoungGen      total 117248K, used 3498K [0x00000000ece00000, 0x00000000f5600000, 0x0000000100000000)
  eden space 111616K, 3% used [0x00000000ece00000,0x00000000ed16a8c0,0x00000000f3b00000)
  from space 5632K, 0% used [0x00000000f4380000,0x00000000f4380000,0x00000000f4900000)
  to   space 13312K, 0% used [0x00000000f4900000,0x00000000f4900000,0x00000000f5600000)
 ParOldGen       total 55296K, used 31110K [0x00000000c6a00000, 0x00000000ca000000, 0x00000000ece00000)
  object space 55296K, 56% used [0x00000000c6a00000,0x00000000c8861ab0,0x00000000ca000000)
 PSPermGen       total 39936K, used 19813K [0x00000000bc400000, 0x00000000beb00000, 0x00000000c6a00000)
  object space 39936K, 49% used [0x00000000bc400000,0x00000000bd759520,0x00000000beb00000)

Card table byte_map: [0x00007f6ec25e6000,0x00007f6ec2805000] byte_map_base: 0x00007f6ec2004000

Polling page: 0x00007f6ec5ce2000

Code Cache  [0x00007f6eb9000000, 0x00007f6eb9270000, 0x00007f6ebc000000)
 total_blobs=1437 nmethods=543 adapters=848 free_code_cache=47193Kb largest_free_block=48280064

Compilation events (10 events):
Event: 37.178 Thread 0x00007f6ebc0a9800 nmethod 552 0x00007f6eb91ea590 code [0x00007f6eb91ea720, 0x00007f6eb91eaa68]
Event: 37.178 Thread 0x00007f6ebc0a9800  553             processing.opengl.PGL::updateShortBuffer (41 bytes)
Event: 37.184 Thread 0x00007f6ebc0a9800 nmethod 553 0x00007f6eb91ded50 code [0x00007f6eb91deee0, 0x00007f6eb91df1e8]
Event: 37.194 Thread 0x00007f6ebc0a6800 nmethod 542 0x00007f6eb91eec50 code [0x00007f6eb91ef1e0, 0x00007f6eb91f17a8]
Event: 37.268 Thread 0x00007f6ebc0a9800  554             javax.media.nativewindow.DefaultGraphicsConfiguration::getScreen (5 bytes)
Event: 37.268 Thread 0x00007f6ebc0a9800 nmethod 554 0x00007f6eb91e8c50 code [0x00007f6eb91e8d80, 0x00007f6eb91e8dd8]
Event: 37.832 Thread 0x00007f6ebc0a6800  556             java.nio.Buffer::checkIndex (24 bytes)
Event: 37.832 Thread 0x00007f6ebc0a6800 nmethod 556 0x00007f6eb91d7b10 code [0x00007f6eb91d7c40, 0x00007f6eb91d7cb8]
Event: 40.050 Thread 0x00007f6ebc0a9800  557             java.nio.FloatBuffer::put (9 bytes)
Event: 40.054 Thread 0x00007f6ebc0a9800 nmethod 557 0x00007f6eb91d3590 code [0x00007f6eb91d36e0, 0x00007f6eb91d3888]

GC Heap History (10 events):
Event: 7.711 GC heap before
{Heap before GC invocations=6 (full 0):
 PSYoungGen      total 65536K, used 65506K [0x00000000ece00000, 0x00000000f6100000, 0x0000000100000000)
  eden space 63488K, 100% used [0x00000000ece00000,0x00000000f0c00000,0x00000000f0c00000)
  from space 2048K, 98% used [0x00000000f0c00000,0x00000000f0df8890,0x00000000f0e00000)
  to   space 11776K, 0% used [0x00000000f5580000,0x00000000f5580000,0x00000000f6100000)
 ParOldGen       total 38912K, used 19987K [0x00000000c6a00000, 0x00000000c9000000, 0x00000000ece00000)
  object space 38912K, 51% used [0x00000000c6a00000,0x00000000c7d84e08,0x00000000c9000000)
 PSPermGen       total 21504K, used 19576K [0x00000000bc400000, 0x00000000bd900000, 0x00000000c6a00000)
  object space 21504K, 91% used [0x00000000bc400000,0x00000000bd71e098,0x00000000bd900000)
Event: 7.721 GC heap after
Heap after GC invocations=6 (full 0):
 PSYoungGen      total 138752K, used 7026K [0x00000000ece00000, 0x00000000f6100000, 0x0000000100000000)
  eden space 126976K, 0% used [0x00000000ece00000,0x00000000ece00000,0x00000000f4a00000)
  from space 11776K, 59% used [0x00000000f5580000,0x00000000f5c5c9d0,0x00000000f6100000)
  to   space 11776K, 0% used [0x00000000f4a00000,0x00000000f4a00000,0x00000000f5580000)
 ParOldGen       total 38912K, used 19987K [0x00000000c6a00000, 0x00000000c9000000, 0x00000000ece00000)
  object space 38912K, 51% used [0x00000000c6a00000,0x00000000c7d84e08,0x00000000c9000000)
 PSPermGen       total 21504K, used 19576K [0x00000000bc400000, 0x00000000bd900000, 0x00000000c6a00000)
  object space 21504K, 91% used [0x00000000bc400000,0x00000000bd71e098,0x00000000bd900000)
}
Event: 15.439 GC heap before
{Heap before GC invocations=7 (full 0):
 PSYoungGen      total 138752K, used 133901K [0x00000000ece00000, 0x00000000f6100000, 0x0000000100000000)
  eden space 126976K, 99% used [0x00000000ece00000,0x00000000f49e6c50,0x00000000f4a00000)
  from space 11776K, 59% used [0x00000000f5580000,0x00000000f5c5c9d0,0x00000000f6100000)
  to   space 11776K, 0% used [0x00000000f4a00000,0x00000000f4a00000,0x00000000f5580000)
 ParOldGen       total 38912K, used 19987K [0x00000000c6a00000, 0x00000000c9000000, 0x00000000ece00000)
  object space 38912K, 51% used [0x00000000c6a00000,0x00000000c7d84e08,0x00000000c9000000)
 PSPermGen       total 21504K, used 19652K [0x00000000bc400000, 0x00000000bd900000, 0x00000000c6a00000)
  object space 21504K, 91% used [0x00000000bc400000,0x00000000bd731048,0x00000000bd900000)
Event: 15.454 GC heap after
Heap after GC invocations=7 (full 0):
 PSYoungGen      total 133120K, used 11664K [0x00000000ece00000, 0x00000000f5f80000, 0x0000000100000000)
  eden space 121344K, 0% used [0x00000000ece00000,0x00000000ece00000,0x00000000f4480000)
  from space 11776K, 99% used [0x00000000f4a00000,0x00000000f5564310,0x00000000f5580000)
  to   space 10240K, 0% used [0x00000000f5580000,0x00000000f5580000,0x00000000f5f80000)
 ParOldGen       total 38912K, used 23357K [0x00000000c6a00000, 0x00000000c9000000, 0x00000000ece00000)
  object space 38912K, 60% used [0x00000000c6a00000,0x00000000c80cf708,0x00000000c9000000)
 PSPermGen       total 21504K, used 19652K [0x00000000bc400000, 0x00000000bd900000, 0x00000000c6a00000)
  object space 21504K, 91% used [0x00000000bc400000,0x00000000bd731048,0x00000000bd900000)
}
Event: 26.680 GC heap before
{Heap before GC invocations=8 (full 0):
 PSYoungGen      total 133120K, used 133008K [0x00000000ece00000, 0x00000000f5f80000, 0x0000000100000000)
  eden space 121344K, 100% used [0x00000000ece00000,0x00000000f4480000,0x00000000f4480000)
  from space 11776K, 99% used [0x00000000f4a00000,0x00000000f5564310,0x00000000f5580000)
  to   space 10240K, 0% used [0x00000000f5580000,0x00000000f5580000,0x00000000f5f80000)
 ParOldGen       total 38912K, used 23357K [0x00000000c6a00000, 0x00000000c9000000, 0x00000000ece00000)
  object space 38912K, 60% used [0x00000000c6a00000,0x00000000c80cf708,0x00000000c9000000)
 PSPermGen       total 21504K, used 19773K [0x00000000bc400000, 0x00000000bd900000, 0x00000000c6a00000)
  object space 21504K, 91% used [0x00000000bc400000,0x00000000bd74f6d0,0x00000000bd900000)
Event: 26.692 GC heap after
Heap after GC invocations=8 (full 0):
 PSYoungGen      total 126464K, used 10048K [0x00000000ece00000, 0x00000000f5f80000, 0x0000000100000000)
  eden space 116224K, 0% used [0x00000000ece00000,0x00000000ece00000,0x00000000f3f80000)
  from space 10240K, 98% used [0x00000000f5580000,0x00000000f5f50260,0x00000000f5f80000)
  to   space 14336K, 0% used [0x00000000f4380000,0x00000000f4380000,0x00000000f5180000)
 ParOldGen       total 38912K, used 27390K [0x00000000c6a00000, 0x00000000c9000000, 0x00000000ece00000)
  object space 38912K, 70% used [0x00000000c6a00000,0x00000000c84bf818,0x00000000c9000000)
 PSPermGen       total 21504K, used 19773K [0x00000000bc400000, 0x00000000bd900000, 0x00000000c6a00000)
  object space 21504K, 91% used [0x00000000bc400000,0x00000000bd74f6d0,0x00000000bd900000)
}
Event: 40.104 GC heap before
{Heap before GC invocations=9 (full 0):
 PSYoungGen      total 126464K, used 126272K [0x00000000ece00000, 0x00000000f5f80000, 0x0000000100000000)
  eden space 116224K, 100% used [0x00000000ece00000,0x00000000f3f80000,0x00000000f3f80000)
  from space 10240K, 98% used [0x00000000f5580000,0x00000000f5f50260,0x00000000f5f80000)
  to   space 14336K, 0% used [0x00000000f4380000,0x00000000f4380000,0x00000000f5180000)
 ParOldGen       total 38912K, used 27390K [0x00000000c6a00000, 0x00000000c9000000, 0x00000000ece00000)
  object space 38912K, 70% used [0x00000000c6a00000,0x00000000c84bf818,0x00000000c9000000)
 PSPermGen       total 21504K, used 19813K [0x00000000bc400000, 0x00000000bd900000, 0x00000000c6a00000)
  object space 21504K, 92% used [0x00000000bc400000,0x00000000bd7594e8,0x00000000bd900000)
Event: 40.113 GC heap after
Heap after GC invocations=9 (full 0):
 PSYoungGen      total 117248K, used 5600K [0x00000000ece00000, 0x00000000f5600000, 0x0000000100000000)
  eden space 111616K, 0% used [0x00000000ece00000,0x00000000ece00000,0x00000000f3b00000)
  from space 5632K, 99% used [0x00000000f4380000,0x00000000f48f8150,0x00000000f4900000)
  to   space 13312K, 0% used [0x00000000f4900000,0x00000000f4900000,0x00000000f5600000)
 ParOldGen       total 38912K, used 31806K [0x00000000c6a00000, 0x00000000c9000000, 0x00000000ece00000)
  object space 38912K, 81% used [0x00000000c6a00000,0x00000000c890f928,0x00000000c9000000)
 PSPermGen       total 21504K, used 19813K [0x00000000bc400000, 0x00000000bd900000, 0x00000000c6a00000)
  object space 21504K, 92% used [0x00000000bc400000,0x00000000bd7594e8,0x00000000bd900000)
}
Event: 40.113 GC heap before
{Heap before GC invocations=10 (full 1):
 PSYoungGen      total 117248K, used 5600K [0x00000000ece00000, 0x00000000f5600000, 0x0000000100000000)
  eden space 111616K, 0% used [0x00000000ece00000,0x00000000ece00000,0x00000000f3b00000)
  from space 5632K, 99% used [0x00000000f4380000,0x00000000f48f8150,0x00000000f4900000)
  to   space 13312K, 0% used [0x00000000f4900000,0x00000000f4900000,0x00000000f5600000)
 ParOldGen       total 38912K, used 31806K [0x00000000c6a00000, 0x00000000c9000000, 0x00000000ece00000)
  object space 38912K, 81% used [0x00000000c6a00000,0x00000000c890f928,0x00000000c9000000)
 PSPermGen       total 21504K, used 19813K [0x00000000bc400000, 0x00000000bd900000, 0x00000000c6a00000)
  object space 21504K, 92% used [0x00000000bc400000,0x00000000bd7594e8,0x00000000bd900000)
Event: 40.228 GC heap after
Heap after GC invocations=10 (full 1):
 PSYoungGen      total 117248K, used 0K [0x00000000ece00000, 0x00000000f5600000, 0x0000000100000000)
  eden space 111616K, 0% used [0x00000000ece00000,0x00000000ece00000,0x00000000f3b00000)
  from space 5632K, 0% used [0x00000000f4380000,0x00000000f4380000,0x00000000f4900000)
  to   space 13312K, 0% used [0x00000000f4900000,0x00000000f4900000,0x00000000f5600000)
 ParOldGen       total 55296K, used 31110K [0x00000000c6a00000, 0x00000000ca000000, 0x00000000ece00000)
  object space 55296K, 56% used [0x00000000c6a00000,0x00000000c8861ab0,0x00000000ca000000)
 PSPermGen       total 39936K, used 19808K [0x00000000bc400000, 0x00000000beb00000, 0x00000000c6a00000)
  object space 39936K, 49% used [0x00000000bc400000,0x00000000bd758258,0x00000000beb00000)
}

Deoptimization events (10 events):
Event: 3.244 Thread 0x00007f6e8c008800 Uncommon trap: reason=range_check action=make_not_entrant pc=0x00007f6eb9121598 method=java.awt.image.DirectColorModel.getsRGBComponentFromsRGB(II)I @ 6
Event: 3.247 Thread 0x00007f6e8c008800 Uncommon trap: reason=range_check action=make_not_entrant pc=0x00007f6eb90650cc method=java.awt.image.DirectColorModel.getsRGBComponentFromsRGB(II)I @ 6
Event: 3.266 Thread 0x00007f6e8c008800 Uncommon trap: reason=range_check action=make_not_entrant pc=0x00007f6eb911860c method=java.awt.image.DirectColorModel.getsRGBComponentFromsRGB(II)I @ 6
Event: 7.125 Thread 0x00007f6e80008000 Uncommon trap: reason=predicate action=maybe_recompile pc=0x00007f6eb917ed7c method=java.util.Arrays.fill([Ljava/lang/Object;IILjava/lang/Object;)V @ 16
Event: 7.508 Thread 0x00007f6e80008000 Uncommon trap: reason=array_check action=maybe_recompile pc=0x00007f6eb917fea4 method=java.util.Arrays.fill([Ljava/lang/Object;IILjava/lang/Object;)V @ 20
Event: 7.508 Thread 0x00007f6e80008000 Uncommon trap: reason=array_check action=maybe_recompile pc=0x00007f6eb917fea4 method=java.util.Arrays.fill([Ljava/lang/Object;IILjava/lang/Object;)V @ 20
Event: 7.509 Thread 0x00007f6e80008000 Uncommon trap: reason=array_check action=maybe_recompile pc=0x00007f6eb917fea4 method=java.util.Arrays.fill([Ljava/lang/Object;IILjava/lang/Object;)V @ 20
Event: 7.510 Thread 0x00007f6e80008000 Uncommon trap: reason=array_check action=maybe_recompile pc=0x00007f6eb917fea4 method=java.util.Arrays.fill([Ljava/lang/Object;IILjava/lang/Object;)V @ 20
Event: 12.260 Thread 0x00007f6e80008000 Uncommon trap: reason=unreached action=reinterpret pc=0x00007f6eb918ced4 method=processing.opengl.PGraphicsOpenGL$Tessellator.setLastTexIndex(II)V @ 15
Event: 40.233 Thread 0x00007f6ebc2b3800 Uncommon trap: reason=unreached action=reinterpret pc=0x00007f6eb91a2e5c method=java.security.AccessControlContext.optimize()Ljava/security/AccessControlContext; @ 129

Internal exceptions (10 events):
Event: 1.978 Thread 0x00007f6e80008000 Threw 0x00000000ed6713d0 at /build/buildd/openjdk-7-7u79-2.5.5/build/openjdk/hotspot/src/share/vm/prims/jvm.cpp:1284
Event: 2.070 Thread 0x00007f6e80008000 Threw 0x00000000ed6f4c30 at /build/buildd/openjdk-7-7u79-2.5.5/build/openjdk/hotspot/src/share/vm/prims/jvm.cpp:1284
Event: 2.412 Thread 0x00007f6e80008000 Threw 0x00000000ed9cbfc0 at /build/buildd/openjdk-7-7u79-2.5.5/build/openjdk/hotspot/src/share/vm/runtime/reflection.cpp:1030
Event: 2.413 Thread 0x00007f6e80008000 Threw 0x00000000ed9cc280 at /build/buildd/openjdk-7-7u79-2.5.5/build/openjdk/hotspot/src/share/vm/runtime/reflection.cpp:1030
Event: 2.459 Thread 0x00007f6e80008000 Threw 0x00000000edbf62c8 at /build/buildd/openjdk-7-7u79-2.5.5/build/openjdk/hotspot/src/share/vm/runtime/reflection.cpp:1030
Event: 2.459 Thread 0x00007f6e80008000 Threw 0x00000000edbf6588 at /build/buildd/openjdk-7-7u79-2.5.5/build/openjdk/hotspot/src/share/vm/runtime/reflection.cpp:1030
Event: 2.500 Thread 0x00007f6e80008000 Threw 0x00000000edcb66c0 at /build/buildd/openjdk-7-7u79-2.5.5/build/openjdk/hotspot/src/share/vm/runtime/reflection.cpp:1030
Event: 2.500 Thread 0x00007f6e80008000 Threw 0x00000000edcb6980 at /build/buildd/openjdk-7-7u79-2.5.5/build/openjdk/hotspot/src/share/vm/runtime/reflection.cpp:1030
Event: 2.529 Thread 0x00007f6e80008000 Threw 0x00000000edd78e38 at /build/buildd/openjdk-7-7u79-2.5.5/build/openjdk/hotspot/src/share/vm/runtime/reflection.cpp:1030
Event: 40.233 Thread 0x00007f6ebc2b3800 Implicit null exception at 0x00007f6eb91a29b4 to 0x00007f6eb91a2e45

Events (10 events):
Event: 40.103 loading class 0x00007f6ebc0af3a0
Event: 40.103 loading class 0x00007f6ebc0af3a0 done
Event: 40.104 Thread 0x00007f6e74131000 Thread added: 0x00007f6e74131000
Event: 40.104 Executing VM operation: ParallelGCFailedAllocation
Event: 40.228 Executing VM operation: ParallelGCFailedAllocation done
Event: 40.229 loading class 0x00007f6e9402c2e0
Event: 40.229 loading class 0x00007f6e9402c2e0 done
Event: 40.233 Thread 0x00007f6ebc2b3800 Uncommon trap: trap_request=0xffffffad fr.pc=0x00007f6eb91a2e5c
Event: 40.233 Thread 0x00007f6ebc2b3800 DEOPT PACKING pc=0x00007f6eb91a2e5c sp=0x00007f6e894f7290
Event: 40.233 Thread 0x00007f6ebc2b3800 DEOPT UNPACKING pc=0x00007f6eb9039045 sp=0x00007f6e894f7240 mode 2


Dynamic libraries:
00400000-00401000 r-xp 00000000 08:01 1861178                            /usr/lib/jvm/java-7-openjdk-amd64/jre/bin/java
00600000-00601000 r--p 00000000 08:01 1861178                            /usr/lib/jvm/java-7-openjdk-amd64/jre/bin/java
00601000-00602000 rw-p 00001000 08:01 1861178                            /usr/lib/jvm/java-7-openjdk-amd64/jre/bin/java
0188b000-01949000 rw-p 00000000 00:00 0                                  [heap]
bc400000-beb00000 rw-p 00000000 00:00 0 
beb00000-c6a00000 rw-p 00000000 00:00 0 
c6a00000-ca000000 rw-p 00000000 00:00 0 
ca000000-ece00000 rw-p 00000000 00:00 0 
ece00000-f5600000 rw-p 00000000 00:00 0 
f5600000-f6100000 ---p 00000000 00:00 0 
f6100000-100000000 rw-p 00000000 00:00 0 
7f6e6dce8000-7f6e6dceb000 ---p 00000000 00:00 0 
7f6e6dceb000-7f6e6dde9000 rw-p 00000000 00:00 0 
7f6e6dde9000-7f6e6dee9000 rw-s 1319e4000 00:05 1913                      /dev/dri/card0
7f6e6dee9000-7f6e6df2c000 r-xp 00000000 08:01 532670                     /usr/lib/x86_64-linux-gnu/libjpeg.so.8.0.2
7f6e6df2c000-7f6e6e12c000 ---p 00043000 08:01 532670                     /usr/lib/x86_64-linux-gnu/libjpeg.so.8.0.2
7f6e6e12c000-7f6e6e12d000 r--p 00043000 08:01 532670                     /usr/lib/x86_64-linux-gnu/libjpeg.so.8.0.2
7f6e6e12d000-7f6e6e12e000 rw-p 00044000 08:01 532670                     /usr/lib/x86_64-linux-gnu/libjpeg.so.8.0.2
7f6e6e12e000-7f6e6e13e000 rw-p 00000000 00:00 0 
7f6e6e15f000-7f6e6e169000 r-xp 00000000 08:01 5768782                    /usr/lib/jvm/java-7-openjdk-amd64/jre/lib/amd64/libjavajpeg.so
7f6e6e169000-7f6e6e368000 ---p 0000a000 08:01 5768782                    /usr/lib/jvm/java-7-openjdk-amd64/jre/lib/amd64/libjavajpeg.so
7f6e6e368000-7f6e6e369000 r--p 00009000 08:01 5768782                    /usr/lib/jvm/java-7-openjdk-amd64/jre/lib/amd64/libjavajpeg.so
7f6e6e369000-7f6e6e36a000 rw-p 0000a000 08:01 5768782                    /usr/lib/jvm/java-7-openjdk-amd64/jre/lib/amd64/libjavajpeg.so
7f6e6e36a000-7f6e6e36d000 ---p 00000000 00:00 0 
7f6e6e36d000-7f6e6e46b000 rw-p 00000000 00:00 0 
7f6e6e46b000-7f6e6e46e000 ---p 00000000 00:00 0 
7f6e6e46e000-7f6e6e56c000 rw-p 00000000 00:00 0 
7f6e6e56c000-7f6e6e56f000 ---p 00000000 00:00 0 
7f6e6e56f000-7f6e6e66d000 rw-p 00000000 00:00 0 
7f6e6e66d000-7f6e6e670000 ---p 00000000 00:00 0 
7f6e6e670000-7f6e6e76e000 rw-p 00000000 00:00 0 
7f6e6e76e000-7f6e6e771000 ---p 00000000 00:00 0 
7f6e6e771000-7f6e6e86f000 rw-p 00000000 00:00 0 
7f6e6e86f000-7f6e6e874000 r-xp 00000000 08:01 15728669                   /lib/x86_64-linux-gnu/libnss_dns-2.19.so
7f6e6e874000-7f6e6ea73000 ---p 00005000 08:01 15728669                   /lib/x86_64-linux-gnu/libnss_dns-2.19.so
7f6e6ea73000-7f6e6ea74000 r--p 00004000 08:01 15728669                   /lib/x86_64-linux-gnu/libnss_dns-2.19.so
7f6e6ea74000-7f6e6ea75000 rw-p 00005000 08:01 15728669                   /lib/x86_64-linux-gnu/libnss_dns-2.19.so
7f6e6ea75000-7f6e6ea77000 r-xp 00000000 08:01 15732752                   /lib/x86_64-linux-gnu/libnss_mdns4_minimal.so.2
7f6e6ea77000-7f6e6ec76000 ---p 00002000 08:01 15732752                   /lib/x86_64-linux-gnu/libnss_mdns4_minimal.so.2
7f6e6ec76000-7f6e6ec77000 r--p 00001000 08:01 15732752                   /lib/x86_64-linux-gnu/libnss_mdns4_minimal.so.2
7f6e6ec77000-7f6e6ec78000 rw-p 00002000 08:01 15732752                   /lib/x86_64-linux-gnu/libnss_mdns4_minimal.so.2
7f6e6ec79000-7f6e6ec7a000 rw-s 11ab50000 00:05 1913                      /dev/dri/card0
7f6e6ec7a000-7f6e6ec7b000 rw-s 11ab4f000 00:05 1913                      /dev/dri/card0
7f6e6ec7b000-7f6e6ec7c000 rw-s 11ab4e000 00:05 1913                      /dev/dri/card0
7f6e6ec7c000-7f6e6ec7d000 rw-s 11ab4d000 00:05 1913                      /dev/dri/card0
7f6e6ec7d000-7f6e6ec7e000 rw-s 11ab4c000 00:05 1913                      /dev/dri/card0
7f6e6ec7f000-7f6e6ec80000 rw-s 11ab4a000 00:05 1913                      /dev/dri/card0
7f6e6ec81000-7f6e6ec82000 rw-s 11ab48000 00:05 1913                      /dev/dri/card0
7f6e6ec85000-7f6e6ec86000 rw-s 11ab44000 00:05 1913                      /dev/dri/card0
7f6e6ec89000-7f6e6ec8a000 rw-s 11ab40000 00:05 1913                      /dev/dri/card0
7f6e6ec8a000-7f6e6ec8b000 rw-s 11ab3f000 00:05 1913                      /dev/dri/card0
7f6e6ec8b000-7f6e6ec8c000 rw-s 11ab3e000 00:05 1913                      /dev/dri/card0
7f6e6ec8d000-7f6e6ec8e000 rw-s 132446000 00:05 1913                      /dev/dri/card0
7f6e6ec8f000-7f6e6ec90000 rw-s 132444000 00:05 1913                      /dev/dri/card0
7f6e6ec93000-7f6e6ec94000 rw-s 13243b000 00:05 1913                      /dev/dri/card0
7f6e6ec94000-7f6e6ec95000 rw-s 11aa7d000 00:05 1913                      /dev/dri/card0
7f6e6ec95000-7f6e6ec96000 rw-s 11aa7c000 00:05 1913                      /dev/dri/card0
7f6e6ec99000-7f6e6ec9c000 ---p 00000000 00:00 0 
7f6e6ec9c000-7f6e6ed9a000 rw-p 00000000 00:00 0 
7f6e6ed9a000-7f6e6ed9d000 ---p 00000000 00:00 0 
7f6e6ed9d000-7f6e6ee9b000 rw-p 00000000 00:00 0 
7f6e6ee9b000-7f6e6ee9e000 ---p 00000000 00:00 0 
7f6e6ee9e000-7f6e6ef9c000 rw-p 00000000 00:00 0 
7f6e6f0dc000-7f6e6f0df000 ---p 00000000 00:00 0 
7f6e6f0df000-7f6e6f1dd000 rw-p 00000000 00:00 0 
7f6e6f21d000-7f6e6f3f2000 rw-p 00000000 00:00 0 
7f6e6f3fd000-7f6e6f400000 ---p 00000000 00:00 0 
7f6e6f400000-7f6e6f4fe000 rw-p 00000000 00:00 0 
7f6e6f4fe000-7f6e6f501000 ---p 00000000 00:00 0 
7f6e6f501000-7f6e6f7d4000 rw-p 00000000 00:00 0                          [stack:12179]
7f6e6f7d4000-7f6e6f8d4000 rw-s 13163b000 00:05 1913                      /dev/dri/card0
7f6e6f8d4000-7f6e6f8d5000 ---p 00000000 00:00 0 
7f6e6f8d5000-7f6e700d5000 rw-p 00000000 00:00 0                          [stack:12074]
7f6e700d5000-7f6e7081b000 r-xp 00000000 08:01 918024                     /usr/lib/x86_64-linux-gnu/dri/r600_dri.so
7f6e7081b000-7f6e70a1a000 ---p 00746000 08:01 918024                     /usr/lib/x86_64-linux-gnu/dri/r600_dri.so
7f6e70a1a000-7f6e70a6d000 r--p 00745000 08:01 918024                     /usr/lib/x86_64-linux-gnu/dri/r600_dri.so
7f6e70a6d000-7f6e70a79000 rw-p 00798000 08:01 918024                     /usr/lib/x86_64-linux-gnu/dri/r600_dri.so
7f6e70a79000-7f6e70c61000 rw-p 00000000 00:00 0 
7f6e70c61000-7f6e70c63000 r-xp 00000000 08:01 532093                     /usr/lib/x86_64-linux-gnu/libXinerama.so.1.0.0
7f6e70c63000-7f6e70e62000 ---p 00002000 08:01 532093                     /usr/lib/x86_64-linux-gnu/libXinerama.so.1.0.0
7f6e70e62000-7f6e70e63000 r--p 00001000 08:01 532093                     /usr/lib/x86_64-linux-gnu/libXinerama.so.1.0.0
7f6e70e63000-7f6e70e64000 rw-p 00002000 08:01 532093                     /usr/lib/x86_64-linux-gnu/libXinerama.so.1.0.0
7f6e70e64000-7f6e70e9b000 r-xp 00000000 08:01 533016                     /usr/lib/x86_64-linux-gnu/libtxc_dxtn_s2tc.so.0.0.0
7f6e70e9b000-7f6e7109a000 ---p 00037000 08:01 533016                     /usr/lib/x86_64-linux-gnu/libtxc_dxtn_s2tc.so.0.0.0
7f6e7109a000-7f6e7109b000 r--p 00036000 08:01 533016                     /usr/lib/x86_64-linux-gnu/libtxc_dxtn_s2tc.so.0.0.0
7f6e7109b000-7f6e7109c000 rw-p 00037000 08:01 533016                     /usr/lib/x86_64-linux-gnu/libtxc_dxtn_s2tc.so.0.0.0
7f6e7109c000-7f6e7109d000 ---p 00000000 00:00 0 
7f6e7109d000-7f6e7189d000 rw-p 00000000 00:00 0                          [stack:12073]
7f6e7189d000-7f6e718a5000 r-xp 00000000 08:01 15732733                   /lib/x86_64-linux-gnu/libnih-dbus.so.1.0.0
7f6e718a5000-7f6e71aa5000 ---p 00008000 08:01 15732733                   /lib/x86_64-linux-gnu/libnih-dbus.so.1.0.0
7f6e71aa5000-7f6e71aa6000 r--p 00008000 08:01 15732733                   /lib/x86_64-linux-gnu/libnih-dbus.so.1.0.0
7f6e71aa6000-7f6e71aa7000 rw-p 00009000 08:01 15732733                   /lib/x86_64-linux-gnu/libnih-dbus.so.1.0.0
7f6e71aa7000-7f6e71abe000 r-xp 00000000 08:01 15732735                   /lib/x86_64-linux-gnu/libnih.so.1.0.0
7f6e71abe000-7f6e71cbd000 ---p 00017000 08:01 15732735                   /lib/x86_64-linux-gnu/libnih.so.1.0.0
7f6e71cbd000-7f6e71cbe000 r--p 00016000 08:01 15732735                   /lib/x86_64-linux-gnu/libnih.so.1.0.0
7f6e71cbe000-7f6e71cbf000 rw-p 00017000 08:01 15732735                   /lib/x86_64-linux-gnu/libnih.so.1.0.0
7f6e71cbf000-7f6e71cd8000 r-xp 00000000 08:01 15732676                   /lib/x86_64-linux-gnu/libcgmanager.so.0.0.0
7f6e71cd8000-7f6e71ed7000 ---p 00019000 08:01 15732676                   /lib/x86_64-linux-gnu/libcgmanager.so.0.0.0
7f6e71ed7000-7f6e71ed9000 r--p 00018000 08:01 15732676                   /lib/x86_64-linux-gnu/libcgmanager.so.0.0.0
7f6e71ed9000-7f6e71eda000 rw-p 0001a000 08:01 15732676                   /lib/x86_64-linux-gnu/libcgmanager.so.0.0.0
7f6e71eda000-7f6e71eea000 r-xp 00000000 08:01 15728930                   /lib/x86_64-linux-gnu/libudev.so.1.3.5
7f6e71eea000-7f6e720e9000 ---p 00010000 08:01 15728930                   /lib/x86_64-linux-gnu/libudev.so.1.3.5
7f6e720e9000-7f6e720ea000 r--p 0000f000 08:01 15728930                   /lib/x86_64-linux-gnu/libudev.so.1.3.5
7f6e720ea000-7f6e720eb000 rw-p 00010000 08:01 15728930                   /lib/x86_64-linux-gnu/libudev.so.1.3.5
7f6e720eb000-7f6e72110000 r-xp 00000000 08:01 15732817                   /lib/x86_64-linux-gnu/libtinfo.so.5.9
7f6e72110000-7f6e7230f000 ---p 00025000 08:01 15732817                   /lib/x86_64-linux-gnu/libtinfo.so.5.9
7f6e7230f000-7f6e72313000 r--p 00024000 08:01 15732817                   /lib/x86_64-linux-gnu/libtinfo.so.5.9
7f6e72313000-7f6e72314000 rw-p 00028000 08:01 15732817                   /lib/x86_64-linux-gnu/libtinfo.so.5.9
7f6e72314000-7f6e73e1c000 r-xp 00000000 08:01 531941                     /usr/lib/x86_64-linux-gnu/libLLVM-3.5.so.1
7f6e73e1c000-7f6e73e1d000 ---p 01b08000 08:01 531941                     /usr/lib/x86_64-linux-gnu/libLLVM-3.5.so.1
7f6e73e1d000-7f6e73fe5000 r--p 01b08000 08:01 531941                     /usr/lib/x86_64-linux-gnu/libLLVM-3.5.so.1
7f6e73fe5000-7f6e73feb000 rw-p 01cd0000 08:01 531941                     /usr/lib/x86_64-linux-gnu/libLLVM-3.5.so.1
7f6e73feb000-7f6e74000000 rw-p 00000000 00:00 0 
7f6e74000000-7f6e75067000 rw-p 00000000 00:00 0 
7f6e75067000-7f6e78000000 ---p 00000000 00:00 0 
7f6e78002000-7f6e78003000 rw-s 131b5b000 00:05 1913                      /dev/dri/card0
7f6e78003000-7f6e78004000 rw-s 13194c000 00:05 1913                      /dev/dri/card0
7f6e78004000-7f6e78005000 rw-s 13194b000 00:05 1913                      /dev/dri/card0
7f6e78005000-7f6e78006000 rw-s 13194a000 00:05 1913                      /dev/dri/card0
7f6e780d6000-7f6e780d7000 rw-s 11aba8000 00:05 1913                      /dev/dri/card0
7f6e780d9000-7f6e780da000 rw-s 131b40000 00:05 1913                      /dev/dri/card0
7f6e780da000-7f6e780db000 rw-s 131949000 00:05 1913                      /dev/dri/card0
7f6e780df000-7f6e780e0000 rw-s 131b3e000 00:05 1913                      /dev/dri/card0
7f6e780e1000-7f6e780e2000 rw-s 131b3c000 00:05 1913                      /dev/dri/card0
7f6e780e2000-7f6e780e3000 rw-s 131b3b000 00:05 1913                      /dev/dri/card0
7f6e780e7000-7f6e780e8000 rw-s 11ad98000 00:05 1913                      /dev/dri/card0
7f6e780e8000-7f6e780e9000 rw-s 11ad97000 00:05 1913                      /dev/dri/card0
7f6e780e9000-7f6e780ea000 rw-s 11ad96000 00:05 1913                      /dev/dri/card0
7f6e780ea000-7f6e780eb000 rw-s 11ad95000 00:05 1913                      /dev/dri/card0
7f6e780eb000-7f6e780ec000 rw-s 11ad94000 00:05 1913                      /dev/dri/card0
7f6e780ec000-7f6e780ed000 rw-s 11ad93000 00:05 1913                      /dev/dri/card0
7f6e780ed000-7f6e780ee000 rw-s 11ad92000 00:05 1913                      /dev/dri/card0
7f6e7818a000-7f6e781b3000 r-xp 00000000 08:01 532322                     /usr/lib/x86_64-linux-gnu/libedit.so.2.0.47
7f6e781b3000-7f6e783b3000 ---p 00029000 08:01 532322                     /usr/lib/x86_64-linux-gnu/libedit.so.2.0.47
7f6e783b3000-7f6e783b5000 r--p 00029000 08:01 532322                     /usr/lib/x86_64-linux-gnu/libedit.so.2.0.47
7f6e783b5000-7f6e783b6000 rw-p 0002b000 08:01 532322                     /usr/lib/x86_64-linux-gnu/libedit.so.2.0.47
7f6e783b6000-7f6e783ba000 rw-p 00000000 00:00 0 
7f6e783ba000-7f6e783c6000 r-xp 00000000 08:01 530540                     /usr/lib/x86_64-linux-gnu/libdrm_radeon.so.1.0.1
7f6e783c6000-7f6e785c5000 ---p 0000c000 08:01 530540                     /usr/lib/x86_64-linux-gnu/libdrm_radeon.so.1.0.1
7f6e785c5000-7f6e785c6000 r--p 0000b000 08:01 530540                     /usr/lib/x86_64-linux-gnu/libdrm_radeon.so.1.0.1
7f6e785c6000-7f6e785c7000 rw-p 0000c000 08:01 530540                     /usr/lib/x86_64-linux-gnu/libdrm_radeon.so.1.0.1
7f6e785c7000-7f6e785dc000 r-xp 00000000 08:01 532323                     /usr/lib/x86_64-linux-gnu/libelf-0.158.so
7f6e785dc000-7f6e787db000 ---p 00015000 08:01 532323                     /usr/lib/x86_64-linux-gnu/libelf-0.158.so
7f6e787db000-7f6e787dc000 r--p 00014000 08:01 532323                     /usr/lib/x86_64-linux-gnu/libelf-0.158.so
7f6e787dc000-7f6e787dd000 rw-p 00015000 08:01 532323                     /usr/lib/x86_64-linux-gnu/libelf-0.158.so
7f6e787dd000-7f6e787e3000 r-xp 00000000 08:01 530538                     /usr/lib/x86_64-linux-gnu/libdrm_nouveau.so.2.0.0
7f6e787e3000-7f6e789e2000 ---p 00006000 08:01 530538                     /usr/lib/x86_64-linux-gnu/libdrm_nouveau.so.2.0.0
7f6e789e2000-7f6e789e3000 r--p 00005000 08:01 530538                     /usr/lib/x86_64-linux-gnu/libdrm_nouveau.so.2.0.0
7f6e789e3000-7f6e789e4000 rw-p 00006000 08:01 530538                     /usr/lib/x86_64-linux-gnu/libdrm_nouveau.so.2.0.0
7f6e789e4000-7f6e789eb000 r-xp 00000000 08:01 919135                     /usr/lib/x86_64-linux-gnu/mesa-egl/libOpenVG.so.1.0.0
7f6e789eb000-7f6e78bea000 ---p 00007000 08:01 919135                     /usr/lib/x86_64-linux-gnu/mesa-egl/libOpenVG.so.1.0.0
7f6e78bea000-7f6e78beb000 r--p 00006000 08:01 919135                     /usr/lib/x86_64-linux-gnu/mesa-egl/libOpenVG.so.1.0.0
7f6e78beb000-7f6e78bec000 rw-p 00007000 08:01 919135                     /usr/lib/x86_64-linux-gnu/mesa-egl/libOpenVG.so.1.0.0
7f6e78bec000-7f6e78bee000 rw-p 00000000 00:00 0 
7f6e78bee000-7f6e79376000 r-xp 00000000 08:01 918029                     /usr/lib/x86_64-linux-gnu/egl/egl_gallium.so
7f6e79376000-7f6e79576000 ---p 00788000 08:01 918029                     /usr/lib/x86_64-linux-gnu/egl/egl_gallium.so
7f6e79576000-7f6e795c9000 r--p 00788000 08:01 918029                     /usr/lib/x86_64-linux-gnu/egl/egl_gallium.so
7f6e795c9000-7f6e795d5000 rw-p 007db000 08:01 918029                     /usr/lib/x86_64-linux-gnu/egl/egl_gallium.so
7f6e795d5000-7f6e797bc000 rw-p 00000000 00:00 0 
7f6e797bc000-7f6e797c2000 r-xp 00000000 08:01 919133                     /usr/lib/x86_64-linux-gnu/mesa-egl/libGLESv2.so.2.0.0
7f6e797c2000-7f6e799c1000 ---p 00006000 08:01 919133                     /usr/lib/x86_64-linux-gnu/mesa-egl/libGLESv2.so.2.0.0
7f6e799c1000-7f6e799c2000 r--p 00005000 08:01 919133                     /usr/lib/x86_64-linux-gnu/mesa-egl/libGLESv2.so.2.0.0
7f6e799c2000-7f6e799c3000 rw-p 00006000 08:01 919133                     /usr/lib/x86_64-linux-gnu/mesa-egl/libGLESv2.so.2.0.0
7f6e799c3000-7f6e79a08000 r-xp 00000000 08:01 12845847                   /tmp/jogamp_0000/file_cache/jln1306402377687723902/jln166768679811185936/libjogl_mobile.so
7f6e79a08000-7f6e79c08000 ---p 00045000 08:01 12845847                   /tmp/jogamp_0000/file_cache/jln1306402377687723902/jln166768679811185936/libjogl_mobile.so
7f6e79c08000-7f6e79c09000 rw-p 00045000 08:01 12845847                   /tmp/jogamp_0000/file_cache/jln1306402377687723902/jln166768679811185936/libjogl_mobile.so
7f6e79c09000-7f6e79c15000 r-xp 00000000 08:01 532405                     /usr/lib/x86_64-linux-gnu/libgbm.so.1.0.0
7f6e79c15000-7f6e79e15000 ---p 0000c000 08:01 532405                     /usr/lib/x86_64-linux-gnu/libgbm.so.1.0.0
7f6e79e15000-7f6e79e16000 r--p 0000c000 08:01 532405                     /usr/lib/x86_64-linux-gnu/libgbm.so.1.0.0
7f6e79e16000-7f6e79e17000 rw-p 0000d000 08:01 532405                     /usr/lib/x86_64-linux-gnu/libgbm.so.1.0.0
7f6e79e17000-7f6e79e26000 r-xp 00000000 08:01 533084                     /usr/lib/x86_64-linux-gnu/libwayland-server.so.0.1.0
7f6e79e26000-7f6e7a025000 ---p 0000f000 08:01 533084                     /usr/lib/x86_64-linux-gnu/libwayland-server.so.0.1.0
7f6e7a025000-7f6e7a027000 r--p 0000e000 08:01 533084                     /usr/lib/x86_64-linux-gnu/libwayland-server.so.0.1.0
7f6e7a027000-7f6e7a028000 rw-p 00010000 08:01 533084                     /usr/lib/x86_64-linux-gnu/libwayland-server.so.0.1.0
7f6e7a028000-7f6e7a033000 r-xp 00000000 08:01 533078                     /usr/lib/x86_64-linux-gnu/libwayland-client.so.0.2.0
7f6e7a033000-7f6e7a232000 ---p 0000b000 08:01 533078                     /usr/lib/x86_64-linux-gnu/libwayland-client.so.0.2.0
7f6e7a232000-7f6e7a234000 r--p 0000a000 08:01 533078                     /usr/lib/x86_64-linux-gnu/libwayland-client.so.0.2.0
7f6e7a234000-7f6e7a235000 rw-p 0000c000 08:01 533078                     /usr/lib/x86_64-linux-gnu/libwayland-client.so.0.2.0
7f6e7a235000-7f6e7a23a000 r-xp 00000000 08:01 533134                     /usr/lib/x86_64-linux-gnu/libxcb-xfixes.so.0.0.0
7f6e7a23a000-7f6e7a43a000 ---p 00005000 08:01 533134                     /usr/lib/x86_64-linux-gnu/libxcb-xfixes.so.0.0.0
7f6e7a43a000-7f6e7a43b000 r--p 00005000 08:01 533134                     /usr/lib/x86_64-linux-gnu/libxcb-xfixes.so.0.0.0
7f6e7a43b000-7f6e7a43c000 rw-p 00006000 08:01 533134                     /usr/lib/x86_64-linux-gnu/libxcb-xfixes.so.0.0.0
7f6e7a43c000-7f6e7a463000 r-xp 00000000 08:01 919129                     /usr/lib/x86_64-linux-gnu/mesa-egl/libEGL.so.1.0.0
7f6e7a463000-7f6e7a663000 ---p 00027000 08:01 919129                     /usr/lib/x86_64-linux-gnu/mesa-egl/libEGL.so.1.0.0
7f6e7a663000-7f6e7a664000 r--p 00027000 08:01 919129                     /usr/lib/x86_64-linux-gnu/mesa-egl/libEGL.so.1.0.0
7f6e7a664000-7f6e7a665000 rw-p 00028000 08:01 919129                     /usr/lib/x86_64-linux-gnu/mesa-egl/libEGL.so.1.0.0
7f6e7a665000-7f6e7a666000 rw-p 00000000 00:00 0 
7f6e7a666000-7f6e7a70b000 r-xp 00000000 08:01 12845846                   /tmp/jogamp_0000/file_cache/jln1306402377687723902/jln166768679811185936/libjogl_desktop.so
7f6e7a70b000-7f6e7a90b000 ---p 000a5000 08:01 12845846                   /tmp/jogamp_0000/file_cache/jln1306402377687723902/jln166768679811185936/libjogl_desktop.so
7f6e7a90b000-7f6e7a90c000 rw-p 000a5000 08:01 12845846                   /tmp/jogamp_0000/file_cache/jln1306402377687723902/jln166768679811185936/libjogl_desktop.so
7f6e7a90c000-7f6e7a917000 r-xp 00000000 08:01 530534                     /usr/lib/x86_64-linux-gnu/libdrm.so.2.4.0
7f6e7a917000-7f6e7ab16000 ---p 0000b000 08:01 530534                     /usr/lib/x86_64-linux-gnu/libdrm.so.2.4.0
7f6e7ab16000-7f6e7ab17000 r--p 0000a000 08:01 530534                     /usr/lib/x86_64-linux-gnu/libdrm.so.2.4.0
7f6e7ab17000-7f6e7ab18000 rw-p 0000b000 08:01 530534                     /usr/lib/x86_64-linux-gnu/libdrm.so.2.4.0
7f6e7ab18000-7f6e7ab19000 r-xp 00000000 08:01 533148                     /usr/lib/x86_64-linux-gnu/libxshmfence.so.1.0.0
7f6e7ab19000-7f6e7ad18000 ---p 00001000 08:01 533148                     /usr/lib/x86_64-linux-gnu/libxshmfence.so.1.0.0
7f6e7ad18000-7f6e7ad19000 r--p 00000000 08:01 533148                     /usr/lib/x86_64-linux-gnu/libxshmfence.so.1.0.0
7f6e7ad19000-7f6e7ad1a000 rw-p 00001000 08:01 533148                     /usr/lib/x86_64-linux-gnu/libxshmfence.so.1.0.0
7f6e7ad1a000-7f6e7ad1f000 r-xp 00000000 08:01 533130                     /usr/lib/x86_64-linux-gnu/libxcb-sync.so.1.0.0
7f6e7ad1f000-7f6e7af1e000 ---p 00005000 08:01 533130                     /usr/lib/x86_64-linux-gnu/libxcb-sync.so.1.0.0
7f6e7af1e000-7f6e7af1f000 r--p 00004000 08:01 533130                     /usr/lib/x86_64-linux-gnu/libxcb-sync.so.1.0.0
7f6e7af1f000-7f6e7af20000 rw-p 00005000 08:01 533130                     /usr/lib/x86_64-linux-gnu/libxcb-sync.so.1.0.0
7f6e7af20000-7f6e7af22000 r-xp 00000000 08:01 533118                     /usr/lib/x86_64-linux-gnu/libxcb-present.so.0.0.0
7f6e7af22000-7f6e7b121000 ---p 00002000 08:01 533118                     /usr/lib/x86_64-linux-gnu/libxcb-present.so.0.0.0
7f6e7b121000-7f6e7b122000 r--p 00001000 08:01 533118                     /usr/lib/x86_64-linux-gnu/libxcb-present.so.0.0.0
7f6e7b122000-7f6e7b123000 rw-p 00002000 08:01 533118                     /usr/lib/x86_64-linux-gnu/libxcb-present.so.0.0.0
7f6e7b123000-7f6e7b125000 r-xp 00000000 08:01 533108                     /usr/lib/x86_64-linux-gnu/libxcb-dri3.so.0.0.0
7f6e7b125000-7f6e7b324000 ---p 00002000 08:01 533108                     /usr/lib/x86_64-linux-gnu/libxcb-dri3.so.0.0.0
7f6e7b324000-7f6e7b325000 r--p 00001000 08:01 533108                     /usr/lib/x86_64-linux-gnu/libxcb-dri3.so.0.0.0
7f6e7b325000-7f6e7b326000 rw-p 00002000 08:01 533108                     /usr/lib/x86_64-linux-gnu/libxcb-dri3.so.0.0.0
7f6e7b326000-7f6e7b329000 r-xp 00000000 08:01 533106                     /usr/lib/x86_64-linux-gnu/libxcb-dri2.so.0.0.0
7f6e7b329000-7f6e7b529000 ---p 00003000 08:01 533106                     /usr/lib/x86_64-linux-gnu/libxcb-dri2.so.0.0.0
7f6e7b529000-7f6e7b52a000 r--p 00003000 08:01 533106                     /usr/lib/x86_64-linux-gnu/libxcb-dri2.so.0.0.0
7f6e7b52a000-7f6e7b52b000 rw-p 00004000 08:01 533106                     /usr/lib/x86_64-linux-gnu/libxcb-dri2.so.0.0.0
7f6e7b52b000-7f6e7b540000 r-xp 00000000 08:01 533110                     /usr/lib/x86_64-linux-gnu/libxcb-glx.so.0.0.0
7f6e7b540000-7f6e7b73f000 ---p 00015000 08:01 533110                     /usr/lib/x86_64-linux-gnu/libxcb-glx.so.0.0.0
7f6e7b73f000-7f6e7b741000 r--p 00014000 08:01 533110                     /usr/lib/x86_64-linux-gnu/libxcb-glx.so.0.0.0
7f6e7b741000-7f6e7b742000 rw-p 00016000 08:01 533110                     /usr/lib/x86_64-linux-gnu/libxcb-glx.so.0.0.0
7f6e7b742000-7f6e7b743000 r-xp 00000000 08:01 532064                     /usr/lib/x86_64-linux-gnu/libX11-xcb.so.1.0.0
7f6e7b743000-7f6e7b942000 ---p 00001000 08:01 532064                     /usr/lib/x86_64-linux-gnu/libX11-xcb.so.1.0.0
7f6e7b942000-7f6e7b943000 r--p 00000000 08:01 532064                     /usr/lib/x86_64-linux-gnu/libX11-xcb.so.1.0.0
7f6e7b943000-7f6e7b944000 rw-p 00001000 08:01 532064                     /usr/lib/x86_64-linux-gnu/libX11-xcb.so.1.0.0
7f6e7b944000-7f6e7b946000 r-xp 00000000 08:01 532079                     /usr/lib/x86_64-linux-gnu/libXdamage.so.1.1.0
7f6e7b946000-7f6e7bb45000 ---p 00002000 08:01 532079                     /usr/lib/x86_64-linux-gnu/libXdamage.so.1.1.0
7f6e7bb45000-7f6e7bb46000 r--p 00001000 08:01 532079                     /usr/lib/x86_64-linux-gnu/libXdamage.so.1.1.0
7f6e7bb46000-7f6e7bb47000 rw-p 00002000 08:01 532079                     /usr/lib/x86_64-linux-gnu/libXdamage.so.1.1.0
7f6e7bb47000-7f6e7bb6b000 r-xp 00000000 08:01 532457                     /usr/lib/x86_64-linux-gnu/libglapi.so.0.0.0
7f6e7bb6b000-7f6e7bd6b000 ---p 00024000 08:01 532457                     /usr/lib/x86_64-linux-gnu/libglapi.so.0.0.0
7f6e7bd6b000-7f6e7bd6e000 r--p 00024000 08:01 532457                     /usr/lib/x86_64-linux-gnu/libglapi.so.0.0.0
7f6e7bd6e000-7f6e7bd6f000 rw-p 00027000 08:01 532457                     /usr/lib/x86_64-linux-gnu/libglapi.so.0.0.0
7f6e7bd6f000-7f6e7bd70000 rw-p 00000000 00:00 0 
7f6e7bd70000-7f6e7bdfc000 r-xp 00000000 08:01 919126                     /usr/lib/x86_64-linux-gnu/mesa/libGL.so.1.2.0
7f6e7bdfc000-7f6e7bffb000 ---p 0008c000 08:01 919126                     /usr/lib/x86_64-linux-gnu/mesa/libGL.so.1.2.0
7f6e7bffb000-7f6e7bffe000 r--p 0008b000 08:01 919126                     /usr/lib/x86_64-linux-gnu/mesa/libGL.so.1.2.0
7f6e7bffe000-7f6e7bfff000 rw-p 0008e000 08:01 919126                     /usr/lib/x86_64-linux-gnu/mesa/libGL.so.1.2.0
7f6e7bfff000-7f6e7c000000 rw-p 00000000 00:00 0 
7f6e7c000000-7f6e7c02f000 rw-p 00000000 00:00 0 
7f6e7c02f000-7f6e80000000 ---p 00000000 00:00 0 
7f6e80000000-7f6e80807000 rw-p 00000000 00:00 0 
7f6e80807000-7f6e84000000 ---p 00000000 00:00 0 
7f6e84000000-7f6e841e1000 rw-p 00000000 00:00 0 
7f6e841e1000-7f6e88000000 ---p 00000000 00:00 0 
7f6e88000000-7f6e88001000 rw-s 13173c000 00:05 1913                      /dev/dri/card0
7f6e8802e000-7f6e8802f000 rw-p 00000000 00:00 0 
7f6e8802f000-7f6e88030000 rw-s 11f4ff000 00:05 1913                      /dev/dri/card0
7f6e88030000-7f6e88031000 rw-s 11f4fe000 00:05 1913                      /dev/dri/card0
7f6e88031000-7f6e88032000 rw-s 133b2b000 00:05 1913                      /dev/dri/card0
7f6e88032000-7f6e88033000 rw-s 133b2a000 00:05 1913                      /dev/dri/card0
7f6e88033000-7f6e88034000 rw-s 133b29000 00:05 1913                      /dev/dri/card0
7f6e88034000-7f6e88035000 rw-s 133b28000 00:05 1913                      /dev/dri/card0
7f6e88035000-7f6e88036000 rw-s 11f7e6000 00:05 1913                      /dev/dri/card0
7f6e88036000-7f6e88037000 rw-s 11f7e5000 00:05 1913                      /dev/dri/card0
7f6e88037000-7f6e88038000 rw-s 11fc2d000 00:05 1913                      /dev/dri/card0
7f6e88038000-7f6e88039000 rw-s 133b27000 00:05 1913                      /dev/dri/card0
7f6e88039000-7f6e8803a000 rw-s 133b26000 00:05 1913                      /dev/dri/card0
7f6e8803a000-7f6e8803b000 rw-s 133b25000 00:05 1913                      /dev/dri/card0
7f6e8803b000-7f6e8803c000 rw-s 133b24000 00:05 1913                      /dev/dri/card0
7f6e8803c000-7f6e8803d000 rw-s 11f7e4000 00:05 1913                      /dev/dri/card0
7f6e8803d000-7f6e8803e000 rw-s 11f7e0000 00:05 1913                      /dev/dri/card0
7f6e8803e000-7f6e8803f000 rw-s 127bcd000 00:05 1913                      /dev/dri/card0
7f6e8803f000-7f6e88040000 rw-s 11f7df000 00:05 1913                      /dev/dri/card0
7f6e88040000-7f6e88041000 rw-s 127bcc000 00:05 1913                      /dev/dri/card0
7f6e88041000-7f6e88042000 rw-s 11f7de000 00:05 1913                      /dev/dri/card0
7f6e88042000-7f6e88043000 rw-s 11f7dd000 00:05 1913                      /dev/dri/card0
7f6e88043000-7f6e88044000 rw-s 11f7dc000 00:05 1913                      /dev/dri/card0
7f6e88044000-7f6e88045000 rw-s 11f7db000 00:05 1913                      /dev/dri/card0
7f6e88045000-7f6e88046000 rw-s 133b23000 00:05 1913                      /dev/dri/card0
7f6e88046000-7f6e88047000 rw-s 127bc6000 00:05 1913                      /dev/dri/card0
7f6e88047000-7f6e88048000 rw-s 133b22000 00:05 1913                      /dev/dri/card0
7f6e88048000-7f6e88049000 rw-s 133b21000 00:05 1913                      /dev/dri/card0
7f6e88049000-7f6e88059000 rw-s 13036d000 00:05 1913                      /dev/dri/card0
7f6e88059000-7f6e88069000 rw-s 13035a000 00:05 1913                      /dev/dri/card0
7f6e88069000-7f6e88079000 rw-s 1273c0000 00:05 1913                      /dev/dri/card0
7f6e88079000-7f6e88080000 r-xp 00000000 08:01 12845849                   /tmp/jogamp_0000/file_cache/jln1306402377687723902/jln166768679811185936/libnativewindow_x11.so
7f6e88080000-7f6e8827f000 ---p 00007000 08:01 12845849                   /tmp/jogamp_0000/file_cache/jln1306402377687723902/jln166768679811185936/libnativewindow_x11.so
7f6e8827f000-7f6e88280000 rw-p 00006000 08:01 12845849                   /tmp/jogamp_0000/file_cache/jln1306402377687723902/jln166768679811185936/libnativewindow_x11.so
7f6e88280000-7f6e88284000 r-xp 00000000 08:01 532121                     /usr/lib/x86_64-linux-gnu/libXxf86vm.so.1.0.0
7f6e88284000-7f6e88484000 ---p 00004000 08:01 532121                     /usr/lib/x86_64-linux-gnu/libXxf86vm.so.1.0.0
7f6e88484000-7f6e88485000 r--p 00004000 08:01 532121                     /usr/lib/x86_64-linux-gnu/libXxf86vm.so.1.0.0
7f6e88485000-7f6e88486000 rw-p 00005000 08:01 532121                     /usr/lib/x86_64-linux-gnu/libXxf86vm.so.1.0.0
7f6e88486000-7f6e88488000 r-xp 00000000 08:01 12845848                   /tmp/jogamp_0000/file_cache/jln1306402377687723902/jln166768679811185936/libnativewindow_awt.so
7f6e88488000-7f6e88687000 ---p 00002000 08:01 12845848                   /tmp/jogamp_0000/file_cache/jln1306402377687723902/jln166768679811185936/libnativewindow_awt.so
7f6e88687000-7f6e88688000 rw-p 00001000 08:01 12845848                   /tmp/jogamp_0000/file_cache/jln1306402377687723902/jln166768679811185936/libnativewindow_awt.so
7f6e88688000-7f6e88689000 r-xp 00000000 08:01 5768800                    /usr/lib/jvm/java-7-openjdk-amd64/jre/lib/amd64/libjawt.so
7f6e88689000-7f6e88888000 ---p 00001000 08:01 5768800                    /usr/lib/jvm/java-7-openjdk-amd64/jre/lib/amd64/libjawt.so
7f6e88888000-7f6e88889000 r--p 00000000 08:01 5768800                    /usr/lib/jvm/java-7-openjdk-amd64/jre/lib/amd64/libjawt.so
7f6e88889000-7f6e8888a000 rw-p 00001000 08:01 5768800                    /usr/lib/jvm/java-7-openjdk-amd64/jre/lib/amd64/libjawt.so
7f6e8888a000-7f6e8888c000 r-xp 00000000 08:01 12845845                   /tmp/jogamp_0000/file_cache/jln1306402377687723902/jln166768679811185936/libgluegen-rt.so
7f6e8888c000-7f6e88a8b000 ---p 00002000 08:01 12845845                   /tmp/jogamp_0000/file_cache/jln1306402377687723902/jln166768679811185936/libgluegen-rt.so
7f6e88a8b000-7f6e88a8c000 rw-p 00001000 08:01 12845845                   /tmp/jogamp_0000/file_cache/jln1306402377687723902/jln166768679811185936/libgluegen-rt.so
7f6e88a8c000-7f6e88a8f000 ---p 00000000 00:00 0 
7f6e88a8f000-7f6e88b8d000 rw-p 00000000 00:00 0                          [stack:12072]
7f6e88b8d000-7f6e88b90000 ---p 00000000 00:00 0 
7f6e88b90000-7f6e88c8e000 rw-p 00000000 00:00 0 
7f6e88c8e000-7f6e88c91000 ---p 00000000 00:00 0 
7f6e88c91000-7f6e88d8f000 rw-p 00000000 00:00 0                          [stack:12062]
7f6e88d8f000-7f6e88d9f000 r-xp 00000000 08:01 5768799                    /usr/lib/jvm/java-7-openjdk-amd64/jre/lib/amd64/libnio.so
7f6e88d9f000-7f6e88f9f000 ---p 00010000 08:01 5768799                    /usr/lib/jvm/java-7-openjdk-amd64/jre/lib/amd64/libnio.so
7f6e88f9f000-7f6e88fa0000 r--p 00010000 08:01 5768799                    /usr/lib/jvm/java-7-openjdk-amd64/jre/lib/amd64/libnio.so
7f6e88fa0000-7f6e88fa1000 rw-p 00011000 08:01 5768799                    /usr/lib/jvm/java-7-openjdk-amd64/jre/lib/amd64/libnio.so
7f6e88fa1000-7f6e88ff3000 r-xp 00000000 08:01 5768803                    /usr/lib/jvm/java-7-openjdk-amd64/jre/lib/amd64/libfontmanager.so
7f6e88ff3000-7f6e891f2000 ---p 00052000 08:01 5768803                    /usr/lib/jvm/java-7-openjdk-amd64/jre/lib/amd64/libfontmanager.so
7f6e891f2000-7f6e891f5000 r--p 00051000 08:01 5768803                    /usr/lib/jvm/java-7-openjdk-amd64/jre/lib/amd64/libfontmanager.so
7f6e891f5000-7f6e891f6000 rw-p 00054000 08:01 5768803                    /usr/lib/jvm/java-7-openjdk-amd64/jre/lib/amd64/libfontmanager.so
7f6e891f6000-7f6e891f9000 ---p 00000000 00:00 0 
7f6e891f9000-7f6e892f7000 rw-p 00000000 00:00 0                          [stack:12060]
7f6e892f7000-7f6e892fa000 ---p 00000000 00:00 0 
7f6e892fa000-7f6e893f8000 rw-p 00000000 00:00 0                          [stack:12059]
7f6e893f8000-7f6e893fb000 ---p 00000000 00:00 0 
7f6e893fb000-7f6e894f9000 rw-p 00000000 00:00 0                          [stack:12058]
7f6e894f9000-7f6e894fc000 ---p 00000000 00:00 0 
7f6e894fc000-7f6e895fa000 rw-p 00000000 00:00 0                          [stack:12056]
7f6e895fa000-7f6e895ff000 r-xp 00000000 08:01 527015                     /usr/lib/x86_64-linux-gnu/libXfixes.so.3.1.0
7f6e895ff000-7f6e897fe000 ---p 00005000 08:01 527015                     /usr/lib/x86_64-linux-gnu/libXfixes.so.3.1.0
7f6e897fe000-7f6e897ff000 r--p 00004000 08:01 527015                     /usr/lib/x86_64-linux-gnu/libXfixes.so.3.1.0
7f6e897ff000-7f6e89800000 rw-p 00005000 08:01 527015                     /usr/lib/x86_64-linux-gnu/libXfixes.so.3.1.0
7f6e89800000-7f6e89809000 r-xp 00000000 08:01 532077                     /usr/lib/x86_64-linux-gnu/libXcursor.so.1.0.2
7f6e89809000-7f6e89a08000 ---p 00009000 08:01 532077                     /usr/lib/x86_64-linux-gnu/libXcursor.so.1.0.2
7f6e89a08000-7f6e89a09000 r--p 00008000 08:01 532077                     /usr/lib/x86_64-linux-gnu/libXcursor.so.1.0.2
7f6e89a09000-7f6e89a0a000 rw-p 00009000 08:01 532077                     /usr/lib/x86_64-linux-gnu/libXcursor.so.1.0.2
7f6e89a0a000-7f6e89a0d000 ---p 00000000 00:00 0 
7f6e89a0d000-7f6e89b0b000 rw-p 00000000 00:00 0                          [stack:12055]
7f6e89b0b000-7f6e89b22000 r-xp 00000000 08:01 5768826                    /usr/lib/jvm/java-7-openjdk-amd64/jre/lib/amd64/libnet.so
7f6e89b22000-7f6e89d21000 ---p 00017000 08:01 5768826                    /usr/lib/jvm/java-7-openjdk-amd64/jre/lib/amd64/libnet.so
7f6e89d21000-7f6e89d22000 r--p 00016000 08:01 5768826                    /usr/lib/jvm/java-7-openjdk-amd64/jre/lib/amd64/libnet.so
7f6e89d22000-7f6e89d23000 rw-p 00017000 08:01 5768826                    /usr/lib/jvm/java-7-openjdk-amd64/jre/lib/amd64/libnet.so
7f6e89d23000-7f6e89d27000 r-xp 00000000 08:01 15732704                   /lib/x86_64-linux-gnu/libgpg-error.so.0.10.0
7f6e89d27000-7f6e89f26000 ---p 00004000 08:01 15732704                   /lib/x86_64-linux-gnu/libgpg-error.so.0.10.0
7f6e89f26000-7f6e89f27000 r--p 00003000 08:01 15732704                   /lib/x86_64-linux-gnu/libgpg-error.so.0.10.0
7f6e89f27000-7f6e89f28000 rw-p 00004000 08:01 15732704                   /lib/x86_64-linux-gnu/libgpg-error.so.0.10.0
7f6e89f28000-7f6e89f2a000 r-xp 00000000 08:01 15732714                   /lib/x86_64-linux-gnu/libkeyutils.so.1.4
7f6e89f2a000-7f6e8a12a000 ---p 00002000 08:01 15732714                   /lib/x86_64-linux-gnu/libkeyutils.so.1.4
7f6e8a12a000-7f6e8a12b000 r--p 00002000 08:01 15732714                   /lib/x86_64-linux-gnu/libkeyutils.so.1.4
7f6e8a12b000-7f6e8a12c000 rw-p 00003000 08:01 15732714                   /lib/x86_64-linux-gnu/libkeyutils.so.1.4
7f6e8a12c000-7f6e8a169000 r-xp 00000000 08:01 15728745                   /lib/x86_64-linux-gnu/libpcre.so.3.13.1
7f6e8a169000-7f6e8a368000 ---p 0003d000 08:01 15728745                   /lib/x86_64-linux-gnu/libpcre.so.3.13.1
7f6e8a368000-7f6e8a369000 r--p 0003c000 08:01 15728745                   /lib/x86_64-linux-gnu/libpcre.so.3.13.1
7f6e8a369000-7f6e8a36a000 rw-p 0003d000 08:01 15728745                   /lib/x86_64-linux-gnu/libpcre.so.3.13.1
7f6e8a36a000-7f6e8a38f000 r-xp 00000000 08:01 15732786                   /lib/x86_64-linux-gnu/libpng12.so.0.50.0
7f6e8a38f000-7f6e8a58e000 ---p 00025000 08:01 15732786                   /lib/x86_64-linux-gnu/libpng12.so.0.50.0
7f6e8a58e000-7f6e8a58f000 r--p 00024000 08:01 15732786                   /lib/x86_64-linux-gnu/libpng12.so.0.50.0
7f6e8a58f000-7f6e8a590000 rw-p 00025000 08:01 15732786                   /lib/x86_64-linux-gnu/libpng12.so.0.50.0
7f6e8a590000-7f6e8a5d4000 r-xp 00000000 08:01 15732685                   /lib/x86_64-linux-gnu/libdbus-1.so.3.7.6
7f6e8a5d4000-7f6e8a7d3000 ---p 00044000 08:01 15732685                   /lib/x86_64-linux-gnu/libdbus-1.so.3.7.6
7f6e8a7d3000-7f6e8a7d4000 r--p 00043000 08:01 15732685                   /lib/x86_64-linux-gnu/libdbus-1.so.3.7.6
7f6e8a7d4000-7f6e8a7d5000 rw-p 00044000 08:01 15732685                   /lib/x86_64-linux-gnu/libdbus-1.so.3.7.6
7f6e8a7d5000-7f6e8a810000 r-xp 00000000 08:01 532797                     /usr/lib/x86_64-linux-gnu/libp11-kit.so.0.0.0
7f6e8a810000-7f6e8aa0f000 ---p 0003b000 08:01 532797                     /usr/lib/x86_64-linux-gnu/libp11-kit.so.0.0.0
7f6e8aa0f000-7f6e8aa15000 r--p 0003a000 08:01 532797                     /usr/lib/x86_64-linux-gnu/libp11-kit.so.0.0.0
7f6e8aa15000-7f6e8aa17000 rw-p 00040000 08:01 532797                     /usr/lib/x86_64-linux-gnu/libp11-kit.so.0.0.0
7f6e8aa17000-7f6e8aa29000 r-xp 00000000 08:01 526101                     /usr/lib/x86_64-linux-gnu/libtasn1.so.6.2.0
7f6e8aa29000-7f6e8ac29000 ---p 00012000 08:01 526101                     /usr/lib/x86_64-linux-gnu/libtasn1.so.6.2.0
7f6e8ac29000-7f6e8ac2a000 r--p 00012000 08:01 526101                     /usr/lib/x86_64-linux-gnu/libtasn1.so.6.2.0
7f6e8ac2a000-7f6e8ac2b000 rw-p 00013000 08:01 526101                     /usr/lib/x86_64-linux-gnu/libtasn1.so.6.2.0
7f6e8ac2b000-7f6e8aca7000 r-xp 00000000 08:01 15732984                   /lib/x86_64-linux-gnu/libgcrypt.so.11.8.2
7f6e8aca7000-7f6e8aea7000 ---p 0007c000 08:01 15732984                   /lib/x86_64-linux-gnu/libgcrypt.so.11.8.2
7f6e8aea7000-7f6e8aea8000 r--p 0007c000 08:01 15732984                   /lib/x86_64-linux-gnu/libgcrypt.so.11.8.2
7f6e8aea8000-7f6e8aeab000 rw-p 0007d000 08:01 15732984                   /lib/x86_64-linux-gnu/libgcrypt.so.11.8.2
7f6e8aeab000-7f6e8aeb5000 r-xp 00000000 08:01 532680                     /usr/lib/x86_64-linux-gnu/libkrb5support.so.0.1
7f6e8aeb5000-7f6e8b0b4000 ---p 0000a000 08:01 532680                     /usr/lib/x86_64-linux-gnu/libkrb5support.so.0.1
7f6e8b0b4000-7f6e8b0b5000 r--p 00009000 08:01 532680                     /usr/lib/x86_64-linux-gnu/libkrb5support.so.0.1
7f6e8b0b5000-7f6e8b0b6000 rw-p 0000a000 08:01 532680                     /usr/lib/x86_64-linux-gnu/libkrb5support.so.0.1
7f6e8b0b6000-7f6e8b0b9000 r-xp 00000000 08:01 15732977                   /lib/x86_64-linux-gnu/libcom_err.so.2.1
7f6e8b0b9000-7f6e8b2b8000 ---p 00003000 08:01 15732977                   /lib/x86_64-linux-gnu/libcom_err.so.2.1
7f6e8b2b8000-7f6e8b2b9000 r--p 00002000 08:01 15732977                   /lib/x86_64-linux-gnu/libcom_err.so.2.1
7f6e8b2b9000-7f6e8b2ba000 rw-p 00003000 08:01 15732977                   /lib/x86_64-linux-gnu/libcom_err.so.2.1
7f6e8b2ba000-7f6e8b2e6000 r-xp 00000000 08:01 532674                     /usr/lib/x86_64-linux-gnu/libk5crypto.so.3.1
7f6e8b2e6000-7f6e8b4e5000 ---p 0002c000 08:01 532674                     /usr/lib/x86_64-linux-gnu/libk5crypto.so.3.1
7f6e8b4e5000-7f6e8b4e7000 r--p 0002b000 08:01 532674                     /usr/lib/x86_64-linux-gnu/libk5crypto.so.3.1
7f6e8b4e7000-7f6e8b4e8000 rw-p 0002d000 08:01 532674                     /usr/lib/x86_64-linux-gnu/libk5crypto.so.3.1
7f6e8b4e8000-7f6e8b4e9000 rw-p 00000000 00:00 0 
7f6e8b4e9000-7f6e8b5a5000 r-xp 00000000 08:01 532678                     /usr/lib/x86_64-linux-gnu/libkrb5.so.3.3
7f6e8b5a5000-7f6e8b7a5000 ---p 000bc000 08:01 532678                     /usr/lib/x86_64-linux-gnu/libkrb5.so.3.3
7f6e8b7a5000-7f6e8b7b2000 r--p 000bc000 08:01 532678                     /usr/lib/x86_64-linux-gnu/libkrb5.so.3.3
7f6e8b7b2000-7f6e8b7b4000 rw-p 000c9000 08:01 532678                     /usr/lib/x86_64-linux-gnu/libkrb5.so.3.3
7f6e8b7b4000-7f6e8b7b9000 r-xp 00000000 08:01 532081                     /usr/lib/x86_64-linux-gnu/libXdmcp.so.6.0.0
7f6e8b7b9000-7f6e8b9b8000 ---p 00005000 08:01 532081                     /usr/lib/x86_64-linux-gnu/libXdmcp.so.6.0.0
7f6e8b9b8000-7f6e8b9b9000 r--p 00004000 08:01 532081                     /usr/lib/x86_64-linux-gnu/libXdmcp.so.6.0.0
7f6e8b9b9000-7f6e8b9ba000 rw-p 00005000 08:01 532081                     /usr/lib/x86_64-linux-gnu/libXdmcp.so.6.0.0
7f6e8b9ba000-7f6e8b9c1000 r-xp 00000000 08:01 532352                     /usr/lib/x86_64-linux-gnu/libffi.so.6.0.1
7f6e8b9c1000-7f6e8bbc0000 ---p 00007000 08:01 532352                     /usr/lib/x86_64-linux-gnu/libffi.so.6.0.1
7f6e8bbc0000-7f6e8bbc1000 r--p 00006000 08:01 532352                     /usr/lib/x86_64-linux-gnu/libffi.so.6.0.1
7f6e8bbc1000-7f6e8bbc2000 rw-p 00007000 08:01 532352                     /usr/lib/x86_64-linux-gnu/libffi.so.6.0.1
7f6e8bbc2000-7f6e8bbd9000 r-xp 00000000 08:01 15728645                   /lib/x86_64-linux-gnu/libresolv-2.19.so
7f6e8bbd9000-7f6e8bdd9000 ---p 00017000 08:01 15728645                   /lib/x86_64-linux-gnu/libresolv-2.19.so
7f6e8bdd9000-7f6e8bdda000 r--p 00017000 08:01 15728645                   /lib/x86_64-linux-gnu/libresolv-2.19.so
7f6e8bdda000-7f6e8bddb000 rw-p 00018000 08:01 15728645                   /lib/x86_64-linux-gnu/libresolv-2.19.so
7f6e8bddb000-7f6e8bddd000 rw-p 00000000 00:00 0 
7f6e8bddd000-7f6e8bdfd000 r-xp 00000000 08:01 15732801                   /lib/x86_64-linux-gnu/libselinux.so.1
7f6e8bdfd000-7f6e8bffc000 ---p 00020000 08:01 15732801                   /lib/x86_64-linux-gnu/libselinux.so.1
7f6e8bffc000-7f6e8bffd000 r--p 0001f000 08:01 15732801                   /lib/x86_64-linux-gnu/libselinux.so.1
7f6e8bffd000-7f6e8bffe000 rw-p 00020000 08:01 15732801                   /lib/x86_64-linux-gnu/libselinux.so.1
7f6e8bffe000-7f6e8c000000 rw-p 00000000 00:00 0 
7f6e8c000000-7f6e8c021000 rw-p 00000000 00:00 0 
7f6e8c021000-7f6e90000000 ---p 00000000 00:00 0 
7f6e90000000-7f6e90021000 rw-p 00000000 00:00 0 
7f6e90021000-7f6e94000000 ---p 00000000 00:00 0 
7f6e94000000-7f6e94744000 rw-p 00000000 00:00 0 
7f6e94744000-7f6e98000000 ---p 00000000 00:00 0 
7f6e98000000-7f6e98600000 rw-p 00000000 00:00 0 
7f6e98600000-7f6e9c000000 ---p 00000000 00:00 0 
7f6e9c000000-7f6e9c021000 rw-p 00000000 00:00 0 
7f6e9c021000-7f6ea0000000 ---p 00000000 00:00 0 
7f6ea0000000-7f6ea0021000 rw-p 00000000 00:00 0 
7f6ea0021000-7f6ea4000000 ---p 00000000 00:00 0 
7f6ea4000000-7f6ea4021000 rw-p 00000000 00:00 0 
7f6ea4021000-7f6ea8000000 ---p 00000000 00:00 0 
7f6ea8000000-7f6ea8001000 rw-s 133b20000 00:05 1913                      /dev/dri/card0
7f6ea8001000-7f6ea8002000 rw-s 133b1f000 00:05 1913                      /dev/dri/card0
7f6ea8002000-7f6ea8004000 r-xp 00000000 08:01 532070                     /usr/lib/x86_64-linux-gnu/libXau.so.6.0.0
7f6ea8004000-7f6ea8204000 ---p 00002000 08:01 532070                     /usr/lib/x86_64-linux-gnu/libXau.so.6.0.0
7f6ea8204000-7f6ea8205000 r--p 00002000 08:01 532070                     /usr/lib/x86_64-linux-gnu/libXau.so.6.0.0
7f6ea8205000-7f6ea8206000 rw-p 00003000 08:01 532070                     /usr/lib/x86_64-linux-gnu/libXau.so.6.0.0
7f6ea8206000-7f6ea830c000 r-xp 00000000 08:01 15732702                   /lib/x86_64-linux-gnu/libglib-2.0.so.0.4002.0
7f6ea830c000-7f6ea850b000 ---p 00106000 08:01 15732702                   /lib/x86_64-linux-gnu/libglib-2.0.so.0.4002.0
7f6ea850b000-7f6ea850c000 r--p 00105000 08:01 15732702                   /lib/x86_64-linux-gnu/libglib-2.0.so.0.4002.0
7f6ea850c000-7f6ea850d000 rw-p 00106000 08:01 15732702                   /lib/x86_64-linux-gnu/libglib-2.0.so.0.4002.0
7f6ea850d000-7f6ea850e000 rw-p 00000000 00:00 0 
7f6ea850e000-7f6ea8511000 r-xp 00000000 08:01 532465                     /usr/lib/x86_64-linux-gnu/libgmodule-2.0.so.0.4002.0
7f6ea8511000-7f6ea8710000 ---p 00003000 08:01 532465                     /usr/lib/x86_64-linux-gnu/libgmodule-2.0.so.0.4002.0
7f6ea8710000-7f6ea8711000 r--p 00002000 08:01 532465                     /usr/lib/x86_64-linux-gnu/libgmodule-2.0.so.0.4002.0
7f6ea8711000-7f6ea8712000 rw-p 00003000 08:01 532465                     /usr/lib/x86_64-linux-gnu/libgmodule-2.0.so.0.4002.0
7f6ea8712000-7f6ea8739000 r-xp 00000000 08:01 15732693                   /lib/x86_64-linux-gnu/libexpat.so.1.6.0
7f6ea8739000-7f6ea8939000 ---p 00027000 08:01 15732693                   /lib/x86_64-linux-gnu/libexpat.so.1.6.0
7f6ea8939000-7f6ea893b000 r--p 00027000 08:01 15732693                   /lib/x86_64-linux-gnu/libexpat.so.1.6.0
7f6ea893b000-7f6ea893c000 rw-p 00029000 08:01 15732693                   /lib/x86_64-linux-gnu/libexpat.so.1.6.0
7f6ea893c000-7f6ea89d9000 r-xp 00000000 08:01 527024                     /usr/lib/x86_64-linux-gnu/libfreetype.so.6.11.1
7f6ea89d9000-7f6ea8bd8000 ---p 0009d000 08:01 527024                     /usr/lib/x86_64-linux-gnu/libfreetype.so.6.11.1
7f6ea8bd8000-7f6ea8bde000 r--p 0009c000 08:01 527024                     /usr/lib/x86_64-linux-gnu/libfreetype.so.6.11.1
7f6ea8bde000-7f6ea8bdf000 rw-p 000a2000 08:01 527024                     /usr/lib/x86_64-linux-gnu/libfreetype.so.6.11.1
7f6ea8bdf000-7f6ea8bee000 r-xp 00000000 08:01 532174                     /usr/lib/x86_64-linux-gnu/libavahi-client.so.3.2.9
7f6ea8bee000-7f6ea8dee000 ---p 0000f000 08:01 532174                     /usr/lib/x86_64-linux-gnu/libavahi-client.so.3.2.9
7f6ea8dee000-7f6ea8def000 r--p 0000f000 08:01 532174                     /usr/lib/x86_64-linux-gnu/libavahi-client.so.3.2.9
7f6ea8def000-7f6ea8df0000 rw-p 00010000 08:01 532174                     /usr/lib/x86_64-linux-gnu/libavahi-client.so.3.2.9
7f6ea8df0000-7f6ea8dfb000 r-xp 00000000 08:01 532176                     /usr/lib/x86_64-linux-gnu/libavahi-common.so.3.5.3
7f6ea8dfb000-7f6ea8ffa000 ---p 0000b000 08:01 532176                     /usr/lib/x86_64-linux-gnu/libavahi-common.so.3.5.3
7f6ea8ffa000-7f6ea8ffb000 r--p 0000a000 08:01 532176                     /usr/lib/x86_64-linux-gnu/libavahi-common.so.3.5.3
7f6ea8ffb000-7f6ea8ffc000 rw-p 0000b000 08:01 532176                     /usr/lib/x86_64-linux-gnu/libavahi-common.so.3.5.3
7f6ea8ffc000-7f6ea90b2000 r-xp 00000000 08:01 526935                     /usr/lib/x86_64-linux-gnu/libgnutls.so.26.22.6
7f6ea90b2000-7f6ea92b2000 ---p 000b6000 08:01 526935                     /usr/lib/x86_64-linux-gnu/libgnutls.so.26.22.6
7f6ea92b2000-7f6ea92b8000 r--p 000b6000 08:01 526935                     /usr/lib/x86_64-linux-gnu/libgnutls.so.26.22.6
7f6ea92b8000-7f6ea92b9000 rw-p 000bc000 08:01 526935                     /usr/lib/x86_64-linux-gnu/libgnutls.so.26.22.6
7f6ea92b9000-7f6ea92ba000 rw-p 00000000 00:00 0 
7f6ea92ba000-7f6ea92fd000 r-xp 00000000 08:01 532508                     /usr/lib/x86_64-linux-gnu/libgssapi_krb5.so.2.2
7f6ea92fd000-7f6ea94fd000 ---p 00043000 08:01 532508                     /usr/lib/x86_64-linux-gnu/libgssapi_krb5.so.2.2
7f6ea94fd000-7f6ea94fe000 r--p 00043000 08:01 532508                     /usr/lib/x86_64-linux-gnu/libgssapi_krb5.so.2.2
7f6ea94fe000-7f6ea9500000 rw-p 00044000 08:01 532508                     /usr/lib/x86_64-linux-gnu/libgssapi_krb5.so.2.2
7f6ea9500000-7f6ea951d000 r-xp 00000000 08:01 533138                     /usr/lib/x86_64-linux-gnu/libxcb.so.1.1.0
7f6ea951d000-7f6ea971d000 ---p 0001d000 08:01 533138                     /usr/lib/x86_64-linux-gnu/libxcb.so.1.1.0
7f6ea971d000-7f6ea971e000 r--p 0001d000 08:01 533138                     /usr/lib/x86_64-linux-gnu/libxcb.so.1.1.0
7f6ea971e000-7f6ea971f000 rw-p 0001e000 08:01 533138                     /usr/lib/x86_64-linux-gnu/libxcb.so.1.1.0
7f6ea971f000-7f6ea976e000 r-xp 00000000 08:01 532481                     /usr/lib/x86_64-linux-gnu/libgobject-2.0.so.0.4002.0
7f6ea976e000-7f6ea996e000 ---p 0004f000 08:01 532481                     /usr/lib/x86_64-linux-gnu/libgobject-2.0.so.0.4002.0
7f6ea996e000-7f6ea996f000 r--p 0004f000 08:01 532481                     /usr/lib/x86_64-linux-gnu/libgobject-2.0.so.0.4002.0
7f6ea996f000-7f6ea9970000 rw-p 00050000 08:01 532481                     /usr/lib/x86_64-linux-gnu/libgobject-2.0.so.0.4002.0
7f6ea9970000-7f6ea9adc000 r-xp 00000000 08:01 532453                     /usr/lib/x86_64-linux-gnu/libgio-2.0.so.0.4002.0
7f6ea9adc000-7f6ea9cdb000 ---p 0016c000 08:01 532453                     /usr/lib/x86_64-linux-gnu/libgio-2.0.so.0.4002.0
7f6ea9cdb000-7f6ea9cdf000 r--p 0016b000 08:01 532453                     /usr/lib/x86_64-linux-gnu/libgio-2.0.so.0.4002.0
7f6ea9cdf000-7f6ea9ce1000 rw-p 0016f000 08:01 532453                     /usr/lib/x86_64-linux-gnu/libgio-2.0.so.0.4002.0
7f6ea9ce1000-7f6ea9ce3000 rw-p 00000000 00:00 0 
7f6ea9ce3000-7f6ea9d1d000 r-xp 00000000 08:01 532366                     /usr/lib/x86_64-linux-gnu/libfontconfig.so.1.8.0
7f6ea9d1d000-7f6ea9f1c000 ---p 0003a000 08:01 532366                     /usr/lib/x86_64-linux-gnu/libfontconfig.so.1.8.0
7f6ea9f1c000-7f6ea9f1e000 r--p 00039000 08:01 532366                     /usr/lib/x86_64-linux-gnu/libfontconfig.so.1.8.0
7f6ea9f1e000-7f6ea9f1f000 rw-p 0003b000 08:01 532366                     /usr/lib/x86_64-linux-gnu/libfontconfig.so.1.8.0
7f6ea9f1f000-7f6ea9f8b000 r-xp 00000000 08:01 524410                     /usr/lib/x86_64-linux-gnu/libcups.so.2
7f6ea9f8b000-7f6eaa18b000 ---p 0006c000 08:01 524410                     /usr/lib/x86_64-linux-gnu/libcups.so.2
7f6eaa18b000-7f6eaa192000 r--p 0006c000 08:01 524410                     /usr/lib/x86_64-linux-gnu/libcups.so.2
7f6eaa192000-7f6eaa193000 rw-p 00073000 08:01 524410                     /usr/lib/x86_64-linux-gnu/libcups.so.2
7f6eaa193000-7f6eaa1a2000 r-xp 00000000 08:01 527017                     /usr/lib/x86_64-linux-gnu/libXi.so.6.1.0
7f6eaa1a2000-7f6eaa3a1000 ---p 0000f000 08:01 527017                     /usr/lib/x86_64-linux-gnu/libXi.so.6.1.0
7f6eaa3a1000-7f6eaa3a2000 r--p 0000e000 08:01 527017                     /usr/lib/x86_64-linux-gnu/libXi.so.6.1.0
7f6eaa3a2000-7f6eaa3a3000 rw-p 0000f000 08:01 527017                     /usr/lib/x86_64-linux-gnu/libXi.so.6.1.0
7f6eaa3a3000-7f6eaa3a8000 r-xp 00000000 08:01 532111                     /usr/lib/x86_64-linux-gnu/libXtst.so.6.1.0
7f6eaa3a8000-7f6eaa5a7000 ---p 00005000 08:01 532111                     /usr/lib/x86_64-linux-gnu/libXtst.so.6.1.0
7f6eaa5a7000-7f6eaa5a8000 r--p 00004000 08:01 532111                     /usr/lib/x86_64-linux-gnu/libXtst.so.6.1.0
7f6eaa5a8000-7f6eaa5a9000 rw-p 00005000 08:01 532111                     /usr/lib/x86_64-linux-gnu/libXtst.so.6.1.0
7f6eaa5a9000-7f6eaa5b2000 r-xp 00000000 08:01 527019                     /usr/lib/x86_64-linux-gnu/libXrender.so.1.3.0
7f6eaa5b2000-7f6eaa7b1000 ---p 00009000 08:01 527019                     /usr/lib/x86_64-linux-gnu/libXrender.so.1.3.0
7f6eaa7b1000-7f6eaa7b2000 r--p 00008000 08:01 527019                     /usr/lib/x86_64-linux-gnu/libXrender.so.1.3.0
7f6eaa7b2000-7f6eaa7b3000 rw-p 00009000 08:01 527019                     /usr/lib/x86_64-linux-gnu/libXrender.so.1.3.0
7f6eaa7b3000-7f6eaa8e3000 r-xp 00000000 08:01 532066                     /usr/lib/x86_64-linux-gnu/libX11.so.6.3.0
7f6eaa8e3000-7f6eaaae3000 ---p 00130000 08:01 532066                     /usr/lib/x86_64-linux-gnu/libX11.so.6.3.0
7f6eaaae3000-7f6eaaae4000 r--p 00130000 08:01 532066                     /usr/lib/x86_64-linux-gnu/libX11.so.6.3.0
7f6eaaae4000-7f6eaaae8000 rw-p 00131000 08:01 532066                     /usr/lib/x86_64-linux-gnu/libX11.so.6.3.0
7f6eaaae8000-7f6eaaaf9000 r-xp 00000000 08:01 526957                     /usr/lib/x86_64-linux-gnu/libXext.so.6.4.0
7f6eaaaf9000-7f6eaacf8000 ---p 00011000 08:01 526957                     /usr/lib/x86_64-linux-gnu/libXext.so.6.4.0
7f6eaacf8000-7f6eaacf9000 r--p 00010000 08:01 526957                     /usr/lib/x86_64-linux-gnu/libXext.so.6.4.0
7f6eaacf9000-7f6eaacfa000 rw-p 00011000 08:01 526957                     /usr/lib/x86_64-linux-gnu/libXext.so.6.4.0
7f6eaacfa000-7f6eaad42000 r-xp 00000000 08:01 5768962                    /usr/lib/jvm/java-7-openjdk-amd64/jre/lib/amd64/xawt/libmawt.so
7f6eaad42000-7f6eaaf41000 ---p 00048000 08:01 5768962                    /usr/lib/jvm/java-7-openjdk-amd64/jre/lib/amd64/xawt/libmawt.so
7f6eaaf41000-7f6eaaf42000 r--p 00047000 08:01 5768962                    /usr/lib/jvm/java-7-openjdk-amd64/jre/lib/amd64/xawt/libmawt.so
7f6eaaf42000-7f6eaaf45000 rw-p 00048000 08:01 5768962                    /usr/lib/jvm/java-7-openjdk-amd64/jre/lib/amd64/xawt/libmawt.so
7f6eaaf45000-7f6eaaf46000 rw-p 00000000 00:00 0 
7f6eaaf46000-7f6eaafe6000 r-xp 00000000 08:01 5768744                    /usr/lib/jvm/java-7-openjdk-amd64/jre/lib/amd64/libawt.so
7f6eaafe6000-7f6eab1e6000 ---p 000a0000 08:01 5768744                    /usr/lib/jvm/java-7-openjdk-amd64/jre/lib/amd64/libawt.so
7f6eab1e6000-7f6eab1e7000 r--p 000a0000 08:01 5768744                    /usr/lib/jvm/java-7-openjdk-amd64/jre/lib/amd64/libawt.so
7f6eab1e7000-7f6eab1f2000 rw-p 000a1000 08:01 5768744                    /usr/lib/jvm/java-7-openjdk-amd64/jre/lib/amd64/libawt.so
7f6eab1f2000-7f6eab217000 rw-p 00000000 00:00 0 
7f6eab217000-7f6eab218000 ---p 00000000 00:00 0 
7f6eab218000-7f6eab318000 rw-p 00000000 00:00 0                          [stack:12054]
7f6eab318000-7f6eab31b000 ---p 00000000 00:00 0 
7f6eab31b000-7f6eab419000 rw-p 00000000 00:00 0                          [stack:12053]
7f6eab419000-7f6eab41c000 ---p 00000000 00:00 0 
7f6eab41c000-7f6eab51a000 rw-p 00000000 00:00 0                          [stack:12052]
7f6eab51a000-7f6eab51d000 ---p 00000000 00:00 0 
7f6eab51d000-7f6eab61b000 rw-p 00000000 00:00 0                          [stack:12051]
7f6eab61b000-7f6eab61e000 ---p 00000000 00:00 0 
7f6eab61e000-7f6eab71c000 rw-p 00000000 00:00 0                          [stack:12050]
7f6eab71c000-7f6eabdfe000 r--p 00000000 08:01 531074                     /usr/lib/locale/locale-archive
7f6eabdfe000-7f6eabe01000 ---p 00000000 00:00 0 
7f6eabe01000-7f6eabeff000 rw-p 00000000 00:00 0                          [stack:12049]
7f6eabeff000-7f6eabf02000 ---p 00000000 00:00 0 
7f6eabf02000-7f6eac000000 rw-p 00000000 00:00 0                          [stack:12048]
7f6eac000000-7f6eac023000 rw-p 00000000 00:00 0 
7f6eac023000-7f6eb0000000 ---p 00000000 00:00 0 
7f6eb0000000-7f6eb0069000 rw-p 00000000 00:00 0 
7f6eb0069000-7f6eb4000000 ---p 00000000 00:00 0 
7f6eb4000000-7f6eb40be000 rw-p 00000000 00:00 0 
7f6eb40be000-7f6eb8000000 ---p 00000000 00:00 0 
7f6eb8000000-7f6eb8001000 rw-s 13173b000 00:05 1913                      /dev/dri/card0
7f6eb8001000-7f6eb8002000 rw-s 13037e000 00:05 1913                      /dev/dri/card0
7f6eb8002000-7f6eb8003000 rw-s 13037d000 00:05 1913                      /dev/dri/card0
7f6eb8003000-7f6eb8004000 rw-s 13036c000 00:05 1913                      /dev/dri/card0
7f6eb8004000-7f6eb8005000 rw-s 13036b000 00:05 1913                      /dev/dri/card0
7f6eb8005000-7f6eb8006000 rw-s 13036a000 00:05 1913                      /dev/dri/card0
7f6eb8006000-7f6eb8016000 rw-s 12fb2e000 00:05 1913                      /dev/dri/card0
7f6eb8016000-7f6eb8026000 rw-s 12fb1e000 00:05 1913                      /dev/dri/card0
7f6eb8026000-7f6eb8027000 rwxp 00000000 00:00 0 
7f6eb8027000-7f6eb8037000 rw-s 12faf4000 00:05 1913                      /dev/dri/card0
7f6eb8037000-7f6eb8047000 rw-s 12fae4000 00:05 1913                      /dev/dri/card0
7f6eb8047000-7f6eb8048000 r--s 0002f000 08:01 1994494                    /home/hannan/workspace/UCSDUnfoldingMaps/lib/jogl-all-natives-linux-amd64.jar
7f6eb8048000-7f6eb804a000 r--s 00000000 08:01 1994512                    /home/hannan/workspace/UCSDUnfoldingMaps/lib/gluegen-rt-natives-linux-amd64.jar
7f6eb804a000-7f6eb804d000 ---p 00000000 00:00 0 
7f6eb804d000-7f6eb8083000 rw-p 00000000 00:00 0                          [stack:12067]
7f6eb8083000-7f6eb8084000 r--p 00000000 00:00 0 
7f6eb8084000-7f6eb8089000 r--s 0004d000 08:01 2105410                    /usr/lib/jvm/java-7-openjdk-amd64/jre/lib/jsse.jar
7f6eb8089000-7f6eb8093000 r--s 000ae000 08:01 2105406                    /usr/lib/jvm/java-7-openjdk-amd64/jre/lib/resources.jar
7f6eb8093000-7f6eb80c4000 rw-p 00000000 00:00 0 
7f6eb80c4000-7f6eb80ca000 r--s 00033000 08:01 1994495                    /home/hannan/workspace/UCSDUnfoldingMaps/lib/unfolding.0.9.7-uscd.jar
7f6eb80ca000-7f6eb80cb000 r--s 00005000 08:01 1994509                    /home/hannan/workspace/UCSDUnfoldingMaps/lib/libTUIO.jar
7f6eb80cb000-7f6eb80d0000 r--s 00309000 08:01 1994499                    /home/hannan/workspace/UCSDUnfoldingMaps/lib/sqlite-jdbc-3.7.2.jar
7f6eb80d0000-7f6eb80f3000 r--s 002ec000 08:01 1994511                    /home/hannan/workspace/UCSDUnfoldingMaps/lib/jogl-all.jar
7f6eb80f3000-7f6eb80f4000 ---p 00000000 00:00 0 
7f6eb80f4000-7f6eb8b60000 rw-p 00000000 00:00 0                          [stack:12047]
7f6eb8b60000-7f6eb8d11000 r--s 01d27000 08:01 2105407                    /usr/lib/jvm/java-7-openjdk-amd64/jre/lib/rt.jar
7f6eb8d11000-7f6eb9000000 rw-p 00000000 00:00 0 
7f6eb9000000-7f6eb9270000 rwxp 00000000 00:00 0 
7f6eb9270000-7f6ebc379000 rw-p 00000000 00:00 0 
7f6ebc379000-7f6ec0000000 ---p 00000000 00:00 0 
7f6ec0000000-7f6ec0001000 r--s 00007000 08:01 1994503                    /home/hannan/workspace/UCSDUnfoldingMaps/lib/json4processing.jar
7f6ec0001000-7f6ec0008000 r--s 00059000 08:01 1994497                    /home/hannan/workspace/UCSDUnfoldingMaps/lib/log4j-1.2.15.jar
7f6ec0008000-7f6ec000e000 r--s 00041000 08:01 1994506                    /home/hannan/workspace/UCSDUnfoldingMaps/lib/gluegen-rt.jar
7f6ec000e000-7f6ec225f000 rw-p 00000000 00:00 0 
7f6ec225f000-7f6ec2260000 ---p 00000000 00:00 0 
7f6ec2260000-7f6ec2360000 rw-p 00000000 00:00 0                          [stack:12046]
7f6ec2360000-7f6ec2361000 ---p 00000000 00:00 0 
7f6ec2361000-7f6ec2475000 rw-p 00000000 00:00 0                          [stack:12045]
7f6ec2475000-7f6ec24b4000 rw-p 00000000 00:00 0 
7f6ec24b4000-7f6ec24cf000 rw-p 00000000 00:00 0 
7f6ec24cf000-7f6ec25e6000 rw-p 00000000 00:00 0 
7f6ec25e6000-7f6ec25fa000 rw-p 00000000 00:00 0 
7f6ec25fa000-7f6ec2639000 rw-p 00000000 00:00 0 
7f6ec2639000-7f6ec2654000 rw-p 00000000 00:00 0 
7f6ec2654000-7f6ec276b000 rw-p 00000000 00:00 0 
7f6ec276b000-7f6ec27af000 rw-p 00000000 00:00 0 
7f6ec27af000-7f6ec27b5000 ---p 00000000 00:00 0 
7f6ec27b5000-7f6ec2804000 rw-p 00000000 00:00 0 
7f6ec2804000-7f6ec2805000 rw-p 00000000 00:00 0 
7f6ec2805000-7f6ec280d000 r-xp 00000000 08:01 5768789                    /usr/lib/jvm/java-7-openjdk-amd64/jre/lib/amd64/libzip.so
7f6ec280d000-7f6ec2a0c000 ---p 00008000 08:01 5768789                    /usr/lib/jvm/java-7-openjdk-amd64/jre/lib/amd64/libzip.so
7f6ec2a0c000-7f6ec2a0d000 r--p 00007000 08:01 5768789                    /usr/lib/jvm/java-7-openjdk-amd64/jre/lib/amd64/libzip.so
7f6ec2a0d000-7f6ec2a0e000 rw-p 00008000 08:01 5768789                    /usr/lib/jvm/java-7-openjdk-amd64/jre/lib/amd64/libzip.so
7f6ec2a0e000-7f6ec2a19000 r-xp 00000000 08:01 15728659                   /lib/x86_64-linux-gnu/libnss_files-2.19.so
7f6ec2a19000-7f6ec2c18000 ---p 0000b000 08:01 15728659                   /lib/x86_64-linux-gnu/libnss_files-2.19.so
7f6ec2c18000-7f6ec2c19000 r--p 0000a000 08:01 15728659                   /lib/x86_64-linux-gnu/libnss_files-2.19.so
7f6ec2c19000-7f6ec2c1a000 rw-p 0000b000 08:01 15728659                   /lib/x86_64-linux-gnu/libnss_files-2.19.so
7f6ec2c1a000-7f6ec2c25000 r-xp 00000000 08:01 15732590                   /lib/x86_64-linux-gnu/libnss_nis-2.19.so
7f6ec2c25000-7f6ec2e24000 ---p 0000b000 08:01 15732590                   /lib/x86_64-linux-gnu/libnss_nis-2.19.so
7f6ec2e24000-7f6ec2e25000 r--p 0000a000 08:01 15732590                   /lib/x86_64-linux-gnu/libnss_nis-2.19.so
7f6ec2e25000-7f6ec2e26000 rw-p 0000b000 08:01 15732590                   /lib/x86_64-linux-gnu/libnss_nis-2.19.so
7f6ec2e26000-7f6ec2e3d000 r-xp 00000000 08:01 15728734                   /lib/x86_64-linux-gnu/libnsl-2.19.so
7f6ec2e3d000-7f6ec303c000 ---p 00017000 08:01 15728734                   /lib/x86_64-linux-gnu/libnsl-2.19.so
7f6ec303c000-7f6ec303d000 r--p 00016000 08:01 15728734                   /lib/x86_64-linux-gnu/libnsl-2.19.so
7f6ec303d000-7f6ec303e000 rw-p 00017000 08:01 15728734                   /lib/x86_64-linux-gnu/libnsl-2.19.so
7f6ec303e000-7f6ec3040000 rw-p 00000000 00:00 0 
7f6ec3040000-7f6ec3049000 r-xp 00000000 08:01 15728733                   /lib/x86_64-linux-gnu/libnss_compat-2.19.so
7f6ec3049000-7f6ec3248000 ---p 00009000 08:01 15728733                   /lib/x86_64-linux-gnu/libnss_compat-2.19.so
7f6ec3248000-7f6ec3249000 r--p 00008000 08:01 15728733                   /lib/x86_64-linux-gnu/libnss_compat-2.19.so
7f6ec3249000-7f6ec324a000 rw-p 00009000 08:01 15728733                   /lib/x86_64-linux-gnu/libnss_compat-2.19.so
7f6ec324a000-7f6ec3275000 r-xp 00000000 08:01 5768825                    /usr/lib/jvm/java-7-openjdk-amd64/jre/lib/amd64/libjava.so
7f6ec3275000-7f6ec3475000 ---p 0002b000 08:01 5768825                    /usr/lib/jvm/java-7-openjdk-amd64/jre/lib/amd64/libjava.so
7f6ec3475000-7f6ec3476000 r--p 0002b000 08:01 5768825                    /usr/lib/jvm/java-7-openjdk-amd64/jre/lib/amd64/libjava.so
7f6ec3476000-7f6ec3478000 rw-p 0002c000 08:01 5768825                    /usr/lib/jvm/java-7-openjdk-amd64/jre/lib/amd64/libjava.so
7f6ec3478000-7f6ec3488000 r-xp 00000000 08:01 5768821                    /usr/lib/jvm/java-7-openjdk-amd64/jre/lib/amd64/libverify.so
7f6ec3488000-7f6ec3687000 ---p 00010000 08:01 5768821                    /usr/lib/jvm/java-7-openjdk-amd64/jre/lib/amd64/libverify.so
7f6ec3687000-7f6ec3689000 r--p 0000f000 08:01 5768821                    /usr/lib/jvm/java-7-openjdk-amd64/jre/lib/amd64/libverify.so
7f6ec3689000-7f6ec368a000 rw-p 00011000 08:01 5768821                    /usr/lib/jvm/java-7-openjdk-amd64/jre/lib/amd64/libverify.so
7f6ec368a000-7f6ec3691000 r-xp 00000000 08:01 15728742                   /lib/x86_64-linux-gnu/librt-2.19.so
7f6ec3691000-7f6ec3890000 ---p 00007000 08:01 15728742                   /lib/x86_64-linux-gnu/librt-2.19.so
7f6ec3890000-7f6ec3891000 r--p 00006000 08:01 15728742                   /lib/x86_64-linux-gnu/librt-2.19.so
7f6ec3891000-7f6ec3892000 rw-p 00007000 08:01 15728742                   /lib/x86_64-linux-gnu/librt-2.19.so
7f6ec3892000-7f6ec38a8000 r-xp 00000000 08:01 15732698                   /lib/x86_64-linux-gnu/libgcc_s.so.1
7f6ec38a8000-7f6ec3aa7000 ---p 00016000 08:01 15732698                   /lib/x86_64-linux-gnu/libgcc_s.so.1
7f6ec3aa7000-7f6ec3aa8000 rw-p 00015000 08:01 15732698                   /lib/x86_64-linux-gnu/libgcc_s.so.1
7f6ec3aa8000-7f6ec3bad000 r-xp 00000000 08:01 15728655                   /lib/x86_64-linux-gnu/libm-2.19.so
7f6ec3bad000-7f6ec3dac000 ---p 00105000 08:01 15728655                   /lib/x86_64-linux-gnu/libm-2.19.so
7f6ec3dac000-7f6ec3dad000 r--p 00104000 08:01 15728655                   /lib/x86_64-linux-gnu/libm-2.19.so
7f6ec3dad000-7f6ec3dae000 rw-p 00105000 08:01 15728655                   /lib/x86_64-linux-gnu/libm-2.19.so
7f6ec3dae000-7f6ec3e94000 r-xp 00000000 08:01 528136                     /usr/lib/x86_64-linux-gnu/libstdc++.so.6.0.19
7f6ec3e94000-7f6ec4093000 ---p 000e6000 08:01 528136                     /usr/lib/x86_64-linux-gnu/libstdc++.so.6.0.19
7f6ec4093000-7f6ec409b000 r--p 000e5000 08:01 528136                     /usr/lib/x86_64-linux-gnu/libstdc++.so.6.0.19
7f6ec409b000-7f6ec409d000 rw-p 000ed000 08:01 528136                     /usr/lib/x86_64-linux-gnu/libstdc++.so.6.0.19
7f6ec409d000-7f6ec40b2000 rw-p 00000000 00:00 0 
7f6ec40b2000-7f6ec4bca000 r-xp 00000000 08:01 5768832                    /usr/lib/jvm/java-7-openjdk-amd64/jre/lib/amd64/server/libjvm.so
7f6ec4bca000-7f6ec4dca000 ---p 00b18000 08:01 5768832                    /usr/lib/jvm/java-7-openjdk-amd64/jre/lib/amd64/server/libjvm.so
7f6ec4dca000-7f6ec4e64000 r--p 00b18000 08:01 5768832                    /usr/lib/jvm/java-7-openjdk-amd64/jre/lib/amd64/server/libjvm.so
7f6ec4e64000-7f6ec4e87000 rw-p 00bb2000 08:01 5768832                    /usr/lib/jvm/java-7-openjdk-amd64/jre/lib/amd64/server/libjvm.so
7f6ec4e87000-7f6ec4eb5000 rw-p 00000000 00:00 0 
7f6ec4eb5000-7f6ec4ecd000 r-xp 00000000 08:01 15732834                   /lib/x86_64-linux-gnu/libz.so.1.2.8
7f6ec4ecd000-7f6ec50cc000 ---p 00018000 08:01 15732834                   /lib/x86_64-linux-gnu/libz.so.1.2.8
7f6ec50cc000-7f6ec50cd000 r--p 00017000 08:01 15732834                   /lib/x86_64-linux-gnu/libz.so.1.2.8
7f6ec50cd000-7f6ec50ce000 rw-p 00018000 08:01 15732834                   /lib/x86_64-linux-gnu/libz.so.1.2.8
7f6ec50ce000-7f6ec50e7000 r-xp 00000000 08:01 15728740                   /lib/x86_64-linux-gnu/libpthread-2.19.so
7f6ec50e7000-7f6ec52e6000 ---p 00019000 08:01 15728740                   /lib/x86_64-linux-gnu/libpthread-2.19.so
7f6ec52e6000-7f6ec52e7000 r--p 00018000 08:01 15728740                   /lib/x86_64-linux-gnu/libpthread-2.19.so
7f6ec52e7000-7f6ec52e8000 rw-p 00019000 08:01 15728740                   /lib/x86_64-linux-gnu/libpthread-2.19.so
7f6ec52e8000-7f6ec52ec000 rw-p 00000000 00:00 0 
7f6ec52ec000-7f6ec52ef000 r-xp 00000000 08:01 15728670                   /lib/x86_64-linux-gnu/libdl-2.19.so
7f6ec52ef000-7f6ec54ee000 ---p 00003000 08:01 15728670                   /lib/x86_64-linux-gnu/libdl-2.19.so
7f6ec54ee000-7f6ec54ef000 r--p 00002000 08:01 15728670                   /lib/x86_64-linux-gnu/libdl-2.19.so
7f6ec54ef000-7f6ec54f0000 rw-p 00003000 08:01 15728670                   /lib/x86_64-linux-gnu/libdl-2.19.so
7f6ec54f0000-7f6ec56ab000 r-xp 00000000 08:01 15728739                   /lib/x86_64-linux-gnu/libc-2.19.so
7f6ec56ab000-7f6ec58aa000 ---p 001bb000 08:01 15728739                   /lib/x86_64-linux-gnu/libc-2.19.so
7f6ec58aa000-7f6ec58ae000 r--p 001ba000 08:01 15728739                   /lib/x86_64-linux-gnu/libc-2.19.so
7f6ec58ae000-7f6ec58b0000 rw-p 001be000 08:01 15728739                   /lib/x86_64-linux-gnu/libc-2.19.so
7f6ec58b0000-7f6ec58b5000 rw-p 00000000 00:00 0 
7f6ec58b5000-7f6ec58c2000 r-xp 00000000 08:01 5768752                    /usr/lib/jvm/java-7-openjdk-amd64/jre/lib/amd64/jli/libjli.so
7f6ec58c2000-7f6ec5ac1000 ---p 0000d000 08:01 5768752                    /usr/lib/jvm/java-7-openjdk-amd64/jre/lib/amd64/jli/libjli.so
7f6ec5ac1000-7f6ec5ac2000 r--p 0000c000 08:01 5768752                    /usr/lib/jvm/java-7-openjdk-amd64/jre/lib/amd64/jli/libjli.so
7f6ec5ac2000-7f6ec5ac3000 rw-p 0000d000 08:01 5768752                    /usr/lib/jvm/java-7-openjdk-amd64/jre/lib/amd64/jli/libjli.so
7f6ec5ac3000-7f6ec5ae6000 r-xp 00000000 08:01 15728736                   /lib/x86_64-linux-gnu/ld-2.19.so
7f6ec5ae6000-7f6ec5aea000 r--s 0009a000 08:01 1994498                    /home/hannan/workspace/UCSDUnfoldingMaps/lib/core.jar
7f6ec5aea000-7f6ec5aec000 r--s 00006000 08:01 927253                     /usr/share/java/java-atk-wrapper.jar
7f6ec5aec000-7f6ec5aef000 r--s 0000f000 08:01 5768836                    /usr/lib/jvm/java-7-openjdk-amd64/jre/lib/ext/icedtea-sound.jar
7f6ec5aef000-7f6ec5af3000 r--s 0003c000 08:01 5768848                    /usr/lib/jvm/java-7-openjdk-amd64/jre/lib/ext/sunpkcs11.jar
7f6ec5af3000-7f6ec5af7000 r--s 00034000 08:01 5768852                    /usr/lib/jvm/java-7-openjdk-amd64/jre/lib/ext/sunjce_provider.jar
7f6ec5af7000-7f6ec5afa000 r--s 00086000 08:01 5768849                    /usr/lib/jvm/java-7-openjdk-amd64/jre/lib/ext/localedata.jar
7f6ec5afa000-7f6ec5afc000 r--s 00012000 08:01 5768854                    /usr/lib/jvm/java-7-openjdk-amd64/jre/lib/ext/zipfs.jar
7f6ec5afc000-7f6ec5b06000 rw-p 00000000 00:00 0 
7f6ec5b06000-7f6ec5bbc000 rw-p 00000000 00:00 0 
7f6ec5bbc000-7f6ec5bbf000 ---p 00000000 00:00 0 
7f6ec5bbf000-7f6ec5cc2000 rw-p 00000000 00:00 0                          [stack:12044]
7f6ec5cc2000-7f6ec5cc3000 r--s 00002000 08:01 5768837                    /usr/lib/jvm/java-7-openjdk-amd64/jre/lib/ext/dnsns.jar
7f6ec5cc3000-7f6ec5cd9000 rw-p 00000000 00:00 0 
7f6ec5cd9000-7f6ec5ce1000 rw-s 00000000 08:01 12845841                   /tmp/hsperfdata_hannan/12039
7f6ec5ce1000-7f6ec5ce2000 rw-p 00000000 00:00 0 
7f6ec5ce2000-7f6ec5ce3000 r--p 00000000 00:00 0 
7f6ec5ce3000-7f6ec5ce5000 rw-p 00000000 00:00 0 
7f6ec5ce5000-7f6ec5ce6000 r--p 00022000 08:01 15728736                   /lib/x86_64-linux-gnu/ld-2.19.so
7f6ec5ce6000-7f6ec5ce7000 rw-p 00023000 08:01 15728736                   /lib/x86_64-linux-gnu/ld-2.19.so
7f6ec5ce7000-7f6ec5ce8000 rw-p 00000000 00:00 0 
7ffca5f46000-7ffca5f67000 rw-p 00000000 00:00 0                          [stack]
7ffca5f8e000-7ffca5f90000 r-xp 00000000 00:00 0                          [vdso]
7ffca5f90000-7ffca5f92000 r--p 00000000 00:00 0                          [vvar]
ffffffffff600000-ffffffffff601000 r-xp 00000000 00:00 0                  [vsyscall]

VM Arguments:
jvm_args: -Djava.security.policy=java.policy.applet -Dfile.encoding=UTF-8 
java_command: sun.applet.AppletViewer module1.HelloWorld1443390034239.html
Launcher Type: SUN_STANDARD

Environment Variables:
PATH=/usr/local/sbin:/usr/local/bin:/usr/sbin:/usr/bin:/sbin:/bin:/usr/games:/usr/local/games
SHELL=/bin/bash
DISPLAY=:0.0

Signal Handlers:
SIGSEGV: [libjvm.so+0x94b9a0], sa_mask[0]=0x7ffbfeff, sa_flags=0x10000004
SIGBUS: [libjvm.so+0x94b9a0], sa_mask[0]=0x7ffbfeff, sa_flags=0x10000004
SIGFPE: [libjvm.so+0x7c3880], sa_mask[0]=0x7ffbfeff, sa_flags=0x10000004
SIGPIPE: [libjvm.so+0x7c3880], sa_mask[0]=0x7ffbfeff, sa_flags=0x10000004
SIGXFSZ: [libjvm.so+0x7c3880], sa_mask[0]=0x7ffbfeff, sa_flags=0x10000004
SIGILL: [libjvm.so+0x7c3880], sa_mask[0]=0x7ffbfeff, sa_flags=0x10000004
SIGUSR1: SIG_DFL, sa_mask[0]=0x00000000, sa_flags=0x00000000
SIGUSR2: [libjvm.so+0x7c3720], sa_mask[0]=0x00000004, sa_flags=0x10000004
SIGHUP: [libjvm.so+0x7c3900], sa_mask[0]=0x7ffbfeff, sa_flags=0x10000004
SIGINT: [libjvm.so+0x7c3900], sa_mask[0]=0x7ffbfeff, sa_flags=0x10000004
SIGTERM: [libjvm.so+0x7c3900], sa_mask[0]=0x7ffbfeff, sa_flags=0x10000004
SIGQUIT: [libjvm.so+0x7c3900], sa_mask[0]=0x7ffbfeff, sa_flags=0x10000004
SIGTRAP: SIG_DFL, sa_mask[0]=0x00000000, sa_flags=0x00000000


---------------  S Y S T E M  ---------------

OS:Ubuntu 14.04 (trusty)
uname:Linux 3.16.0-44-generic #59~14.04.1-Ubuntu SMP Tue Jul 7 15:07:27 UTC 2015 x86_64
libc:glibc 2.19 NPTL 2.19 
rlimit: STACK 8192k, CORE 0k, NPROC 14587, NOFILE 4096, AS infinity
load average:1.32 0.94 1.09

/proc/meminfo:
MemTotal:        3755716 kB
MemFree:          457604 kB
MemAvailable:     910316 kB
Buffers:           20724 kB
Cached:           627524 kB
SwapCached:        40868 kB
Active:          2241428 kB
Inactive:         757500 kB
Active(anon):    1903400 kB
Inactive(anon):   538152 kB
Active(file):     338028 kB
Inactive(file):   219348 kB
Unevictable:          32 kB
Mlocked:              32 kB
SwapTotal:       3896316 kB
SwapFree:        3300132 kB
Dirty:               400 kB
Writeback:             0 kB
AnonPages:       2324544 kB
Mapped:           488072 kB
Shmem:             90796 kB
Slab:             170000 kB
SReclaimable:     128524 kB
SUnreclaim:        41476 kB
KernelStack:       10912 kB
PageTables:        56764 kB
NFS_Unstable:          0 kB
Bounce:                0 kB
WritebackTmp:          0 kB
CommitLimit:     5774172 kB
Committed_AS:    7822288 kB
VmallocTotal:   34359738367 kB
VmallocUsed:       43300 kB
VmallocChunk:   34359688356 kB
HardwareCorrupted:     0 kB
AnonHugePages:    872448 kB
HugePages_Total:       0
HugePages_Free:        0
HugePages_Rsvd:        0
HugePages_Surp:        0
Hugepagesize:       2048 kB
DirectMap4k:       53824 kB
DirectMap2M:     3844096 kB


CPU:total 2 (2 cores per cpu, 1 threads per core) family 6 model 15 stepping 11, cmov, cx8, fxsr, mmx, sse, sse2, sse3, ssse3, tsc

/proc/cpuinfo:
processor	: 0
vendor_id	: GenuineIntel
cpu family	: 6
model		: 15
model name	: Intel(R) Core(TM)2 Duo CPU     E6550  @ 2.33GHz
stepping	: 11
microcode	: 0xb6
cpu MHz		: 2333.000
cache size	: 4096 KB
physical id	: 0
siblings	: 2
core id		: 0
cpu cores	: 2
apicid		: 0
initial apicid	: 0
fpu		: yes
fpu_exception	: yes
cpuid level	: 10
wp		: yes
flags		: fpu vme de pse tsc msr pae mce cx8 apic sep mtrr pge mca cmov pat pse36 clflush dts acpi mmx fxsr sse sse2 ss ht tm pbe syscall nx lm constant_tsc arch_perfmon pebs bts rep_good nopl aperfmperf pni dtes64 monitor ds_cpl vmx smx est tm2 ssse3 cx16 xtpr pdcm lahf_lm dtherm tpr_shadow vnmi flexpriority
bogomips	: 4654.99
clflush size	: 64
cache_alignment	: 64
address sizes	: 36 bits physical, 48 bits virtual
power management:

processor	: 1
vendor_id	: GenuineIntel
cpu family	: 6
model		: 15
model name	: Intel(R) Core(TM)2 Duo CPU     E6550  @ 2.33GHz
stepping	: 11
microcode	: 0xb6
cpu MHz		: 2333.000
cache size	: 4096 KB
physical id	: 0
siblings	: 2
core id		: 1
cpu cores	: 2
apicid		: 1
initial apicid	: 1
fpu		: yes
fpu_exception	: yes
cpuid level	: 10
wp		: yes
flags		: fpu vme de pse tsc msr pae mce cx8 apic sep mtrr pge mca cmov pat pse36 clflush dts acpi mmx fxsr sse sse2 ss ht tm pbe syscall nx lm constant_tsc arch_perfmon pebs bts rep_good nopl aperfmperf pni dtes64 monitor ds_cpl vmx smx est tm2 ssse3 cx16 xtpr pdcm lahf_lm dtherm tpr_shadow vnmi flexpriority
bogomips	: 4654.99
clflush size	: 64
cache_alignment	: 64
address sizes	: 36 bits physical, 48 bits virtual
power management:



Memory: 4k page, physical 3755716k(457604k free), swap 3896316k(3300132k free)

vm_info: OpenJDK 64-Bit Server VM (24.79-b02) for linux-amd64 JRE (1.7.0_79-b14), built on Apr 16 2015 08:21:58 by "buildd" with gcc 4.8.2

time: Mon Sep 28 02:41:14 2015
elapsed time: 40 seconds

