#
# A fatal error has been detected by the Java Runtime Environment:
#
#  SIGSEGV (0xb) at pc=0x00007f4c5e4954d0, pid=11205, tid=139966389098240
#
# JRE version: OpenJDK Runtime Environment (7.0_79-b14) (build 1.7.0_79-b14)
# Java VM: OpenJDK 64-Bit Server VM (24.79-b02 mixed mode linux-amd64 compressed oops)
# Derivative: IcedTea 2.5.5
# Distribution: Ubuntu 14.04 LTS, package 7u79-2.5.5-0ubuntu0.14.04.2
# Problematic frame:
# C  [r600_dri.so+0x29a4d0]
#
# Failed to write core dump. Core dumps have been disabled. To enable core dumping, try "ulimit -c unlimited" before starting Java again
#
# If you would like to submit a bug report, please include
# instructions on how to reproduce the bug and visit:
#   http://icedtea.classpath.org/bugzilla
# The crash happened outside the Java Virtual Machine in native code.
# See problematic frame for where to report the bug.
#

---------------  T H R E A D  ---------------

Current thread (0x00007f4c6c008000):  JavaThread "AWT-EventQueue-1" [_thread_in_native, id=11230, stack(0x00007f4c76d71000,0x00007f4c76e72000)]

siginfo:si_signo=SIGSEGV: si_errno=0, si_code=1 (SEGV_MAPERR), si_addr=0x0000000100000000

Registers:
RAX=0x00007f4c5e4954b0, RBX=0x00007f4c600ed700, RCX=0x0000000000000000, RDX=0x0000000000000001
RSP=0x00007f4c76e6f740, RBP=0x00007f4c6c65c510, RSI=0x00007f4c600ed7e0, RDI=0x0000000100000000
R8 =0x0000000000000000, R9 =0x00007f4c75f0f9c0, R10=0x00007f4ca90127cc, R11=0x00007f4cb2a6e2c0
R12=0x0000000000000001, R13=0x0000000000000000, R14=0x00007f4c6c64d1e0, R15=0x0000000000000000
RIP=0x00007f4c5e4954d0, EFLAGS=0x0000000000010202, CSGSFS=0x0000000000000033, ERR=0x0000000000000004
  TRAPNO=0x000000000000000e

Top of Stack: (sp=0x00007f4c76e6f740)
0x00007f4c76e6f740:   00007f4c76e6f768 00007f4c76e6f7c0
0x00007f4c76e6f750:   00007f4ca9006175 00007f4c600ed700
0x00007f4c76e6f760:   00007f4c6c65c510 00007f4c6c641c90
0x00007f4c76e6f770:   0000000000000000 00007f4c6c64d1e0
0x00007f4c76e6f780:   0000000000000000 00007f4c75f0fa4e
0x00007f4c76e6f790:   00007f4c76e6f7c8 00007f4c7615a640
0x00007f4c76e6f7a0:   00007f4c6c5cba30 00007f4c00000000
0x00007f4c76e6f7b0:   0000000000000000 0000000000000000
0x00007f4c76e6f7c0:   00007f4c76e6f820 00007f4c600ed700
0x00007f4c76e6f7d0:   0000000006e0002d 00000000bd433bc0
0x00007f4c76e6f7e0:   00007f4c76e6f850 0000000000000000
0x00007f4c76e6f7f0:   00000000bd433bc0 00007f4c76e6f920
0x00007f4c76e6f800:   00007f4c6c008000 00007f4c7484e849
0x00007f4c76e6f810:   0000000000000000 00007f4c75ee89b0
0x00007f4c76e6f820:   0000000006e0002d 00007f4c6c5cba30
0x00007f4c76e6f830:   00007f4c76e6f8e8 00007f4c6c0081d8
0x00007f4c76e6f840:   00000000f428d5c0 00007f4c75ee89b0
0x00007f4c76e6f850:   00007f4c76e6f8d8 00007f4ca90127f8
0x00007f4c76e6f860:   00000000bd5730f0 0000000000000000
0x00007f4c76e6f870:   00000000bd5724d0 0000000000000000
0x00007f4c76e6f880:   00007f4c76e6f898 00007f4c76e6f8e8
0x00007f4c76e6f890:   00007f4ca9006175 00007f4c76e6f898
0x00007f4c76e6f8a0:   0000000000000000 00007f4c76e6f920
0x00007f4c76e6f8b0:   00000000bd435b38 0000000000000000
0x00007f4c76e6f8c0:   00000000bd433bc0 0000000000000000
0x00007f4c76e6f8d0:   00007f4c76e6f8f8 00007f4c76e6f968
0x00007f4c76e6f8e0:   00007f4ca9006058 00000000c77c31e0
0x00007f4c76e6f8f0:   00007f4ca900ecd8 00007f4c75ee89b0
0x00007f4c76e6f900:   0000000006e0002d 0000000006e0002d
0x00007f4c76e6f910:   00007f4c76e6f910 00007f4c6c5cba30
0x00007f4c76e6f920:   00000000c77c3508 00007f4c76e6f928
0x00007f4c76e6f930:   00000000bd433af1 00007f4c76e6f9a0 

Instructions: (pc=0x00007f4c5e4954d0)
0x00007f4c5e4954b0:   48 85 ff 0f 84 50 01 00 00 41 57 41 56 41 55 41
0x00007f4c5e4954c0:   89 cd 41 54 41 89 d4 55 53 48 83 ec 18 48 85 f6
0x00007f4c5e4954d0:   48 8b 2f 0f 84 5b 02 00 00 48 85 ed 48 8b 1e 0f
0x00007f4c5e4954e0:   84 16 01 00 00 48 85 db 0f 84 52 02 00 00 80 bb 

Register to memory mapping:

RAX=0x00007f4c5e4954b0: <offset 0x29a4b0> in /usr/lib/x86_64-linux-gnu/dri/r600_dri.so at 0x00007f4c5e1fb000
RBX=0x00007f4c600ed700 is an unknown value
RCX=0x0000000000000000 is an unknown value
RDX=0x0000000000000001 is an unknown value
RSP=0x00007f4c76e6f740 is pointing into the stack for thread: 0x00007f4c6c008000
RBP=0x00007f4c6c65c510 is an unknown value
RSI=0x00007f4c600ed7e0 is an unknown value
RDI=0x0000000100000000 is an unknown value
R8 =0x0000000000000000 is an unknown value
R9 =0x00007f4c75f0f9c0: <offset 0x439c0> in /usr/lib/x86_64-linux-gnu/mesa/libGL.so.1 at 0x00007f4c75ecc000
R10=0x00007f4ca90127cc is at code_begin+620 in an Interpreter codelet
method entry point (kind = native)  [0x00007f4ca9012560, 0x00007f4ca9012dc0]  2144 bytes
R11=0x00007f4cb2a6e2c0: <offset 0x85d2c0> in /usr/lib/jvm/java-7-openjdk-amd64/jre/lib/amd64/server/libjvm.so at 0x00007f4cb2211000
R12=0x0000000000000001 is an unknown value
R13=0x0000000000000000 is an unknown value
R14=0x00007f4c6c64d1e0 is an unknown value
R15=0x0000000000000000 is an unknown value


Stack: [0x00007f4c76d71000,0x00007f4c76e72000],  sp=0x00007f4c76e6f740,  free space=1017k
Native frames: (J=compiled Java code, j=interpreted, Vv=VM code, C=native code)
C  [r600_dri.so+0x29a4d0]

Java frames: (J=compiled Java code, j=interpreted, Vv=VM code)
j  jogamp.opengl.x11.glx.GLX.dispatch_glXSwapBuffers0(JJJ)V+0
j  jogamp.opengl.x11.glx.GLX.glXSwapBuffers(JJ)V+41
j  jogamp.opengl.x11.glx.X11GLXDrawable.swapBuffersImpl(Z)V+17
j  jogamp.opengl.GLDrawableImpl.swapBuffers()V+67
j  javax.media.opengl.awt.GLCanvas$12.run()V+45
j  java.awt.event.InvocationEvent.dispatch()V+11
j  java.awt.EventQueue.dispatchEventImpl(Ljava/awt/AWTEvent;Ljava/lang/Object;)V+21
j  java.awt.EventQueue.access$300(Ljava/awt/EventQueue;Ljava/awt/AWTEvent;Ljava/lang/Object;)V+3
j  java.awt.EventQueue$3.run()Ljava/lang/Void;+12
j  java.awt.EventQueue$3.run()Ljava/lang/Object;+1
v  ~StubRoutines::call_stub
j  java.security.AccessController.doPrivileged(Ljava/security/PrivilegedAction;Ljava/security/AccessControlContext;)Ljava/lang/Object;+0
j  java.security.ProtectionDomain$1.doIntersectionPrivilege(Ljava/security/PrivilegedAction;Ljava/security/AccessControlContext;Ljava/security/AccessControlContext;)Ljava/lang/Object;+28
j  java.awt.EventQueue.dispatchEvent(Ljava/awt/AWTEvent;)V+46
j  java.awt.EventDispatchThread.pumpOneEventForFilters(I)V+245
j  java.awt.EventDispatchThread.pumpEventsForFilter(ILjava/awt/Conditional;Ljava/awt/EventFilter;)V+35
j  java.awt.EventDispatchThread.pumpEventsForHierarchy(ILjava/awt/Conditional;Ljava/awt/Component;)V+11
j  java.awt.EventDispatchThread.pumpEvents(ILjava/awt/Conditional;)V+4
j  java.awt.EventDispatchThread.pumpEvents(Ljava/awt/Conditional;)V+3
j  java.awt.EventDispatchThread.run()V+9
v  ~StubRoutines::call_stub

---------------  P R O C E S S  ---------------

Java Threads: ( => current thread )
  0x00007f4c6014f000 JavaThread "Thread-49" [_thread_blocked, id=11295, stack(0x00007f4c5c747000,0x00007f4c5c848000)]
  0x00007f4c6c1aa000 JavaThread "Animation Thread-SharedResourceRunner" daemon [_thread_blocked, id=11240, stack(0x00007f4c76b6f000,0x00007f4c76c70000)]
=>0x00007f4c6c008000 JavaThread "AWT-EventQueue-1" [_thread_in_native, id=11230, stack(0x00007f4c76d71000,0x00007f4c76e72000)]
  0x00007f4cac00a800 JavaThread "DestroyJavaVM" [_thread_blocked, id=11207, stack(0x00007f4cb3d1b000,0x00007f4cb3e1c000)]
  0x00007f4cac258800 JavaThread "AWT-EventQueue-0" [_thread_blocked, id=11227, stack(0x00007f4c772d9000,0x00007f4c773da000)]
  0x00007f4cac256000 JavaThread "AWT-Shutdown" [_thread_blocked, id=11226, stack(0x00007f4c774db000,0x00007f4c775dc000)]
  0x00007f4cac24c000 JavaThread "thread applet-module1.HelloWorld.class" [_thread_blocked, id=11225, stack(0x00007f4c773da000,0x00007f4c774db000)]
  0x00007f4cac239000 JavaThread "AWT-XAWT" daemon [_thread_blocked, id=11223, stack(0x00007f4c775dc000,0x00007f4c776dd000)]
  0x00007f4cac214000 JavaThread "Java2D Disposer" daemon [_thread_blocked, id=11222, stack(0x00007f4c77aed000,0x00007f4c77bee000)]
  0x00007f4cac0ac000 JavaThread "Service Thread" daemon [_thread_blocked, id=11220, stack(0x00007f4ca153c000,0x00007f4ca163d000)]
  0x00007f4cac0a9800 JavaThread "C2 CompilerThread1" daemon [_thread_blocked, id=11219, stack(0x00007f4ca163d000,0x00007f4ca173e000)]
  0x00007f4cac0a6800 JavaThread "C2 CompilerThread0" daemon [_thread_blocked, id=11218, stack(0x00007f4ca8020000,0x00007f4ca8121000)]
  0x00007f4cac0a4800 JavaThread "Signal Dispatcher" daemon [_thread_blocked, id=11217, stack(0x00007f4ca8121000,0x00007f4ca8222000)]
  0x00007f4cac077800 JavaThread "Finalizer" daemon [_thread_blocked, id=11216, stack(0x00007f4ca8222000,0x00007f4ca8323000)]
  0x00007f4cac075800 JavaThread "Reference Handler" daemon [_thread_blocked, id=11215, stack(0x00007f4ca8323000,0x00007f4ca8424000)]

Other Threads:
  0x00007f4cac071000 VMThread [stack: 0x00007f4ca8424000,0x00007f4ca8525000] [id=11214]
  0x00007f4cac0b6800 WatcherThread [stack: 0x00007f4ca143b000,0x00007f4ca153c000] [id=11221]

VM state:not at safepoint (normal execution)

VM Mutex/Monitor currently owned by a thread: None

Heap
 PSYoungGen      total 121856K, used 121408K [0x00000000ece00000, 0x00000000f5980000, 0x0000000100000000)
  eden space 121344K, 100% used [0x00000000ece00000,0x00000000f4480000,0x00000000f4480000)
  from space 512K, 12% used [0x00000000f4a00000,0x00000000f4a10000,0x00000000f4a80000)
  to   space 10752K, 0% used [0x00000000f4f00000,0x00000000f4f00000,0x00000000f5980000)
 ParOldGen       total 38912K, used 28570K [0x00000000c6a00000, 0x00000000c9000000, 0x00000000ece00000)
  object space 38912K, 73% used [0x00000000c6a00000,0x00000000c85e6be0,0x00000000c9000000)
 PSPermGen       total 21504K, used 20421K [0x00000000bc400000, 0x00000000bd900000, 0x00000000c6a00000)
  object space 21504K, 94% used [0x00000000bc400000,0x00000000bd7f1758,0x00000000bd900000)

Card table byte_map: [0x00007f4cb0745000,0x00007f4cb0964000] byte_map_base: 0x00007f4cb0163000

Polling page: 0x00007f4cb3e41000

Code Cache  [0x00007f4ca9000000, 0x00007f4ca9270000, 0x00007f4cac000000)
 total_blobs=1485 nmethods=579 adapters=860 free_code_cache=47112Kb largest_free_block=48202496

Compilation events (10 events):
Event: 88.349 Thread 0x00007f4cac0a6800  589             processing.core.PMatrix3D::scale (121 bytes)
Event: 88.349 Thread 0x00007f4cac0a6800 nmethod 589 0x00007f4ca91ee750 code [0x00007f4ca91ee880, 0x00007f4ca91ee958]
Event: 90.115 Thread 0x00007f4cac0a9800  590             java.lang.StringBuilder::append (8 bytes)
Event: 90.124 Thread 0x00007f4cac0a9800 nmethod 590 0x00007f4ca91f1d50 code [0x00007f4ca91f1ec0, 0x00007f4ca91f2558]
Event: 91.536 Thread 0x00007f4cac0a6800  591             com.jogamp.common.nio.Buffers::nativeOrder (8 bytes)
Event: 91.537 Thread 0x00007f4cac0a6800 nmethod 591 0x00007f4ca91e8310 code [0x00007f4ca91e8440, 0x00007f4ca91e8498]
Event: 100.623 Thread 0x00007f4cac0a9800  592             java.util.EventObject::getSource (5 bytes)
Event: 100.623 Thread 0x00007f4cac0a9800 nmethod 592 0x00007f4ca91f3250 code [0x00007f4ca91f3380, 0x00007f4ca91f33d8]
Event: 101.091 Thread 0x00007f4cac0a6800  593             java.util.Hashtable::rehash (168 bytes)
Event: 101.097 Thread 0x00007f4cac0a6800 nmethod 593 0x00007f4ca91ed450 code [0x00007f4ca91ed5e0, 0x00007f4ca91ed9c8]

GC Heap History (10 events):
Event: 4.385 GC heap before
{Heap before GC invocations=5 (full 0):
 PSYoungGen      total 33792K, used 33604K [0x00000000ece00000, 0x00000000ef100000, 0x0000000100000000)
  eden space 31744K, 99% used [0x00000000ece00000,0x00000000eecd8980,0x00000000eed00000)
  from space 2048K, 98% used [0x00000000eef00000,0x00000000ef0f8890,0x00000000ef100000)
  to   space 2048K, 0% used [0x00000000eed00000,0x00000000eed00000,0x00000000eef00000)
 ParOldGen       total 38912K, used 17737K [0x00000000c6a00000, 0x00000000c9000000, 0x00000000ece00000)
  object space 38912K, 45% used [0x00000000c6a00000,0x00000000c7b526b8,0x00000000c9000000)
 PSPermGen       total 21504K, used 20113K [0x00000000bc400000, 0x00000000bd900000, 0x00000000c6a00000)
  object space 21504K, 93% used [0x00000000bc400000,0x00000000bd7a45b0,0x00000000bd900000)
Event: 4.397 GC heap after
Heap after GC invocations=5 (full 0):
 PSYoungGen      total 33792K, used 2018K [0x00000000ece00000, 0x00000000f2100000, 0x0000000100000000)
  eden space 31744K, 0% used [0x00000000ece00000,0x00000000ece00000,0x00000000eed00000)
  from space 2048K, 98% used [0x00000000eed00000,0x00000000eeef8870,0x00000000eef00000)
  to   space 10752K, 0% used [0x00000000f1680000,0x00000000f1680000,0x00000000f2100000)
 ParOldGen       total 38912K, used 23178K [0x00000000c6a00000, 0x00000000c9000000, 0x00000000ece00000)
  object space 38912K, 59% used [0x00000000c6a00000,0x00000000c80a2808,0x00000000c9000000)
 PSPermGen       total 21504K, used 20113K [0x00000000bc400000, 0x00000000bd900000, 0x00000000c6a00000)
  object space 21504K, 93% used [0x00000000bc400000,0x00000000bd7a45b0,0x00000000bd900000)
}
Event: 6.123 GC heap before
{Heap before GC invocations=6 (full 0):
 PSYoungGen      total 33792K, used 33762K [0x00000000ece00000, 0x00000000f2100000, 0x0000000100000000)
  eden space 31744K, 100% used [0x00000000ece00000,0x00000000eed00000,0x00000000eed00000)
  from space 2048K, 98% used [0x00000000eed00000,0x00000000eeef8870,0x00000000eef00000)
  to   space 10752K, 0% used [0x00000000f1680000,0x00000000f1680000,0x00000000f2100000)
 ParOldGen       total 38912K, used 23178K [0x00000000c6a00000, 0x00000000c9000000, 0x00000000ece00000)
  object space 38912K, 59% used [0x00000000c6a00000,0x00000000c80a2808,0x00000000c9000000)
 PSPermGen       total 21504K, used 20153K [0x00000000bc400000, 0x00000000bd900000, 0x00000000c6a00000)
  object space 21504K, 93% used [0x00000000bc400000,0x00000000bd7ae4a8,0x00000000bd900000)
Event: 6.132 GC heap after
Heap after GC invocations=6 (full 0):
 PSYoungGen      total 74240K, used 5458K [0x00000000ece00000, 0x00000000f2100000, 0x0000000100000000)
  eden space 63488K, 0% used [0x00000000ece00000,0x00000000ece00000,0x00000000f0c00000)
  from space 10752K, 50% used [0x00000000f1680000,0x00000000f1bd4950,0x00000000f2100000)
  to   space 10752K, 0% used [0x00000000f0c00000,0x00000000f0c00000,0x00000000f1680000)
 ParOldGen       total 38912K, used 23178K [0x00000000c6a00000, 0x00000000c9000000, 0x00000000ece00000)
  object space 38912K, 59% used [0x00000000c6a00000,0x00000000c80a2808,0x00000000c9000000)
 PSPermGen       total 21504K, used 20153K [0x00000000bc400000, 0x00000000bd900000, 0x00000000c6a00000)
  object space 21504K, 93% used [0x00000000bc400000,0x00000000bd7ae4a8,0x00000000bd900000)
}
Event: 21.994 GC heap before
{Heap before GC invocations=7 (full 0):
 PSYoungGen      total 74240K, used 68946K [0x00000000ece00000, 0x00000000f2100000, 0x0000000100000000)
  eden space 63488K, 100% used [0x00000000ece00000,0x00000000f0c00000,0x00000000f0c00000)
  from space 10752K, 50% used [0x00000000f1680000,0x00000000f1bd4950,0x00000000f2100000)
  to   space 10752K, 0% used [0x00000000f0c00000,0x00000000f0c00000,0x00000000f1680000)
 ParOldGen       total 38912K, used 23178K [0x00000000c6a00000, 0x00000000c9000000, 0x00000000ece00000)
  object space 38912K, 59% used [0x00000000c6a00000,0x00000000c80a2808,0x00000000c9000000)
 PSPermGen       total 21504K, used 20239K [0x00000000bc400000, 0x00000000bd900000, 0x00000000c6a00000)
  object space 21504K, 94% used [0x00000000bc400000,0x00000000bd7c3e70,0x00000000bd900000)
Event: 22.018 GC heap after
Heap after GC invocations=7 (full 0):
 PSYoungGen      total 74240K, used 4592K [0x00000000ece00000, 0x00000000f5e00000, 0x0000000100000000)
  eden space 63488K, 0% used [0x00000000ece00000,0x00000000ece00000,0x00000000f0c00000)
  from space 10752K, 42% used [0x00000000f0c00000,0x00000000f107c140,0x00000000f1680000)
  to   space 10240K, 0% used [0x00000000f5400000,0x00000000f5400000,0x00000000f5e00000)
 ParOldGen       total 38912K, used 23978K [0x00000000c6a00000, 0x00000000c9000000, 0x00000000ece00000)
  object space 38912K, 61% used [0x00000000c6a00000,0x00000000c816aa90,0x00000000c9000000)
 PSPermGen       total 21504K, used 20239K [0x00000000bc400000, 0x00000000bd900000, 0x00000000c6a00000)
  object space 21504K, 94% used [0x00000000bc400000,0x00000000bd7c3e70,0x00000000bd900000)
}
Event: 38.199 GC heap before
{Heap before GC invocations=8 (full 0):
 PSYoungGen      total 74240K, used 68080K [0x00000000ece00000, 0x00000000f5e00000, 0x0000000100000000)
  eden space 63488K, 100% used [0x00000000ece00000,0x00000000f0c00000,0x00000000f0c00000)
  from space 10752K, 42% used [0x00000000f0c00000,0x00000000f107c140,0x00000000f1680000)
  to   space 10240K, 0% used [0x00000000f5400000,0x00000000f5400000,0x00000000f5e00000)
 ParOldGen       total 38912K, used 23978K [0x00000000c6a00000, 0x00000000c9000000, 0x00000000ece00000)
  object space 38912K, 61% used [0x00000000c6a00000,0x00000000c816aa90,0x00000000c9000000)
 PSPermGen       total 21504K, used 20287K [0x00000000bc400000, 0x00000000bd900000, 0x00000000c6a00000)
  object space 21504K, 94% used [0x00000000bc400000,0x00000000bd7cfff0,0x00000000bd900000)
Event: 38.207 GC heap after
Heap after GC invocations=8 (full 0):
 PSYoungGen      total 137216K, used 3968K [0x00000000ece00000, 0x00000000f5e00000, 0x0000000100000000)
  eden space 126976K, 0% used [0x00000000ece00000,0x00000000ece00000,0x00000000f4a00000)
  from space 10240K, 38% used [0x00000000f5400000,0x00000000f57e00f0,0x00000000f5e00000)
  to   space 10240K, 0% used [0x00000000f4a00000,0x00000000f4a00000,0x00000000f5400000)
 ParOldGen       total 38912K, used 24658K [0x00000000c6a00000, 0x00000000c9000000, 0x00000000ece00000)
  object space 38912K, 63% used [0x00000000c6a00000,0x00000000c8214af0,0x00000000c9000000)
 PSPermGen       total 21504K, used 20287K [0x00000000bc400000, 0x00000000bd900000, 0x00000000c6a00000)
  object space 21504K, 94% used [0x00000000bc400000,0x00000000bd7cfff0,0x00000000bd900000)
}
Event: 70.842 GC heap before
{Heap before GC invocations=9 (full 0):
 PSYoungGen      total 137216K, used 130944K [0x00000000ece00000, 0x00000000f5e00000, 0x0000000100000000)
  eden space 126976K, 100% used [0x00000000ece00000,0x00000000f4a00000,0x00000000f4a00000)
  from space 10240K, 38% used [0x00000000f5400000,0x00000000f57e00f0,0x00000000f5e00000)
  to   space 10240K, 0% used [0x00000000f4a00000,0x00000000f4a00000,0x00000000f5400000)
 ParOldGen       total 38912K, used 24658K [0x00000000c6a00000, 0x00000000c9000000, 0x00000000ece00000)
  object space 38912K, 63% used [0x00000000c6a00000,0x00000000c8214af0,0x00000000c9000000)
 PSPermGen       total 21504K, used 20333K [0x00000000bc400000, 0x00000000bd900000, 0x00000000c6a00000)
  object space 21504K, 94% used [0x00000000bc400000,0x00000000bd7db6c8,0x00000000bd900000)
Event: 70.852 GC heap after
Heap after GC invocations=9 (full 0):
 PSYoungGen      total 121856K, used 64K [0x00000000ece00000, 0x00000000f5980000, 0x0000000100000000)
  eden space 121344K, 0% used [0x00000000ece00000,0x00000000ece00000,0x00000000f4480000)
  from space 512K, 12% used [0x00000000f4a00000,0x00000000f4a10000,0x00000000f4a80000)
  to   space 10752K, 0% used [0x00000000f4f00000,0x00000000f4f00000,0x00000000f5980000)
 ParOldGen       total 38912K, used 28570K [0x00000000c6a00000, 0x00000000c9000000, 0x00000000ece00000)
  object space 38912K, 73% used [0x00000000c6a00000,0x00000000c85e6be0,0x00000000c9000000)
 PSPermGen       total 21504K, used 20333K [0x00000000bc400000, 0x00000000bd900000, 0x00000000c6a00000)
  object space 21504K, 94% used [0x00000000bc400000,0x00000000bd7db6c8,0x00000000bd900000)
}

Deoptimization events (10 events):
Event: 10.055 Thread 0x00007f4c6c008000 Uncommon trap: reason=predicate action=maybe_recompile pc=0x00007f4ca916553c method=java.util.Arrays.fill([Ljava/lang/Object;IILjava/lang/Object;)V @ 16
Event: 11.522 Thread 0x00007f4c6c008000 Uncommon trap: reason=array_check action=maybe_recompile pc=0x00007f4ca9158664 method=java.util.Arrays.fill([Ljava/lang/Object;IILjava/lang/Object;)V @ 20
Event: 11.522 Thread 0x00007f4c6c008000 Uncommon trap: reason=array_check action=maybe_recompile pc=0x00007f4ca9158664 method=java.util.Arrays.fill([Ljava/lang/Object;IILjava/lang/Object;)V @ 20
Event: 11.524 Thread 0x00007f4c6c008000 Uncommon trap: reason=array_check action=maybe_recompile pc=0x00007f4ca9158664 method=java.util.Arrays.fill([Ljava/lang/Object;IILjava/lang/Object;)V @ 20
Event: 11.524 Thread 0x00007f4c6c008000 Uncommon trap: reason=array_check action=maybe_recompile pc=0x00007f4ca9158664 method=java.util.Arrays.fill([Ljava/lang/Object;IILjava/lang/Object;)V @ 20
Event: 101.092 Thread 0x00007f4cac239000 Uncommon trap: reason=unreached action=reinterpret pc=0x00007f4ca9165fb8 method=java.util.Hashtable.get(Ljava/lang/Object;)Ljava/lang/Object; @ 28
Event: 101.137 Thread 0x00007f4c6c008000 Uncommon trap: reason=unreached action=reinterpret pc=0x00007f4ca91c58cc method=java.lang.reflect.Method.invoke(Ljava/lang/Object;[Ljava/lang/Object;)Ljava/lang/Object; @ 46
Event: 101.487 Thread 0x00007f4c6c008000 Uncommon trap: reason=unreached action=reinterpret pc=0x00007f4ca91c2f54 method=java.awt.EventQueue.noEvents()Z @ 16
Event: 101.488 Thread 0x00007f4cac24c000 Uncommon trap: reason=unreached action=reinterpret pc=0x00007f4ca9190ad0 method=java.security.AccessControlContext.optimize()Ljava/security/AccessControlContext; @ 129
Event: 101.488 Thread 0x00007f4c6c008000 Uncommon trap: reason=unreached action=reinterpret pc=0x00007f4ca91c24fc method=java.awt.EventQueue.getNextEventPrivate()Ljava/awt/AWTEvent; @ 45

Internal exceptions (10 events):
Event: 3.390 Thread 0x00007f4c60510800 Threw 0x00000000edbc3b80 at /build/buildd/openjdk-7-7u79-2.5.5/build/openjdk/hotspot/src/share/vm/prims/jvm.cpp:1284
Event: 3.395 Thread 0x00007f4c6050a000 Threw 0x00000000ed8b78e0 at /build/buildd/openjdk-7-7u79-2.5.5/build/openjdk/hotspot/src/share/vm/prims/jvm.cpp:1284
Event: 3.426 Thread 0x00007f4c6050a000 Threw 0x00000000edbdd1f0 at /build/buildd/openjdk-7-7u79-2.5.5/build/openjdk/hotspot/src/share/vm/prims/jvm.cpp:1284
Event: 3.439 Thread 0x00007f4c6c008000 Threw 0x00000000edbf1cc8 at /build/buildd/openjdk-7-7u79-2.5.5/build/openjdk/hotspot/src/share/vm/runtime/reflection.cpp:1030
Event: 3.439 Thread 0x00007f4c6c008000 Threw 0x00000000edbf1f88 at /build/buildd/openjdk-7-7u79-2.5.5/build/openjdk/hotspot/src/share/vm/runtime/reflection.cpp:1030
Event: 3.613 Thread 0x00007f4c6c008000 Threw 0x00000000ecf09458 at /build/buildd/openjdk-7-7u79-2.5.5/build/openjdk/hotspot/src/share/vm/runtime/reflection.cpp:1030
Event: 3.613 Thread 0x00007f4c6c008000 Threw 0x00000000ecf09718 at /build/buildd/openjdk-7-7u79-2.5.5/build/openjdk/hotspot/src/share/vm/runtime/reflection.cpp:1030
Event: 3.729 Thread 0x00007f4c6c008000 Threw 0x00000000ed308aa8 at /build/buildd/openjdk-7-7u79-2.5.5/build/openjdk/hotspot/src/share/vm/runtime/reflection.cpp:1030
Event: 101.137 Thread 0x00007f4c6c008000 Implicit null exception at 0x00007f4ca91c581a to 0x00007f4ca91c58c1
Event: 101.488 Thread 0x00007f4cac24c000 Implicit null exception at 0x00007f4ca91905c5 to 0x00007f4ca9190ab1

Events (10 events):
Event: 101.487 Thread 0x00007f4c6c008000 Uncommon trap: trap_request=0xffffffad fr.pc=0x00007f4ca91c2f54
Event: 101.487 Thread 0x00007f4c6c008000 DEOPT PACKING pc=0x00007f4ca91c2f54 sp=0x00007f4c76e6eb10
Event: 101.487 Thread 0x00007f4c6c008000 DEOPT UNPACKING pc=0x00007f4ca9039045 sp=0x00007f4c76e6ead0 mode 2
Event: 101.488 Thread 0x00007f4cac24c000 Uncommon trap: trap_request=0xffffffad fr.pc=0x00007f4ca9190ad0
Event: 101.488 Thread 0x00007f4cac24c000 DEOPT PACKING pc=0x00007f4ca9190ad0 sp=0x00007f4c774d9290
Event: 101.488 Thread 0x00007f4cac24c000 DEOPT UNPACKING pc=0x00007f4ca9039045 sp=0x00007f4c774d9240 mode 2
Event: 101.488 Thread 0x00007f4c6c008000 Uncommon trap: trap_request=0xffffffad fr.pc=0x00007f4ca91c24fc
Event: 101.488 Thread 0x00007f4c6c008000 DEOPT PACKING pc=0x00007f4ca91c24fc sp=0x00007f4c76e706f0
Event: 101.488 Thread 0x00007f4c6c008000 DEOPT UNPACKING pc=0x00007f4ca9039045 sp=0x00007f4c76e706a8 mode 2
Event: 101.546 Thread 0x00007f4c6c00f800 Thread exited: 0x00007f4c6c00f800


Dynamic libraries:
00400000-00401000 r-xp 00000000 08:01 1861178                            /usr/lib/jvm/java-7-openjdk-amd64/jre/bin/java
00600000-00601000 r--p 00000000 08:01 1861178                            /usr/lib/jvm/java-7-openjdk-amd64/jre/bin/java
00601000-00602000 rw-p 00001000 08:01 1861178                            /usr/lib/jvm/java-7-openjdk-amd64/jre/bin/java
01985000-019be000 rw-p 00000000 00:00 0                                  [heap]
bc400000-bd900000 rw-p 00000000 00:00 0 
bd900000-c6a00000 rw-p 00000000 00:00 0 
c6a00000-c9000000 rw-p 00000000 00:00 0 
c9000000-ece00000 rw-p 00000000 00:00 0 
ece00000-f5980000 rw-p 00000000 00:00 0 
f5980000-f5e00000 ---p 00000000 00:00 0 
f5e00000-100000000 rw-p 00000000 00:00 0 
7f4c5c3b5000-7f4c5c439000 r-xp 00000000 08:01 12845852                   /tmp/sqlite-3.7.2-libsqlitejdbc.so
7f4c5c439000-7f4c5c639000 ---p 00084000 08:01 12845852                   /tmp/sqlite-3.7.2-libsqlitejdbc.so
7f4c5c639000-7f4c5c63a000 r--p 00084000 08:01 12845852                   /tmp/sqlite-3.7.2-libsqlitejdbc.so
7f4c5c63a000-7f4c5c63d000 rw-p 00085000 08:01 12845852                   /tmp/sqlite-3.7.2-libsqlitejdbc.so
7f4c5c63d000-7f4c5c63e000 rw-s 12dd17000 00:05 1913                      /dev/dri/card0
7f4c5c63e000-7f4c5c63f000 rw-s 12e401000 00:05 1913                      /dev/dri/card0
7f4c5c63f000-7f4c5c640000 rw-s 12e400000 00:05 1913                      /dev/dri/card0
7f4c5c640000-7f4c5c641000 rw-s 12e3ff000 00:05 1913                      /dev/dri/card0
7f4c5c641000-7f4c5c642000 rw-s 12e3fe000 00:05 1913                      /dev/dri/card0
7f4c5c642000-7f4c5c643000 rw-s 12e3f8000 00:05 1913                      /dev/dri/card0
7f4c5c643000-7f4c5c644000 rw-s 12e3f7000 00:05 1913                      /dev/dri/card0
7f4c5c644000-7f4c5c645000 rw-s 12e3f6000 00:05 1913                      /dev/dri/card0
7f4c5c645000-7f4c5c646000 rw-s 12e3f5000 00:05 1913                      /dev/dri/card0
7f4c5c646000-7f4c5c649000 ---p 00000000 00:00 0 
7f4c5c649000-7f4c5c747000 rw-p 00000000 00:00 0 
7f4c5c747000-7f4c5c74a000 ---p 00000000 00:00 0 
7f4c5c74a000-7f4c5c848000 rw-p 00000000 00:00 0                          [stack:11295]
7f4c5c848000-7f4c5c84b000 ---p 00000000 00:00 0 
7f4c5c84b000-7f4c5c949000 rw-p 00000000 00:00 0 
7f4c5c949000-7f4c5c94c000 ---p 00000000 00:00 0 
7f4c5c94c000-7f4c5ca4a000 rw-p 00000000 00:00 0 
7f4c5ca4a000-7f4c5ca4b000 rw-s 12dc56000 00:05 1913                      /dev/dri/card0
7f4c5ca4b000-7f4c5ca4c000 rw-s 12dc55000 00:05 1913                      /dev/dri/card0
7f4c5ca4c000-7f4c5ca4d000 rw-s 12dbc5000 00:05 1913                      /dev/dri/card0
7f4c5ca4d000-7f4c5ca4e000 rw-s 12dbc4000 00:05 1913                      /dev/dri/card0
7f4c5ca4e000-7f4c5ca4f000 rw-s 12dbc3000 00:05 1913                      /dev/dri/card0
7f4c5ca4f000-7f4c5ca52000 ---p 00000000 00:00 0 
7f4c5ca52000-7f4c5cb50000 rw-p 00000000 00:00 0 
7f4c5cb50000-7f4c5cb53000 ---p 00000000 00:00 0 
7f4c5cb53000-7f4c5cc51000 rw-p 00000000 00:00 0 
7f4c5cc51000-7f4c5cc54000 ---p 00000000 00:00 0 
7f4c5cc54000-7f4c5cd52000 rw-p 00000000 00:00 0 
7f4c5cd52000-7f4c5cd55000 ---p 00000000 00:00 0 
7f4c5cd55000-7f4c5ce53000 rw-p 00000000 00:00 0 
7f4c5ce53000-7f4c5ce54000 rw-s 108157000 00:05 1913                      /dev/dri/card0
7f4c5d061000-7f4c5d236000 rw-p 00000000 00:00 0 
7f4c5d236000-7f4c5d237000 rw-s 12ccff000 00:05 1913                      /dev/dri/card0
7f4c5d237000-7f4c5d238000 rw-s 12ccfe000 00:05 1913                      /dev/dri/card0
7f4c5d238000-7f4c5d239000 rw-s 12ccfd000 00:05 1913                      /dev/dri/card0
7f4c5d243000-7f4c5d343000 rw-s 11f76a000 00:05 1913                      /dev/dri/card0
7f4c5d443000-7f4c5d444000 rw-s 12caf7000 00:05 1913                      /dev/dri/card0
7f4c5d444000-7f4c5d445000 rw-s 12caf6000 00:05 1913                      /dev/dri/card0
7f4c5d445000-7f4c5d446000 rw-s 12caf0000 00:05 1913                      /dev/dri/card0
7f4c5d446000-7f4c5d447000 rw-s 12caef000 00:05 1913                      /dev/dri/card0
7f4c5d447000-7f4c5d61c000 rw-p 00000000 00:00 0 
7f4c5d61c000-7f4c5d61d000 rw-s 12caee000 00:05 1913                      /dev/dri/card0
7f4c5d61d000-7f4c5d71d000 rw-s 12c9ee000 00:05 1913                      /dev/dri/card0
7f4c5d725000-7f4c5d726000 rw-s 12d11f000 00:05 1913                      /dev/dri/card0
7f4c5d726000-7f4c5d727000 rw-s 12d11e000 00:05 1913                      /dev/dri/card0
7f4c5d727000-7f4c5d728000 rw-s 12d11d000 00:05 1913                      /dev/dri/card0
7f4c5d728000-7f4c5d729000 rw-s 12d11c000 00:05 1913                      /dev/dri/card0
7f4c5d732000-7f4c5d733000 rw-s 11f769000 00:05 1913                      /dev/dri/card0
7f4c5d733000-7f4c5d734000 rw-s 11f768000 00:05 1913                      /dev/dri/card0
7f4c5d734000-7f4c5d735000 rw-s 11f767000 00:05 1913                      /dev/dri/card0
7f4c5d735000-7f4c5d736000 rw-s 11f766000 00:05 1913                      /dev/dri/card0
7f4c5d736000-7f4c5d737000 rw-s 11f765000 00:05 1913                      /dev/dri/card0
7f4c5d737000-7f4c5d738000 rw-s 11f764000 00:05 1913                      /dev/dri/card0
7f4c5d738000-7f4c5d739000 rw-s 11f763000 00:05 1913                      /dev/dri/card0
7f4c5d739000-7f4c5d73a000 rw-s 11f762000 00:05 1913                      /dev/dri/card0
7f4c5d73a000-7f4c5d73b000 rw-s 11f761000 00:05 1913                      /dev/dri/card0
7f4c5d73b000-7f4c5d73c000 rw-s 11f760000 00:05 1913                      /dev/dri/card0
7f4c5d73c000-7f4c5d73d000 rw-s 11f75f000 00:05 1913                      /dev/dri/card0
7f4c5d73d000-7f4c5d73e000 rw-s 11f75e000 00:05 1913                      /dev/dri/card0
7f4c5d73e000-7f4c5d73f000 rw-s 11f75d000 00:05 1913                      /dev/dri/card0
7f4c5d73f000-7f4c5d740000 rw-s 11f75c000 00:05 1913                      /dev/dri/card0
7f4c5d740000-7f4c5d741000 rw-s 11f75b000 00:05 1913                      /dev/dri/card0
7f4c5d741000-7f4c5d742000 rw-s 11f75a000 00:05 1913                      /dev/dri/card0
7f4c5d742000-7f4c5d743000 rw-s 11f759000 00:05 1913                      /dev/dri/card0
7f4c5d743000-7f4c5d744000 rw-s 11f600000 00:05 1913                      /dev/dri/card0
7f4c5d744000-7f4c5d745000 rw-s 12dbba000 00:05 1913                      /dev/dri/card0
7f4c5d745000-7f4c5d746000 rw-s 11f4fd000 00:05 1913                      /dev/dri/card0
7f4c5d746000-7f4c5d747000 rw-s 12ac39000 00:05 1913                      /dev/dri/card0
7f4c5d747000-7f4c5d748000 rw-s 12ac38000 00:05 1913                      /dev/dri/card0
7f4c5d748000-7f4c5d749000 rw-s 12dbbd000 00:05 1913                      /dev/dri/card0
7f4c5d749000-7f4c5d74a000 rw-s 12e607000 00:05 1913                      /dev/dri/card0
7f4c5d74a000-7f4c5d74b000 rw-s 12ddc5000 00:05 1913                      /dev/dri/card0
7f4c5d74b000-7f4c5d74c000 rw-s 12ddc4000 00:05 1913                      /dev/dri/card0
7f4c5d7d8000-7f4c5d7e8000 rw-s 12c036000 00:05 1913                      /dev/dri/card0
7f4c5d9fa000-7f4c5d9fb000 ---p 00000000 00:00 0 
7f4c5d9fb000-7f4c5e1fb000 rw-p 00000000 00:00 0                          [stack:11242]
7f4c5e1fb000-7f4c5e941000 r-xp 00000000 08:01 918024                     /usr/lib/x86_64-linux-gnu/dri/r600_dri.so
7f4c5e941000-7f4c5eb40000 ---p 00746000 08:01 918024                     /usr/lib/x86_64-linux-gnu/dri/r600_dri.so
7f4c5eb40000-7f4c5eb93000 r--p 00745000 08:01 918024                     /usr/lib/x86_64-linux-gnu/dri/r600_dri.so
7f4c5eb93000-7f4c5eb9f000 rw-p 00798000 08:01 918024                     /usr/lib/x86_64-linux-gnu/dri/r600_dri.so
7f4c5eb9f000-7f4c5ed87000 rw-p 00000000 00:00 0 
7f4c5ed87000-7f4c5ed89000 r-xp 00000000 08:01 532093                     /usr/lib/x86_64-linux-gnu/libXinerama.so.1.0.0
7f4c5ed89000-7f4c5ef88000 ---p 00002000 08:01 532093                     /usr/lib/x86_64-linux-gnu/libXinerama.so.1.0.0
7f4c5ef88000-7f4c5ef89000 r--p 00001000 08:01 532093                     /usr/lib/x86_64-linux-gnu/libXinerama.so.1.0.0
7f4c5ef89000-7f4c5ef8a000 rw-p 00002000 08:01 532093                     /usr/lib/x86_64-linux-gnu/libXinerama.so.1.0.0
7f4c5ef8a000-7f4c5efc1000 r-xp 00000000 08:01 533016                     /usr/lib/x86_64-linux-gnu/libtxc_dxtn_s2tc.so.0.0.0
7f4c5efc1000-7f4c5f1c0000 ---p 00037000 08:01 533016                     /usr/lib/x86_64-linux-gnu/libtxc_dxtn_s2tc.so.0.0.0
7f4c5f1c0000-7f4c5f1c1000 r--p 00036000 08:01 533016                     /usr/lib/x86_64-linux-gnu/libtxc_dxtn_s2tc.so.0.0.0
7f4c5f1c1000-7f4c5f1c2000 rw-p 00037000 08:01 533016                     /usr/lib/x86_64-linux-gnu/libtxc_dxtn_s2tc.so.0.0.0
7f4c5f1c2000-7f4c5f1c3000 ---p 00000000 00:00 0 
7f4c5f1c3000-7f4c5f9c3000 rw-p 00000000 00:00 0                          [stack:11241]
7f4c5f9c3000-7f4c5f9cb000 r-xp 00000000 08:01 15732733                   /lib/x86_64-linux-gnu/libnih-dbus.so.1.0.0
7f4c5f9cb000-7f4c5fbcb000 ---p 00008000 08:01 15732733                   /lib/x86_64-linux-gnu/libnih-dbus.so.1.0.0
7f4c5fbcb000-7f4c5fbcc000 r--p 00008000 08:01 15732733                   /lib/x86_64-linux-gnu/libnih-dbus.so.1.0.0
7f4c5fbcc000-7f4c5fbcd000 rw-p 00009000 08:01 15732733                   /lib/x86_64-linux-gnu/libnih-dbus.so.1.0.0
7f4c5fbcd000-7f4c5fbe4000 r-xp 00000000 08:01 15732735                   /lib/x86_64-linux-gnu/libnih.so.1.0.0
7f4c5fbe4000-7f4c5fde3000 ---p 00017000 08:01 15732735                   /lib/x86_64-linux-gnu/libnih.so.1.0.0
7f4c5fde3000-7f4c5fde4000 r--p 00016000 08:01 15732735                   /lib/x86_64-linux-gnu/libnih.so.1.0.0
7f4c5fde4000-7f4c5fde5000 rw-p 00017000 08:01 15732735                   /lib/x86_64-linux-gnu/libnih.so.1.0.0
7f4c5fde5000-7f4c5fdfe000 r-xp 00000000 08:01 15732676                   /lib/x86_64-linux-gnu/libcgmanager.so.0.0.0
7f4c5fdfe000-7f4c5fffd000 ---p 00019000 08:01 15732676                   /lib/x86_64-linux-gnu/libcgmanager.so.0.0.0
7f4c5fffd000-7f4c5ffff000 r--p 00018000 08:01 15732676                   /lib/x86_64-linux-gnu/libcgmanager.so.0.0.0
7f4c5ffff000-7f4c60000000 rw-p 0001a000 08:01 15732676                   /lib/x86_64-linux-gnu/libcgmanager.so.0.0.0
7f4c60000000-7f4c610bb000 rw-p 00000000 00:00 0 
7f4c610bb000-7f4c64000000 ---p 00000000 00:00 0 
7f4c6403c000-7f4c6404c000 r-xp 00000000 08:01 15728930                   /lib/x86_64-linux-gnu/libudev.so.1.3.5
7f4c6404c000-7f4c6424b000 ---p 00010000 08:01 15728930                   /lib/x86_64-linux-gnu/libudev.so.1.3.5
7f4c6424b000-7f4c6424c000 r--p 0000f000 08:01 15728930                   /lib/x86_64-linux-gnu/libudev.so.1.3.5
7f4c6424c000-7f4c6424d000 rw-p 00010000 08:01 15728930                   /lib/x86_64-linux-gnu/libudev.so.1.3.5
7f4c6424d000-7f4c64272000 r-xp 00000000 08:01 15732817                   /lib/x86_64-linux-gnu/libtinfo.so.5.9
7f4c64272000-7f4c64471000 ---p 00025000 08:01 15732817                   /lib/x86_64-linux-gnu/libtinfo.so.5.9
7f4c64471000-7f4c64475000 r--p 00024000 08:01 15732817                   /lib/x86_64-linux-gnu/libtinfo.so.5.9
7f4c64475000-7f4c64476000 rw-p 00028000 08:01 15732817                   /lib/x86_64-linux-gnu/libtinfo.so.5.9
7f4c64476000-7f4c6449f000 r-xp 00000000 08:01 532322                     /usr/lib/x86_64-linux-gnu/libedit.so.2.0.47
7f4c6449f000-7f4c6469f000 ---p 00029000 08:01 532322                     /usr/lib/x86_64-linux-gnu/libedit.so.2.0.47
7f4c6469f000-7f4c646a1000 r--p 00029000 08:01 532322                     /usr/lib/x86_64-linux-gnu/libedit.so.2.0.47
7f4c646a1000-7f4c646a2000 rw-p 0002b000 08:01 532322                     /usr/lib/x86_64-linux-gnu/libedit.so.2.0.47
7f4c646a2000-7f4c646a6000 rw-p 00000000 00:00 0 
7f4c646a6000-7f4c661ae000 r-xp 00000000 08:01 531941                     /usr/lib/x86_64-linux-gnu/libLLVM-3.5.so.1
7f4c661ae000-7f4c661af000 ---p 01b08000 08:01 531941                     /usr/lib/x86_64-linux-gnu/libLLVM-3.5.so.1
7f4c661af000-7f4c66377000 r--p 01b08000 08:01 531941                     /usr/lib/x86_64-linux-gnu/libLLVM-3.5.so.1
7f4c66377000-7f4c6637d000 rw-p 01cd0000 08:01 531941                     /usr/lib/x86_64-linux-gnu/libLLVM-3.5.so.1
7f4c6637d000-7f4c66392000 rw-p 00000000 00:00 0 
7f4c66392000-7f4c6639e000 r-xp 00000000 08:01 530540                     /usr/lib/x86_64-linux-gnu/libdrm_radeon.so.1.0.1
7f4c6639e000-7f4c6659d000 ---p 0000c000 08:01 530540                     /usr/lib/x86_64-linux-gnu/libdrm_radeon.so.1.0.1
7f4c6659d000-7f4c6659e000 r--p 0000b000 08:01 530540                     /usr/lib/x86_64-linux-gnu/libdrm_radeon.so.1.0.1
7f4c6659e000-7f4c6659f000 rw-p 0000c000 08:01 530540                     /usr/lib/x86_64-linux-gnu/libdrm_radeon.so.1.0.1
7f4c6659f000-7f4c665b4000 r-xp 00000000 08:01 532323                     /usr/lib/x86_64-linux-gnu/libelf-0.158.so
7f4c665b4000-7f4c667b3000 ---p 00015000 08:01 532323                     /usr/lib/x86_64-linux-gnu/libelf-0.158.so
7f4c667b3000-7f4c667b4000 r--p 00014000 08:01 532323                     /usr/lib/x86_64-linux-gnu/libelf-0.158.so
7f4c667b4000-7f4c667b5000 rw-p 00015000 08:01 532323                     /usr/lib/x86_64-linux-gnu/libelf-0.158.so
7f4c667b5000-7f4c667bb000 r-xp 00000000 08:01 530538                     /usr/lib/x86_64-linux-gnu/libdrm_nouveau.so.2.0.0
7f4c667bb000-7f4c669ba000 ---p 00006000 08:01 530538                     /usr/lib/x86_64-linux-gnu/libdrm_nouveau.so.2.0.0
7f4c669ba000-7f4c669bb000 r--p 00005000 08:01 530538                     /usr/lib/x86_64-linux-gnu/libdrm_nouveau.so.2.0.0
7f4c669bb000-7f4c669bc000 rw-p 00006000 08:01 530538                     /usr/lib/x86_64-linux-gnu/libdrm_nouveau.so.2.0.0
7f4c669bc000-7f4c669c3000 r-xp 00000000 08:01 919135                     /usr/lib/x86_64-linux-gnu/mesa-egl/libOpenVG.so.1.0.0
7f4c669c3000-7f4c66bc2000 ---p 00007000 08:01 919135                     /usr/lib/x86_64-linux-gnu/mesa-egl/libOpenVG.so.1.0.0
7f4c66bc2000-7f4c66bc3000 r--p 00006000 08:01 919135                     /usr/lib/x86_64-linux-gnu/mesa-egl/libOpenVG.so.1.0.0
7f4c66bc3000-7f4c66bc4000 rw-p 00007000 08:01 919135                     /usr/lib/x86_64-linux-gnu/mesa-egl/libOpenVG.so.1.0.0
7f4c66bc4000-7f4c66bc6000 rw-p 00000000 00:00 0 
7f4c66bc6000-7f4c6734e000 r-xp 00000000 08:01 918029                     /usr/lib/x86_64-linux-gnu/egl/egl_gallium.so
7f4c6734e000-7f4c6754e000 ---p 00788000 08:01 918029                     /usr/lib/x86_64-linux-gnu/egl/egl_gallium.so
7f4c6754e000-7f4c675a1000 r--p 00788000 08:01 918029                     /usr/lib/x86_64-linux-gnu/egl/egl_gallium.so
7f4c675a1000-7f4c675ad000 rw-p 007db000 08:01 918029                     /usr/lib/x86_64-linux-gnu/egl/egl_gallium.so
7f4c675ad000-7f4c67794000 rw-p 00000000 00:00 0 
7f4c67794000-7f4c6779a000 r-xp 00000000 08:01 919133                     /usr/lib/x86_64-linux-gnu/mesa-egl/libGLESv2.so.2.0.0
7f4c6779a000-7f4c67999000 ---p 00006000 08:01 919133                     /usr/lib/x86_64-linux-gnu/mesa-egl/libGLESv2.so.2.0.0
7f4c67999000-7f4c6799a000 r--p 00005000 08:01 919133                     /usr/lib/x86_64-linux-gnu/mesa-egl/libGLESv2.so.2.0.0
7f4c6799a000-7f4c6799b000 rw-p 00006000 08:01 919133                     /usr/lib/x86_64-linux-gnu/mesa-egl/libGLESv2.so.2.0.0
7f4c6799b000-7f4c679e0000 r-xp 00000000 08:01 12845907                   /tmp/jogamp_0000/file_cache/jln5080641285432514458/jln2477480310448001286/libjogl_mobile.so
7f4c679e0000-7f4c67be0000 ---p 00045000 08:01 12845907                   /tmp/jogamp_0000/file_cache/jln5080641285432514458/jln2477480310448001286/libjogl_mobile.so
7f4c67be0000-7f4c67be1000 rw-p 00045000 08:01 12845907                   /tmp/jogamp_0000/file_cache/jln5080641285432514458/jln2477480310448001286/libjogl_mobile.so
7f4c67be1000-7f4c67bed000 r-xp 00000000 08:01 532405                     /usr/lib/x86_64-linux-gnu/libgbm.so.1.0.0
7f4c67bed000-7f4c67ded000 ---p 0000c000 08:01 532405                     /usr/lib/x86_64-linux-gnu/libgbm.so.1.0.0
7f4c67ded000-7f4c67dee000 r--p 0000c000 08:01 532405                     /usr/lib/x86_64-linux-gnu/libgbm.so.1.0.0
7f4c67dee000-7f4c67def000 rw-p 0000d000 08:01 532405                     /usr/lib/x86_64-linux-gnu/libgbm.so.1.0.0
7f4c67def000-7f4c67dfe000 r-xp 00000000 08:01 533084                     /usr/lib/x86_64-linux-gnu/libwayland-server.so.0.1.0
7f4c67dfe000-7f4c67ffd000 ---p 0000f000 08:01 533084                     /usr/lib/x86_64-linux-gnu/libwayland-server.so.0.1.0
7f4c67ffd000-7f4c67fff000 r--p 0000e000 08:01 533084                     /usr/lib/x86_64-linux-gnu/libwayland-server.so.0.1.0
7f4c67fff000-7f4c68000000 rw-p 00010000 08:01 533084                     /usr/lib/x86_64-linux-gnu/libwayland-server.so.0.1.0
7f4c68000000-7f4c68045000 rw-p 00000000 00:00 0 
7f4c68045000-7f4c6c000000 ---p 00000000 00:00 0 
7f4c6c000000-7f4c6c6a0000 rw-p 00000000 00:00 0 
7f4c6c6a0000-7f4c70000000 ---p 00000000 00:00 0 
7f4c70000000-7f4c701e2000 rw-p 00000000 00:00 0 
7f4c701e2000-7f4c74000000 ---p 00000000 00:00 0 
7f4c74184000-7f4c7418f000 r-xp 00000000 08:01 533078                     /usr/lib/x86_64-linux-gnu/libwayland-client.so.0.2.0
7f4c7418f000-7f4c7438e000 ---p 0000b000 08:01 533078                     /usr/lib/x86_64-linux-gnu/libwayland-client.so.0.2.0
7f4c7438e000-7f4c74390000 r--p 0000a000 08:01 533078                     /usr/lib/x86_64-linux-gnu/libwayland-client.so.0.2.0
7f4c74390000-7f4c74391000 rw-p 0000c000 08:01 533078                     /usr/lib/x86_64-linux-gnu/libwayland-client.so.0.2.0
7f4c74391000-7f4c74396000 r-xp 00000000 08:01 533134                     /usr/lib/x86_64-linux-gnu/libxcb-xfixes.so.0.0.0
7f4c74396000-7f4c74596000 ---p 00005000 08:01 533134                     /usr/lib/x86_64-linux-gnu/libxcb-xfixes.so.0.0.0
7f4c74596000-7f4c74597000 r--p 00005000 08:01 533134                     /usr/lib/x86_64-linux-gnu/libxcb-xfixes.so.0.0.0
7f4c74597000-7f4c74598000 rw-p 00006000 08:01 533134                     /usr/lib/x86_64-linux-gnu/libxcb-xfixes.so.0.0.0
7f4c74598000-7f4c745bf000 r-xp 00000000 08:01 919129                     /usr/lib/x86_64-linux-gnu/mesa-egl/libEGL.so.1.0.0
7f4c745bf000-7f4c747bf000 ---p 00027000 08:01 919129                     /usr/lib/x86_64-linux-gnu/mesa-egl/libEGL.so.1.0.0
7f4c747bf000-7f4c747c0000 r--p 00027000 08:01 919129                     /usr/lib/x86_64-linux-gnu/mesa-egl/libEGL.so.1.0.0
7f4c747c0000-7f4c747c1000 rw-p 00028000 08:01 919129                     /usr/lib/x86_64-linux-gnu/mesa-egl/libEGL.so.1.0.0
7f4c747c1000-7f4c747c2000 rw-p 00000000 00:00 0 
7f4c747c2000-7f4c74867000 r-xp 00000000 08:01 12845906                   /tmp/jogamp_0000/file_cache/jln5080641285432514458/jln2477480310448001286/libjogl_desktop.so
7f4c74867000-7f4c74a67000 ---p 000a5000 08:01 12845906                   /tmp/jogamp_0000/file_cache/jln5080641285432514458/jln2477480310448001286/libjogl_desktop.so
7f4c74a67000-7f4c74a68000 rw-p 000a5000 08:01 12845906                   /tmp/jogamp_0000/file_cache/jln5080641285432514458/jln2477480310448001286/libjogl_desktop.so
7f4c74a68000-7f4c74a73000 r-xp 00000000 08:01 530534                     /usr/lib/x86_64-linux-gnu/libdrm.so.2.4.0
7f4c74a73000-7f4c74c72000 ---p 0000b000 08:01 530534                     /usr/lib/x86_64-linux-gnu/libdrm.so.2.4.0
7f4c74c72000-7f4c74c73000 r--p 0000a000 08:01 530534                     /usr/lib/x86_64-linux-gnu/libdrm.so.2.4.0
7f4c74c73000-7f4c74c74000 rw-p 0000b000 08:01 530534                     /usr/lib/x86_64-linux-gnu/libdrm.so.2.4.0
7f4c74c74000-7f4c74c75000 r-xp 00000000 08:01 533148                     /usr/lib/x86_64-linux-gnu/libxshmfence.so.1.0.0
7f4c74c75000-7f4c74e74000 ---p 00001000 08:01 533148                     /usr/lib/x86_64-linux-gnu/libxshmfence.so.1.0.0
7f4c74e74000-7f4c74e75000 r--p 00000000 08:01 533148                     /usr/lib/x86_64-linux-gnu/libxshmfence.so.1.0.0
7f4c74e75000-7f4c74e76000 rw-p 00001000 08:01 533148                     /usr/lib/x86_64-linux-gnu/libxshmfence.so.1.0.0
7f4c74e76000-7f4c74e7b000 r-xp 00000000 08:01 533130                     /usr/lib/x86_64-linux-gnu/libxcb-sync.so.1.0.0
7f4c74e7b000-7f4c7507a000 ---p 00005000 08:01 533130                     /usr/lib/x86_64-linux-gnu/libxcb-sync.so.1.0.0
7f4c7507a000-7f4c7507b000 r--p 00004000 08:01 533130                     /usr/lib/x86_64-linux-gnu/libxcb-sync.so.1.0.0
7f4c7507b000-7f4c7507c000 rw-p 00005000 08:01 533130                     /usr/lib/x86_64-linux-gnu/libxcb-sync.so.1.0.0
7f4c7507c000-7f4c7507e000 r-xp 00000000 08:01 533118                     /usr/lib/x86_64-linux-gnu/libxcb-present.so.0.0.0
7f4c7507e000-7f4c7527d000 ---p 00002000 08:01 533118                     /usr/lib/x86_64-linux-gnu/libxcb-present.so.0.0.0
7f4c7527d000-7f4c7527e000 r--p 00001000 08:01 533118                     /usr/lib/x86_64-linux-gnu/libxcb-present.so.0.0.0
7f4c7527e000-7f4c7527f000 rw-p 00002000 08:01 533118                     /usr/lib/x86_64-linux-gnu/libxcb-present.so.0.0.0
7f4c7527f000-7f4c75281000 r-xp 00000000 08:01 533108                     /usr/lib/x86_64-linux-gnu/libxcb-dri3.so.0.0.0
7f4c75281000-7f4c75480000 ---p 00002000 08:01 533108                     /usr/lib/x86_64-linux-gnu/libxcb-dri3.so.0.0.0
7f4c75480000-7f4c75481000 r--p 00001000 08:01 533108                     /usr/lib/x86_64-linux-gnu/libxcb-dri3.so.0.0.0
7f4c75481000-7f4c75482000 rw-p 00002000 08:01 533108                     /usr/lib/x86_64-linux-gnu/libxcb-dri3.so.0.0.0
7f4c75482000-7f4c75485000 r-xp 00000000 08:01 533106                     /usr/lib/x86_64-linux-gnu/libxcb-dri2.so.0.0.0
7f4c75485000-7f4c75685000 ---p 00003000 08:01 533106                     /usr/lib/x86_64-linux-gnu/libxcb-dri2.so.0.0.0
7f4c75685000-7f4c75686000 r--p 00003000 08:01 533106                     /usr/lib/x86_64-linux-gnu/libxcb-dri2.so.0.0.0
7f4c75686000-7f4c75687000 rw-p 00004000 08:01 533106                     /usr/lib/x86_64-linux-gnu/libxcb-dri2.so.0.0.0
7f4c75687000-7f4c7569c000 r-xp 00000000 08:01 533110                     /usr/lib/x86_64-linux-gnu/libxcb-glx.so.0.0.0
7f4c7569c000-7f4c7589b000 ---p 00015000 08:01 533110                     /usr/lib/x86_64-linux-gnu/libxcb-glx.so.0.0.0
7f4c7589b000-7f4c7589d000 r--p 00014000 08:01 533110                     /usr/lib/x86_64-linux-gnu/libxcb-glx.so.0.0.0
7f4c7589d000-7f4c7589e000 rw-p 00016000 08:01 533110                     /usr/lib/x86_64-linux-gnu/libxcb-glx.so.0.0.0
7f4c7589e000-7f4c7589f000 r-xp 00000000 08:01 532064                     /usr/lib/x86_64-linux-gnu/libX11-xcb.so.1.0.0
7f4c7589f000-7f4c75a9e000 ---p 00001000 08:01 532064                     /usr/lib/x86_64-linux-gnu/libX11-xcb.so.1.0.0
7f4c75a9e000-7f4c75a9f000 r--p 00000000 08:01 532064                     /usr/lib/x86_64-linux-gnu/libX11-xcb.so.1.0.0
7f4c75a9f000-7f4c75aa0000 rw-p 00001000 08:01 532064                     /usr/lib/x86_64-linux-gnu/libX11-xcb.so.1.0.0
7f4c75aa0000-7f4c75aa2000 r-xp 00000000 08:01 532079                     /usr/lib/x86_64-linux-gnu/libXdamage.so.1.1.0
7f4c75aa2000-7f4c75ca1000 ---p 00002000 08:01 532079                     /usr/lib/x86_64-linux-gnu/libXdamage.so.1.1.0
7f4c75ca1000-7f4c75ca2000 r--p 00001000 08:01 532079                     /usr/lib/x86_64-linux-gnu/libXdamage.so.1.1.0
7f4c75ca2000-7f4c75ca3000 rw-p 00002000 08:01 532079                     /usr/lib/x86_64-linux-gnu/libXdamage.so.1.1.0
7f4c75ca3000-7f4c75cc7000 r-xp 00000000 08:01 532457                     /usr/lib/x86_64-linux-gnu/libglapi.so.0.0.0
7f4c75cc7000-7f4c75ec7000 ---p 00024000 08:01 532457                     /usr/lib/x86_64-linux-gnu/libglapi.so.0.0.0
7f4c75ec7000-7f4c75eca000 r--p 00024000 08:01 532457                     /usr/lib/x86_64-linux-gnu/libglapi.so.0.0.0
7f4c75eca000-7f4c75ecb000 rw-p 00027000 08:01 532457                     /usr/lib/x86_64-linux-gnu/libglapi.so.0.0.0
7f4c75ecb000-7f4c75ecc000 rw-p 00000000 00:00 0 
7f4c75ecc000-7f4c75f58000 r-xp 00000000 08:01 919126                     /usr/lib/x86_64-linux-gnu/mesa/libGL.so.1.2.0
7f4c75f58000-7f4c76157000 ---p 0008c000 08:01 919126                     /usr/lib/x86_64-linux-gnu/mesa/libGL.so.1.2.0
7f4c76157000-7f4c7615a000 r--p 0008b000 08:01 919126                     /usr/lib/x86_64-linux-gnu/mesa/libGL.so.1.2.0
7f4c7615a000-7f4c7615b000 rw-p 0008e000 08:01 919126                     /usr/lib/x86_64-linux-gnu/mesa/libGL.so.1.2.0
7f4c7615b000-7f4c7615c000 rw-p 00000000 00:00 0 
7f4c7615c000-7f4c76163000 r-xp 00000000 08:01 12845909                   /tmp/jogamp_0000/file_cache/jln5080641285432514458/jln2477480310448001286/libnativewindow_x11.so
7f4c76163000-7f4c76362000 ---p 00007000 08:01 12845909                   /tmp/jogamp_0000/file_cache/jln5080641285432514458/jln2477480310448001286/libnativewindow_x11.so
7f4c76362000-7f4c76363000 rw-p 00006000 08:01 12845909                   /tmp/jogamp_0000/file_cache/jln5080641285432514458/jln2477480310448001286/libnativewindow_x11.so
7f4c76363000-7f4c76367000 r-xp 00000000 08:01 532121                     /usr/lib/x86_64-linux-gnu/libXxf86vm.so.1.0.0
7f4c76367000-7f4c76567000 ---p 00004000 08:01 532121                     /usr/lib/x86_64-linux-gnu/libXxf86vm.so.1.0.0
7f4c76567000-7f4c76568000 r--p 00004000 08:01 532121                     /usr/lib/x86_64-linux-gnu/libXxf86vm.so.1.0.0
7f4c76568000-7f4c76569000 rw-p 00005000 08:01 532121                     /usr/lib/x86_64-linux-gnu/libXxf86vm.so.1.0.0
7f4c76569000-7f4c7656b000 r-xp 00000000 08:01 12845908                   /tmp/jogamp_0000/file_cache/jln5080641285432514458/jln2477480310448001286/libnativewindow_awt.so
7f4c7656b000-7f4c7676a000 ---p 00002000 08:01 12845908                   /tmp/jogamp_0000/file_cache/jln5080641285432514458/jln2477480310448001286/libnativewindow_awt.so
7f4c7676a000-7f4c7676b000 rw-p 00001000 08:01 12845908                   /tmp/jogamp_0000/file_cache/jln5080641285432514458/jln2477480310448001286/libnativewindow_awt.so
7f4c7676b000-7f4c7676c000 r-xp 00000000 08:01 5768800                    /usr/lib/jvm/java-7-openjdk-amd64/jre/lib/amd64/libjawt.so
7f4c7676c000-7f4c7696b000 ---p 00001000 08:01 5768800                    /usr/lib/jvm/java-7-openjdk-amd64/jre/lib/amd64/libjawt.so
7f4c7696b000-7f4c7696c000 r--p 00000000 08:01 5768800                    /usr/lib/jvm/java-7-openjdk-amd64/jre/lib/amd64/libjawt.so
7f4c7696c000-7f4c7696d000 rw-p 00001000 08:01 5768800                    /usr/lib/jvm/java-7-openjdk-amd64/jre/lib/amd64/libjawt.so
7f4c7696d000-7f4c7696f000 r-xp 00000000 08:01 12845905                   /tmp/jogamp_0000/file_cache/jln5080641285432514458/jln2477480310448001286/libgluegen-rt.so
7f4c7696f000-7f4c76b6e000 ---p 00002000 08:01 12845905                   /tmp/jogamp_0000/file_cache/jln5080641285432514458/jln2477480310448001286/libgluegen-rt.so
7f4c76b6e000-7f4c76b6f000 rw-p 00001000 08:01 12845905                   /tmp/jogamp_0000/file_cache/jln5080641285432514458/jln2477480310448001286/libgluegen-rt.so
7f4c76b6f000-7f4c76b72000 ---p 00000000 00:00 0 
7f4c76b72000-7f4c76c70000 rw-p 00000000 00:00 0                          [stack:11240]
7f4c76c70000-7f4c76c73000 ---p 00000000 00:00 0 
7f4c76c73000-7f4c76d71000 rw-p 00000000 00:00 0 
7f4c76d71000-7f4c76d74000 ---p 00000000 00:00 0 
7f4c76d74000-7f4c76e72000 rw-p 00000000 00:00 0                          [stack:11230]
7f4c76e72000-7f4c76e82000 r-xp 00000000 08:01 5768799                    /usr/lib/jvm/java-7-openjdk-amd64/jre/lib/amd64/libnio.so
7f4c76e82000-7f4c77082000 ---p 00010000 08:01 5768799                    /usr/lib/jvm/java-7-openjdk-amd64/jre/lib/amd64/libnio.so
7f4c77082000-7f4c77083000 r--p 00010000 08:01 5768799                    /usr/lib/jvm/java-7-openjdk-amd64/jre/lib/amd64/libnio.so
7f4c77083000-7f4c77084000 rw-p 00011000 08:01 5768799                    /usr/lib/jvm/java-7-openjdk-amd64/jre/lib/amd64/libnio.so
7f4c77084000-7f4c770d6000 r-xp 00000000 08:01 5768803                    /usr/lib/jvm/java-7-openjdk-amd64/jre/lib/amd64/libfontmanager.so
7f4c770d6000-7f4c772d5000 ---p 00052000 08:01 5768803                    /usr/lib/jvm/java-7-openjdk-amd64/jre/lib/amd64/libfontmanager.so
7f4c772d5000-7f4c772d8000 r--p 00051000 08:01 5768803                    /usr/lib/jvm/java-7-openjdk-amd64/jre/lib/amd64/libfontmanager.so
7f4c772d8000-7f4c772d9000 rw-p 00054000 08:01 5768803                    /usr/lib/jvm/java-7-openjdk-amd64/jre/lib/amd64/libfontmanager.so
7f4c772d9000-7f4c772dc000 ---p 00000000 00:00 0 
7f4c772dc000-7f4c773da000 rw-p 00000000 00:00 0                          [stack:11227]
7f4c773da000-7f4c773dd000 ---p 00000000 00:00 0 
7f4c773dd000-7f4c774db000 rw-p 00000000 00:00 0                          [stack:11225]
7f4c774db000-7f4c774de000 ---p 00000000 00:00 0 
7f4c774de000-7f4c775dc000 rw-p 00000000 00:00 0                          [stack:11226]
7f4c775dc000-7f4c775df000 ---p 00000000 00:00 0 
7f4c775df000-7f4c776dd000 rw-p 00000000 00:00 0                          [stack:11223]
7f4c776dd000-7f4c776e2000 r-xp 00000000 08:01 527015                     /usr/lib/x86_64-linux-gnu/libXfixes.so.3.1.0
7f4c776e2000-7f4c778e1000 ---p 00005000 08:01 527015                     /usr/lib/x86_64-linux-gnu/libXfixes.so.3.1.0
7f4c778e1000-7f4c778e2000 r--p 00004000 08:01 527015                     /usr/lib/x86_64-linux-gnu/libXfixes.so.3.1.0
7f4c778e2000-7f4c778e3000 rw-p 00005000 08:01 527015                     /usr/lib/x86_64-linux-gnu/libXfixes.so.3.1.0
7f4c778e3000-7f4c778ec000 r-xp 00000000 08:01 532077                     /usr/lib/x86_64-linux-gnu/libXcursor.so.1.0.2
7f4c778ec000-7f4c77aeb000 ---p 00009000 08:01 532077                     /usr/lib/x86_64-linux-gnu/libXcursor.so.1.0.2
7f4c77aeb000-7f4c77aec000 r--p 00008000 08:01 532077                     /usr/lib/x86_64-linux-gnu/libXcursor.so.1.0.2
7f4c77aec000-7f4c77aed000 rw-p 00009000 08:01 532077                     /usr/lib/x86_64-linux-gnu/libXcursor.so.1.0.2
7f4c77aed000-7f4c77af0000 ---p 00000000 00:00 0 
7f4c77af0000-7f4c77bee000 rw-p 00000000 00:00 0                          [stack:11222]
7f4c77bee000-7f4c77c05000 r-xp 00000000 08:01 5768826                    /usr/lib/jvm/java-7-openjdk-amd64/jre/lib/amd64/libnet.so
7f4c77c05000-7f4c77e04000 ---p 00017000 08:01 5768826                    /usr/lib/jvm/java-7-openjdk-amd64/jre/lib/amd64/libnet.so
7f4c77e04000-7f4c77e05000 r--p 00016000 08:01 5768826                    /usr/lib/jvm/java-7-openjdk-amd64/jre/lib/amd64/libnet.so
7f4c77e05000-7f4c77e06000 rw-p 00017000 08:01 5768826                    /usr/lib/jvm/java-7-openjdk-amd64/jre/lib/amd64/libnet.so
7f4c77e06000-7f4c77e0a000 r-xp 00000000 08:01 15732704                   /lib/x86_64-linux-gnu/libgpg-error.so.0.10.0
7f4c77e0a000-7f4c78009000 ---p 00004000 08:01 15732704                   /lib/x86_64-linux-gnu/libgpg-error.so.0.10.0
7f4c78009000-7f4c7800a000 r--p 00003000 08:01 15732704                   /lib/x86_64-linux-gnu/libgpg-error.so.0.10.0
7f4c7800a000-7f4c7800b000 rw-p 00004000 08:01 15732704                   /lib/x86_64-linux-gnu/libgpg-error.so.0.10.0
7f4c7800b000-7f4c7800d000 r-xp 00000000 08:01 15732714                   /lib/x86_64-linux-gnu/libkeyutils.so.1.4
7f4c7800d000-7f4c7820d000 ---p 00002000 08:01 15732714                   /lib/x86_64-linux-gnu/libkeyutils.so.1.4
7f4c7820d000-7f4c7820e000 r--p 00002000 08:01 15732714                   /lib/x86_64-linux-gnu/libkeyutils.so.1.4
7f4c7820e000-7f4c7820f000 rw-p 00003000 08:01 15732714                   /lib/x86_64-linux-gnu/libkeyutils.so.1.4
7f4c7820f000-7f4c7824c000 r-xp 00000000 08:01 15728745                   /lib/x86_64-linux-gnu/libpcre.so.3.13.1
7f4c7824c000-7f4c7844b000 ---p 0003d000 08:01 15728745                   /lib/x86_64-linux-gnu/libpcre.so.3.13.1
7f4c7844b000-7f4c7844c000 r--p 0003c000 08:01 15728745                   /lib/x86_64-linux-gnu/libpcre.so.3.13.1
7f4c7844c000-7f4c7844d000 rw-p 0003d000 08:01 15728745                   /lib/x86_64-linux-gnu/libpcre.so.3.13.1
7f4c7844d000-7f4c78472000 r-xp 00000000 08:01 15732786                   /lib/x86_64-linux-gnu/libpng12.so.0.50.0
7f4c78472000-7f4c78671000 ---p 00025000 08:01 15732786                   /lib/x86_64-linux-gnu/libpng12.so.0.50.0
7f4c78671000-7f4c78672000 r--p 00024000 08:01 15732786                   /lib/x86_64-linux-gnu/libpng12.so.0.50.0
7f4c78672000-7f4c78673000 rw-p 00025000 08:01 15732786                   /lib/x86_64-linux-gnu/libpng12.so.0.50.0
7f4c78673000-7f4c786b7000 r-xp 00000000 08:01 15732685                   /lib/x86_64-linux-gnu/libdbus-1.so.3.7.6
7f4c786b7000-7f4c788b6000 ---p 00044000 08:01 15732685                   /lib/x86_64-linux-gnu/libdbus-1.so.3.7.6
7f4c788b6000-7f4c788b7000 r--p 00043000 08:01 15732685                   /lib/x86_64-linux-gnu/libdbus-1.so.3.7.6
7f4c788b7000-7f4c788b8000 rw-p 00044000 08:01 15732685                   /lib/x86_64-linux-gnu/libdbus-1.so.3.7.6
7f4c788b8000-7f4c788f3000 r-xp 00000000 08:01 532797                     /usr/lib/x86_64-linux-gnu/libp11-kit.so.0.0.0
7f4c788f3000-7f4c78af2000 ---p 0003b000 08:01 532797                     /usr/lib/x86_64-linux-gnu/libp11-kit.so.0.0.0
7f4c78af2000-7f4c78af8000 r--p 0003a000 08:01 532797                     /usr/lib/x86_64-linux-gnu/libp11-kit.so.0.0.0
7f4c78af8000-7f4c78afa000 rw-p 00040000 08:01 532797                     /usr/lib/x86_64-linux-gnu/libp11-kit.so.0.0.0
7f4c78afa000-7f4c78b0c000 r-xp 00000000 08:01 526101                     /usr/lib/x86_64-linux-gnu/libtasn1.so.6.2.0
7f4c78b0c000-7f4c78d0c000 ---p 00012000 08:01 526101                     /usr/lib/x86_64-linux-gnu/libtasn1.so.6.2.0
7f4c78d0c000-7f4c78d0d000 r--p 00012000 08:01 526101                     /usr/lib/x86_64-linux-gnu/libtasn1.so.6.2.0
7f4c78d0d000-7f4c78d0e000 rw-p 00013000 08:01 526101                     /usr/lib/x86_64-linux-gnu/libtasn1.so.6.2.0
7f4c78d0e000-7f4c78d8a000 r-xp 00000000 08:01 15732984                   /lib/x86_64-linux-gnu/libgcrypt.so.11.8.2
7f4c78d8a000-7f4c78f8a000 ---p 0007c000 08:01 15732984                   /lib/x86_64-linux-gnu/libgcrypt.so.11.8.2
7f4c78f8a000-7f4c78f8b000 r--p 0007c000 08:01 15732984                   /lib/x86_64-linux-gnu/libgcrypt.so.11.8.2
7f4c78f8b000-7f4c78f8e000 rw-p 0007d000 08:01 15732984                   /lib/x86_64-linux-gnu/libgcrypt.so.11.8.2
7f4c78f8e000-7f4c78f98000 r-xp 00000000 08:01 532680                     /usr/lib/x86_64-linux-gnu/libkrb5support.so.0.1
7f4c78f98000-7f4c79197000 ---p 0000a000 08:01 532680                     /usr/lib/x86_64-linux-gnu/libkrb5support.so.0.1
7f4c79197000-7f4c79198000 r--p 00009000 08:01 532680                     /usr/lib/x86_64-linux-gnu/libkrb5support.so.0.1
7f4c79198000-7f4c79199000 rw-p 0000a000 08:01 532680                     /usr/lib/x86_64-linux-gnu/libkrb5support.so.0.1
7f4c79199000-7f4c7919c000 r-xp 00000000 08:01 15732977                   /lib/x86_64-linux-gnu/libcom_err.so.2.1
7f4c7919c000-7f4c7939b000 ---p 00003000 08:01 15732977                   /lib/x86_64-linux-gnu/libcom_err.so.2.1
7f4c7939b000-7f4c7939c000 r--p 00002000 08:01 15732977                   /lib/x86_64-linux-gnu/libcom_err.so.2.1
7f4c7939c000-7f4c7939d000 rw-p 00003000 08:01 15732977                   /lib/x86_64-linux-gnu/libcom_err.so.2.1
7f4c7939d000-7f4c793c9000 r-xp 00000000 08:01 532674                     /usr/lib/x86_64-linux-gnu/libk5crypto.so.3.1
7f4c793c9000-7f4c795c8000 ---p 0002c000 08:01 532674                     /usr/lib/x86_64-linux-gnu/libk5crypto.so.3.1
7f4c795c8000-7f4c795ca000 r--p 0002b000 08:01 532674                     /usr/lib/x86_64-linux-gnu/libk5crypto.so.3.1
7f4c795ca000-7f4c795cb000 rw-p 0002d000 08:01 532674                     /usr/lib/x86_64-linux-gnu/libk5crypto.so.3.1
7f4c795cb000-7f4c795cc000 rw-p 00000000 00:00 0 
7f4c795cc000-7f4c79688000 r-xp 00000000 08:01 532678                     /usr/lib/x86_64-linux-gnu/libkrb5.so.3.3
7f4c79688000-7f4c79888000 ---p 000bc000 08:01 532678                     /usr/lib/x86_64-linux-gnu/libkrb5.so.3.3
7f4c79888000-7f4c79895000 r--p 000bc000 08:01 532678                     /usr/lib/x86_64-linux-gnu/libkrb5.so.3.3
7f4c79895000-7f4c79897000 rw-p 000c9000 08:01 532678                     /usr/lib/x86_64-linux-gnu/libkrb5.so.3.3
7f4c79897000-7f4c7989c000 r-xp 00000000 08:01 532081                     /usr/lib/x86_64-linux-gnu/libXdmcp.so.6.0.0
7f4c7989c000-7f4c79a9b000 ---p 00005000 08:01 532081                     /usr/lib/x86_64-linux-gnu/libXdmcp.so.6.0.0
7f4c79a9b000-7f4c79a9c000 r--p 00004000 08:01 532081                     /usr/lib/x86_64-linux-gnu/libXdmcp.so.6.0.0
7f4c79a9c000-7f4c79a9d000 rw-p 00005000 08:01 532081                     /usr/lib/x86_64-linux-gnu/libXdmcp.so.6.0.0
7f4c79a9d000-7f4c79a9f000 r-xp 00000000 08:01 532070                     /usr/lib/x86_64-linux-gnu/libXau.so.6.0.0
7f4c79a9f000-7f4c79c9f000 ---p 00002000 08:01 532070                     /usr/lib/x86_64-linux-gnu/libXau.so.6.0.0
7f4c79c9f000-7f4c79ca0000 r--p 00002000 08:01 532070                     /usr/lib/x86_64-linux-gnu/libXau.so.6.0.0
7f4c79ca0000-7f4c79ca1000 rw-p 00003000 08:01 532070                     /usr/lib/x86_64-linux-gnu/libXau.so.6.0.0
7f4c79ca1000-7f4c79ca8000 r-xp 00000000 08:01 532352                     /usr/lib/x86_64-linux-gnu/libffi.so.6.0.1
7f4c79ca8000-7f4c79ea7000 ---p 00007000 08:01 532352                     /usr/lib/x86_64-linux-gnu/libffi.so.6.0.1
7f4c79ea7000-7f4c79ea8000 r--p 00006000 08:01 532352                     /usr/lib/x86_64-linux-gnu/libffi.so.6.0.1
7f4c79ea8000-7f4c79ea9000 rw-p 00007000 08:01 532352                     /usr/lib/x86_64-linux-gnu/libffi.so.6.0.1
7f4c79ea9000-7f4c79ec0000 r-xp 00000000 08:01 15728645                   /lib/x86_64-linux-gnu/libresolv-2.19.so
7f4c79ec0000-7f4c7a0c0000 ---p 00017000 08:01 15728645                   /lib/x86_64-linux-gnu/libresolv-2.19.so
7f4c7a0c0000-7f4c7a0c1000 r--p 00017000 08:01 15728645                   /lib/x86_64-linux-gnu/libresolv-2.19.so
7f4c7a0c1000-7f4c7a0c2000 rw-p 00018000 08:01 15728645                   /lib/x86_64-linux-gnu/libresolv-2.19.so
7f4c7a0c2000-7f4c7a0c4000 rw-p 00000000 00:00 0 
7f4c7a0c4000-7f4c7a0e4000 r-xp 00000000 08:01 15732801                   /lib/x86_64-linux-gnu/libselinux.so.1
7f4c7a0e4000-7f4c7a2e3000 ---p 00020000 08:01 15732801                   /lib/x86_64-linux-gnu/libselinux.so.1
7f4c7a2e3000-7f4c7a2e4000 r--p 0001f000 08:01 15732801                   /lib/x86_64-linux-gnu/libselinux.so.1
7f4c7a2e4000-7f4c7a2e5000 rw-p 00020000 08:01 15732801                   /lib/x86_64-linux-gnu/libselinux.so.1
7f4c7a2e5000-7f4c7a2e7000 rw-p 00000000 00:00 0 
7f4c7a2e7000-7f4c7a3ed000 r-xp 00000000 08:01 15732702                   /lib/x86_64-linux-gnu/libglib-2.0.so.0.4002.0
7f4c7a3ed000-7f4c7a5ec000 ---p 00106000 08:01 15732702                   /lib/x86_64-linux-gnu/libglib-2.0.so.0.4002.0
7f4c7a5ec000-7f4c7a5ed000 r--p 00105000 08:01 15732702                   /lib/x86_64-linux-gnu/libglib-2.0.so.0.4002.0
7f4c7a5ed000-7f4c7a5ee000 rw-p 00106000 08:01 15732702                   /lib/x86_64-linux-gnu/libglib-2.0.so.0.4002.0
7f4c7a5ee000-7f4c7a5ef000 rw-p 00000000 00:00 0 
7f4c7a5ef000-7f4c7a5f2000 r-xp 00000000 08:01 532465                     /usr/lib/x86_64-linux-gnu/libgmodule-2.0.so.0.4002.0
7f4c7a5f2000-7f4c7a7f1000 ---p 00003000 08:01 532465                     /usr/lib/x86_64-linux-gnu/libgmodule-2.0.so.0.4002.0
7f4c7a7f1000-7f4c7a7f2000 r--p 00002000 08:01 532465                     /usr/lib/x86_64-linux-gnu/libgmodule-2.0.so.0.4002.0
7f4c7a7f2000-7f4c7a7f3000 rw-p 00003000 08:01 532465                     /usr/lib/x86_64-linux-gnu/libgmodule-2.0.so.0.4002.0
7f4c7a7f3000-7f4c7a81a000 r-xp 00000000 08:01 15732693                   /lib/x86_64-linux-gnu/libexpat.so.1.6.0
7f4c7a81a000-7f4c7aa1a000 ---p 00027000 08:01 15732693                   /lib/x86_64-linux-gnu/libexpat.so.1.6.0
7f4c7aa1a000-7f4c7aa1c000 r--p 00027000 08:01 15732693                   /lib/x86_64-linux-gnu/libexpat.so.1.6.0
7f4c7aa1c000-7f4c7aa1d000 rw-p 00029000 08:01 15732693                   /lib/x86_64-linux-gnu/libexpat.so.1.6.0
7f4c7aa1d000-7f4c7aaba000 r-xp 00000000 08:01 527024                     /usr/lib/x86_64-linux-gnu/libfreetype.so.6.11.1
7f4c7aaba000-7f4c7acb9000 ---p 0009d000 08:01 527024                     /usr/lib/x86_64-linux-gnu/libfreetype.so.6.11.1
7f4c7acb9000-7f4c7acbf000 r--p 0009c000 08:01 527024                     /usr/lib/x86_64-linux-gnu/libfreetype.so.6.11.1
7f4c7acbf000-7f4c7acc0000 rw-p 000a2000 08:01 527024                     /usr/lib/x86_64-linux-gnu/libfreetype.so.6.11.1
7f4c7acc0000-7f4c7accf000 r-xp 00000000 08:01 532174                     /usr/lib/x86_64-linux-gnu/libavahi-client.so.3.2.9
7f4c7accf000-7f4c7aecf000 ---p 0000f000 08:01 532174                     /usr/lib/x86_64-linux-gnu/libavahi-client.so.3.2.9
7f4c7aecf000-7f4c7aed0000 r--p 0000f000 08:01 532174                     /usr/lib/x86_64-linux-gnu/libavahi-client.so.3.2.9
7f4c7aed0000-7f4c7aed1000 rw-p 00010000 08:01 532174                     /usr/lib/x86_64-linux-gnu/libavahi-client.so.3.2.9
7f4c7aed1000-7f4c7aedc000 r-xp 00000000 08:01 532176                     /usr/lib/x86_64-linux-gnu/libavahi-common.so.3.5.3
7f4c7aedc000-7f4c7b0db000 ---p 0000b000 08:01 532176                     /usr/lib/x86_64-linux-gnu/libavahi-common.so.3.5.3
7f4c7b0db000-7f4c7b0dc000 r--p 0000a000 08:01 532176                     /usr/lib/x86_64-linux-gnu/libavahi-common.so.3.5.3
7f4c7b0dc000-7f4c7b0dd000 rw-p 0000b000 08:01 532176                     /usr/lib/x86_64-linux-gnu/libavahi-common.so.3.5.3
7f4c7b0dd000-7f4c7b193000 r-xp 00000000 08:01 526935                     /usr/lib/x86_64-linux-gnu/libgnutls.so.26.22.6
7f4c7b193000-7f4c7b393000 ---p 000b6000 08:01 526935                     /usr/lib/x86_64-linux-gnu/libgnutls.so.26.22.6
7f4c7b393000-7f4c7b399000 r--p 000b6000 08:01 526935                     /usr/lib/x86_64-linux-gnu/libgnutls.so.26.22.6
7f4c7b399000-7f4c7b39a000 rw-p 000bc000 08:01 526935                     /usr/lib/x86_64-linux-gnu/libgnutls.so.26.22.6
7f4c7b39a000-7f4c7b39b000 rw-p 00000000 00:00 0 
7f4c7b39b000-7f4c7b3de000 r-xp 00000000 08:01 532508                     /usr/lib/x86_64-linux-gnu/libgssapi_krb5.so.2.2
7f4c7b3de000-7f4c7b5de000 ---p 00043000 08:01 532508                     /usr/lib/x86_64-linux-gnu/libgssapi_krb5.so.2.2
7f4c7b5de000-7f4c7b5df000 r--p 00043000 08:01 532508                     /usr/lib/x86_64-linux-gnu/libgssapi_krb5.so.2.2
7f4c7b5df000-7f4c7b5e1000 rw-p 00044000 08:01 532508                     /usr/lib/x86_64-linux-gnu/libgssapi_krb5.so.2.2
7f4c7b5e1000-7f4c7b5fe000 r-xp 00000000 08:01 533138                     /usr/lib/x86_64-linux-gnu/libxcb.so.1.1.0
7f4c7b5fe000-7f4c7b7fe000 ---p 0001d000 08:01 533138                     /usr/lib/x86_64-linux-gnu/libxcb.so.1.1.0
7f4c7b7fe000-7f4c7b7ff000 r--p 0001d000 08:01 533138                     /usr/lib/x86_64-linux-gnu/libxcb.so.1.1.0
7f4c7b7ff000-7f4c7b800000 rw-p 0001e000 08:01 533138                     /usr/lib/x86_64-linux-gnu/libxcb.so.1.1.0
7f4c7b800000-7f4c7b84f000 r-xp 00000000 08:01 532481                     /usr/lib/x86_64-linux-gnu/libgobject-2.0.so.0.4002.0
7f4c7b84f000-7f4c7ba4f000 ---p 0004f000 08:01 532481                     /usr/lib/x86_64-linux-gnu/libgobject-2.0.so.0.4002.0
7f4c7ba4f000-7f4c7ba50000 r--p 0004f000 08:01 532481                     /usr/lib/x86_64-linux-gnu/libgobject-2.0.so.0.4002.0
7f4c7ba50000-7f4c7ba51000 rw-p 00050000 08:01 532481                     /usr/lib/x86_64-linux-gnu/libgobject-2.0.so.0.4002.0
7f4c7ba51000-7f4c7bbbd000 r-xp 00000000 08:01 532453                     /usr/lib/x86_64-linux-gnu/libgio-2.0.so.0.4002.0
7f4c7bbbd000-7f4c7bdbc000 ---p 0016c000 08:01 532453                     /usr/lib/x86_64-linux-gnu/libgio-2.0.so.0.4002.0
7f4c7bdbc000-7f4c7bdc0000 r--p 0016b000 08:01 532453                     /usr/lib/x86_64-linux-gnu/libgio-2.0.so.0.4002.0
7f4c7bdc0000-7f4c7bdc2000 rw-p 0016f000 08:01 532453                     /usr/lib/x86_64-linux-gnu/libgio-2.0.so.0.4002.0
7f4c7bdc2000-7f4c7bdc4000 rw-p 00000000 00:00 0 
7f4c7bdc4000-7f4c7bdfe000 r-xp 00000000 08:01 532366                     /usr/lib/x86_64-linux-gnu/libfontconfig.so.1.8.0
7f4c7bdfe000-7f4c7bffd000 ---p 0003a000 08:01 532366                     /usr/lib/x86_64-linux-gnu/libfontconfig.so.1.8.0
7f4c7bffd000-7f4c7bfff000 r--p 00039000 08:01 532366                     /usr/lib/x86_64-linux-gnu/libfontconfig.so.1.8.0
7f4c7bfff000-7f4c7c000000 rw-p 0003b000 08:01 532366                     /usr/lib/x86_64-linux-gnu/libfontconfig.so.1.8.0
7f4c7c000000-7f4c7c052000 rw-p 00000000 00:00 0 
7f4c7c052000-7f4c80000000 ---p 00000000 00:00 0 
7f4c80000000-7f4c80066000 rw-p 00000000 00:00 0 
7f4c80066000-7f4c84000000 ---p 00000000 00:00 0 
7f4c84000000-7f4c848ac000 rw-p 00000000 00:00 0 
7f4c848ac000-7f4c88000000 ---p 00000000 00:00 0 
7f4c88000000-7f4c885fd000 rw-p 00000000 00:00 0 
7f4c885fd000-7f4c8c000000 ---p 00000000 00:00 0 
7f4c8c000000-7f4c8c05d000 rw-p 00000000 00:00 0 
7f4c8c05d000-7f4c90000000 ---p 00000000 00:00 0 
7f4c90000000-7f4c9003d000 rw-p 00000000 00:00 0 
7f4c9003d000-7f4c94000000 ---p 00000000 00:00 0 
7f4c94000000-7f4c94058000 rw-p 00000000 00:00 0 
7f4c94058000-7f4c98000000 ---p 00000000 00:00 0 
7f4c98000000-7f4c98063000 rw-p 00000000 00:00 0 
7f4c98063000-7f4c9c000000 ---p 00000000 00:00 0 
7f4c9c000000-7f4c9c021000 rw-p 00000000 00:00 0 
7f4c9c021000-7f4ca0000000 ---p 00000000 00:00 0 
7f4ca0000000-7f4ca0001000 rw-s 12d11b000 00:05 1913                      /dev/dri/card0
7f4ca0055000-7f4ca0065000 rw-s 12b3ef000 00:05 1913                      /dev/dri/card0
7f4ca0065000-7f4ca0075000 rw-s 12aadf000 00:05 1913                      /dev/dri/card0
7f4ca0075000-7f4ca0085000 rw-s 12a9b4000 00:05 1913                      /dev/dri/card0
7f4ca0085000-7f4ca0095000 rw-s 12a9a4000 00:05 1913                      /dev/dri/card0
7f4ca0095000-7f4ca0098000 ---p 00000000 00:00 0 
7f4ca0098000-7f4ca00ff000 rw-p 00000000 00:00 0 
7f4ca00ff000-7f4ca0122000 r--s 002ec000 08:01 1994511                    /home/hannan/workspace/UCSDUnfoldingMaps/lib/jogl-all.jar
7f4ca0122000-7f4ca018e000 r-xp 00000000 08:01 524410                     /usr/lib/x86_64-linux-gnu/libcups.so.2
7f4ca018e000-7f4ca038e000 ---p 0006c000 08:01 524410                     /usr/lib/x86_64-linux-gnu/libcups.so.2
7f4ca038e000-7f4ca0395000 r--p 0006c000 08:01 524410                     /usr/lib/x86_64-linux-gnu/libcups.so.2
7f4ca0395000-7f4ca0396000 rw-p 00073000 08:01 524410                     /usr/lib/x86_64-linux-gnu/libcups.so.2
7f4ca0396000-7f4ca03a5000 r-xp 00000000 08:01 527017                     /usr/lib/x86_64-linux-gnu/libXi.so.6.1.0
7f4ca03a5000-7f4ca05a4000 ---p 0000f000 08:01 527017                     /usr/lib/x86_64-linux-gnu/libXi.so.6.1.0
7f4ca05a4000-7f4ca05a5000 r--p 0000e000 08:01 527017                     /usr/lib/x86_64-linux-gnu/libXi.so.6.1.0
7f4ca05a5000-7f4ca05a6000 rw-p 0000f000 08:01 527017                     /usr/lib/x86_64-linux-gnu/libXi.so.6.1.0
7f4ca05a6000-7f4ca05ab000 r-xp 00000000 08:01 532111                     /usr/lib/x86_64-linux-gnu/libXtst.so.6.1.0
7f4ca05ab000-7f4ca07aa000 ---p 00005000 08:01 532111                     /usr/lib/x86_64-linux-gnu/libXtst.so.6.1.0
7f4ca07aa000-7f4ca07ab000 r--p 00004000 08:01 532111                     /usr/lib/x86_64-linux-gnu/libXtst.so.6.1.0
7f4ca07ab000-7f4ca07ac000 rw-p 00005000 08:01 532111                     /usr/lib/x86_64-linux-gnu/libXtst.so.6.1.0
7f4ca07ac000-7f4ca07b5000 r-xp 00000000 08:01 527019                     /usr/lib/x86_64-linux-gnu/libXrender.so.1.3.0
7f4ca07b5000-7f4ca09b4000 ---p 00009000 08:01 527019                     /usr/lib/x86_64-linux-gnu/libXrender.so.1.3.0
7f4ca09b4000-7f4ca09b5000 r--p 00008000 08:01 527019                     /usr/lib/x86_64-linux-gnu/libXrender.so.1.3.0
7f4ca09b5000-7f4ca09b6000 rw-p 00009000 08:01 527019                     /usr/lib/x86_64-linux-gnu/libXrender.so.1.3.0
7f4ca09b6000-7f4ca0ae6000 r-xp 00000000 08:01 532066                     /usr/lib/x86_64-linux-gnu/libX11.so.6.3.0
7f4ca0ae6000-7f4ca0ce6000 ---p 00130000 08:01 532066                     /usr/lib/x86_64-linux-gnu/libX11.so.6.3.0
7f4ca0ce6000-7f4ca0ce7000 r--p 00130000 08:01 532066                     /usr/lib/x86_64-linux-gnu/libX11.so.6.3.0
7f4ca0ce7000-7f4ca0ceb000 rw-p 00131000 08:01 532066                     /usr/lib/x86_64-linux-gnu/libX11.so.6.3.0
7f4ca0ceb000-7f4ca0cfc000 r-xp 00000000 08:01 526957                     /usr/lib/x86_64-linux-gnu/libXext.so.6.4.0
7f4ca0cfc000-7f4ca0efb000 ---p 00011000 08:01 526957                     /usr/lib/x86_64-linux-gnu/libXext.so.6.4.0
7f4ca0efb000-7f4ca0efc000 r--p 00010000 08:01 526957                     /usr/lib/x86_64-linux-gnu/libXext.so.6.4.0
7f4ca0efc000-7f4ca0efd000 rw-p 00011000 08:01 526957                     /usr/lib/x86_64-linux-gnu/libXext.so.6.4.0
7f4ca0efd000-7f4ca0efe000 rw-s 12cc50000 00:05 1913                      /dev/dri/card0
7f4ca0efe000-7f4ca0f0e000 rw-s 12aa62000 00:05 1913                      /dev/dri/card0
7f4ca0f0e000-7f4ca0f1e000 rw-s 12aa52000 00:05 1913                      /dev/dri/card0
7f4ca0f1e000-7f4ca0f66000 r-xp 00000000 08:01 5768962                    /usr/lib/jvm/java-7-openjdk-amd64/jre/lib/amd64/xawt/libmawt.so
7f4ca0f66000-7f4ca1165000 ---p 00048000 08:01 5768962                    /usr/lib/jvm/java-7-openjdk-amd64/jre/lib/amd64/xawt/libmawt.so
7f4ca1165000-7f4ca1166000 r--p 00047000 08:01 5768962                    /usr/lib/jvm/java-7-openjdk-amd64/jre/lib/amd64/xawt/libmawt.so
7f4ca1166000-7f4ca1169000 rw-p 00048000 08:01 5768962                    /usr/lib/jvm/java-7-openjdk-amd64/jre/lib/amd64/xawt/libmawt.so
7f4ca1169000-7f4ca116a000 rw-p 00000000 00:00 0 
7f4ca116a000-7f4ca120a000 r-xp 00000000 08:01 5768744                    /usr/lib/jvm/java-7-openjdk-amd64/jre/lib/amd64/libawt.so
7f4ca120a000-7f4ca140a000 ---p 000a0000 08:01 5768744                    /usr/lib/jvm/java-7-openjdk-amd64/jre/lib/amd64/libawt.so
7f4ca140a000-7f4ca140b000 r--p 000a0000 08:01 5768744                    /usr/lib/jvm/java-7-openjdk-amd64/jre/lib/amd64/libawt.so
7f4ca140b000-7f4ca1416000 rw-p 000a1000 08:01 5768744                    /usr/lib/jvm/java-7-openjdk-amd64/jre/lib/amd64/libawt.so
7f4ca1416000-7f4ca143b000 rw-p 00000000 00:00 0 
7f4ca143b000-7f4ca143c000 ---p 00000000 00:00 0 
7f4ca143c000-7f4ca153c000 rw-p 00000000 00:00 0                          [stack:11221]
7f4ca153c000-7f4ca153f000 ---p 00000000 00:00 0 
7f4ca153f000-7f4ca163d000 rw-p 00000000 00:00 0                          [stack:11220]
7f4ca163d000-7f4ca1640000 ---p 00000000 00:00 0 
7f4ca1640000-7f4ca173e000 rw-p 00000000 00:00 0                          [stack:11219]
7f4ca173e000-7f4ca1e20000 r--p 00000000 08:01 531074                     /usr/lib/locale/locale-archive
7f4ca1e20000-7f4ca4000000 rw-p 00000000 00:00 0 
7f4ca4000000-7f4ca4021000 rw-p 00000000 00:00 0 
7f4ca4021000-7f4ca8000000 ---p 00000000 00:00 0 
7f4ca8000000-7f4ca8001000 rw-s 12dbbb000 00:05 1913                      /dev/dri/card0
7f4ca8003000-7f4ca8004000 rw-p 00000000 00:00 0 
7f4ca8004000-7f4ca8005000 rw-s 12a86b000 00:05 1913                      /dev/dri/card0
7f4ca8005000-7f4ca8006000 rw-s 12a86a000 00:05 1913                      /dev/dri/card0
7f4ca8006000-7f4ca8007000 rw-s 12a869000 00:05 1913                      /dev/dri/card0
7f4ca8007000-7f4ca8008000 rw-s 12a43f000 00:05 1913                      /dev/dri/card0
7f4ca8008000-7f4ca8009000 rw-s 12a43e000 00:05 1913                      /dev/dri/card0
7f4ca8009000-7f4ca800a000 rw-s 12b413000 00:05 1913                      /dev/dri/card0
7f4ca800a000-7f4ca800b000 rw-s 12b412000 00:05 1913                      /dev/dri/card0
7f4ca800b000-7f4ca800c000 rw-s 12b401000 00:05 1913                      /dev/dri/card0
7f4ca800c000-7f4ca800d000 rw-s 12b400000 00:05 1913                      /dev/dri/card0
7f4ca800d000-7f4ca800e000 rw-s 12b3ff000 00:05 1913                      /dev/dri/card0
7f4ca800e000-7f4ca800f000 rwxp 00000000 00:00 0 
7f4ca800f000-7f4ca8011000 r--s 00000000 08:01 1994512                    /home/hannan/workspace/UCSDUnfoldingMaps/lib/gluegen-rt-natives-linux-amd64.jar
7f4ca8011000-7f4ca8016000 r--s 0004d000 08:01 2105410                    /usr/lib/jvm/java-7-openjdk-amd64/jre/lib/jsse.jar
7f4ca8016000-7f4ca8020000 r--s 000ae000 08:01 2105406                    /usr/lib/jvm/java-7-openjdk-amd64/jre/lib/resources.jar
7f4ca8020000-7f4ca8023000 ---p 00000000 00:00 0 
7f4ca8023000-7f4ca8121000 rw-p 00000000 00:00 0                          [stack:11218]
7f4ca8121000-7f4ca8124000 ---p 00000000 00:00 0 
7f4ca8124000-7f4ca8222000 rw-p 00000000 00:00 0                          [stack:11217]
7f4ca8222000-7f4ca8225000 ---p 00000000 00:00 0 
7f4ca8225000-7f4ca8323000 rw-p 00000000 00:00 0                          [stack:11216]
7f4ca8323000-7f4ca8326000 ---p 00000000 00:00 0 
7f4ca8326000-7f4ca8424000 rw-p 00000000 00:00 0                          [stack:11215]
7f4ca8424000-7f4ca8425000 ---p 00000000 00:00 0 
7f4ca8425000-7f4ca8e4f000 rw-p 00000000 00:00 0                          [stack:11214]
7f4ca8e4f000-7f4ca9000000 r--s 01d27000 08:01 2105407                    /usr/lib/jvm/java-7-openjdk-amd64/jre/lib/rt.jar
7f4ca9000000-7f4ca9270000 rwxp 00000000 00:00 0 
7f4ca9270000-7f4cac28a000 rw-p 00000000 00:00 0 
7f4cac28a000-7f4cb0000000 ---p 00000000 00:00 0 
7f4cb0000000-7f4cb0001000 r--s 0002f000 08:01 1994494                    /home/hannan/workspace/UCSDUnfoldingMaps/lib/jogl-all-natives-linux-amd64.jar
7f4cb0001000-7f4cb0002000 r--p 00000000 00:00 0 
7f4cb0002000-7f4cb0008000 r--s 00033000 08:01 1994495                    /home/hannan/workspace/UCSDUnfoldingMaps/lib/unfolding.0.9.7-uscd.jar
7f4cb0008000-7f4cb0009000 r--s 00005000 08:01 1994509                    /home/hannan/workspace/UCSDUnfoldingMaps/lib/libTUIO.jar
7f4cb0009000-7f4cb000a000 r--s 00007000 08:01 1994503                    /home/hannan/workspace/UCSDUnfoldingMaps/lib/json4processing.jar
7f4cb000a000-7f4cb000f000 r--s 00309000 08:01 1994499                    /home/hannan/workspace/UCSDUnfoldingMaps/lib/sqlite-jdbc-3.7.2.jar
7f4cb000f000-7f4cb0016000 r--s 00059000 08:01 1994497                    /home/hannan/workspace/UCSDUnfoldingMaps/lib/log4j-1.2.15.jar
7f4cb0016000-7f4cb001c000 r--s 00041000 08:01 1994506                    /home/hannan/workspace/UCSDUnfoldingMaps/lib/gluegen-rt.jar
7f4cb001c000-7f4cb03be000 rw-p 00000000 00:00 0 
7f4cb03be000-7f4cb03bf000 ---p 00000000 00:00 0 
7f4cb03bf000-7f4cb04bf000 rw-p 00000000 00:00 0                          [stack:11213]
7f4cb04bf000-7f4cb04c0000 ---p 00000000 00:00 0 
7f4cb04c0000-7f4cb05cb000 rw-p 00000000 00:00 0                          [stack:11212]
7f4cb05cb000-7f4cb0613000 rw-p 00000000 00:00 0 
7f4cb0613000-7f4cb0626000 rw-p 00000000 00:00 0 
7f4cb0626000-7f4cb0745000 rw-p 00000000 00:00 0 
7f4cb0745000-7f4cb0750000 rw-p 00000000 00:00 0 
7f4cb0750000-7f4cb0798000 rw-p 00000000 00:00 0 
7f4cb0798000-7f4cb07ab000 rw-p 00000000 00:00 0 
7f4cb07ab000-7f4cb08ca000 rw-p 00000000 00:00 0 
7f4cb08ca000-7f4cb0910000 rw-p 00000000 00:00 0 
7f4cb0910000-7f4cb0912000 ---p 00000000 00:00 0 
7f4cb0912000-7f4cb0963000 rw-p 00000000 00:00 0 
7f4cb0963000-7f4cb0964000 rw-p 00000000 00:00 0 
7f4cb0964000-7f4cb096c000 r-xp 00000000 08:01 5768789                    /usr/lib/jvm/java-7-openjdk-amd64/jre/lib/amd64/libzip.so
7f4cb096c000-7f4cb0b6b000 ---p 00008000 08:01 5768789                    /usr/lib/jvm/java-7-openjdk-amd64/jre/lib/amd64/libzip.so
7f4cb0b6b000-7f4cb0b6c000 r--p 00007000 08:01 5768789                    /usr/lib/jvm/java-7-openjdk-amd64/jre/lib/amd64/libzip.so
7f4cb0b6c000-7f4cb0b6d000 rw-p 00008000 08:01 5768789                    /usr/lib/jvm/java-7-openjdk-amd64/jre/lib/amd64/libzip.so
7f4cb0b6d000-7f4cb0b78000 r-xp 00000000 08:01 15728659                   /lib/x86_64-linux-gnu/libnss_files-2.19.so
7f4cb0b78000-7f4cb0d77000 ---p 0000b000 08:01 15728659                   /lib/x86_64-linux-gnu/libnss_files-2.19.so
7f4cb0d77000-7f4cb0d78000 r--p 0000a000 08:01 15728659                   /lib/x86_64-linux-gnu/libnss_files-2.19.so
7f4cb0d78000-7f4cb0d79000 rw-p 0000b000 08:01 15728659                   /lib/x86_64-linux-gnu/libnss_files-2.19.so
7f4cb0d79000-7f4cb0d84000 r-xp 00000000 08:01 15732590                   /lib/x86_64-linux-gnu/libnss_nis-2.19.so
7f4cb0d84000-7f4cb0f83000 ---p 0000b000 08:01 15732590                   /lib/x86_64-linux-gnu/libnss_nis-2.19.so
7f4cb0f83000-7f4cb0f84000 r--p 0000a000 08:01 15732590                   /lib/x86_64-linux-gnu/libnss_nis-2.19.so
7f4cb0f84000-7f4cb0f85000 rw-p 0000b000 08:01 15732590                   /lib/x86_64-linux-gnu/libnss_nis-2.19.so
7f4cb0f85000-7f4cb0f9c000 r-xp 00000000 08:01 15728734                   /lib/x86_64-linux-gnu/libnsl-2.19.so
7f4cb0f9c000-7f4cb119b000 ---p 00017000 08:01 15728734                   /lib/x86_64-linux-gnu/libnsl-2.19.so
7f4cb119b000-7f4cb119c000 r--p 00016000 08:01 15728734                   /lib/x86_64-linux-gnu/libnsl-2.19.so
7f4cb119c000-7f4cb119d000 rw-p 00017000 08:01 15728734                   /lib/x86_64-linux-gnu/libnsl-2.19.so
7f4cb119d000-7f4cb119f000 rw-p 00000000 00:00 0 
7f4cb119f000-7f4cb11a8000 r-xp 00000000 08:01 15728733                   /lib/x86_64-linux-gnu/libnss_compat-2.19.so
7f4cb11a8000-7f4cb13a7000 ---p 00009000 08:01 15728733                   /lib/x86_64-linux-gnu/libnss_compat-2.19.so
7f4cb13a7000-7f4cb13a8000 r--p 00008000 08:01 15728733                   /lib/x86_64-linux-gnu/libnss_compat-2.19.so
7f4cb13a8000-7f4cb13a9000 rw-p 00009000 08:01 15728733                   /lib/x86_64-linux-gnu/libnss_compat-2.19.so
7f4cb13a9000-7f4cb13d4000 r-xp 00000000 08:01 5768825                    /usr/lib/jvm/java-7-openjdk-amd64/jre/lib/amd64/libjava.so
7f4cb13d4000-7f4cb15d4000 ---p 0002b000 08:01 5768825                    /usr/lib/jvm/java-7-openjdk-amd64/jre/lib/amd64/libjava.so
7f4cb15d4000-7f4cb15d5000 r--p 0002b000 08:01 5768825                    /usr/lib/jvm/java-7-openjdk-amd64/jre/lib/amd64/libjava.so
7f4cb15d5000-7f4cb15d7000 rw-p 0002c000 08:01 5768825                    /usr/lib/jvm/java-7-openjdk-amd64/jre/lib/amd64/libjava.so
7f4cb15d7000-7f4cb15e7000 r-xp 00000000 08:01 5768821                    /usr/lib/jvm/java-7-openjdk-amd64/jre/lib/amd64/libverify.so
7f4cb15e7000-7f4cb17e6000 ---p 00010000 08:01 5768821                    /usr/lib/jvm/java-7-openjdk-amd64/jre/lib/amd64/libverify.so
7f4cb17e6000-7f4cb17e8000 r--p 0000f000 08:01 5768821                    /usr/lib/jvm/java-7-openjdk-amd64/jre/lib/amd64/libverify.so
7f4cb17e8000-7f4cb17e9000 rw-p 00011000 08:01 5768821                    /usr/lib/jvm/java-7-openjdk-amd64/jre/lib/amd64/libverify.so
7f4cb17e9000-7f4cb17f0000 r-xp 00000000 08:01 15728742                   /lib/x86_64-linux-gnu/librt-2.19.so
7f4cb17f0000-7f4cb19ef000 ---p 00007000 08:01 15728742                   /lib/x86_64-linux-gnu/librt-2.19.so
7f4cb19ef000-7f4cb19f0000 r--p 00006000 08:01 15728742                   /lib/x86_64-linux-gnu/librt-2.19.so
7f4cb19f0000-7f4cb19f1000 rw-p 00007000 08:01 15728742                   /lib/x86_64-linux-gnu/librt-2.19.so
7f4cb19f1000-7f4cb1a07000 r-xp 00000000 08:01 15732698                   /lib/x86_64-linux-gnu/libgcc_s.so.1
7f4cb1a07000-7f4cb1c06000 ---p 00016000 08:01 15732698                   /lib/x86_64-linux-gnu/libgcc_s.so.1
7f4cb1c06000-7f4cb1c07000 rw-p 00015000 08:01 15732698                   /lib/x86_64-linux-gnu/libgcc_s.so.1
7f4cb1c07000-7f4cb1d0c000 r-xp 00000000 08:01 15728655                   /lib/x86_64-linux-gnu/libm-2.19.so
7f4cb1d0c000-7f4cb1f0b000 ---p 00105000 08:01 15728655                   /lib/x86_64-linux-gnu/libm-2.19.so
7f4cb1f0b000-7f4cb1f0c000 r--p 00104000 08:01 15728655                   /lib/x86_64-linux-gnu/libm-2.19.so
7f4cb1f0c000-7f4cb1f0d000 rw-p 00105000 08:01 15728655                   /lib/x86_64-linux-gnu/libm-2.19.so
7f4cb1f0d000-7f4cb1ff3000 r-xp 00000000 08:01 528136                     /usr/lib/x86_64-linux-gnu/libstdc++.so.6.0.19
7f4cb1ff3000-7f4cb21f2000 ---p 000e6000 08:01 528136                     /usr/lib/x86_64-linux-gnu/libstdc++.so.6.0.19
7f4cb21f2000-7f4cb21fa000 r--p 000e5000 08:01 528136                     /usr/lib/x86_64-linux-gnu/libstdc++.so.6.0.19
7f4cb21fa000-7f4cb21fc000 rw-p 000ed000 08:01 528136                     /usr/lib/x86_64-linux-gnu/libstdc++.so.6.0.19
7f4cb21fc000-7f4cb2211000 rw-p 00000000 00:00 0 
7f4cb2211000-7f4cb2d29000 r-xp 00000000 08:01 5768832                    /usr/lib/jvm/java-7-openjdk-amd64/jre/lib/amd64/server/libjvm.so
7f4cb2d29000-7f4cb2f29000 ---p 00b18000 08:01 5768832                    /usr/lib/jvm/java-7-openjdk-amd64/jre/lib/amd64/server/libjvm.so
7f4cb2f29000-7f4cb2fc3000 r--p 00b18000 08:01 5768832                    /usr/lib/jvm/java-7-openjdk-amd64/jre/lib/amd64/server/libjvm.so
7f4cb2fc3000-7f4cb2fe6000 rw-p 00bb2000 08:01 5768832                    /usr/lib/jvm/java-7-openjdk-amd64/jre/lib/amd64/server/libjvm.so
7f4cb2fe6000-7f4cb3014000 rw-p 00000000 00:00 0 
7f4cb3014000-7f4cb302c000 r-xp 00000000 08:01 15732834                   /lib/x86_64-linux-gnu/libz.so.1.2.8
7f4cb302c000-7f4cb322b000 ---p 00018000 08:01 15732834                   /lib/x86_64-linux-gnu/libz.so.1.2.8
7f4cb322b000-7f4cb322c000 r--p 00017000 08:01 15732834                   /lib/x86_64-linux-gnu/libz.so.1.2.8
7f4cb322c000-7f4cb322d000 rw-p 00018000 08:01 15732834                   /lib/x86_64-linux-gnu/libz.so.1.2.8
7f4cb322d000-7f4cb3246000 r-xp 00000000 08:01 15728740                   /lib/x86_64-linux-gnu/libpthread-2.19.so
7f4cb3246000-7f4cb3445000 ---p 00019000 08:01 15728740                   /lib/x86_64-linux-gnu/libpthread-2.19.so
7f4cb3445000-7f4cb3446000 r--p 00018000 08:01 15728740                   /lib/x86_64-linux-gnu/libpthread-2.19.so
7f4cb3446000-7f4cb3447000 rw-p 00019000 08:01 15728740                   /lib/x86_64-linux-gnu/libpthread-2.19.so
7f4cb3447000-7f4cb344b000 rw-p 00000000 00:00 0 
7f4cb344b000-7f4cb344e000 r-xp 00000000 08:01 15728670                   /lib/x86_64-linux-gnu/libdl-2.19.so
7f4cb344e000-7f4cb364d000 ---p 00003000 08:01 15728670                   /lib/x86_64-linux-gnu/libdl-2.19.so
7f4cb364d000-7f4cb364e000 r--p 00002000 08:01 15728670                   /lib/x86_64-linux-gnu/libdl-2.19.so
7f4cb364e000-7f4cb364f000 rw-p 00003000 08:01 15728670                   /lib/x86_64-linux-gnu/libdl-2.19.so
7f4cb364f000-7f4cb380a000 r-xp 00000000 08:01 15728739                   /lib/x86_64-linux-gnu/libc-2.19.so
7f4cb380a000-7f4cb3a09000 ---p 001bb000 08:01 15728739                   /lib/x86_64-linux-gnu/libc-2.19.so
7f4cb3a09000-7f4cb3a0d000 r--p 001ba000 08:01 15728739                   /lib/x86_64-linux-gnu/libc-2.19.so
7f4cb3a0d000-7f4cb3a0f000 rw-p 001be000 08:01 15728739                   /lib/x86_64-linux-gnu/libc-2.19.so
7f4cb3a0f000-7f4cb3a14000 rw-p 00000000 00:00 0 
7f4cb3a14000-7f4cb3a21000 r-xp 00000000 08:01 5768752                    /usr/lib/jvm/java-7-openjdk-amd64/jre/lib/amd64/jli/libjli.so
7f4cb3a21000-7f4cb3c20000 ---p 0000d000 08:01 5768752                    /usr/lib/jvm/java-7-openjdk-amd64/jre/lib/amd64/jli/libjli.so
7f4cb3c20000-7f4cb3c21000 r--p 0000c000 08:01 5768752                    /usr/lib/jvm/java-7-openjdk-amd64/jre/lib/amd64/jli/libjli.so
7f4cb3c21000-7f4cb3c22000 rw-p 0000d000 08:01 5768752                    /usr/lib/jvm/java-7-openjdk-amd64/jre/lib/amd64/jli/libjli.so
7f4cb3c22000-7f4cb3c45000 r-xp 00000000 08:01 15728736                   /lib/x86_64-linux-gnu/ld-2.19.so
7f4cb3c45000-7f4cb3c49000 r--s 0009a000 08:01 1994498                    /home/hannan/workspace/UCSDUnfoldingMaps/lib/core.jar
7f4cb3c49000-7f4cb3c4b000 r--s 00006000 08:01 927253                     /usr/share/java/java-atk-wrapper.jar
7f4cb3c4b000-7f4cb3c4e000 r--s 0000f000 08:01 5768836                    /usr/lib/jvm/java-7-openjdk-amd64/jre/lib/ext/icedtea-sound.jar
7f4cb3c4e000-7f4cb3c52000 r--s 0003c000 08:01 5768848                    /usr/lib/jvm/java-7-openjdk-amd64/jre/lib/ext/sunpkcs11.jar
7f4cb3c52000-7f4cb3c56000 r--s 00034000 08:01 5768852                    /usr/lib/jvm/java-7-openjdk-amd64/jre/lib/ext/sunjce_provider.jar
7f4cb3c56000-7f4cb3c59000 r--s 00086000 08:01 5768849                    /usr/lib/jvm/java-7-openjdk-amd64/jre/lib/ext/localedata.jar
7f4cb3c59000-7f4cb3c5b000 r--s 00012000 08:01 5768854                    /usr/lib/jvm/java-7-openjdk-amd64/jre/lib/ext/zipfs.jar
7f4cb3c5b000-7f4cb3c65000 rw-p 00000000 00:00 0 
7f4cb3c65000-7f4cb3d1b000 rw-p 00000000 00:00 0 
7f4cb3d1b000-7f4cb3d1e000 ---p 00000000 00:00 0 
7f4cb3d1e000-7f4cb3e21000 rw-p 00000000 00:00 0                          [stack:11207]
7f4cb3e21000-7f4cb3e22000 r--s 00002000 08:01 5768837                    /usr/lib/jvm/java-7-openjdk-amd64/jre/lib/ext/dnsns.jar
7f4cb3e22000-7f4cb3e38000 rw-p 00000000 00:00 0 
7f4cb3e38000-7f4cb3e40000 rw-s 00000000 08:01 12845853                   /tmp/hsperfdata_hannan/11205
7f4cb3e40000-7f4cb3e41000 rw-p 00000000 00:00 0 
7f4cb3e41000-7f4cb3e42000 r--p 00000000 00:00 0 
7f4cb3e42000-7f4cb3e44000 rw-p 00000000 00:00 0 
7f4cb3e44000-7f4cb3e45000 r--p 00022000 08:01 15728736                   /lib/x86_64-linux-gnu/ld-2.19.so
7f4cb3e45000-7f4cb3e46000 rw-p 00023000 08:01 15728736                   /lib/x86_64-linux-gnu/ld-2.19.so
7f4cb3e46000-7f4cb3e47000 rw-p 00000000 00:00 0 
7fff4a042000-7fff4a063000 rw-p 00000000 00:00 0                          [stack]
7fff4a1e7000-7fff4a1e9000 r-xp 00000000 00:00 0                          [vdso]
7fff4a1e9000-7fff4a1eb000 r--p 00000000 00:00 0                          [vvar]
ffffffffff600000-ffffffffff601000 r-xp 00000000 00:00 0                  [vsyscall]

VM Arguments:
jvm_args: -Djava.security.policy=java.policy.applet -Dfile.encoding=UTF-8 
java_command: sun.applet.AppletViewer module1.HelloWorld1443389187080.html
Launcher Type: SUN_STANDARD

Environment Variables:
PATH=/usr/local/sbin:/usr/local/bin:/usr/sbin:/usr/bin:/sbin:/bin:/usr/games:/usr/local/games
SHELL=/bin/bash
DISPLAY=:0.0

Signal Handlers:
SIGSEGV: [libjvm.so+0x94b9a0], sa_mask[0]=0x7ffbfeff, sa_flags=0x10000004
SIGBUS: [libjvm.so+0x94b9a0], sa_mask[0]=0x7ffbfeff, sa_flags=0x10000004
SIGFPE: [libjvm.so+0x7c3880], sa_mask[0]=0x7ffbfeff, sa_flags=0x10000004
SIGPIPE: [libjvm.so+0x7c3880], sa_mask[0]=0x7ffbfeff, sa_flags=0x10000004
SIGXFSZ: [libjvm.so+0x7c3880], sa_mask[0]=0x7ffbfeff, sa_flags=0x10000004
SIGILL: [libjvm.so+0x7c3880], sa_mask[0]=0x7ffbfeff, sa_flags=0x10000004
SIGUSR1: SIG_DFL, sa_mask[0]=0x00000000, sa_flags=0x00000000
SIGUSR2: [libjvm.so+0x7c3720], sa_mask[0]=0x00000004, sa_flags=0x10000004
SIGHUP: [libjvm.so+0x7c3900], sa_mask[0]=0x7ffbfeff, sa_flags=0x10000004
SIGINT: [libjvm.so+0x7c3900], sa_mask[0]=0x7ffbfeff, sa_flags=0x10000004
SIGTERM: [libjvm.so+0x7c3900], sa_mask[0]=0x7ffbfeff, sa_flags=0x10000004
SIGQUIT: [libjvm.so+0x7c3900], sa_mask[0]=0x7ffbfeff, sa_flags=0x10000004
SIGTRAP: SIG_DFL, sa_mask[0]=0x00000000, sa_flags=0x00000000


---------------  S Y S T E M  ---------------

OS:Ubuntu 14.04 (trusty)
uname:Linux 3.16.0-44-generic #59~14.04.1-Ubuntu SMP Tue Jul 7 15:07:27 UTC 2015 x86_64
libc:glibc 2.19 NPTL 2.19 
rlimit: STACK 8192k, CORE 0k, NPROC 14587, NOFILE 4096, AS infinity
load average:0.58 0.98 1.09

/proc/meminfo:
MemTotal:        3755716 kB
MemFree:          125452 kB
MemAvailable:     486444 kB
Buffers:            4764 kB
Cached:           578924 kB
SwapCached:        22332 kB
Active:          2521752 kB
Inactive:         800688 kB
Active(anon):    2261660 kB
Inactive(anon):   596312 kB
Active(file):     260092 kB
Inactive(file):   204376 kB
Unevictable:          32 kB
Mlocked:              32 kB
SwapTotal:       3896316 kB
SwapFree:        3306628 kB
Dirty:               144 kB
Writeback:             0 kB
AnonPages:       2725620 kB
Mapped:           481704 kB
Shmem:            119212 kB
Slab:             172632 kB
SReclaimable:     130904 kB
SUnreclaim:        41728 kB
KernelStack:       11856 kB
PageTables:        61644 kB
NFS_Unstable:          0 kB
Bounce:                0 kB
WritebackTmp:          0 kB
CommitLimit:     5774172 kB
Committed_AS:    8772288 kB
VmallocTotal:   34359738367 kB
VmallocUsed:       43300 kB
VmallocChunk:   34359688356 kB
HardwareCorrupted:     0 kB
AnonHugePages:    856064 kB
HugePages_Total:       0
HugePages_Free:        0
HugePages_Rsvd:        0
HugePages_Surp:        0
Hugepagesize:       2048 kB
DirectMap4k:       53824 kB
DirectMap2M:     3844096 kB


CPU:total 2 (2 cores per cpu, 1 threads per core) family 6 model 15 stepping 11, cmov, cx8, fxsr, mmx, sse, sse2, sse3, ssse3, tsc

/proc/cpuinfo:
processor	: 0
vendor_id	: GenuineIntel
cpu family	: 6
model		: 15
model name	: Intel(R) Core(TM)2 Duo CPU     E6550  @ 2.33GHz
stepping	: 11
microcode	: 0xb6
cpu MHz		: 2333.000
cache size	: 4096 KB
physical id	: 0
siblings	: 2
core id		: 0
cpu cores	: 2
apicid		: 0
initial apicid	: 0
fpu		: yes
fpu_exception	: yes
cpuid level	: 10
wp		: yes
flags		: fpu vme de pse tsc msr pae mce cx8 apic sep mtrr pge mca cmov pat pse36 clflush dts acpi mmx fxsr sse sse2 ss ht tm pbe syscall nx lm constant_tsc arch_perfmon pebs bts rep_good nopl aperfmperf pni dtes64 monitor ds_cpl vmx smx est tm2 ssse3 cx16 xtpr pdcm lahf_lm dtherm tpr_shadow vnmi flexpriority
bogomips	: 4654.99
clflush size	: 64
cache_alignment	: 64
address sizes	: 36 bits physical, 48 bits virtual
power management:

processor	: 1
vendor_id	: GenuineIntel
cpu family	: 6
model		: 15
model name	: Intel(R) Core(TM)2 Duo CPU     E6550  @ 2.33GHz
stepping	: 11
microcode	: 0xb6
cpu MHz		: 2333.000
cache size	: 4096 KB
physical id	: 0
siblings	: 2
core id		: 1
cpu cores	: 2
apicid		: 1
initial apicid	: 1
fpu		: yes
fpu_exception	: yes
cpuid level	: 10
wp		: yes
flags		: fpu vme de pse tsc msr pae mce cx8 apic sep mtrr pge mca cmov pat pse36 clflush dts acpi mmx fxsr sse sse2 ss ht tm pbe syscall nx lm constant_tsc arch_perfmon pebs bts rep_good nopl aperfmperf pni dtes64 monitor ds_cpl vmx smx est tm2 ssse3 cx16 xtpr pdcm lahf_lm dtherm tpr_shadow vnmi flexpriority
bogomips	: 4654.99
clflush size	: 64
cache_alignment	: 64
address sizes	: 36 bits physical, 48 bits virtual
power management:



Memory: 4k page, physical 3755716k(125452k free), swap 3896316k(3306628k free)

vm_info: OpenJDK 64-Bit Server VM (24.79-b02) for linux-amd64 JRE (1.7.0_79-b14), built on Apr 16 2015 08:21:58 by "buildd" with gcc 4.8.2

time: Mon Sep 28 02:28:08 2015
elapsed time: 101 seconds

