#
# A fatal error has been detected by the Java Runtime Environment:
#
#  SIGSEGV (0xb) at pc=0x00007f3ee758e4d0, pid=11816, tid=139908287731456
#
# JRE version: OpenJDK Runtime Environment (7.0_79-b14) (build 1.7.0_79-b14)
# Java VM: OpenJDK 64-Bit Server VM (24.79-b02 mixed mode linux-amd64 compressed oops)
# Derivative: IcedTea 2.5.5
# Distribution: Ubuntu 14.04 LTS, package 7u79-2.5.5-0ubuntu0.14.04.2
# Problematic frame:
# C  [r600_dri.so+0x29a4d0]
#
# Failed to write core dump. Core dumps have been disabled. To enable core dumping, try "ulimit -c unlimited" before starting Java again
#
# If you would like to submit a bug report, please include
# instructions on how to reproduce the bug and visit:
#   http://icedtea.classpath.org/bugzilla
# The crash happened outside the Java Virtual Machine in native code.
# See problematic frame for where to report the bug.
#

---------------  T H R E A D  ---------------

Current thread (0x00007f3ef0008000):  JavaThread "AWT-EventQueue-1" [_thread_in_native, id=11839, stack(0x00007f3eefba9000,0x00007f3eefcaa000)]

siginfo:si_signo=SIGSEGV: si_errno=0, si_code=1 (SEGV_MAPERR), si_addr=0x0000000100000000

Registers:
RAX=0x00007f3ee758e4b0, RBX=0x00007f3ef40d8800, RCX=0x0000000000000000, RDX=0x0000000000000001
RSP=0x00007f3eefca79b0, RBP=0x00007f3ef05f0ee0, RSI=0x00007f3ef40d88e0, RDI=0x0000000100000000
R8 =0x0000000000000000, R9 =0x00007f3eeee489c0, R10=0x00007f3f310127cc, R11=0x00007f3f3bb2b2c0
R12=0x0000000000000001, R13=0x0000000000000000, R14=0x00007f3ef05f6c60, R15=0x0000000000000000
RIP=0x00007f3ee758e4d0, EFLAGS=0x0000000000010202, CSGSFS=0x0000000000000033, ERR=0x0000000000000004
  TRAPNO=0x000000000000000e

Top of Stack: (sp=0x00007f3eefca79b0)
0x00007f3eefca79b0:   4a4a4a4a4a4a4a4a 4a4a4a4a4a4a4a4a
0x00007f3eefca79c0:   6f646e695770616d 00007f3ef40d8800
0x00007f3eefca79d0:   00007f3ef05f0ee0 00007f3ef065d3e0
0x00007f3eefca79e0:   0000000000000000 00007f3ef05f6c60
0x00007f3eefca79f0:   0000000000000000 00007f3eeee48a4e
0x00007f3eefca7a00:   00007f3eefca7a38 00007f3eef093640
0x00007f3eefca7a10:   00007f3ef05ce8e0 00007f3e00000000
0x00007f3eefca7a20:   0000000000000000 0000000000000000
0x00007f3eefca7a30:   0000000000000000 00007f3ef40d8800
0x00007f3eefca7a40:   000000000640002e 00000000bd431490
0x00007f3eefca7a50:   00007f3eefca7ac0 0000000000000000
0x00007f3eefca7a60:   00000000bd431490 00007f3eefca7b90
0x00007f3eefca7a70:   00007f3ef0008000 00007f3eed787849
0x00007f3eefca7a80:   0000000080000000 00007f3eeee219b0
0x00007f3eefca7a90:   000000000640002e 00007f3ef05ce8e0
0x00007f3eefca7aa0:   00007f3eefca7b58 00007f3ef00081d8
0x00007f3eefca7ab0:   00007f3eefca7af0 00007f3eeee219b0
0x00007f3eefca7ac0:   00007f3eefca7b48 00007f3f310127f8
0x00007f3eefca7ad0:   00007f3eefca7b00 00007f3ef44e2a90
0x00007f3eefca7ae0:   00000000ed2a1440 00000000c70683e0
0x00007f3eefca7af0:   00007f3eefca7b40 00007f3f3125b11c
0x00007f3eefca7b00:   00007f3ef0008000 00007f3eefca7b08
0x00007f3eefca7b10:   0000000000000000 00007f3eefca7b90
0x00007f3eefca7b20:   00000000bd433408 0000000000000000
0x00007f3eefca7b30:   00000000bd431490 0000000000000000
0x00007f3eefca7b40:   00007f3eefca7ba0 00000000c7aafdd8
0x00007f3eefca7b50:   00007f3f31263440 00000000c7653de8
0x00007f3eefca7b60:   00007f3f3100ecd8 00007f3eeee219b0
0x00007f3eefca7b70:   00007f3eeee219b0 000000000640002e
0x00007f3eefca7b80:   0000000000000001 00007f3ef05ce8e0
0x00007f3eefca7b90:   00007f3eefca7b90 00007f3f31263440
0x00007f3eefca7ba0:   00007f3eefca7be0 00000000bd5616b0 

Instructions: (pc=0x00007f3ee758e4d0)
0x00007f3ee758e4b0:   48 85 ff 0f 84 50 01 00 00 41 57 41 56 41 55 41
0x00007f3ee758e4c0:   89 cd 41 54 41 89 d4 55 53 48 83 ec 18 48 85 f6
0x00007f3ee758e4d0:   48 8b 2f 0f 84 5b 02 00 00 48 85 ed 48 8b 1e 0f
0x00007f3ee758e4e0:   84 16 01 00 00 48 85 db 0f 84 52 02 00 00 80 bb 

Register to memory mapping:

RAX=0x00007f3ee758e4b0: <offset 0x29a4b0> in /usr/lib/x86_64-linux-gnu/dri/r600_dri.so at 0x00007f3ee72f4000
RBX=0x00007f3ef40d8800 is an unknown value
RCX=0x0000000000000000 is an unknown value
RDX=0x0000000000000001 is an unknown value
RSP=0x00007f3eefca79b0 is pointing into the stack for thread: 0x00007f3ef0008000
RBP=0x00007f3ef05f0ee0 is an unknown value
RSI=0x00007f3ef40d88e0 is an unknown value
RDI=0x0000000100000000 is an unknown value
R8 =0x0000000000000000 is an unknown value
R9 =0x00007f3eeee489c0: <offset 0x439c0> in /usr/lib/x86_64-linux-gnu/mesa/libGL.so.1 at 0x00007f3eeee05000
R10=0x00007f3f310127cc is at code_begin+620 in an Interpreter codelet
method entry point (kind = native)  [0x00007f3f31012560, 0x00007f3f31012dc0]  2144 bytes
R11=0x00007f3f3bb2b2c0: <offset 0x85d2c0> in /usr/lib/jvm/java-7-openjdk-amd64/jre/lib/amd64/server/libjvm.so at 0x00007f3f3b2ce000
R12=0x0000000000000001 is an unknown value
R13=0x0000000000000000 is an unknown value
R14=0x00007f3ef05f6c60 is an unknown value
R15=0x0000000000000000 is an unknown value


Stack: [0x00007f3eefba9000,0x00007f3eefcaa000],  sp=0x00007f3eefca79b0,  free space=1018k
Native frames: (J=compiled Java code, j=interpreted, Vv=VM code, C=native code)
C  [r600_dri.so+0x29a4d0]

Java frames: (J=compiled Java code, j=interpreted, Vv=VM code)
j  jogamp.opengl.x11.glx.GLX.dispatch_glXSwapBuffers0(JJJ)V+0
J 800 C2 jogamp.opengl.x11.glx.X11GLXDrawable.swapBuffersImpl(Z)V (21 bytes) @ 0x00007f3f31263440 [0x00007f3f31263360+0xe0]
j  jogamp.opengl.GLDrawableImpl.swapBuffers()V+67
j  javax.media.opengl.awt.GLCanvas$12.run()V+45
j  java.awt.event.InvocationEvent.dispatch()V+11
j  java.awt.EventQueue.dispatchEventImpl(Ljava/awt/AWTEvent;Ljava/lang/Object;)V+21
j  java.awt.EventQueue.access$300(Ljava/awt/EventQueue;Ljava/awt/AWTEvent;Ljava/lang/Object;)V+3
J 831 C2 java.awt.EventQueue$3.run()Ljava/lang/Object; (5 bytes) @ 0x00007f3f3126c118 [0x00007f3f3126c0e0+0x38]
v  ~StubRoutines::call_stub
J 733  java.security.AccessController.doPrivileged(Ljava/security/PrivilegedAction;Ljava/security/AccessControlContext;)Ljava/lang/Object; (0 bytes) @ 0x00007f3f31248a03 [0x00007f3f312489a0+0x63]
J 636 C2 java.awt.EventDispatchThread.pumpOneEventForFilters(I)V (295 bytes) @ 0x00007f3f3121606c [0x00007f3f31214d80+0x12ec]
J 846% C2 java.awt.EventDispatchThread.pumpEventsForFilter(ILjava/awt/Conditional;Ljava/awt/EventFilter;)V (47 bytes) @ 0x00007f3f3128865c [0x00007f3f31288540+0x11c]
j  java.awt.EventDispatchThread.pumpEventsForHierarchy(ILjava/awt/Conditional;Ljava/awt/Component;)V+11
j  java.awt.EventDispatchThread.pumpEvents(ILjava/awt/Conditional;)V+4
j  java.awt.EventDispatchThread.pumpEvents(Ljava/awt/Conditional;)V+3
j  java.awt.EventDispatchThread.run()V+9
v  ~StubRoutines::call_stub

---------------  P R O C E S S  ---------------

Java Threads: ( => current thread )
  0x00007f3ef412f000 JavaThread "Thread-48" [_thread_blocked, id=12034, stack(0x00007f3ee53cf000,0x00007f3ee54d0000)]
  0x00007f3ef0181800 JavaThread "Animation Thread-SharedResourceRunner" daemon [_thread_blocked, id=11849, stack(0x00007f3eefaa8000,0x00007f3eefba9000)]
=>0x00007f3ef0008000 JavaThread "AWT-EventQueue-1" [_thread_in_native, id=11839, stack(0x00007f3eefba9000,0x00007f3eefcaa000)]
  0x00007f3f3400a800 JavaThread "DestroyJavaVM" [_thread_blocked, id=11818, stack(0x00007f3f3cdd8000,0x00007f3f3ced9000)]
  0x00007f3f34252800 JavaThread "AWT-EventQueue-0" [_thread_blocked, id=11837, stack(0x00007f3f24250000,0x00007f3f24351000)]
  0x00007f3f34250000 JavaThread "AWT-Shutdown" [_thread_blocked, id=11836, stack(0x00007f3f24452000,0x00007f3f24553000)]
  0x00007f3f34246000 JavaThread "thread applet-module1.HelloWorld.class" [_thread_blocked, id=11835, stack(0x00007f3f24351000,0x00007f3f24452000)]
  0x00007f3f34231000 JavaThread "AWT-XAWT" daemon [_thread_blocked, id=11833, stack(0x00007f3f24553000,0x00007f3f24654000)]
  0x00007f3f3420c000 JavaThread "Java2D Disposer" daemon [_thread_blocked, id=11832, stack(0x00007f3f24a64000,0x00007f3f24b65000)]
  0x00007f3f340ac000 JavaThread "Service Thread" daemon [_thread_blocked, id=11830, stack(0x00007f3f3071c000,0x00007f3f3081d000)]
  0x00007f3f340a9800 JavaThread "C2 CompilerThread1" daemon [_thread_blocked, id=11829, stack(0x00007f3f3081d000,0x00007f3f3091e000)]
  0x00007f3f340a6800 JavaThread "C2 CompilerThread0" daemon [_thread_blocked, id=11828, stack(0x00007f3f380f9000,0x00007f3f381fa000)]
  0x00007f3f340a4800 JavaThread "Signal Dispatcher" daemon [_thread_blocked, id=11827, stack(0x00007f3f381fa000,0x00007f3f382fb000)]
  0x00007f3f34077800 JavaThread "Finalizer" daemon [_thread_blocked, id=11826, stack(0x00007f3f382fb000,0x00007f3f383fc000)]
  0x00007f3f34075800 JavaThread "Reference Handler" daemon [_thread_blocked, id=11825, stack(0x00007f3f383fc000,0x00007f3f384fd000)]

Other Threads:
  0x00007f3f34071000 VMThread [stack: 0x00007f3f384fd000,0x00007f3f385fe000] [id=11824]
  0x00007f3f340b6800 WatcherThread [stack: 0x00007f3f3061b000,0x00007f3f3071c000] [id=11831]

VM state:not at safepoint (normal execution)

VM Mutex/Monitor currently owned by a thread: None

Heap
 PSYoungGen      total 18944K, used 5255K [0x00000000ece00000, 0x00000000eed80000, 0x0000000100000000)
  eden space 18432K, 28% used [0x00000000ece00000,0x00000000ed319ff8,0x00000000ee000000)
  from space 512K, 6% used [0x00000000eec80000,0x00000000eec88000,0x00000000eed00000)
  to   space 512K, 0% used [0x00000000eed00000,0x00000000eed00000,0x00000000eed80000)
 ParOldGen       total 38912K, used 27245K [0x00000000c6a00000, 0x00000000c9000000, 0x00000000ece00000)
  object space 38912K, 70% used [0x00000000c6a00000,0x00000000c849b7d0,0x00000000c9000000)
 PSPermGen       total 21504K, used 19889K [0x00000000bc400000, 0x00000000bd900000, 0x00000000c6a00000)
  object space 21504K, 92% used [0x00000000bc400000,0x00000000bd76c628,0x00000000bd900000)

Card table byte_map: [0x00007f3f39802000,0x00007f3f39a21000] byte_map_base: 0x00007f3f39220000

Polling page: 0x00007f3f3cefe000

Code Cache  [0x00007f3f31000000, 0x00007f3f31290000, 0x00007f3f34000000)
 total_blobs=1728 nmethods=834 adapters=848 free_code_cache=46578Kb largest_free_block=47647808

Compilation events (10 events):
Event: 240.765 Thread 0x00007f3f340a9800  846 %           java.awt.EventDispatchThread::pumpEventsForFilter @ 10 (47 bytes)
Event: 240.769 Thread 0x00007f3f340a9800 nmethod 846% 0x00007f3f312883d0 code [0x00007f3f31288540, 0x00007f3f312887c8]
Event: 242.701 Thread 0x00007f3f340a9800  848             com.jogamp.nativewindow.awt.JAWTWindow::updatePixelScale (37 bytes)
Event: 242.701 Thread 0x00007f3f340a6800  847             com.jogamp.nativewindow.awt.JAWTWindow::updateLockedData (205 bytes)
Event: 242.703 Thread 0x00007f3f340a9800 nmethod 848 0x00007f3f31287e90 code [0x00007f3f31287fe0, 0x00007f3f312881b8]
Event: 242.716 Thread 0x00007f3f340a6800 nmethod 847 0x00007f3f3128cfd0 code [0x00007f3f3128d280, 0x00007f3f3128dc70]
Event: 247.722 Thread 0x00007f3f340a9800  849 % !         processing.core.PApplet::run @ 23 (298 bytes)
Event: 247.737 Thread 0x00007f3f340a9800 nmethod 849% 0x00007f3f31285f10 code [0x00007f3f31286120, 0x00007f3f31286b60]
Event: 598.622 Thread 0x00007f3f340a6800  851             java.util.Hashtable::rehash (168 bytes)
Event: 598.628 Thread 0x00007f3f340a6800 nmethod 851 0x00007f3f3128c810 code [0x00007f3f3128c9a0, 0x00007f3f3128cd88]

GC Heap History (10 events):
Event: 588.782 GC heap before
{Heap before GC invocations=145 (full 0):
 PSYoungGen      total 18944K, used 18496K [0x00000000ece00000, 0x00000000eed80000, 0x0000000100000000)
  eden space 18432K, 100% used [0x00000000ece00000,0x00000000ee000000,0x00000000ee000000)
  from space 512K, 12% used [0x00000000eed00000,0x00000000eed10000,0x00000000eed80000)
  to   space 512K, 0% used [0x00000000eec80000,0x00000000eec80000,0x00000000eed00000)
 ParOldGen       total 38912K, used 27245K [0x00000000c6a00000, 0x00000000c9000000, 0x00000000ece00000)
  object space 38912K, 70% used [0x00000000c6a00000,0x00000000c849b7d0,0x00000000c9000000)
 PSPermGen       total 21504K, used 19806K [0x00000000bc400000, 0x00000000bd900000, 0x00000000c6a00000)
  object space 21504K, 92% used [0x00000000bc400000,0x00000000bd757ac8,0x00000000bd900000)
Event: 588.783 GC heap after
Heap after GC invocations=145 (full 0):
 PSYoungGen      total 18944K, used 64K [0x00000000ece00000, 0x00000000eed80000, 0x0000000100000000)
  eden space 18432K, 0% used [0x00000000ece00000,0x00000000ece00000,0x00000000ee000000)
  from space 512K, 12% used [0x00000000eec80000,0x00000000eec90000,0x00000000eed00000)
  to   space 512K, 0% used [0x00000000eed00000,0x00000000eed00000,0x00000000eed80000)
 ParOldGen       total 38912K, used 27245K [0x00000000c6a00000, 0x00000000c9000000, 0x00000000ece00000)
  object space 38912K, 70% used [0x00000000c6a00000,0x00000000c849b7d0,0x00000000c9000000)
 PSPermGen       total 21504K, used 19806K [0x00000000bc400000, 0x00000000bd900000, 0x00000000c6a00000)
  object space 21504K, 92% used [0x00000000bc400000,0x00000000bd757ac8,0x00000000bd900000)
}
Event: 591.142 GC heap before
{Heap before GC invocations=146 (full 0):
 PSYoungGen      total 18944K, used 18496K [0x00000000ece00000, 0x00000000eed80000, 0x0000000100000000)
  eden space 18432K, 100% used [0x00000000ece00000,0x00000000ee000000,0x00000000ee000000)
  from space 512K, 12% used [0x00000000eec80000,0x00000000eec90000,0x00000000eed00000)
  to   space 512K, 0% used [0x00000000eed00000,0x00000000eed00000,0x00000000eed80000)
 ParOldGen       total 38912K, used 27245K [0x00000000c6a00000, 0x00000000c9000000, 0x00000000ece00000)
  object space 38912K, 70% used [0x00000000c6a00000,0x00000000c849b7d0,0x00000000c9000000)
 PSPermGen       total 21504K, used 19806K [0x00000000bc400000, 0x00000000bd900000, 0x00000000c6a00000)
  object space 21504K, 92% used [0x00000000bc400000,0x00000000bd757ac8,0x00000000bd900000)
Event: 591.144 GC heap after
Heap after GC invocations=146 (full 0):
 PSYoungGen      total 18944K, used 64K [0x00000000ece00000, 0x00000000eed80000, 0x0000000100000000)
  eden space 18432K, 0% used [0x00000000ece00000,0x00000000ece00000,0x00000000ee000000)
  from space 512K, 12% used [0x00000000eed00000,0x00000000eed10000,0x00000000eed80000)
  to   space 512K, 0% used [0x00000000eec80000,0x00000000eec80000,0x00000000eed00000)
 ParOldGen       total 38912K, used 27245K [0x00000000c6a00000, 0x00000000c9000000, 0x00000000ece00000)
  object space 38912K, 70% used [0x00000000c6a00000,0x00000000c849b7d0,0x00000000c9000000)
 PSPermGen       total 21504K, used 19806K [0x00000000bc400000, 0x00000000bd900000, 0x00000000c6a00000)
  object space 21504K, 92% used [0x00000000bc400000,0x00000000bd757ac8,0x00000000bd900000)
}
Event: 593.500 GC heap before
{Heap before GC invocations=147 (full 0):
 PSYoungGen      total 18944K, used 18496K [0x00000000ece00000, 0x00000000eed80000, 0x0000000100000000)
  eden space 18432K, 100% used [0x00000000ece00000,0x00000000ee000000,0x00000000ee000000)
  from space 512K, 12% used [0x00000000eed00000,0x00000000eed10000,0x00000000eed80000)
  to   space 512K, 0% used [0x00000000eec80000,0x00000000eec80000,0x00000000eed00000)
 ParOldGen       total 38912K, used 27245K [0x00000000c6a00000, 0x00000000c9000000, 0x00000000ece00000)
  object space 38912K, 70% used [0x00000000c6a00000,0x00000000c849b7d0,0x00000000c9000000)
 PSPermGen       total 21504K, used 19806K [0x00000000bc400000, 0x00000000bd900000, 0x00000000c6a00000)
  object space 21504K, 92% used [0x00000000bc400000,0x00000000bd757ac8,0x00000000bd900000)
Event: 593.502 GC heap after
Heap after GC invocations=147 (full 0):
 PSYoungGen      total 18944K, used 64K [0x00000000ece00000, 0x00000000eed80000, 0x0000000100000000)
  eden space 18432K, 0% used [0x00000000ece00000,0x00000000ece00000,0x00000000ee000000)
  from space 512K, 12% used [0x00000000eec80000,0x00000000eec90000,0x00000000eed00000)
  to   space 512K, 0% used [0x00000000eed00000,0x00000000eed00000,0x00000000eed80000)
 ParOldGen       total 38912K, used 27245K [0x00000000c6a00000, 0x00000000c9000000, 0x00000000ece00000)
  object space 38912K, 70% used [0x00000000c6a00000,0x00000000c849b7d0,0x00000000c9000000)
 PSPermGen       total 21504K, used 19806K [0x00000000bc400000, 0x00000000bd900000, 0x00000000c6a00000)
  object space 21504K, 92% used [0x00000000bc400000,0x00000000bd757ac8,0x00000000bd900000)
}
Event: 595.834 GC heap before
{Heap before GC invocations=148 (full 0):
 PSYoungGen      total 18944K, used 18496K [0x00000000ece00000, 0x00000000eed80000, 0x0000000100000000)
  eden space 18432K, 100% used [0x00000000ece00000,0x00000000ee000000,0x00000000ee000000)
  from space 512K, 12% used [0x00000000eec80000,0x00000000eec90000,0x00000000eed00000)
  to   space 512K, 0% used [0x00000000eed00000,0x00000000eed00000,0x00000000eed80000)
 ParOldGen       total 38912K, used 27245K [0x00000000c6a00000, 0x00000000c9000000, 0x00000000ece00000)
  object space 38912K, 70% used [0x00000000c6a00000,0x00000000c849b7d0,0x00000000c9000000)
 PSPermGen       total 21504K, used 19806K [0x00000000bc400000, 0x00000000bd900000, 0x00000000c6a00000)
  object space 21504K, 92% used [0x00000000bc400000,0x00000000bd757ac8,0x00000000bd900000)
Event: 595.836 GC heap after
Heap after GC invocations=148 (full 0):
 PSYoungGen      total 18944K, used 64K [0x00000000ece00000, 0x00000000eed80000, 0x0000000100000000)
  eden space 18432K, 0% used [0x00000000ece00000,0x00000000ece00000,0x00000000ee000000)
  from space 512K, 12% used [0x00000000eed00000,0x00000000eed10000,0x00000000eed80000)
  to   space 512K, 0% used [0x00000000eec80000,0x00000000eec80000,0x00000000eed00000)
 ParOldGen       total 38912K, used 27245K [0x00000000c6a00000, 0x00000000c9000000, 0x00000000ece00000)
  object space 38912K, 70% used [0x00000000c6a00000,0x00000000c849b7d0,0x00000000c9000000)
 PSPermGen       total 21504K, used 19806K [0x00000000bc400000, 0x00000000bd900000, 0x00000000c6a00000)
  object space 21504K, 92% used [0x00000000bc400000,0x00000000bd757ac8,0x00000000bd900000)
}
Event: 598.271 GC heap before
{Heap before GC invocations=149 (full 0):
 PSYoungGen      total 18944K, used 18496K [0x00000000ece00000, 0x00000000eed80000, 0x0000000100000000)
  eden space 18432K, 100% used [0x00000000ece00000,0x00000000ee000000,0x00000000ee000000)
  from space 512K, 12% used [0x00000000eed00000,0x00000000eed10000,0x00000000eed80000)
  to   space 512K, 0% used [0x00000000eec80000,0x00000000eec80000,0x00000000eed00000)
 ParOldGen       total 38912K, used 27245K [0x00000000c6a00000, 0x00000000c9000000, 0x00000000ece00000)
  object space 38912K, 70% used [0x00000000c6a00000,0x00000000c849b7d0,0x00000000c9000000)
 PSPermGen       total 21504K, used 19806K [0x00000000bc400000, 0x00000000bd900000, 0x00000000c6a00000)
  object space 21504K, 92% used [0x00000000bc400000,0x00000000bd757ac8,0x00000000bd900000)
Event: 598.272 GC heap after
Heap after GC invocations=149 (full 0):
 PSYoungGen      total 18944K, used 32K [0x00000000ece00000, 0x00000000eed80000, 0x0000000100000000)
  eden space 18432K, 0% used [0x00000000ece00000,0x00000000ece00000,0x00000000ee000000)
  from space 512K, 6% used [0x00000000eec80000,0x00000000eec88000,0x00000000eed00000)
  to   space 512K, 0% used [0x00000000eed00000,0x00000000eed00000,0x00000000eed80000)
 ParOldGen       total 38912K, used 27245K [0x00000000c6a00000, 0x00000000c9000000, 0x00000000ece00000)
  object space 38912K, 70% used [0x00000000c6a00000,0x00000000c849b7d0,0x00000000c9000000)
 PSPermGen       total 21504K, used 19806K [0x00000000bc400000, 0x00000000bd900000, 0x00000000c6a00000)
  object space 21504K, 92% used [0x00000000bc400000,0x00000000bd757ac8,0x00000000bd900000)
}

Deoptimization events (10 events):
Event: 598.351 Thread 0x00007f3ef0008000 Uncommon trap: reason=class_check action=maybe_recompile pc=0x00007f3f312560b4 method=java.awt.Component.getGraphics()Ljava/awt/Graphics; @ 114
Event: 598.351 Thread 0x00007f3ef0008000 Uncommon trap: reason=class_check action=maybe_recompile pc=0x00007f3f3125454c method=sun.java2d.x11.X11SurfaceData$X11WindowSurfaceData.getBounds()Ljava/awt/Rectangle; @ 4
Event: 598.351 Thread 0x00007f3ef0008000 Uncommon trap: reason=unreached action=reinterpret pc=0x00007f3f31264420 method=java.awt.EventQueue.isDispatchThreadImpl()Z @ 37
Event: 598.382 Thread 0x00007f3ef0010800 Uncommon trap: reason=unreached action=reinterpret pc=0x00007f3f312257f4 method=java.awt.EventQueue.postEvent(Ljava/awt/AWTEvent;I)V @ 51
Event: 598.383 Thread 0x00007f3f34252800 Uncommon trap: reason=unreached action=reinterpret pc=0x00007f3f3124a070 method=java.awt.EventQueue.setCurrentEventAndMostRecentTimeImpl(Ljava/awt/AWTEvent;)V @ 49
Event: 598.397 Thread 0x00007f3ef0008000 Uncommon trap: reason=unreached action=reinterpret pc=0x00007f3f31204bfc method=java.awt.EventQueue.eventToCacheIndex(Ljava/awt/AWTEvent;)I @ 60
Event: 598.637 Thread 0x00007f3ef0008000 Uncommon trap: reason=unreached action=reinterpret pc=0x00007f3f311bdbcc method=java.lang.reflect.Method.invoke(Ljava/lang/Object;[Ljava/lang/Object;)Ljava/lang/Object; @ 46
Event: 598.859 Thread 0x00007f3f34246000 Uncommon trap: reason=class_check action=maybe_recompile pc=0x00007f3f3125454c method=sun.java2d.x11.X11SurfaceData$X11WindowSurfaceData.getBounds()Ljava/awt/Rectangle; @ 4
Event: 598.859 Thread 0x00007f3f34246000 Uncommon trap: reason=unreached action=reinterpret pc=0x00007f3f3117af08 method=java.security.AccessControlContext.optimize()Ljava/security/AccessControlContext; @ 129
Event: 598.868 Thread 0x00007f3ef0010800 Uncommon trap: reason=unreached action=reinterpret pc=0x00007f3f31286458 method=processing.core.PApplet.run()V @ 272

Internal exceptions (10 events):
Event: 2.445 Thread 0x00007f3ef0008000 Threw 0x00000000edb5dbf8 at /build/buildd/openjdk-7-7u79-2.5.5/build/openjdk/hotspot/src/share/vm/runtime/reflection.cpp:1030
Event: 2.446 Thread 0x00007f3ef0008000 Threw 0x00000000edb5deb8 at /build/buildd/openjdk-7-7u79-2.5.5/build/openjdk/hotspot/src/share/vm/runtime/reflection.cpp:1030
Event: 2.473 Thread 0x00007f3ef0008000 Threw 0x00000000edc20b48 at /build/buildd/openjdk-7-7u79-2.5.5/build/openjdk/hotspot/src/share/vm/runtime/reflection.cpp:1030
Event: 2.914 Thread 0x00007f3ef4537000 Implicit null exception at 0x00007f3f310eab60 to 0x00007f3f310eabf9
Event: 2.990 Thread 0x00007f3ef4537000 Implicit null exception at 0x00007f3f310f44a7 to 0x00007f3f310f4bdd
Event: 598.351 Thread 0x00007f3f34231000 Implicit null exception at 0x00007f3f3124feaf to 0x00007f3f31250c39
Event: 598.351 Thread 0x00007f3ef0008000 Implicit null exception at 0x00007f3f3124b3ee to 0x00007f3f3124b809
Event: 598.351 Thread 0x00007f3ef0008000 Implicit null exception at 0x00007f3f31251eca to 0x00007f3f312522d5
Event: 598.637 Thread 0x00007f3ef0008000 Implicit null exception at 0x00007f3f311bdb1a to 0x00007f3f311bdbc1
Event: 598.859 Thread 0x00007f3f34246000 Implicit null exception at 0x00007f3f3117a915 to 0x00007f3f3117aef1

Events (10 events):
Event: 598.859 Thread 0x00007f3f34246000 Uncommon trap: trap_request=0xffffffde fr.pc=0x00007f3f3125454c
Event: 598.859 Thread 0x00007f3f34246000 DEOPT PACKING pc=0x00007f3f3125454c sp=0x00007f3f24450530
Event: 598.859 Thread 0x00007f3f34246000 DEOPT UNPACKING pc=0x00007f3f31039045 sp=0x00007f3f244504e0 mode 2
Event: 598.859 Thread 0x00007f3f34246000 Uncommon trap: trap_request=0xffffffad fr.pc=0x00007f3f3117af08
Event: 598.859 Thread 0x00007f3f34246000 DEOPT PACKING pc=0x00007f3f3117af08 sp=0x00007f3f244503f0
Event: 598.859 Thread 0x00007f3f34246000 DEOPT UNPACKING pc=0x00007f3f31039045 sp=0x00007f3f24450398 mode 2
Event: 598.868 Thread 0x00007f3ef0010800 Uncommon trap: trap_request=0xffffffad fr.pc=0x00007f3f31286458
Event: 598.868 Thread 0x00007f3ef0010800 DEOPT PACKING pc=0x00007f3f31286458 sp=0x00007f3eefda9990
Event: 598.868 Thread 0x00007f3ef0010800 DEOPT UNPACKING pc=0x00007f3f31039045 sp=0x00007f3eefda9928 mode 2
Event: 598.868 Thread 0x00007f3ef0010800 Thread exited: 0x00007f3ef0010800


Dynamic libraries:
00400000-00401000 r-xp 00000000 08:01 1861178                            /usr/lib/jvm/java-7-openjdk-amd64/jre/bin/java
00600000-00601000 r--p 00000000 08:01 1861178                            /usr/lib/jvm/java-7-openjdk-amd64/jre/bin/java
00601000-00602000 rw-p 00001000 08:01 1861178                            /usr/lib/jvm/java-7-openjdk-amd64/jre/bin/java
01ce0000-01d64000 rw-p 00000000 00:00 0                                  [heap]
bc400000-bd900000 rw-p 00000000 00:00 0 
bd900000-c6a00000 rw-p 00000000 00:00 0 
c6a00000-c9000000 rw-p 00000000 00:00 0 
c9000000-ece00000 rw-p 00000000 00:00 0 
ece00000-eed80000 rw-p 00000000 00:00 0 
eed80000-f6300000 ---p 00000000 00:00 0 
f6300000-100000000 rw-p 00000000 00:00 0 
7f3ee4d36000-7f3ee4d79000 r-xp 00000000 08:01 532670                     /usr/lib/x86_64-linux-gnu/libjpeg.so.8.0.2
7f3ee4d79000-7f3ee4f79000 ---p 00043000 08:01 532670                     /usr/lib/x86_64-linux-gnu/libjpeg.so.8.0.2
7f3ee4f79000-7f3ee4f7a000 r--p 00043000 08:01 532670                     /usr/lib/x86_64-linux-gnu/libjpeg.so.8.0.2
7f3ee4f7a000-7f3ee4f7b000 rw-p 00044000 08:01 532670                     /usr/lib/x86_64-linux-gnu/libjpeg.so.8.0.2
7f3ee4f7b000-7f3ee4f8b000 rw-p 00000000 00:00 0 
7f3ee4fcb000-7f3ee4fce000 ---p 00000000 00:00 0 
7f3ee4fce000-7f3ee50cc000 rw-p 00000000 00:00 0 
7f3ee50cc000-7f3ee50cf000 ---p 00000000 00:00 0 
7f3ee50cf000-7f3ee51cd000 rw-p 00000000 00:00 0 
7f3ee51cd000-7f3ee51d0000 ---p 00000000 00:00 0 
7f3ee51d0000-7f3ee52ce000 rw-p 00000000 00:00 0 
7f3ee52ce000-7f3ee52d1000 ---p 00000000 00:00 0 
7f3ee52d1000-7f3ee53cf000 rw-p 00000000 00:00 0 
7f3ee53cf000-7f3ee53d2000 ---p 00000000 00:00 0 
7f3ee53d2000-7f3ee54d0000 rw-p 00000000 00:00 0                          [stack:12034]
7f3ee54d0000-7f3ee54d3000 ---p 00000000 00:00 0 
7f3ee54d3000-7f3ee55d1000 rw-p 00000000 00:00 0 
7f3ee55d1000-7f3ee55d4000 ---p 00000000 00:00 0 
7f3ee55d4000-7f3ee56d2000 rw-p 00000000 00:00 0 
7f3ee56d2000-7f3ee56d5000 ---p 00000000 00:00 0 
7f3ee56d5000-7f3ee57d3000 rw-p 00000000 00:00 0 
7f3ee57d3000-7f3ee57d6000 ---p 00000000 00:00 0 
7f3ee57d6000-7f3ee58d4000 rw-p 00000000 00:00 0 
7f3ee58d4000-7f3ee58d9000 r-xp 00000000 08:01 15728669                   /lib/x86_64-linux-gnu/libnss_dns-2.19.so
7f3ee58d9000-7f3ee5ad8000 ---p 00005000 08:01 15728669                   /lib/x86_64-linux-gnu/libnss_dns-2.19.so
7f3ee5ad8000-7f3ee5ad9000 r--p 00004000 08:01 15728669                   /lib/x86_64-linux-gnu/libnss_dns-2.19.so
7f3ee5ad9000-7f3ee5ada000 rw-p 00005000 08:01 15728669                   /lib/x86_64-linux-gnu/libnss_dns-2.19.so
7f3ee5ada000-7f3ee5adc000 r-xp 00000000 08:01 15732752                   /lib/x86_64-linux-gnu/libnss_mdns4_minimal.so.2
7f3ee5adc000-7f3ee5cdb000 ---p 00002000 08:01 15732752                   /lib/x86_64-linux-gnu/libnss_mdns4_minimal.so.2
7f3ee5cdb000-7f3ee5cdc000 r--p 00001000 08:01 15732752                   /lib/x86_64-linux-gnu/libnss_mdns4_minimal.so.2
7f3ee5cdc000-7f3ee5cdd000 rw-p 00002000 08:01 15732752                   /lib/x86_64-linux-gnu/libnss_mdns4_minimal.so.2
7f3ee5cde000-7f3ee5cdf000 rw-s 1322da000 00:05 1913                      /dev/dri/card0
7f3ee5cdf000-7f3ee5ce0000 rw-s 1322d9000 00:05 1913                      /dev/dri/card0
7f3ee5ce0000-7f3ee5ce1000 rw-s 1322d8000 00:05 1913                      /dev/dri/card0
7f3ee5ce1000-7f3ee5ce2000 rw-s 1322d7000 00:05 1913                      /dev/dri/card0
7f3ee5ce2000-7f3ee5ce3000 rw-s 1322d6000 00:05 1913                      /dev/dri/card0
7f3ee5ce4000-7f3ee5ce5000 rw-s 1322d4000 00:05 1913                      /dev/dri/card0
7f3ee5ce6000-7f3ee5ce7000 rw-s 1322d2000 00:05 1913                      /dev/dri/card0
7f3ee5cea000-7f3ee5ceb000 rw-s 1322ce000 00:05 1913                      /dev/dri/card0
7f3ee5cee000-7f3ee5cef000 rw-s 1322ca000 00:05 1913                      /dev/dri/card0
7f3ee5cef000-7f3ee5cf0000 rw-s 1322c9000 00:05 1913                      /dev/dri/card0
7f3ee5cf0000-7f3ee5cf1000 rw-s 1322c8000 00:05 1913                      /dev/dri/card0
7f3ee5cf2000-7f3ee5cf3000 rw-s 13364f000 00:05 1913                      /dev/dri/card0
7f3ee5cf4000-7f3ee5cf5000 rw-s 13364d000 00:05 1913                      /dev/dri/card0
7f3ee5cf8000-7f3ee5cf9000 rw-s 133644000 00:05 1913                      /dev/dri/card0
7f3ee5cf9000-7f3ee5cfa000 rw-s 132ae3000 00:05 1913                      /dev/dri/card0
7f3ee5cfa000-7f3ee5cfb000 rw-s 132ae2000 00:05 1913                      /dev/dri/card0
7f3ee5cfe000-7f3ee5d01000 ---p 00000000 00:00 0 
7f3ee5d01000-7f3ee5dff000 rw-p 00000000 00:00 0 
7f3ee5dff000-7f3ee5e02000 ---p 00000000 00:00 0 
7f3ee5e02000-7f3ee5f00000 rw-p 00000000 00:00 0 
7f3ee5f00000-7f3ee5f03000 ---p 00000000 00:00 0 
7f3ee5f03000-7f3ee6001000 rw-p 00000000 00:00 0 
7f3ee6001000-7f3ee6004000 ---p 00000000 00:00 0 
7f3ee6004000-7f3ee6102000 rw-p 00000000 00:00 0 
7f3ee62eb000-7f3ee63eb000 rw-s 133794000 00:05 1913                      /dev/dri/card0
7f3ee63eb000-7f3ee63ec000 rw-s 131e8f000 00:05 1913                      /dev/dri/card0
7f3ee6431000-7f3ee6432000 rw-s 131f6c000 00:05 1913                      /dev/dri/card0
7f3ee6432000-7f3ee6433000 rw-s 131f6b000 00:05 1913                      /dev/dri/card0
7f3ee6433000-7f3ee6434000 rw-s 131f6a000 00:05 1913                      /dev/dri/card0
7f3ee6435000-7f3ee6436000 rw-s 131f68000 00:05 1913                      /dev/dri/card0
7f3ee6437000-7f3ee6438000 rw-s 131f66000 00:05 1913                      /dev/dri/card0
7f3ee6438000-7f3ee6439000 rw-s 131f0a000 00:05 1913                      /dev/dri/card0
7f3ee6439000-7f3ee643a000 rw-s 131f09000 00:05 1913                      /dev/dri/card0
7f3ee643a000-7f3ee643b000 rw-s 131f08000 00:05 1913                      /dev/dri/card0
7f3ee643b000-7f3ee643c000 rw-s 131f07000 00:05 1913                      /dev/dri/card0
7f3ee643c000-7f3ee6611000 rw-p 00000000 00:00 0 
7f3ee6612000-7f3ee661c000 r-xp 00000000 08:01 5768782                    /usr/lib/jvm/java-7-openjdk-amd64/jre/lib/amd64/libjavajpeg.so
7f3ee661c000-7f3ee681b000 ---p 0000a000 08:01 5768782                    /usr/lib/jvm/java-7-openjdk-amd64/jre/lib/amd64/libjavajpeg.so
7f3ee681b000-7f3ee681c000 r--p 00009000 08:01 5768782                    /usr/lib/jvm/java-7-openjdk-amd64/jre/lib/amd64/libjavajpeg.so
7f3ee681c000-7f3ee681d000 rw-p 0000a000 08:01 5768782                    /usr/lib/jvm/java-7-openjdk-amd64/jre/lib/amd64/libjavajpeg.so
7f3ee681e000-7f3ee69f3000 rw-p 00000000 00:00 0 
7f3ee69f3000-7f3ee6af3000 rw-s 131b9d000 00:05 1913                      /dev/dri/card0
7f3ee6af3000-7f3ee6af4000 ---p 00000000 00:00 0 
7f3ee6af4000-7f3ee72f4000 rw-p 00000000 00:00 0                          [stack:11851]
7f3ee72f4000-7f3ee7a3a000 r-xp 00000000 08:01 918024                     /usr/lib/x86_64-linux-gnu/dri/r600_dri.so
7f3ee7a3a000-7f3ee7c39000 ---p 00746000 08:01 918024                     /usr/lib/x86_64-linux-gnu/dri/r600_dri.so
7f3ee7c39000-7f3ee7c8c000 r--p 00745000 08:01 918024                     /usr/lib/x86_64-linux-gnu/dri/r600_dri.so
7f3ee7c8c000-7f3ee7c98000 rw-p 00798000 08:01 918024                     /usr/lib/x86_64-linux-gnu/dri/r600_dri.so
7f3ee7c98000-7f3ee7e80000 rw-p 00000000 00:00 0 
7f3ee7e80000-7f3ee7e82000 r-xp 00000000 08:01 532093                     /usr/lib/x86_64-linux-gnu/libXinerama.so.1.0.0
7f3ee7e82000-7f3ee8081000 ---p 00002000 08:01 532093                     /usr/lib/x86_64-linux-gnu/libXinerama.so.1.0.0
7f3ee8081000-7f3ee8082000 r--p 00001000 08:01 532093                     /usr/lib/x86_64-linux-gnu/libXinerama.so.1.0.0
7f3ee8082000-7f3ee8083000 rw-p 00002000 08:01 532093                     /usr/lib/x86_64-linux-gnu/libXinerama.so.1.0.0
7f3ee8083000-7f3ee80ba000 r-xp 00000000 08:01 533016                     /usr/lib/x86_64-linux-gnu/libtxc_dxtn_s2tc.so.0.0.0
7f3ee80ba000-7f3ee82b9000 ---p 00037000 08:01 533016                     /usr/lib/x86_64-linux-gnu/libtxc_dxtn_s2tc.so.0.0.0
7f3ee82b9000-7f3ee82ba000 r--p 00036000 08:01 533016                     /usr/lib/x86_64-linux-gnu/libtxc_dxtn_s2tc.so.0.0.0
7f3ee82ba000-7f3ee82bb000 rw-p 00037000 08:01 533016                     /usr/lib/x86_64-linux-gnu/libtxc_dxtn_s2tc.so.0.0.0
7f3ee82bb000-7f3ee82bc000 ---p 00000000 00:00 0 
7f3ee82bc000-7f3ee8abc000 rw-p 00000000 00:00 0                          [stack:11850]
7f3ee8abc000-7f3ee8ac4000 r-xp 00000000 08:01 15732733                   /lib/x86_64-linux-gnu/libnih-dbus.so.1.0.0
7f3ee8ac4000-7f3ee8cc4000 ---p 00008000 08:01 15732733                   /lib/x86_64-linux-gnu/libnih-dbus.so.1.0.0
7f3ee8cc4000-7f3ee8cc5000 r--p 00008000 08:01 15732733                   /lib/x86_64-linux-gnu/libnih-dbus.so.1.0.0
7f3ee8cc5000-7f3ee8cc6000 rw-p 00009000 08:01 15732733                   /lib/x86_64-linux-gnu/libnih-dbus.so.1.0.0
7f3ee8cc6000-7f3ee8cdd000 r-xp 00000000 08:01 15732735                   /lib/x86_64-linux-gnu/libnih.so.1.0.0
7f3ee8cdd000-7f3ee8edc000 ---p 00017000 08:01 15732735                   /lib/x86_64-linux-gnu/libnih.so.1.0.0
7f3ee8edc000-7f3ee8edd000 r--p 00016000 08:01 15732735                   /lib/x86_64-linux-gnu/libnih.so.1.0.0
7f3ee8edd000-7f3ee8ede000 rw-p 00017000 08:01 15732735                   /lib/x86_64-linux-gnu/libnih.so.1.0.0
7f3ee8ede000-7f3ee8ef7000 r-xp 00000000 08:01 15732676                   /lib/x86_64-linux-gnu/libcgmanager.so.0.0.0
7f3ee8ef7000-7f3ee90f6000 ---p 00019000 08:01 15732676                   /lib/x86_64-linux-gnu/libcgmanager.so.0.0.0
7f3ee90f6000-7f3ee90f8000 r--p 00018000 08:01 15732676                   /lib/x86_64-linux-gnu/libcgmanager.so.0.0.0
7f3ee90f8000-7f3ee90f9000 rw-p 0001a000 08:01 15732676                   /lib/x86_64-linux-gnu/libcgmanager.so.0.0.0
7f3ee90f9000-7f3ee9109000 r-xp 00000000 08:01 15728930                   /lib/x86_64-linux-gnu/libudev.so.1.3.5
7f3ee9109000-7f3ee9308000 ---p 00010000 08:01 15728930                   /lib/x86_64-linux-gnu/libudev.so.1.3.5
7f3ee9308000-7f3ee9309000 r--p 0000f000 08:01 15728930                   /lib/x86_64-linux-gnu/libudev.so.1.3.5
7f3ee9309000-7f3ee930a000 rw-p 00010000 08:01 15728930                   /lib/x86_64-linux-gnu/libudev.so.1.3.5
7f3ee930a000-7f3ee932f000 r-xp 00000000 08:01 15732817                   /lib/x86_64-linux-gnu/libtinfo.so.5.9
7f3ee932f000-7f3ee952e000 ---p 00025000 08:01 15732817                   /lib/x86_64-linux-gnu/libtinfo.so.5.9
7f3ee952e000-7f3ee9532000 r--p 00024000 08:01 15732817                   /lib/x86_64-linux-gnu/libtinfo.so.5.9
7f3ee9532000-7f3ee9533000 rw-p 00028000 08:01 15732817                   /lib/x86_64-linux-gnu/libtinfo.so.5.9
7f3ee9533000-7f3ee955c000 r-xp 00000000 08:01 532322                     /usr/lib/x86_64-linux-gnu/libedit.so.2.0.47
7f3ee955c000-7f3ee975c000 ---p 00029000 08:01 532322                     /usr/lib/x86_64-linux-gnu/libedit.so.2.0.47
7f3ee975c000-7f3ee975e000 r--p 00029000 08:01 532322                     /usr/lib/x86_64-linux-gnu/libedit.so.2.0.47
7f3ee975e000-7f3ee975f000 rw-p 0002b000 08:01 532322                     /usr/lib/x86_64-linux-gnu/libedit.so.2.0.47
7f3ee975f000-7f3ee9763000 rw-p 00000000 00:00 0 
7f3ee9763000-7f3eeb26b000 r-xp 00000000 08:01 531941                     /usr/lib/x86_64-linux-gnu/libLLVM-3.5.so.1
7f3eeb26b000-7f3eeb26c000 ---p 01b08000 08:01 531941                     /usr/lib/x86_64-linux-gnu/libLLVM-3.5.so.1
7f3eeb26c000-7f3eeb434000 r--p 01b08000 08:01 531941                     /usr/lib/x86_64-linux-gnu/libLLVM-3.5.so.1
7f3eeb434000-7f3eeb43a000 rw-p 01cd0000 08:01 531941                     /usr/lib/x86_64-linux-gnu/libLLVM-3.5.so.1
7f3eeb43a000-7f3eeb44f000 rw-p 00000000 00:00 0 
7f3eeb44f000-7f3eeb45b000 r-xp 00000000 08:01 530540                     /usr/lib/x86_64-linux-gnu/libdrm_radeon.so.1.0.1
7f3eeb45b000-7f3eeb65a000 ---p 0000c000 08:01 530540                     /usr/lib/x86_64-linux-gnu/libdrm_radeon.so.1.0.1
7f3eeb65a000-7f3eeb65b000 r--p 0000b000 08:01 530540                     /usr/lib/x86_64-linux-gnu/libdrm_radeon.so.1.0.1
7f3eeb65b000-7f3eeb65c000 rw-p 0000c000 08:01 530540                     /usr/lib/x86_64-linux-gnu/libdrm_radeon.so.1.0.1
7f3eeb65c000-7f3eeb671000 r-xp 00000000 08:01 532323                     /usr/lib/x86_64-linux-gnu/libelf-0.158.so
7f3eeb671000-7f3eeb870000 ---p 00015000 08:01 532323                     /usr/lib/x86_64-linux-gnu/libelf-0.158.so
7f3eeb870000-7f3eeb871000 r--p 00014000 08:01 532323                     /usr/lib/x86_64-linux-gnu/libelf-0.158.so
7f3eeb871000-7f3eeb872000 rw-p 00015000 08:01 532323                     /usr/lib/x86_64-linux-gnu/libelf-0.158.so
7f3eeb872000-7f3eeb878000 r-xp 00000000 08:01 530538                     /usr/lib/x86_64-linux-gnu/libdrm_nouveau.so.2.0.0
7f3eeb878000-7f3eeba77000 ---p 00006000 08:01 530538                     /usr/lib/x86_64-linux-gnu/libdrm_nouveau.so.2.0.0
7f3eeba77000-7f3eeba78000 r--p 00005000 08:01 530538                     /usr/lib/x86_64-linux-gnu/libdrm_nouveau.so.2.0.0
7f3eeba78000-7f3eeba79000 rw-p 00006000 08:01 530538                     /usr/lib/x86_64-linux-gnu/libdrm_nouveau.so.2.0.0
7f3eeba79000-7f3eeba80000 r-xp 00000000 08:01 919135                     /usr/lib/x86_64-linux-gnu/mesa-egl/libOpenVG.so.1.0.0
7f3eeba80000-7f3eebc7f000 ---p 00007000 08:01 919135                     /usr/lib/x86_64-linux-gnu/mesa-egl/libOpenVG.so.1.0.0
7f3eebc7f000-7f3eebc80000 r--p 00006000 08:01 919135                     /usr/lib/x86_64-linux-gnu/mesa-egl/libOpenVG.so.1.0.0
7f3eebc80000-7f3eebc81000 rw-p 00007000 08:01 919135                     /usr/lib/x86_64-linux-gnu/mesa-egl/libOpenVG.so.1.0.0
7f3eebc81000-7f3eebc83000 rw-p 00000000 00:00 0 
7f3eebc83000-7f3eec40b000 r-xp 00000000 08:01 918029                     /usr/lib/x86_64-linux-gnu/egl/egl_gallium.so
7f3eec40b000-7f3eec60b000 ---p 00788000 08:01 918029                     /usr/lib/x86_64-linux-gnu/egl/egl_gallium.so
7f3eec60b000-7f3eec65e000 r--p 00788000 08:01 918029                     /usr/lib/x86_64-linux-gnu/egl/egl_gallium.so
7f3eec65e000-7f3eec66a000 rw-p 007db000 08:01 918029                     /usr/lib/x86_64-linux-gnu/egl/egl_gallium.so
7f3eec66a000-7f3eec851000 rw-p 00000000 00:00 0 
7f3eec851000-7f3eec857000 r-xp 00000000 08:01 919133                     /usr/lib/x86_64-linux-gnu/mesa-egl/libGLESv2.so.2.0.0
7f3eec857000-7f3eeca56000 ---p 00006000 08:01 919133                     /usr/lib/x86_64-linux-gnu/mesa-egl/libGLESv2.so.2.0.0
7f3eeca56000-7f3eeca57000 r--p 00005000 08:01 919133                     /usr/lib/x86_64-linux-gnu/mesa-egl/libGLESv2.so.2.0.0
7f3eeca57000-7f3eeca58000 rw-p 00006000 08:01 919133                     /usr/lib/x86_64-linux-gnu/mesa-egl/libGLESv2.so.2.0.0
7f3eeca58000-7f3eeca9d000 r-xp 00000000 08:01 12845847                   /tmp/jogamp_0000/file_cache/jln6117169267191185179/jln8430375231206665479/libjogl_mobile.so
7f3eeca9d000-7f3eecc9d000 ---p 00045000 08:01 12845847                   /tmp/jogamp_0000/file_cache/jln6117169267191185179/jln8430375231206665479/libjogl_mobile.so
7f3eecc9d000-7f3eecc9e000 rw-p 00045000 08:01 12845847                   /tmp/jogamp_0000/file_cache/jln6117169267191185179/jln8430375231206665479/libjogl_mobile.so
7f3eecc9e000-7f3eeccaa000 r-xp 00000000 08:01 532405                     /usr/lib/x86_64-linux-gnu/libgbm.so.1.0.0
7f3eeccaa000-7f3eeceaa000 ---p 0000c000 08:01 532405                     /usr/lib/x86_64-linux-gnu/libgbm.so.1.0.0
7f3eeceaa000-7f3eeceab000 r--p 0000c000 08:01 532405                     /usr/lib/x86_64-linux-gnu/libgbm.so.1.0.0
7f3eeceab000-7f3eeceac000 rw-p 0000d000 08:01 532405                     /usr/lib/x86_64-linux-gnu/libgbm.so.1.0.0
7f3eeceac000-7f3eecebb000 r-xp 00000000 08:01 533084                     /usr/lib/x86_64-linux-gnu/libwayland-server.so.0.1.0
7f3eecebb000-7f3eed0ba000 ---p 0000f000 08:01 533084                     /usr/lib/x86_64-linux-gnu/libwayland-server.so.0.1.0
7f3eed0ba000-7f3eed0bc000 r--p 0000e000 08:01 533084                     /usr/lib/x86_64-linux-gnu/libwayland-server.so.0.1.0
7f3eed0bc000-7f3eed0bd000 rw-p 00010000 08:01 533084                     /usr/lib/x86_64-linux-gnu/libwayland-server.so.0.1.0
7f3eed0bd000-7f3eed0c8000 r-xp 00000000 08:01 533078                     /usr/lib/x86_64-linux-gnu/libwayland-client.so.0.2.0
7f3eed0c8000-7f3eed2c7000 ---p 0000b000 08:01 533078                     /usr/lib/x86_64-linux-gnu/libwayland-client.so.0.2.0
7f3eed2c7000-7f3eed2c9000 r--p 0000a000 08:01 533078                     /usr/lib/x86_64-linux-gnu/libwayland-client.so.0.2.0
7f3eed2c9000-7f3eed2ca000 rw-p 0000c000 08:01 533078                     /usr/lib/x86_64-linux-gnu/libwayland-client.so.0.2.0
7f3eed2ca000-7f3eed2cf000 r-xp 00000000 08:01 533134                     /usr/lib/x86_64-linux-gnu/libxcb-xfixes.so.0.0.0
7f3eed2cf000-7f3eed4cf000 ---p 00005000 08:01 533134                     /usr/lib/x86_64-linux-gnu/libxcb-xfixes.so.0.0.0
7f3eed4cf000-7f3eed4d0000 r--p 00005000 08:01 533134                     /usr/lib/x86_64-linux-gnu/libxcb-xfixes.so.0.0.0
7f3eed4d0000-7f3eed4d1000 rw-p 00006000 08:01 533134                     /usr/lib/x86_64-linux-gnu/libxcb-xfixes.so.0.0.0
7f3eed4d1000-7f3eed4f8000 r-xp 00000000 08:01 919129                     /usr/lib/x86_64-linux-gnu/mesa-egl/libEGL.so.1.0.0
7f3eed4f8000-7f3eed6f8000 ---p 00027000 08:01 919129                     /usr/lib/x86_64-linux-gnu/mesa-egl/libEGL.so.1.0.0
7f3eed6f8000-7f3eed6f9000 r--p 00027000 08:01 919129                     /usr/lib/x86_64-linux-gnu/mesa-egl/libEGL.so.1.0.0
7f3eed6f9000-7f3eed6fa000 rw-p 00028000 08:01 919129                     /usr/lib/x86_64-linux-gnu/mesa-egl/libEGL.so.1.0.0
7f3eed6fa000-7f3eed6fb000 rw-p 00000000 00:00 0 
7f3eed6fb000-7f3eed7a0000 r-xp 00000000 08:01 12845846                   /tmp/jogamp_0000/file_cache/jln6117169267191185179/jln8430375231206665479/libjogl_desktop.so
7f3eed7a0000-7f3eed9a0000 ---p 000a5000 08:01 12845846                   /tmp/jogamp_0000/file_cache/jln6117169267191185179/jln8430375231206665479/libjogl_desktop.so
7f3eed9a0000-7f3eed9a1000 rw-p 000a5000 08:01 12845846                   /tmp/jogamp_0000/file_cache/jln6117169267191185179/jln8430375231206665479/libjogl_desktop.so
7f3eed9a1000-7f3eed9ac000 r-xp 00000000 08:01 530534                     /usr/lib/x86_64-linux-gnu/libdrm.so.2.4.0
7f3eed9ac000-7f3eedbab000 ---p 0000b000 08:01 530534                     /usr/lib/x86_64-linux-gnu/libdrm.so.2.4.0
7f3eedbab000-7f3eedbac000 r--p 0000a000 08:01 530534                     /usr/lib/x86_64-linux-gnu/libdrm.so.2.4.0
7f3eedbac000-7f3eedbad000 rw-p 0000b000 08:01 530534                     /usr/lib/x86_64-linux-gnu/libdrm.so.2.4.0
7f3eedbad000-7f3eedbae000 r-xp 00000000 08:01 533148                     /usr/lib/x86_64-linux-gnu/libxshmfence.so.1.0.0
7f3eedbae000-7f3eeddad000 ---p 00001000 08:01 533148                     /usr/lib/x86_64-linux-gnu/libxshmfence.so.1.0.0
7f3eeddad000-7f3eeddae000 r--p 00000000 08:01 533148                     /usr/lib/x86_64-linux-gnu/libxshmfence.so.1.0.0
7f3eeddae000-7f3eeddaf000 rw-p 00001000 08:01 533148                     /usr/lib/x86_64-linux-gnu/libxshmfence.so.1.0.0
7f3eeddaf000-7f3eeddb4000 r-xp 00000000 08:01 533130                     /usr/lib/x86_64-linux-gnu/libxcb-sync.so.1.0.0
7f3eeddb4000-7f3eedfb3000 ---p 00005000 08:01 533130                     /usr/lib/x86_64-linux-gnu/libxcb-sync.so.1.0.0
7f3eedfb3000-7f3eedfb4000 r--p 00004000 08:01 533130                     /usr/lib/x86_64-linux-gnu/libxcb-sync.so.1.0.0
7f3eedfb4000-7f3eedfb5000 rw-p 00005000 08:01 533130                     /usr/lib/x86_64-linux-gnu/libxcb-sync.so.1.0.0
7f3eedfb5000-7f3eedfb7000 r-xp 00000000 08:01 533118                     /usr/lib/x86_64-linux-gnu/libxcb-present.so.0.0.0
7f3eedfb7000-7f3eee1b6000 ---p 00002000 08:01 533118                     /usr/lib/x86_64-linux-gnu/libxcb-present.so.0.0.0
7f3eee1b6000-7f3eee1b7000 r--p 00001000 08:01 533118                     /usr/lib/x86_64-linux-gnu/libxcb-present.so.0.0.0
7f3eee1b7000-7f3eee1b8000 rw-p 00002000 08:01 533118                     /usr/lib/x86_64-linux-gnu/libxcb-present.so.0.0.0
7f3eee1b8000-7f3eee1ba000 r-xp 00000000 08:01 533108                     /usr/lib/x86_64-linux-gnu/libxcb-dri3.so.0.0.0
7f3eee1ba000-7f3eee3b9000 ---p 00002000 08:01 533108                     /usr/lib/x86_64-linux-gnu/libxcb-dri3.so.0.0.0
7f3eee3b9000-7f3eee3ba000 r--p 00001000 08:01 533108                     /usr/lib/x86_64-linux-gnu/libxcb-dri3.so.0.0.0
7f3eee3ba000-7f3eee3bb000 rw-p 00002000 08:01 533108                     /usr/lib/x86_64-linux-gnu/libxcb-dri3.so.0.0.0
7f3eee3bb000-7f3eee3be000 r-xp 00000000 08:01 533106                     /usr/lib/x86_64-linux-gnu/libxcb-dri2.so.0.0.0
7f3eee3be000-7f3eee5be000 ---p 00003000 08:01 533106                     /usr/lib/x86_64-linux-gnu/libxcb-dri2.so.0.0.0
7f3eee5be000-7f3eee5bf000 r--p 00003000 08:01 533106                     /usr/lib/x86_64-linux-gnu/libxcb-dri2.so.0.0.0
7f3eee5bf000-7f3eee5c0000 rw-p 00004000 08:01 533106                     /usr/lib/x86_64-linux-gnu/libxcb-dri2.so.0.0.0
7f3eee5c0000-7f3eee5d5000 r-xp 00000000 08:01 533110                     /usr/lib/x86_64-linux-gnu/libxcb-glx.so.0.0.0
7f3eee5d5000-7f3eee7d4000 ---p 00015000 08:01 533110                     /usr/lib/x86_64-linux-gnu/libxcb-glx.so.0.0.0
7f3eee7d4000-7f3eee7d6000 r--p 00014000 08:01 533110                     /usr/lib/x86_64-linux-gnu/libxcb-glx.so.0.0.0
7f3eee7d6000-7f3eee7d7000 rw-p 00016000 08:01 533110                     /usr/lib/x86_64-linux-gnu/libxcb-glx.so.0.0.0
7f3eee7d7000-7f3eee7d8000 r-xp 00000000 08:01 532064                     /usr/lib/x86_64-linux-gnu/libX11-xcb.so.1.0.0
7f3eee7d8000-7f3eee9d7000 ---p 00001000 08:01 532064                     /usr/lib/x86_64-linux-gnu/libX11-xcb.so.1.0.0
7f3eee9d7000-7f3eee9d8000 r--p 00000000 08:01 532064                     /usr/lib/x86_64-linux-gnu/libX11-xcb.so.1.0.0
7f3eee9d8000-7f3eee9d9000 rw-p 00001000 08:01 532064                     /usr/lib/x86_64-linux-gnu/libX11-xcb.so.1.0.0
7f3eee9d9000-7f3eee9db000 r-xp 00000000 08:01 532079                     /usr/lib/x86_64-linux-gnu/libXdamage.so.1.1.0
7f3eee9db000-7f3eeebda000 ---p 00002000 08:01 532079                     /usr/lib/x86_64-linux-gnu/libXdamage.so.1.1.0
7f3eeebda000-7f3eeebdb000 r--p 00001000 08:01 532079                     /usr/lib/x86_64-linux-gnu/libXdamage.so.1.1.0
7f3eeebdb000-7f3eeebdc000 rw-p 00002000 08:01 532079                     /usr/lib/x86_64-linux-gnu/libXdamage.so.1.1.0
7f3eeebdc000-7f3eeec00000 r-xp 00000000 08:01 532457                     /usr/lib/x86_64-linux-gnu/libglapi.so.0.0.0
7f3eeec00000-7f3eeee00000 ---p 00024000 08:01 532457                     /usr/lib/x86_64-linux-gnu/libglapi.so.0.0.0
7f3eeee00000-7f3eeee03000 r--p 00024000 08:01 532457                     /usr/lib/x86_64-linux-gnu/libglapi.so.0.0.0
7f3eeee03000-7f3eeee04000 rw-p 00027000 08:01 532457                     /usr/lib/x86_64-linux-gnu/libglapi.so.0.0.0
7f3eeee04000-7f3eeee05000 rw-p 00000000 00:00 0 
7f3eeee05000-7f3eeee91000 r-xp 00000000 08:01 919126                     /usr/lib/x86_64-linux-gnu/mesa/libGL.so.1.2.0
7f3eeee91000-7f3eef090000 ---p 0008c000 08:01 919126                     /usr/lib/x86_64-linux-gnu/mesa/libGL.so.1.2.0
7f3eef090000-7f3eef093000 r--p 0008b000 08:01 919126                     /usr/lib/x86_64-linux-gnu/mesa/libGL.so.1.2.0
7f3eef093000-7f3eef094000 rw-p 0008e000 08:01 919126                     /usr/lib/x86_64-linux-gnu/mesa/libGL.so.1.2.0
7f3eef094000-7f3eef095000 rw-p 00000000 00:00 0 
7f3eef095000-7f3eef09c000 r-xp 00000000 08:01 12845849                   /tmp/jogamp_0000/file_cache/jln6117169267191185179/jln8430375231206665479/libnativewindow_x11.so
7f3eef09c000-7f3eef29b000 ---p 00007000 08:01 12845849                   /tmp/jogamp_0000/file_cache/jln6117169267191185179/jln8430375231206665479/libnativewindow_x11.so
7f3eef29b000-7f3eef29c000 rw-p 00006000 08:01 12845849                   /tmp/jogamp_0000/file_cache/jln6117169267191185179/jln8430375231206665479/libnativewindow_x11.so
7f3eef29c000-7f3eef2a0000 r-xp 00000000 08:01 532121                     /usr/lib/x86_64-linux-gnu/libXxf86vm.so.1.0.0
7f3eef2a0000-7f3eef4a0000 ---p 00004000 08:01 532121                     /usr/lib/x86_64-linux-gnu/libXxf86vm.so.1.0.0
7f3eef4a0000-7f3eef4a1000 r--p 00004000 08:01 532121                     /usr/lib/x86_64-linux-gnu/libXxf86vm.so.1.0.0
7f3eef4a1000-7f3eef4a2000 rw-p 00005000 08:01 532121                     /usr/lib/x86_64-linux-gnu/libXxf86vm.so.1.0.0
7f3eef4a2000-7f3eef4a4000 r-xp 00000000 08:01 12845848                   /tmp/jogamp_0000/file_cache/jln6117169267191185179/jln8430375231206665479/libnativewindow_awt.so
7f3eef4a4000-7f3eef6a3000 ---p 00002000 08:01 12845848                   /tmp/jogamp_0000/file_cache/jln6117169267191185179/jln8430375231206665479/libnativewindow_awt.so
7f3eef6a3000-7f3eef6a4000 rw-p 00001000 08:01 12845848                   /tmp/jogamp_0000/file_cache/jln6117169267191185179/jln8430375231206665479/libnativewindow_awt.so
7f3eef6a4000-7f3eef6a5000 r-xp 00000000 08:01 5768800                    /usr/lib/jvm/java-7-openjdk-amd64/jre/lib/amd64/libjawt.so
7f3eef6a5000-7f3eef8a4000 ---p 00001000 08:01 5768800                    /usr/lib/jvm/java-7-openjdk-amd64/jre/lib/amd64/libjawt.so
7f3eef8a4000-7f3eef8a5000 r--p 00000000 08:01 5768800                    /usr/lib/jvm/java-7-openjdk-amd64/jre/lib/amd64/libjawt.so
7f3eef8a5000-7f3eef8a6000 rw-p 00001000 08:01 5768800                    /usr/lib/jvm/java-7-openjdk-amd64/jre/lib/amd64/libjawt.so
7f3eef8a6000-7f3eef8a8000 r-xp 00000000 08:01 12845845                   /tmp/jogamp_0000/file_cache/jln6117169267191185179/jln8430375231206665479/libgluegen-rt.so
7f3eef8a8000-7f3eefaa7000 ---p 00002000 08:01 12845845                   /tmp/jogamp_0000/file_cache/jln6117169267191185179/jln8430375231206665479/libgluegen-rt.so
7f3eefaa7000-7f3eefaa8000 rw-p 00001000 08:01 12845845                   /tmp/jogamp_0000/file_cache/jln6117169267191185179/jln8430375231206665479/libgluegen-rt.so
7f3eefaa8000-7f3eefaab000 ---p 00000000 00:00 0 
7f3eefaab000-7f3eefba9000 rw-p 00000000 00:00 0                          [stack:11849]
7f3eefba9000-7f3eefbac000 ---p 00000000 00:00 0 
7f3eefbac000-7f3eefcaa000 rw-p 00000000 00:00 0                          [stack:11839]
7f3eefcaa000-7f3eefcad000 ---p 00000000 00:00 0 
7f3eefcad000-7f3eefdab000 rw-p 00000000 00:00 0 
7f3eefdab000-7f3eefdfd000 r-xp 00000000 08:01 5768803                    /usr/lib/jvm/java-7-openjdk-amd64/jre/lib/amd64/libfontmanager.so
7f3eefdfd000-7f3eefffc000 ---p 00052000 08:01 5768803                    /usr/lib/jvm/java-7-openjdk-amd64/jre/lib/amd64/libfontmanager.so
7f3eefffc000-7f3eeffff000 r--p 00051000 08:01 5768803                    /usr/lib/jvm/java-7-openjdk-amd64/jre/lib/amd64/libfontmanager.so
7f3eeffff000-7f3ef0000000 rw-p 00054000 08:01 5768803                    /usr/lib/jvm/java-7-openjdk-amd64/jre/lib/amd64/libfontmanager.so
7f3ef0000000-7f3ef07e0000 rw-p 00000000 00:00 0 
7f3ef07e0000-7f3ef4000000 ---p 00000000 00:00 0 
7f3ef4000000-7f3ef4a99000 rw-p 00000000 00:00 0 
7f3ef4a99000-7f3ef8000000 ---p 00000000 00:00 0 
7f3ef8000000-7f3ef81e1000 rw-p 00000000 00:00 0 
7f3ef81e1000-7f3efc000000 ---p 00000000 00:00 0 
7f3efc000000-7f3efc021000 rw-p 00000000 00:00 0 
7f3efc021000-7f3f00000000 ---p 00000000 00:00 0 
7f3f00000000-7f3f00021000 rw-p 00000000 00:00 0 
7f3f00021000-7f3f04000000 ---p 00000000 00:00 0 
7f3f04000000-7f3f04021000 rw-p 00000000 00:00 0 
7f3f04021000-7f3f08000000 ---p 00000000 00:00 0 
7f3f08000000-7f3f088b2000 rw-p 00000000 00:00 0 
7f3f088b2000-7f3f0c000000 ---p 00000000 00:00 0 
7f3f0c000000-7f3f0c851000 rw-p 00000000 00:00 0 
7f3f0c851000-7f3f10000000 ---p 00000000 00:00 0 
7f3f10000000-7f3f10021000 rw-p 00000000 00:00 0 
7f3f10021000-7f3f14000000 ---p 00000000 00:00 0 
7f3f14000000-7f3f14056000 rw-p 00000000 00:00 0 
7f3f14056000-7f3f18000000 ---p 00000000 00:00 0 
7f3f18000000-7f3f18021000 rw-p 00000000 00:00 0 
7f3f18021000-7f3f1c000000 ---p 00000000 00:00 0 
7f3f1c000000-7f3f1c021000 rw-p 00000000 00:00 0 
7f3f1c021000-7f3f20000000 ---p 00000000 00:00 0 
7f3f20000000-7f3f20023000 rw-p 00000000 00:00 0 
7f3f20023000-7f3f24000000 ---p 00000000 00:00 0 
7f3f24019000-7f3f2401a000 rw-s 1320bd000 00:05 1913                      /dev/dri/card0
7f3f2401a000-7f3f2401b000 rw-s 131eae000 00:05 1913                      /dev/dri/card0
7f3f2401b000-7f3f2401c000 rw-s 131ead000 00:05 1913                      /dev/dri/card0
7f3f2401c000-7f3f2401d000 rw-s 131eac000 00:05 1913                      /dev/dri/card0
7f3f2401d000-7f3f2401e000 rw-s 131c9e000 00:05 1913                      /dev/dri/card0
7f3f2403e000-7f3f2404e000 r-xp 00000000 08:01 5768799                    /usr/lib/jvm/java-7-openjdk-amd64/jre/lib/amd64/libnio.so
7f3f2404e000-7f3f2424e000 ---p 00010000 08:01 5768799                    /usr/lib/jvm/java-7-openjdk-amd64/jre/lib/amd64/libnio.so
7f3f2424e000-7f3f2424f000 r--p 00010000 08:01 5768799                    /usr/lib/jvm/java-7-openjdk-amd64/jre/lib/amd64/libnio.so
7f3f2424f000-7f3f24250000 rw-p 00011000 08:01 5768799                    /usr/lib/jvm/java-7-openjdk-amd64/jre/lib/amd64/libnio.so
7f3f24250000-7f3f24253000 ---p 00000000 00:00 0 
7f3f24253000-7f3f24351000 rw-p 00000000 00:00 0                          [stack:11837]
7f3f24351000-7f3f24354000 ---p 00000000 00:00 0 
7f3f24354000-7f3f24452000 rw-p 00000000 00:00 0                          [stack:11835]
7f3f24452000-7f3f24455000 ---p 00000000 00:00 0 
7f3f24455000-7f3f24553000 rw-p 00000000 00:00 0                          [stack:11836]
7f3f24553000-7f3f24556000 ---p 00000000 00:00 0 
7f3f24556000-7f3f24654000 rw-p 00000000 00:00 0                          [stack:11833]
7f3f24654000-7f3f24659000 r-xp 00000000 08:01 527015                     /usr/lib/x86_64-linux-gnu/libXfixes.so.3.1.0
7f3f24659000-7f3f24858000 ---p 00005000 08:01 527015                     /usr/lib/x86_64-linux-gnu/libXfixes.so.3.1.0
7f3f24858000-7f3f24859000 r--p 00004000 08:01 527015                     /usr/lib/x86_64-linux-gnu/libXfixes.so.3.1.0
7f3f24859000-7f3f2485a000 rw-p 00005000 08:01 527015                     /usr/lib/x86_64-linux-gnu/libXfixes.so.3.1.0
7f3f2485a000-7f3f24863000 r-xp 00000000 08:01 532077                     /usr/lib/x86_64-linux-gnu/libXcursor.so.1.0.2
7f3f24863000-7f3f24a62000 ---p 00009000 08:01 532077                     /usr/lib/x86_64-linux-gnu/libXcursor.so.1.0.2
7f3f24a62000-7f3f24a63000 r--p 00008000 08:01 532077                     /usr/lib/x86_64-linux-gnu/libXcursor.so.1.0.2
7f3f24a63000-7f3f24a64000 rw-p 00009000 08:01 532077                     /usr/lib/x86_64-linux-gnu/libXcursor.so.1.0.2
7f3f24a64000-7f3f24a67000 ---p 00000000 00:00 0 
7f3f24a67000-7f3f24b65000 rw-p 00000000 00:00 0                          [stack:11832]
7f3f24b65000-7f3f24b7c000 r-xp 00000000 08:01 5768826                    /usr/lib/jvm/java-7-openjdk-amd64/jre/lib/amd64/libnet.so
7f3f24b7c000-7f3f24d7b000 ---p 00017000 08:01 5768826                    /usr/lib/jvm/java-7-openjdk-amd64/jre/lib/amd64/libnet.so
7f3f24d7b000-7f3f24d7c000 r--p 00016000 08:01 5768826                    /usr/lib/jvm/java-7-openjdk-amd64/jre/lib/amd64/libnet.so
7f3f24d7c000-7f3f24d7d000 rw-p 00017000 08:01 5768826                    /usr/lib/jvm/java-7-openjdk-amd64/jre/lib/amd64/libnet.so
7f3f24d7d000-7f3f24d81000 r-xp 00000000 08:01 15732704                   /lib/x86_64-linux-gnu/libgpg-error.so.0.10.0
7f3f24d81000-7f3f24f80000 ---p 00004000 08:01 15732704                   /lib/x86_64-linux-gnu/libgpg-error.so.0.10.0
7f3f24f80000-7f3f24f81000 r--p 00003000 08:01 15732704                   /lib/x86_64-linux-gnu/libgpg-error.so.0.10.0
7f3f24f81000-7f3f24f82000 rw-p 00004000 08:01 15732704                   /lib/x86_64-linux-gnu/libgpg-error.so.0.10.0
7f3f24f82000-7f3f24f84000 r-xp 00000000 08:01 15732714                   /lib/x86_64-linux-gnu/libkeyutils.so.1.4
7f3f24f84000-7f3f25184000 ---p 00002000 08:01 15732714                   /lib/x86_64-linux-gnu/libkeyutils.so.1.4
7f3f25184000-7f3f25185000 r--p 00002000 08:01 15732714                   /lib/x86_64-linux-gnu/libkeyutils.so.1.4
7f3f25185000-7f3f25186000 rw-p 00003000 08:01 15732714                   /lib/x86_64-linux-gnu/libkeyutils.so.1.4
7f3f25186000-7f3f251c3000 r-xp 00000000 08:01 15728745                   /lib/x86_64-linux-gnu/libpcre.so.3.13.1
7f3f251c3000-7f3f253c2000 ---p 0003d000 08:01 15728745                   /lib/x86_64-linux-gnu/libpcre.so.3.13.1
7f3f253c2000-7f3f253c3000 r--p 0003c000 08:01 15728745                   /lib/x86_64-linux-gnu/libpcre.so.3.13.1
7f3f253c3000-7f3f253c4000 rw-p 0003d000 08:01 15728745                   /lib/x86_64-linux-gnu/libpcre.so.3.13.1
7f3f253c4000-7f3f253e9000 r-xp 00000000 08:01 15732786                   /lib/x86_64-linux-gnu/libpng12.so.0.50.0
7f3f253e9000-7f3f255e8000 ---p 00025000 08:01 15732786                   /lib/x86_64-linux-gnu/libpng12.so.0.50.0
7f3f255e8000-7f3f255e9000 r--p 00024000 08:01 15732786                   /lib/x86_64-linux-gnu/libpng12.so.0.50.0
7f3f255e9000-7f3f255ea000 rw-p 00025000 08:01 15732786                   /lib/x86_64-linux-gnu/libpng12.so.0.50.0
7f3f255ea000-7f3f2562e000 r-xp 00000000 08:01 15732685                   /lib/x86_64-linux-gnu/libdbus-1.so.3.7.6
7f3f2562e000-7f3f2582d000 ---p 00044000 08:01 15732685                   /lib/x86_64-linux-gnu/libdbus-1.so.3.7.6
7f3f2582d000-7f3f2582e000 r--p 00043000 08:01 15732685                   /lib/x86_64-linux-gnu/libdbus-1.so.3.7.6
7f3f2582e000-7f3f2582f000 rw-p 00044000 08:01 15732685                   /lib/x86_64-linux-gnu/libdbus-1.so.3.7.6
7f3f2582f000-7f3f2586a000 r-xp 00000000 08:01 532797                     /usr/lib/x86_64-linux-gnu/libp11-kit.so.0.0.0
7f3f2586a000-7f3f25a69000 ---p 0003b000 08:01 532797                     /usr/lib/x86_64-linux-gnu/libp11-kit.so.0.0.0
7f3f25a69000-7f3f25a6f000 r--p 0003a000 08:01 532797                     /usr/lib/x86_64-linux-gnu/libp11-kit.so.0.0.0
7f3f25a6f000-7f3f25a71000 rw-p 00040000 08:01 532797                     /usr/lib/x86_64-linux-gnu/libp11-kit.so.0.0.0
7f3f25a71000-7f3f25a83000 r-xp 00000000 08:01 526101                     /usr/lib/x86_64-linux-gnu/libtasn1.so.6.2.0
7f3f25a83000-7f3f25c83000 ---p 00012000 08:01 526101                     /usr/lib/x86_64-linux-gnu/libtasn1.so.6.2.0
7f3f25c83000-7f3f25c84000 r--p 00012000 08:01 526101                     /usr/lib/x86_64-linux-gnu/libtasn1.so.6.2.0
7f3f25c84000-7f3f25c85000 rw-p 00013000 08:01 526101                     /usr/lib/x86_64-linux-gnu/libtasn1.so.6.2.0
7f3f25c85000-7f3f25d01000 r-xp 00000000 08:01 15732984                   /lib/x86_64-linux-gnu/libgcrypt.so.11.8.2
7f3f25d01000-7f3f25f01000 ---p 0007c000 08:01 15732984                   /lib/x86_64-linux-gnu/libgcrypt.so.11.8.2
7f3f25f01000-7f3f25f02000 r--p 0007c000 08:01 15732984                   /lib/x86_64-linux-gnu/libgcrypt.so.11.8.2
7f3f25f02000-7f3f25f05000 rw-p 0007d000 08:01 15732984                   /lib/x86_64-linux-gnu/libgcrypt.so.11.8.2
7f3f25f05000-7f3f25f0f000 r-xp 00000000 08:01 532680                     /usr/lib/x86_64-linux-gnu/libkrb5support.so.0.1
7f3f25f0f000-7f3f2610e000 ---p 0000a000 08:01 532680                     /usr/lib/x86_64-linux-gnu/libkrb5support.so.0.1
7f3f2610e000-7f3f2610f000 r--p 00009000 08:01 532680                     /usr/lib/x86_64-linux-gnu/libkrb5support.so.0.1
7f3f2610f000-7f3f26110000 rw-p 0000a000 08:01 532680                     /usr/lib/x86_64-linux-gnu/libkrb5support.so.0.1
7f3f26110000-7f3f26113000 r-xp 00000000 08:01 15732977                   /lib/x86_64-linux-gnu/libcom_err.so.2.1
7f3f26113000-7f3f26312000 ---p 00003000 08:01 15732977                   /lib/x86_64-linux-gnu/libcom_err.so.2.1
7f3f26312000-7f3f26313000 r--p 00002000 08:01 15732977                   /lib/x86_64-linux-gnu/libcom_err.so.2.1
7f3f26313000-7f3f26314000 rw-p 00003000 08:01 15732977                   /lib/x86_64-linux-gnu/libcom_err.so.2.1
7f3f26314000-7f3f26340000 r-xp 00000000 08:01 532674                     /usr/lib/x86_64-linux-gnu/libk5crypto.so.3.1
7f3f26340000-7f3f2653f000 ---p 0002c000 08:01 532674                     /usr/lib/x86_64-linux-gnu/libk5crypto.so.3.1
7f3f2653f000-7f3f26541000 r--p 0002b000 08:01 532674                     /usr/lib/x86_64-linux-gnu/libk5crypto.so.3.1
7f3f26541000-7f3f26542000 rw-p 0002d000 08:01 532674                     /usr/lib/x86_64-linux-gnu/libk5crypto.so.3.1
7f3f26542000-7f3f26543000 rw-p 00000000 00:00 0 
7f3f26543000-7f3f265ff000 r-xp 00000000 08:01 532678                     /usr/lib/x86_64-linux-gnu/libkrb5.so.3.3
7f3f265ff000-7f3f267ff000 ---p 000bc000 08:01 532678                     /usr/lib/x86_64-linux-gnu/libkrb5.so.3.3
7f3f267ff000-7f3f2680c000 r--p 000bc000 08:01 532678                     /usr/lib/x86_64-linux-gnu/libkrb5.so.3.3
7f3f2680c000-7f3f2680e000 rw-p 000c9000 08:01 532678                     /usr/lib/x86_64-linux-gnu/libkrb5.so.3.3
7f3f2680e000-7f3f26813000 r-xp 00000000 08:01 532081                     /usr/lib/x86_64-linux-gnu/libXdmcp.so.6.0.0
7f3f26813000-7f3f26a12000 ---p 00005000 08:01 532081                     /usr/lib/x86_64-linux-gnu/libXdmcp.so.6.0.0
7f3f26a12000-7f3f26a13000 r--p 00004000 08:01 532081                     /usr/lib/x86_64-linux-gnu/libXdmcp.so.6.0.0
7f3f26a13000-7f3f26a14000 rw-p 00005000 08:01 532081                     /usr/lib/x86_64-linux-gnu/libXdmcp.so.6.0.0
7f3f26a14000-7f3f26a16000 r-xp 00000000 08:01 532070                     /usr/lib/x86_64-linux-gnu/libXau.so.6.0.0
7f3f26a16000-7f3f26c16000 ---p 00002000 08:01 532070                     /usr/lib/x86_64-linux-gnu/libXau.so.6.0.0
7f3f26c16000-7f3f26c17000 r--p 00002000 08:01 532070                     /usr/lib/x86_64-linux-gnu/libXau.so.6.0.0
7f3f26c17000-7f3f26c18000 rw-p 00003000 08:01 532070                     /usr/lib/x86_64-linux-gnu/libXau.so.6.0.0
7f3f26c18000-7f3f26c1f000 r-xp 00000000 08:01 532352                     /usr/lib/x86_64-linux-gnu/libffi.so.6.0.1
7f3f26c1f000-7f3f26e1e000 ---p 00007000 08:01 532352                     /usr/lib/x86_64-linux-gnu/libffi.so.6.0.1
7f3f26e1e000-7f3f26e1f000 r--p 00006000 08:01 532352                     /usr/lib/x86_64-linux-gnu/libffi.so.6.0.1
7f3f26e1f000-7f3f26e20000 rw-p 00007000 08:01 532352                     /usr/lib/x86_64-linux-gnu/libffi.so.6.0.1
7f3f26e20000-7f3f29000000 rw-p 00000000 00:00 0 
7f3f290ce000-7f3f290e5000 r-xp 00000000 08:01 15728645                   /lib/x86_64-linux-gnu/libresolv-2.19.so
7f3f290e5000-7f3f292e5000 ---p 00017000 08:01 15728645                   /lib/x86_64-linux-gnu/libresolv-2.19.so
7f3f292e5000-7f3f292e6000 r--p 00017000 08:01 15728645                   /lib/x86_64-linux-gnu/libresolv-2.19.so
7f3f292e6000-7f3f292e7000 rw-p 00018000 08:01 15728645                   /lib/x86_64-linux-gnu/libresolv-2.19.so
7f3f292e7000-7f3f292e9000 rw-p 00000000 00:00 0 
7f3f292e9000-7f3f29309000 r-xp 00000000 08:01 15732801                   /lib/x86_64-linux-gnu/libselinux.so.1
7f3f29309000-7f3f29508000 ---p 00020000 08:01 15732801                   /lib/x86_64-linux-gnu/libselinux.so.1
7f3f29508000-7f3f29509000 r--p 0001f000 08:01 15732801                   /lib/x86_64-linux-gnu/libselinux.so.1
7f3f29509000-7f3f2950a000 rw-p 00020000 08:01 15732801                   /lib/x86_64-linux-gnu/libselinux.so.1
7f3f2950a000-7f3f2950c000 rw-p 00000000 00:00 0 
7f3f2950c000-7f3f29612000 r-xp 00000000 08:01 15732702                   /lib/x86_64-linux-gnu/libglib-2.0.so.0.4002.0
7f3f29612000-7f3f29811000 ---p 00106000 08:01 15732702                   /lib/x86_64-linux-gnu/libglib-2.0.so.0.4002.0
7f3f29811000-7f3f29812000 r--p 00105000 08:01 15732702                   /lib/x86_64-linux-gnu/libglib-2.0.so.0.4002.0
7f3f29812000-7f3f29813000 rw-p 00106000 08:01 15732702                   /lib/x86_64-linux-gnu/libglib-2.0.so.0.4002.0
7f3f29813000-7f3f29814000 rw-p 00000000 00:00 0 
7f3f29814000-7f3f29817000 r-xp 00000000 08:01 532465                     /usr/lib/x86_64-linux-gnu/libgmodule-2.0.so.0.4002.0
7f3f29817000-7f3f29a16000 ---p 00003000 08:01 532465                     /usr/lib/x86_64-linux-gnu/libgmodule-2.0.so.0.4002.0
7f3f29a16000-7f3f29a17000 r--p 00002000 08:01 532465                     /usr/lib/x86_64-linux-gnu/libgmodule-2.0.so.0.4002.0
7f3f29a17000-7f3f29a18000 rw-p 00003000 08:01 532465                     /usr/lib/x86_64-linux-gnu/libgmodule-2.0.so.0.4002.0
7f3f29a18000-7f3f29a3f000 r-xp 00000000 08:01 15732693                   /lib/x86_64-linux-gnu/libexpat.so.1.6.0
7f3f29a3f000-7f3f29c3f000 ---p 00027000 08:01 15732693                   /lib/x86_64-linux-gnu/libexpat.so.1.6.0
7f3f29c3f000-7f3f29c41000 r--p 00027000 08:01 15732693                   /lib/x86_64-linux-gnu/libexpat.so.1.6.0
7f3f29c41000-7f3f29c42000 rw-p 00029000 08:01 15732693                   /lib/x86_64-linux-gnu/libexpat.so.1.6.0
7f3f29c42000-7f3f29cdf000 r-xp 00000000 08:01 527024                     /usr/lib/x86_64-linux-gnu/libfreetype.so.6.11.1
7f3f29cdf000-7f3f29ede000 ---p 0009d000 08:01 527024                     /usr/lib/x86_64-linux-gnu/libfreetype.so.6.11.1
7f3f29ede000-7f3f29ee4000 r--p 0009c000 08:01 527024                     /usr/lib/x86_64-linux-gnu/libfreetype.so.6.11.1
7f3f29ee4000-7f3f29ee5000 rw-p 000a2000 08:01 527024                     /usr/lib/x86_64-linux-gnu/libfreetype.so.6.11.1
7f3f29ee5000-7f3f29ef4000 r-xp 00000000 08:01 532174                     /usr/lib/x86_64-linux-gnu/libavahi-client.so.3.2.9
7f3f29ef4000-7f3f2a0f4000 ---p 0000f000 08:01 532174                     /usr/lib/x86_64-linux-gnu/libavahi-client.so.3.2.9
7f3f2a0f4000-7f3f2a0f5000 r--p 0000f000 08:01 532174                     /usr/lib/x86_64-linux-gnu/libavahi-client.so.3.2.9
7f3f2a0f5000-7f3f2a0f6000 rw-p 00010000 08:01 532174                     /usr/lib/x86_64-linux-gnu/libavahi-client.so.3.2.9
7f3f2a0f6000-7f3f2a101000 r-xp 00000000 08:01 532176                     /usr/lib/x86_64-linux-gnu/libavahi-common.so.3.5.3
7f3f2a101000-7f3f2a300000 ---p 0000b000 08:01 532176                     /usr/lib/x86_64-linux-gnu/libavahi-common.so.3.5.3
7f3f2a300000-7f3f2a301000 r--p 0000a000 08:01 532176                     /usr/lib/x86_64-linux-gnu/libavahi-common.so.3.5.3
7f3f2a301000-7f3f2a302000 rw-p 0000b000 08:01 532176                     /usr/lib/x86_64-linux-gnu/libavahi-common.so.3.5.3
7f3f2a302000-7f3f2a3b8000 r-xp 00000000 08:01 526935                     /usr/lib/x86_64-linux-gnu/libgnutls.so.26.22.6
7f3f2a3b8000-7f3f2a5b8000 ---p 000b6000 08:01 526935                     /usr/lib/x86_64-linux-gnu/libgnutls.so.26.22.6
7f3f2a5b8000-7f3f2a5be000 r--p 000b6000 08:01 526935                     /usr/lib/x86_64-linux-gnu/libgnutls.so.26.22.6
7f3f2a5be000-7f3f2a5bf000 rw-p 000bc000 08:01 526935                     /usr/lib/x86_64-linux-gnu/libgnutls.so.26.22.6
7f3f2a5bf000-7f3f2a5c0000 rw-p 00000000 00:00 0 
7f3f2a5c0000-7f3f2a603000 r-xp 00000000 08:01 532508                     /usr/lib/x86_64-linux-gnu/libgssapi_krb5.so.2.2
7f3f2a603000-7f3f2a803000 ---p 00043000 08:01 532508                     /usr/lib/x86_64-linux-gnu/libgssapi_krb5.so.2.2
7f3f2a803000-7f3f2a804000 r--p 00043000 08:01 532508                     /usr/lib/x86_64-linux-gnu/libgssapi_krb5.so.2.2
7f3f2a804000-7f3f2a806000 rw-p 00044000 08:01 532508                     /usr/lib/x86_64-linux-gnu/libgssapi_krb5.so.2.2
7f3f2a806000-7f3f2a823000 r-xp 00000000 08:01 533138                     /usr/lib/x86_64-linux-gnu/libxcb.so.1.1.0
7f3f2a823000-7f3f2aa23000 ---p 0001d000 08:01 533138                     /usr/lib/x86_64-linux-gnu/libxcb.so.1.1.0
7f3f2aa23000-7f3f2aa24000 r--p 0001d000 08:01 533138                     /usr/lib/x86_64-linux-gnu/libxcb.so.1.1.0
7f3f2aa24000-7f3f2aa25000 rw-p 0001e000 08:01 533138                     /usr/lib/x86_64-linux-gnu/libxcb.so.1.1.0
7f3f2aa25000-7f3f2aa74000 r-xp 00000000 08:01 532481                     /usr/lib/x86_64-linux-gnu/libgobject-2.0.so.0.4002.0
7f3f2aa74000-7f3f2ac74000 ---p 0004f000 08:01 532481                     /usr/lib/x86_64-linux-gnu/libgobject-2.0.so.0.4002.0
7f3f2ac74000-7f3f2ac75000 r--p 0004f000 08:01 532481                     /usr/lib/x86_64-linux-gnu/libgobject-2.0.so.0.4002.0
7f3f2ac75000-7f3f2ac76000 rw-p 00050000 08:01 532481                     /usr/lib/x86_64-linux-gnu/libgobject-2.0.so.0.4002.0
7f3f2ac76000-7f3f2ade2000 r-xp 00000000 08:01 532453                     /usr/lib/x86_64-linux-gnu/libgio-2.0.so.0.4002.0
7f3f2ade2000-7f3f2afe1000 ---p 0016c000 08:01 532453                     /usr/lib/x86_64-linux-gnu/libgio-2.0.so.0.4002.0
7f3f2afe1000-7f3f2afe5000 r--p 0016b000 08:01 532453                     /usr/lib/x86_64-linux-gnu/libgio-2.0.so.0.4002.0
7f3f2afe5000-7f3f2afe7000 rw-p 0016f000 08:01 532453                     /usr/lib/x86_64-linux-gnu/libgio-2.0.so.0.4002.0
7f3f2afe7000-7f3f2afe9000 rw-p 00000000 00:00 0 
7f3f2afe9000-7f3f2b023000 r-xp 00000000 08:01 532366                     /usr/lib/x86_64-linux-gnu/libfontconfig.so.1.8.0
7f3f2b023000-7f3f2b222000 ---p 0003a000 08:01 532366                     /usr/lib/x86_64-linux-gnu/libfontconfig.so.1.8.0
7f3f2b222000-7f3f2b224000 r--p 00039000 08:01 532366                     /usr/lib/x86_64-linux-gnu/libfontconfig.so.1.8.0
7f3f2b224000-7f3f2b225000 rw-p 0003b000 08:01 532366                     /usr/lib/x86_64-linux-gnu/libfontconfig.so.1.8.0
7f3f2b225000-7f3f2b291000 r-xp 00000000 08:01 524410                     /usr/lib/x86_64-linux-gnu/libcups.so.2
7f3f2b291000-7f3f2b491000 ---p 0006c000 08:01 524410                     /usr/lib/x86_64-linux-gnu/libcups.so.2
7f3f2b491000-7f3f2b498000 r--p 0006c000 08:01 524410                     /usr/lib/x86_64-linux-gnu/libcups.so.2
7f3f2b498000-7f3f2b499000 rw-p 00073000 08:01 524410                     /usr/lib/x86_64-linux-gnu/libcups.so.2
7f3f2b499000-7f3f2b4a8000 r-xp 00000000 08:01 527017                     /usr/lib/x86_64-linux-gnu/libXi.so.6.1.0
7f3f2b4a8000-7f3f2b6a7000 ---p 0000f000 08:01 527017                     /usr/lib/x86_64-linux-gnu/libXi.so.6.1.0
7f3f2b6a7000-7f3f2b6a8000 r--p 0000e000 08:01 527017                     /usr/lib/x86_64-linux-gnu/libXi.so.6.1.0
7f3f2b6a8000-7f3f2b6a9000 rw-p 0000f000 08:01 527017                     /usr/lib/x86_64-linux-gnu/libXi.so.6.1.0
7f3f2b6a9000-7f3f2b6ae000 r-xp 00000000 08:01 532111                     /usr/lib/x86_64-linux-gnu/libXtst.so.6.1.0
7f3f2b6ae000-7f3f2b8ad000 ---p 00005000 08:01 532111                     /usr/lib/x86_64-linux-gnu/libXtst.so.6.1.0
7f3f2b8ad000-7f3f2b8ae000 r--p 00004000 08:01 532111                     /usr/lib/x86_64-linux-gnu/libXtst.so.6.1.0
7f3f2b8ae000-7f3f2b8af000 rw-p 00005000 08:01 532111                     /usr/lib/x86_64-linux-gnu/libXtst.so.6.1.0
7f3f2b8af000-7f3f2b8b8000 r-xp 00000000 08:01 527019                     /usr/lib/x86_64-linux-gnu/libXrender.so.1.3.0
7f3f2b8b8000-7f3f2bab7000 ---p 00009000 08:01 527019                     /usr/lib/x86_64-linux-gnu/libXrender.so.1.3.0
7f3f2bab7000-7f3f2bab8000 r--p 00008000 08:01 527019                     /usr/lib/x86_64-linux-gnu/libXrender.so.1.3.0
7f3f2bab8000-7f3f2bab9000 rw-p 00009000 08:01 527019                     /usr/lib/x86_64-linux-gnu/libXrender.so.1.3.0
7f3f2bab9000-7f3f2bbe9000 r-xp 00000000 08:01 532066                     /usr/lib/x86_64-linux-gnu/libX11.so.6.3.0
7f3f2bbe9000-7f3f2bde9000 ---p 00130000 08:01 532066                     /usr/lib/x86_64-linux-gnu/libX11.so.6.3.0
7f3f2bde9000-7f3f2bdea000 r--p 00130000 08:01 532066                     /usr/lib/x86_64-linux-gnu/libX11.so.6.3.0
7f3f2bdea000-7f3f2bdee000 rw-p 00131000 08:01 532066                     /usr/lib/x86_64-linux-gnu/libX11.so.6.3.0
7f3f2bdee000-7f3f2bdff000 r-xp 00000000 08:01 526957                     /usr/lib/x86_64-linux-gnu/libXext.so.6.4.0
7f3f2bdff000-7f3f2bffe000 ---p 00011000 08:01 526957                     /usr/lib/x86_64-linux-gnu/libXext.so.6.4.0
7f3f2bffe000-7f3f2bfff000 r--p 00010000 08:01 526957                     /usr/lib/x86_64-linux-gnu/libXext.so.6.4.0
7f3f2bfff000-7f3f2c000000 rw-p 00011000 08:01 526957                     /usr/lib/x86_64-linux-gnu/libXext.so.6.4.0
7f3f2c000000-7f3f2c07a000 rw-p 00000000 00:00 0 
7f3f2c07a000-7f3f30000000 ---p 00000000 00:00 0 
7f3f300a9000-7f3f300aa000 rw-p 00000000 00:00 0 
7f3f300aa000-7f3f300ab000 rw-s 127bc6000 00:05 1913                      /dev/dri/card0
7f3f300ab000-7f3f300ac000 rw-s 127a2c000 00:05 1913                      /dev/dri/card0
7f3f300ac000-7f3f300ad000 rw-s 117e5c000 00:05 1913                      /dev/dri/card0
7f3f300ad000-7f3f300ae000 rw-s 1278a6000 00:05 1913                      /dev/dri/card0
7f3f300ae000-7f3f300af000 rw-s 127828000 00:05 1913                      /dev/dri/card0
7f3f300af000-7f3f300b0000 rw-s 127827000 00:05 1913                      /dev/dri/card0
7f3f300b0000-7f3f300b1000 rw-s 117e5b000 00:05 1913                      /dev/dri/card0
7f3f300b1000-7f3f300b2000 rw-s 117e5a000 00:05 1913                      /dev/dri/card0
7f3f300b2000-7f3f300b3000 rw-s 127826000 00:05 1913                      /dev/dri/card0
7f3f300b3000-7f3f300b4000 rw-s 127af6000 00:05 1913                      /dev/dri/card0
7f3f300b4000-7f3f300b5000 rw-s 127825000 00:05 1913                      /dev/dri/card0
7f3f300b5000-7f3f300b6000 rw-s 127824000 00:05 1913                      /dev/dri/card0
7f3f300b6000-7f3f300b7000 rw-s 127823000 00:05 1913                      /dev/dri/card0
7f3f300b7000-7f3f300b8000 rw-s 127822000 00:05 1913                      /dev/dri/card0
7f3f300b8000-7f3f300b9000 rw-s 127af5000 00:05 1913                      /dev/dri/card0
7f3f300b9000-7f3f300ba000 rw-s 127af4000 00:05 1913                      /dev/dri/card0
7f3f300ba000-7f3f300bb000 rw-s 127af3000 00:05 1913                      /dev/dri/card0
7f3f300bb000-7f3f300bc000 rw-s 127821000 00:05 1913                      /dev/dri/card0
7f3f300bc000-7f3f300bd000 rw-s 127820000 00:05 1913                      /dev/dri/card0
7f3f300bd000-7f3f300be000 rw-s 12781f000 00:05 1913                      /dev/dri/card0
7f3f300be000-7f3f300ce000 rw-s 1308e9000 00:05 1913                      /dev/dri/card0
7f3f300ce000-7f3f300de000 rw-s 1308d6000 00:05 1913                      /dev/dri/card0
7f3f300de000-7f3f300ee000 rw-s 130190000 00:05 1913                      /dev/dri/card0
7f3f300ee000-7f3f300fe000 rw-s 130160000 00:05 1913                      /dev/dri/card0
7f3f300fe000-7f3f30146000 r-xp 00000000 08:01 5768962                    /usr/lib/jvm/java-7-openjdk-amd64/jre/lib/amd64/xawt/libmawt.so
7f3f30146000-7f3f30345000 ---p 00048000 08:01 5768962                    /usr/lib/jvm/java-7-openjdk-amd64/jre/lib/amd64/xawt/libmawt.so
7f3f30345000-7f3f30346000 r--p 00047000 08:01 5768962                    /usr/lib/jvm/java-7-openjdk-amd64/jre/lib/amd64/xawt/libmawt.so
7f3f30346000-7f3f30349000 rw-p 00048000 08:01 5768962                    /usr/lib/jvm/java-7-openjdk-amd64/jre/lib/amd64/xawt/libmawt.so
7f3f30349000-7f3f3034a000 rw-p 00000000 00:00 0 
7f3f3034a000-7f3f303ea000 r-xp 00000000 08:01 5768744                    /usr/lib/jvm/java-7-openjdk-amd64/jre/lib/amd64/libawt.so
7f3f303ea000-7f3f305ea000 ---p 000a0000 08:01 5768744                    /usr/lib/jvm/java-7-openjdk-amd64/jre/lib/amd64/libawt.so
7f3f305ea000-7f3f305eb000 r--p 000a0000 08:01 5768744                    /usr/lib/jvm/java-7-openjdk-amd64/jre/lib/amd64/libawt.so
7f3f305eb000-7f3f305f6000 rw-p 000a1000 08:01 5768744                    /usr/lib/jvm/java-7-openjdk-amd64/jre/lib/amd64/libawt.so
7f3f305f6000-7f3f3061b000 rw-p 00000000 00:00 0 
7f3f3061b000-7f3f3061c000 ---p 00000000 00:00 0 
7f3f3061c000-7f3f3071c000 rw-p 00000000 00:00 0                          [stack:11831]
7f3f3071c000-7f3f3071f000 ---p 00000000 00:00 0 
7f3f3071f000-7f3f3081d000 rw-p 00000000 00:00 0                          [stack:11830]
7f3f3081d000-7f3f30820000 ---p 00000000 00:00 0 
7f3f30820000-7f3f3091e000 rw-p 00000000 00:00 0                          [stack:11829]
7f3f3091e000-7f3f31000000 r--p 00000000 08:01 531074                     /usr/lib/locale/locale-archive
7f3f31000000-7f3f31290000 rwxp 00000000 00:00 0 
7f3f31290000-7f3f342cb000 rw-p 00000000 00:00 0 
7f3f342cb000-7f3f38000000 ---p 00000000 00:00 0 
7f3f38000000-7f3f38001000 rw-s 131c9d000 00:05 1913                      /dev/dri/card0
7f3f38001000-7f3f38002000 rw-s 12781e000 00:05 1913                      /dev/dri/card0
7f3f38002000-7f3f38003000 rw-s 127af2000 00:05 1913                      /dev/dri/card0
7f3f38003000-7f3f38004000 rw-s 127af1000 00:05 1913                      /dev/dri/card0
7f3f38004000-7f3f38005000 rw-s 127af0000 00:05 1913                      /dev/dri/card0
7f3f38005000-7f3f38006000 rw-s 127aef000 00:05 1913                      /dev/dri/card0
7f3f38006000-7f3f38007000 rw-s 127aee000 00:05 1913                      /dev/dri/card0
7f3f38007000-7f3f38008000 rw-s 127aed000 00:05 1913                      /dev/dri/card0
7f3f38008000-7f3f38009000 rw-s 12781d000 00:05 1913                      /dev/dri/card0
7f3f38009000-7f3f3800a000 rw-s 1308fa000 00:05 1913                      /dev/dri/card0
7f3f3800a000-7f3f3800b000 rw-s 1308f9000 00:05 1913                      /dev/dri/card0
7f3f3800b000-7f3f3800c000 rw-s 1308e8000 00:05 1913                      /dev/dri/card0
7f3f3800c000-7f3f3800d000 rw-s 1308e7000 00:05 1913                      /dev/dri/card0
7f3f3800d000-7f3f3800e000 rw-s 1308e6000 00:05 1913                      /dev/dri/card0
7f3f3800e000-7f3f3801e000 rw-s 130150000 00:05 1913                      /dev/dri/card0
7f3f3801e000-7f3f3801f000 rwxp 00000000 00:00 0 
7f3f3801f000-7f3f3802f000 rw-s 130126000 00:05 1913                      /dev/dri/card0
7f3f3802f000-7f3f3803f000 rw-s 130116000 00:05 1913                      /dev/dri/card0
7f3f3803f000-7f3f38040000 r--s 0002f000 08:01 1994494                    /home/hannan/workspace/UCSDUnfoldingMaps/lib/jogl-all-natives-linux-amd64.jar
7f3f38040000-7f3f38042000 r--s 00000000 08:01 1994512                    /home/hannan/workspace/UCSDUnfoldingMaps/lib/gluegen-rt-natives-linux-amd64.jar
7f3f38042000-7f3f38045000 ---p 00000000 00:00 0 
7f3f38045000-7f3f3807b000 rw-p 00000000 00:00 0 
7f3f3807b000-7f3f3807c000 r--p 00000000 00:00 0 
7f3f3807c000-7f3f38081000 r--s 0004d000 08:01 2105410                    /usr/lib/jvm/java-7-openjdk-amd64/jre/lib/jsse.jar
7f3f38081000-7f3f3808b000 r--s 000ae000 08:01 2105406                    /usr/lib/jvm/java-7-openjdk-amd64/jre/lib/resources.jar
7f3f3808b000-7f3f380bc000 rw-p 00000000 00:00 0 
7f3f380bc000-7f3f380c2000 r--s 00033000 08:01 1994495                    /home/hannan/workspace/UCSDUnfoldingMaps/lib/unfolding.0.9.7-uscd.jar
7f3f380c2000-7f3f380c3000 r--s 00005000 08:01 1994509                    /home/hannan/workspace/UCSDUnfoldingMaps/lib/libTUIO.jar
7f3f380c3000-7f3f380c4000 r--s 00007000 08:01 1994503                    /home/hannan/workspace/UCSDUnfoldingMaps/lib/json4processing.jar
7f3f380c4000-7f3f380c9000 r--s 00309000 08:01 1994499                    /home/hannan/workspace/UCSDUnfoldingMaps/lib/sqlite-jdbc-3.7.2.jar
7f3f380c9000-7f3f380d0000 r--s 00059000 08:01 1994497                    /home/hannan/workspace/UCSDUnfoldingMaps/lib/log4j-1.2.15.jar
7f3f380d0000-7f3f380f3000 r--s 002ec000 08:01 1994511                    /home/hannan/workspace/UCSDUnfoldingMaps/lib/jogl-all.jar
7f3f380f3000-7f3f380f9000 r--s 00041000 08:01 1994506                    /home/hannan/workspace/UCSDUnfoldingMaps/lib/gluegen-rt.jar
7f3f380f9000-7f3f380fc000 ---p 00000000 00:00 0 
7f3f380fc000-7f3f381fa000 rw-p 00000000 00:00 0                          [stack:11828]
7f3f381fa000-7f3f381fd000 ---p 00000000 00:00 0 
7f3f381fd000-7f3f382fb000 rw-p 00000000 00:00 0                          [stack:11827]
7f3f382fb000-7f3f382fe000 ---p 00000000 00:00 0 
7f3f382fe000-7f3f383fc000 rw-p 00000000 00:00 0                          [stack:11826]
7f3f383fc000-7f3f383ff000 ---p 00000000 00:00 0 
7f3f383ff000-7f3f384fd000 rw-p 00000000 00:00 0                          [stack:11825]
7f3f384fd000-7f3f384fe000 ---p 00000000 00:00 0 
7f3f384fe000-7f3f38fb3000 rw-p 00000000 00:00 0                          [stack:11824]
7f3f38fb3000-7f3f39164000 r--s 01d27000 08:01 2105407                    /usr/lib/jvm/java-7-openjdk-amd64/jre/lib/rt.jar
7f3f39164000-7f3f3947b000 rw-p 00000000 00:00 0 
7f3f3947b000-7f3f3947c000 ---p 00000000 00:00 0 
7f3f3947c000-7f3f3957c000 rw-p 00000000 00:00 0                          [stack:11823]
7f3f3957c000-7f3f3957d000 ---p 00000000 00:00 0 
7f3f3957d000-7f3f39688000 rw-p 00000000 00:00 0                          [stack:11822]
7f3f39688000-7f3f396d0000 rw-p 00000000 00:00 0 
7f3f396d0000-7f3f396e3000 rw-p 00000000 00:00 0 
7f3f396e3000-7f3f39802000 rw-p 00000000 00:00 0 
7f3f39802000-7f3f3980d000 rw-p 00000000 00:00 0 
7f3f3980d000-7f3f39855000 rw-p 00000000 00:00 0 
7f3f39855000-7f3f39868000 rw-p 00000000 00:00 0 
7f3f39868000-7f3f39987000 rw-p 00000000 00:00 0 
7f3f39987000-7f3f39997000 rw-p 00000000 00:00 0 
7f3f39997000-7f3f399d2000 ---p 00000000 00:00 0 
7f3f399d2000-7f3f39a20000 rw-p 00000000 00:00 0 
7f3f39a20000-7f3f39a21000 rw-p 00000000 00:00 0 
7f3f39a21000-7f3f39a29000 r-xp 00000000 08:01 5768789                    /usr/lib/jvm/java-7-openjdk-amd64/jre/lib/amd64/libzip.so
7f3f39a29000-7f3f39c28000 ---p 00008000 08:01 5768789                    /usr/lib/jvm/java-7-openjdk-amd64/jre/lib/amd64/libzip.so
7f3f39c28000-7f3f39c29000 r--p 00007000 08:01 5768789                    /usr/lib/jvm/java-7-openjdk-amd64/jre/lib/amd64/libzip.so
7f3f39c29000-7f3f39c2a000 rw-p 00008000 08:01 5768789                    /usr/lib/jvm/java-7-openjdk-amd64/jre/lib/amd64/libzip.so
7f3f39c2a000-7f3f39c35000 r-xp 00000000 08:01 15728659                   /lib/x86_64-linux-gnu/libnss_files-2.19.so
7f3f39c35000-7f3f39e34000 ---p 0000b000 08:01 15728659                   /lib/x86_64-linux-gnu/libnss_files-2.19.so
7f3f39e34000-7f3f39e35000 r--p 0000a000 08:01 15728659                   /lib/x86_64-linux-gnu/libnss_files-2.19.so
7f3f39e35000-7f3f39e36000 rw-p 0000b000 08:01 15728659                   /lib/x86_64-linux-gnu/libnss_files-2.19.so
7f3f39e36000-7f3f39e41000 r-xp 00000000 08:01 15732590                   /lib/x86_64-linux-gnu/libnss_nis-2.19.so
7f3f39e41000-7f3f3a040000 ---p 0000b000 08:01 15732590                   /lib/x86_64-linux-gnu/libnss_nis-2.19.so
7f3f3a040000-7f3f3a041000 r--p 0000a000 08:01 15732590                   /lib/x86_64-linux-gnu/libnss_nis-2.19.so
7f3f3a041000-7f3f3a042000 rw-p 0000b000 08:01 15732590                   /lib/x86_64-linux-gnu/libnss_nis-2.19.so
7f3f3a042000-7f3f3a059000 r-xp 00000000 08:01 15728734                   /lib/x86_64-linux-gnu/libnsl-2.19.so
7f3f3a059000-7f3f3a258000 ---p 00017000 08:01 15728734                   /lib/x86_64-linux-gnu/libnsl-2.19.so
7f3f3a258000-7f3f3a259000 r--p 00016000 08:01 15728734                   /lib/x86_64-linux-gnu/libnsl-2.19.so
7f3f3a259000-7f3f3a25a000 rw-p 00017000 08:01 15728734                   /lib/x86_64-linux-gnu/libnsl-2.19.so
7f3f3a25a000-7f3f3a25c000 rw-p 00000000 00:00 0 
7f3f3a25c000-7f3f3a265000 r-xp 00000000 08:01 15728733                   /lib/x86_64-linux-gnu/libnss_compat-2.19.so
7f3f3a265000-7f3f3a464000 ---p 00009000 08:01 15728733                   /lib/x86_64-linux-gnu/libnss_compat-2.19.so
7f3f3a464000-7f3f3a465000 r--p 00008000 08:01 15728733                   /lib/x86_64-linux-gnu/libnss_compat-2.19.so
7f3f3a465000-7f3f3a466000 rw-p 00009000 08:01 15728733                   /lib/x86_64-linux-gnu/libnss_compat-2.19.so
7f3f3a466000-7f3f3a491000 r-xp 00000000 08:01 5768825                    /usr/lib/jvm/java-7-openjdk-amd64/jre/lib/amd64/libjava.so
7f3f3a491000-7f3f3a691000 ---p 0002b000 08:01 5768825                    /usr/lib/jvm/java-7-openjdk-amd64/jre/lib/amd64/libjava.so
7f3f3a691000-7f3f3a692000 r--p 0002b000 08:01 5768825                    /usr/lib/jvm/java-7-openjdk-amd64/jre/lib/amd64/libjava.so
7f3f3a692000-7f3f3a694000 rw-p 0002c000 08:01 5768825                    /usr/lib/jvm/java-7-openjdk-amd64/jre/lib/amd64/libjava.so
7f3f3a694000-7f3f3a6a4000 r-xp 00000000 08:01 5768821                    /usr/lib/jvm/java-7-openjdk-amd64/jre/lib/amd64/libverify.so
7f3f3a6a4000-7f3f3a8a3000 ---p 00010000 08:01 5768821                    /usr/lib/jvm/java-7-openjdk-amd64/jre/lib/amd64/libverify.so
7f3f3a8a3000-7f3f3a8a5000 r--p 0000f000 08:01 5768821                    /usr/lib/jvm/java-7-openjdk-amd64/jre/lib/amd64/libverify.so
7f3f3a8a5000-7f3f3a8a6000 rw-p 00011000 08:01 5768821                    /usr/lib/jvm/java-7-openjdk-amd64/jre/lib/amd64/libverify.so
7f3f3a8a6000-7f3f3a8ad000 r-xp 00000000 08:01 15728742                   /lib/x86_64-linux-gnu/librt-2.19.so
7f3f3a8ad000-7f3f3aaac000 ---p 00007000 08:01 15728742                   /lib/x86_64-linux-gnu/librt-2.19.so
7f3f3aaac000-7f3f3aaad000 r--p 00006000 08:01 15728742                   /lib/x86_64-linux-gnu/librt-2.19.so
7f3f3aaad000-7f3f3aaae000 rw-p 00007000 08:01 15728742                   /lib/x86_64-linux-gnu/librt-2.19.so
7f3f3aaae000-7f3f3aac4000 r-xp 00000000 08:01 15732698                   /lib/x86_64-linux-gnu/libgcc_s.so.1
7f3f3aac4000-7f3f3acc3000 ---p 00016000 08:01 15732698                   /lib/x86_64-linux-gnu/libgcc_s.so.1
7f3f3acc3000-7f3f3acc4000 rw-p 00015000 08:01 15732698                   /lib/x86_64-linux-gnu/libgcc_s.so.1
7f3f3acc4000-7f3f3adc9000 r-xp 00000000 08:01 15728655                   /lib/x86_64-linux-gnu/libm-2.19.so
7f3f3adc9000-7f3f3afc8000 ---p 00105000 08:01 15728655                   /lib/x86_64-linux-gnu/libm-2.19.so
7f3f3afc8000-7f3f3afc9000 r--p 00104000 08:01 15728655                   /lib/x86_64-linux-gnu/libm-2.19.so
7f3f3afc9000-7f3f3afca000 rw-p 00105000 08:01 15728655                   /lib/x86_64-linux-gnu/libm-2.19.so
7f3f3afca000-7f3f3b0b0000 r-xp 00000000 08:01 528136                     /usr/lib/x86_64-linux-gnu/libstdc++.so.6.0.19
7f3f3b0b0000-7f3f3b2af000 ---p 000e6000 08:01 528136                     /usr/lib/x86_64-linux-gnu/libstdc++.so.6.0.19
7f3f3b2af000-7f3f3b2b7000 r--p 000e5000 08:01 528136                     /usr/lib/x86_64-linux-gnu/libstdc++.so.6.0.19
7f3f3b2b7000-7f3f3b2b9000 rw-p 000ed000 08:01 528136                     /usr/lib/x86_64-linux-gnu/libstdc++.so.6.0.19
7f3f3b2b9000-7f3f3b2ce000 rw-p 00000000 00:00 0 
7f3f3b2ce000-7f3f3bde6000 r-xp 00000000 08:01 5768832                    /usr/lib/jvm/java-7-openjdk-amd64/jre/lib/amd64/server/libjvm.so
7f3f3bde6000-7f3f3bfe6000 ---p 00b18000 08:01 5768832                    /usr/lib/jvm/java-7-openjdk-amd64/jre/lib/amd64/server/libjvm.so
7f3f3bfe6000-7f3f3c080000 r--p 00b18000 08:01 5768832                    /usr/lib/jvm/java-7-openjdk-amd64/jre/lib/amd64/server/libjvm.so
7f3f3c080000-7f3f3c0a3000 rw-p 00bb2000 08:01 5768832                    /usr/lib/jvm/java-7-openjdk-amd64/jre/lib/amd64/server/libjvm.so
7f3f3c0a3000-7f3f3c0d1000 rw-p 00000000 00:00 0 
7f3f3c0d1000-7f3f3c0e9000 r-xp 00000000 08:01 15732834                   /lib/x86_64-linux-gnu/libz.so.1.2.8
7f3f3c0e9000-7f3f3c2e8000 ---p 00018000 08:01 15732834                   /lib/x86_64-linux-gnu/libz.so.1.2.8
7f3f3c2e8000-7f3f3c2e9000 r--p 00017000 08:01 15732834                   /lib/x86_64-linux-gnu/libz.so.1.2.8
7f3f3c2e9000-7f3f3c2ea000 rw-p 00018000 08:01 15732834                   /lib/x86_64-linux-gnu/libz.so.1.2.8
7f3f3c2ea000-7f3f3c303000 r-xp 00000000 08:01 15728740                   /lib/x86_64-linux-gnu/libpthread-2.19.so
7f3f3c303000-7f3f3c502000 ---p 00019000 08:01 15728740                   /lib/x86_64-linux-gnu/libpthread-2.19.so
7f3f3c502000-7f3f3c503000 r--p 00018000 08:01 15728740                   /lib/x86_64-linux-gnu/libpthread-2.19.so
7f3f3c503000-7f3f3c504000 rw-p 00019000 08:01 15728740                   /lib/x86_64-linux-gnu/libpthread-2.19.so
7f3f3c504000-7f3f3c508000 rw-p 00000000 00:00 0 
7f3f3c508000-7f3f3c50b000 r-xp 00000000 08:01 15728670                   /lib/x86_64-linux-gnu/libdl-2.19.so
7f3f3c50b000-7f3f3c70a000 ---p 00003000 08:01 15728670                   /lib/x86_64-linux-gnu/libdl-2.19.so
7f3f3c70a000-7f3f3c70b000 r--p 00002000 08:01 15728670                   /lib/x86_64-linux-gnu/libdl-2.19.so
7f3f3c70b000-7f3f3c70c000 rw-p 00003000 08:01 15728670                   /lib/x86_64-linux-gnu/libdl-2.19.so
7f3f3c70c000-7f3f3c8c7000 r-xp 00000000 08:01 15728739                   /lib/x86_64-linux-gnu/libc-2.19.so
7f3f3c8c7000-7f3f3cac6000 ---p 001bb000 08:01 15728739                   /lib/x86_64-linux-gnu/libc-2.19.so
7f3f3cac6000-7f3f3caca000 r--p 001ba000 08:01 15728739                   /lib/x86_64-linux-gnu/libc-2.19.so
7f3f3caca000-7f3f3cacc000 rw-p 001be000 08:01 15728739                   /lib/x86_64-linux-gnu/libc-2.19.so
7f3f3cacc000-7f3f3cad1000 rw-p 00000000 00:00 0 
7f3f3cad1000-7f3f3cade000 r-xp 00000000 08:01 5768752                    /usr/lib/jvm/java-7-openjdk-amd64/jre/lib/amd64/jli/libjli.so
7f3f3cade000-7f3f3ccdd000 ---p 0000d000 08:01 5768752                    /usr/lib/jvm/java-7-openjdk-amd64/jre/lib/amd64/jli/libjli.so
7f3f3ccdd000-7f3f3ccde000 r--p 0000c000 08:01 5768752                    /usr/lib/jvm/java-7-openjdk-amd64/jre/lib/amd64/jli/libjli.so
7f3f3ccde000-7f3f3ccdf000 rw-p 0000d000 08:01 5768752                    /usr/lib/jvm/java-7-openjdk-amd64/jre/lib/amd64/jli/libjli.so
7f3f3ccdf000-7f3f3cd02000 r-xp 00000000 08:01 15728736                   /lib/x86_64-linux-gnu/ld-2.19.so
7f3f3cd02000-7f3f3cd06000 r--s 0009a000 08:01 1994498                    /home/hannan/workspace/UCSDUnfoldingMaps/lib/core.jar
7f3f3cd06000-7f3f3cd08000 r--s 00006000 08:01 927253                     /usr/share/java/java-atk-wrapper.jar
7f3f3cd08000-7f3f3cd0b000 r--s 0000f000 08:01 5768836                    /usr/lib/jvm/java-7-openjdk-amd64/jre/lib/ext/icedtea-sound.jar
7f3f3cd0b000-7f3f3cd0f000 r--s 0003c000 08:01 5768848                    /usr/lib/jvm/java-7-openjdk-amd64/jre/lib/ext/sunpkcs11.jar
7f3f3cd0f000-7f3f3cd13000 r--s 00034000 08:01 5768852                    /usr/lib/jvm/java-7-openjdk-amd64/jre/lib/ext/sunjce_provider.jar
7f3f3cd13000-7f3f3cd16000 r--s 00086000 08:01 5768849                    /usr/lib/jvm/java-7-openjdk-amd64/jre/lib/ext/localedata.jar
7f3f3cd16000-7f3f3cd18000 r--s 00012000 08:01 5768854                    /usr/lib/jvm/java-7-openjdk-amd64/jre/lib/ext/zipfs.jar
7f3f3cd18000-7f3f3cd23000 rw-p 00000000 00:00 0 
7f3f3cd23000-7f3f3cdd8000 rw-p 00000000 00:00 0 
7f3f3cdd8000-7f3f3cddb000 ---p 00000000 00:00 0 
7f3f3cddb000-7f3f3cede000 rw-p 00000000 00:00 0                          [stack:11818]
7f3f3cede000-7f3f3cedf000 r--s 00002000 08:01 5768837                    /usr/lib/jvm/java-7-openjdk-amd64/jre/lib/ext/dnsns.jar
7f3f3cedf000-7f3f3cef5000 rw-p 00000000 00:00 0 
7f3f3cef5000-7f3f3cefd000 rw-s 00000000 08:01 12845841                   /tmp/hsperfdata_hannan/11816
7f3f3cefd000-7f3f3cefe000 rw-p 00000000 00:00 0 
7f3f3cefe000-7f3f3ceff000 r--p 00000000 00:00 0 
7f3f3ceff000-7f3f3cf01000 rw-p 00000000 00:00 0 
7f3f3cf01000-7f3f3cf02000 r--p 00022000 08:01 15728736                   /lib/x86_64-linux-gnu/ld-2.19.so
7f3f3cf02000-7f3f3cf03000 rw-p 00023000 08:01 15728736                   /lib/x86_64-linux-gnu/ld-2.19.so
7f3f3cf03000-7f3f3cf04000 rw-p 00000000 00:00 0 
7ffe7d2f7000-7ffe7d318000 rw-p 00000000 00:00 0                          [stack]
7ffe7d32c000-7ffe7d32e000 r-xp 00000000 00:00 0                          [vdso]
7ffe7d32e000-7ffe7d330000 r--p 00000000 00:00 0                          [vvar]
ffffffffff600000-ffffffffff601000 r-xp 00000000 00:00 0                  [vsyscall]

VM Arguments:
jvm_args: -Djava.security.policy=java.policy.applet -Dfile.encoding=UTF-8 
java_command: sun.applet.AppletViewer module1.HelloWorld1443389431794.html
Launcher Type: SUN_STANDARD

Environment Variables:
PATH=/usr/local/sbin:/usr/local/bin:/usr/sbin:/usr/bin:/sbin:/bin:/usr/games:/usr/local/games
SHELL=/bin/bash
DISPLAY=:0.0

Signal Handlers:
SIGSEGV: [libjvm.so+0x94b9a0], sa_mask[0]=0x7ffbfeff, sa_flags=0x10000004
SIGBUS: [libjvm.so+0x94b9a0], sa_mask[0]=0x7ffbfeff, sa_flags=0x10000004
SIGFPE: [libjvm.so+0x7c3880], sa_mask[0]=0x7ffbfeff, sa_flags=0x10000004
SIGPIPE: [libjvm.so+0x7c3880], sa_mask[0]=0x7ffbfeff, sa_flags=0x10000004
SIGXFSZ: [libjvm.so+0x7c3880], sa_mask[0]=0x7ffbfeff, sa_flags=0x10000004
SIGILL: [libjvm.so+0x7c3880], sa_mask[0]=0x7ffbfeff, sa_flags=0x10000004
SIGUSR1: SIG_DFL, sa_mask[0]=0x00000000, sa_flags=0x00000000
SIGUSR2: [libjvm.so+0x7c3720], sa_mask[0]=0x00000004, sa_flags=0x10000004
SIGHUP: [libjvm.so+0x7c3900], sa_mask[0]=0x7ffbfeff, sa_flags=0x10000004
SIGINT: [libjvm.so+0x7c3900], sa_mask[0]=0x7ffbfeff, sa_flags=0x10000004
SIGTERM: [libjvm.so+0x7c3900], sa_mask[0]=0x7ffbfeff, sa_flags=0x10000004
SIGQUIT: [libjvm.so+0x7c3900], sa_mask[0]=0x7ffbfeff, sa_flags=0x10000004
SIGTRAP: SIG_DFL, sa_mask[0]=0x00000000, sa_flags=0x00000000


---------------  S Y S T E M  ---------------

OS:Ubuntu 14.04 (trusty)
uname:Linux 3.16.0-44-generic #59~14.04.1-Ubuntu SMP Tue Jul 7 15:07:27 UTC 2015 x86_64
libc:glibc 2.19 NPTL 2.19 
rlimit: STACK 8192k, CORE 0k, NPROC 14587, NOFILE 4096, AS infinity
load average:0.21 0.60 0.98

/proc/meminfo:
MemTotal:        3755716 kB
MemFree:          581204 kB
MemAvailable:    1032608 kB
Buffers:           19592 kB
Cached:           627276 kB
SwapCached:        40824 kB
Active:          2124052 kB
Inactive:         751144 kB
Active(anon):    1787296 kB
Inactive(anon):   531880 kB
Active(file):     336756 kB
Inactive(file):   219264 kB
Unevictable:          32 kB
Mlocked:              32 kB
SwapTotal:       3896316 kB
SwapFree:        3300056 kB
Dirty:                68 kB
Writeback:             0 kB
AnonPages:       2202292 kB
Mapped:           487384 kB
Shmem:             90728 kB
Slab:             169940 kB
SReclaimable:     128620 kB
SUnreclaim:        41320 kB
KernelStack:       10896 kB
PageTables:        56620 kB
NFS_Unstable:          0 kB
Bounce:                0 kB
WritebackTmp:          0 kB
CommitLimit:     5774172 kB
Committed_AS:    7681112 kB
VmallocTotal:   34359738367 kB
VmallocUsed:       43300 kB
VmallocChunk:   34359688356 kB
HardwareCorrupted:     0 kB
AnonHugePages:    876544 kB
HugePages_Total:       0
HugePages_Free:        0
HugePages_Rsvd:        0
HugePages_Surp:        0
Hugepagesize:       2048 kB
DirectMap4k:       53824 kB
DirectMap2M:     3844096 kB


CPU:total 2 (2 cores per cpu, 1 threads per core) family 6 model 15 stepping 11, cmov, cx8, fxsr, mmx, sse, sse2, sse3, ssse3, tsc

/proc/cpuinfo:
processor	: 0
vendor_id	: GenuineIntel
cpu family	: 6
model		: 15
model name	: Intel(R) Core(TM)2 Duo CPU     E6550  @ 2.33GHz
stepping	: 11
microcode	: 0xb6
cpu MHz		: 2000.000
cache size	: 4096 KB
physical id	: 0
siblings	: 2
core id		: 0
cpu cores	: 2
apicid		: 0
initial apicid	: 0
fpu		: yes
fpu_exception	: yes
cpuid level	: 10
wp		: yes
flags		: fpu vme de pse tsc msr pae mce cx8 apic sep mtrr pge mca cmov pat pse36 clflush dts acpi mmx fxsr sse sse2 ss ht tm pbe syscall nx lm constant_tsc arch_perfmon pebs bts rep_good nopl aperfmperf pni dtes64 monitor ds_cpl vmx smx est tm2 ssse3 cx16 xtpr pdcm lahf_lm dtherm tpr_shadow vnmi flexpriority
bogomips	: 4654.99
clflush size	: 64
cache_alignment	: 64
address sizes	: 36 bits physical, 48 bits virtual
power management:

processor	: 1
vendor_id	: GenuineIntel
cpu family	: 6
model		: 15
model name	: Intel(R) Core(TM)2 Duo CPU     E6550  @ 2.33GHz
stepping	: 11
microcode	: 0xb6
cpu MHz		: 2333.000
cache size	: 4096 KB
physical id	: 0
siblings	: 2
core id		: 1
cpu cores	: 2
apicid		: 1
initial apicid	: 1
fpu		: yes
fpu_exception	: yes
cpuid level	: 10
wp		: yes
flags		: fpu vme de pse tsc msr pae mce cx8 apic sep mtrr pge mca cmov pat pse36 clflush dts acpi mmx fxsr sse sse2 ss ht tm pbe syscall nx lm constant_tsc arch_perfmon pebs bts rep_good nopl aperfmperf pni dtes64 monitor ds_cpl vmx smx est tm2 ssse3 cx16 xtpr pdcm lahf_lm dtherm tpr_shadow vnmi flexpriority
bogomips	: 4654.99
clflush size	: 64
cache_alignment	: 64
address sizes	: 36 bits physical, 48 bits virtual
power management:



Memory: 4k page, physical 3755716k(581204k free), swap 3896316k(3300056k free)

vm_info: OpenJDK 64-Bit Server VM (24.79-b02) for linux-amd64 JRE (1.7.0_79-b14), built on Apr 16 2015 08:21:58 by "buildd" with gcc 4.8.2

time: Mon Sep 28 02:40:30 2015
elapsed time: 598 seconds

