#
# A fatal error has been detected by the Java Runtime Environment:
#
#  SIGSEGV (0xb) at pc=0x00007f73047a087c, pid=10984, tid=140132451387136
#
# JRE version: OpenJDK Runtime Environment (7.0_79-b14) (build 1.7.0_79-b14)
# Java VM: OpenJDK 64-Bit Server VM (24.79-b02 mixed mode linux-amd64 compressed oops)
# Derivative: IcedTea 2.5.5
# Distribution: Ubuntu 14.04 LTS, package 7u79-2.5.5-0ubuntu0.14.04.2
# Problematic frame:
# C  [r600_dri.so+0x4a287c]
#
# Failed to write core dump. Core dumps have been disabled. To enable core dumping, try "ulimit -c unlimited" before starting Java again
#
# If you would like to submit a bug report, please include
# instructions on how to reproduce the bug and visit:
#   http://icedtea.classpath.org/bugzilla
# The crash happened outside the Java Virtual Machine in native code.
# See problematic frame for where to report the bug.
#

---------------  T H R E A D  ---------------

Current thread (0x00007f7314008000):  JavaThread "AWT-EventQueue-1" [_thread_in_native, id=11009, stack(0x00007f7320ec8000,0x00007f7320fc9000)]

siginfo:si_signo=SIGSEGV: si_errno=0, si_code=1 (SEGV_MAPERR), si_addr=0x0000000000000010

Registers:
RAX=0x00007f731802edc0, RBX=0x00007f7304c59fc0, RCX=0x00007f730854a6d0, RDX=0x00007f7308000040
RSP=0x00007f7320fc6530, RBP=0x000000000000000a, RSI=0x00000000ffffffff, RDI=0x0000000000000000
R8 =0x00007f7320fc8700, R9 =0x00007f7308188f70, R10=0x00007f7359b62be0, R11=0x0000000000000000
R12=0x0000000000000520, R13=0x00007f7320fc65e8, R14=0x0000000000000000, R15=0x00007f73047a2ca0
RIP=0x00007f73047a087c, EFLAGS=0x0000000000010206, CSGSFS=0x0000000000000033, ERR=0x0000000000000004
  TRAPNO=0x000000000000000e

Top of Stack: (sp=0x00007f7320fc6530)
0x00007f7320fc6530:   00007f7308056550 000000000000000a
0x00007f7320fc6540:   00007f7308056550 00007f73047a30c3
0x00007f7320fc6550:   0000000000001f06 00007f7308053b40
0x00007f7320fc6560:   000000000000000a 00007f7308056550
0x00007f7320fc6570:   00007f7320fc65e8 0000000000000000
0x00007f7320fc6580:   0000000000000003 00007f73047f96b1
0x00007f7320fc6590:   0000000000000000 0000000000000003
0x00007f7320fc65a0:   00007f73080cc6d0 00007f731802fdd0
0x00007f7320fc65b0:   00007f7320fc65e8 00007f73044e061a
0x00007f7320fc65c0:   00007f731802fdd0 00007f73080d4420
0x00007f7320fc65d0:   00007f7308049dc0 00007f7304598688
0x00007f7320fc65e0:   00007f7320fc6660 0000000000000000
0x00007f7320fc65f0:   00007f7320fc6620 00007f73080d4300
0x00007f7320fc6600:   00007f73145abd50 00007f73145ba3a0
0x00007f7320fc6610:   0000000000000000 00007f73146378f0
0x00007f7320fc6620:   0000000000000000 00007f7320066a4e
0x00007f7320fc6630:   00007f7320fc6668 00007f730804c900
0x00007f7320fc6640:   00007f73145b90e0 00007f7300000001
0x00007f7320fc6650:   0000000000000000 0000000000000000
0x00007f7320fc6660:   0000000000000000 00007f73080d4300
0x00007f7320fc6670:   0000000006e0002e 00000000bd433d68
0x00007f7320fc6680:   00007f7320fc66f0 0000000000000000
0x00007f7320fc6690:   00000000bd433d68 00007f7320fc67c0
0x00007f7320fc66a0:   00007f7314008000 00007f730e982849
0x00007f7320fc66b0:   00007f7320fc6728 00007f732003f9b0
0x00007f7320fc66c0:   0000000006e0002e 00007f73145b90e0
0x00007f7320fc66d0:   00007f7320fc6788 00007f73140081d8
0x00007f7320fc66e0:   00007f7320fc6780 00007f732003f9b0
0x00007f7320fc66f0:   00007f7320fc6778 00007f734d0127f8
0x00007f7320fc6700:   0000000000000000 00000000f55c2b58
0x00007f7320fc6710:   00007f7320fc6788 00007f734d006882
0x00007f7320fc6720:   0000000000000000 00000000c71804b0 

Instructions: (pc=0x00007f73047a087c)
0x00007f73047a085c:   00 4c 89 ee 48 89 ef e8 58 fb ff ff e9 8e fe ff
0x00007f73047a086c:   ff 0f 1f 00 53 48 8d 1d 48 97 4b 00 48 83 ec 10
0x00007f73047a087c:   48 8b 47 10 48 39 d8 74 1f 48 8d 54 24 04 48 8d
0x00007f73047a088c:   74 24 08 ff 50 28 48 8b 7c 24 08 b8 00 00 00 00 

Register to memory mapping:

RAX=0x00007f731802edc0 is an unknown value
RBX=0x00007f7304c59fc0: <offset 0x95bfc0> in /usr/lib/x86_64-linux-gnu/dri/r600_dri.so at 0x00007f73042fe000
RCX=0x00007f730854a6d0 is an unknown value
RDX=0x00007f7308000040 is an unknown value
RSP=0x00007f7320fc6530 is pointing into the stack for thread: 0x00007f7314008000
RBP=0x000000000000000a is an unknown value
RSI=0x00000000ffffffff is an unallocated location in the heap
RDI=0x0000000000000000 is an unknown value
R8 =0x00007f7320fc8700 is pointing into the stack for thread: 0x00007f7314008000
R9 =0x00007f7308188f70 is an unknown value
R10=0x00007f7359b62be0: <offset 0x3bcbe0> in /lib/x86_64-linux-gnu/libc.so.6 at 0x00007f73597a6000
R11=0x0000000000000000 is an unknown value
R12=0x0000000000000520 is an unknown value
R13=0x00007f7320fc65e8 is pointing into the stack for thread: 0x00007f7314008000
R14=0x0000000000000000 is an unknown value
R15=0x00007f73047a2ca0: <offset 0x4a4ca0> in /usr/lib/x86_64-linux-gnu/dri/r600_dri.so at 0x00007f73042fe000


Stack: [0x00007f7320ec8000,0x00007f7320fc9000],  sp=0x00007f7320fc6530,  free space=1017k
Native frames: (J=compiled Java code, j=interpreted, Vv=VM code, C=native code)
C  [r600_dri.so+0x4a287c]

Java frames: (J=compiled Java code, j=interpreted, Vv=VM code)
j  jogamp.opengl.x11.glx.GLX.dispatch_glXSwapBuffers0(JJJ)V+0
j  jogamp.opengl.x11.glx.GLX.glXSwapBuffers(JJ)V+41
j  jogamp.opengl.x11.glx.X11GLXDrawable.swapBuffersImpl(Z)V+17
j  jogamp.opengl.GLDrawableImpl.swapBuffers()V+67
j  jogamp.opengl.GLDrawableHelper.invokeGLImpl(Ljavax/media/opengl/GLDrawable;Ljavax/media/opengl/GLContext;Ljava/lang/Runnable;Ljava/lang/Runnable;)V+216
j  jogamp.opengl.GLDrawableHelper.invokeGL(Ljavax/media/opengl/GLDrawable;Ljavax/media/opengl/GLContext;Ljava/lang/Runnable;Ljava/lang/Runnable;)V+72
j  javax.media.opengl.awt.GLCanvas$11.run()V+73
j  java.awt.event.InvocationEvent.dispatch()V+11
j  java.awt.EventQueue.dispatchEventImpl(Ljava/awt/AWTEvent;Ljava/lang/Object;)V+21
j  java.awt.EventQueue.access$300(Ljava/awt/EventQueue;Ljava/awt/AWTEvent;Ljava/lang/Object;)V+3
j  java.awt.EventQueue$3.run()Ljava/lang/Void;+12
j  java.awt.EventQueue$3.run()Ljava/lang/Object;+1
v  ~StubRoutines::call_stub
j  java.security.AccessController.doPrivileged(Ljava/security/PrivilegedAction;Ljava/security/AccessControlContext;)Ljava/lang/Object;+0
j  java.security.ProtectionDomain$1.doIntersectionPrivilege(Ljava/security/PrivilegedAction;Ljava/security/AccessControlContext;Ljava/security/AccessControlContext;)Ljava/lang/Object;+28
j  java.awt.EventQueue.dispatchEvent(Ljava/awt/AWTEvent;)V+46
j  java.awt.EventDispatchThread.pumpOneEventForFilters(I)V+245
j  java.awt.EventDispatchThread.pumpEventsForFilter(ILjava/awt/Conditional;Ljava/awt/EventFilter;)V+35
j  java.awt.EventDispatchThread.pumpEventsForHierarchy(ILjava/awt/Conditional;Ljava/awt/Component;)V+11
j  java.awt.EventDispatchThread.pumpEvents(ILjava/awt/Conditional;)V+4
j  java.awt.EventDispatchThread.pumpEvents(Ljava/awt/Conditional;)V+3
j  java.awt.EventDispatchThread.run()V+9
v  ~StubRoutines::call_stub

---------------  P R O C E S S  ---------------

Java Threads: ( => current thread )
  0x00007f7328047000 JavaThread "XToolkt-Shutdown-Thread" [_thread_blocked, id=11078, stack(0x00007f73027d5000,0x00007f73028d6000)]
  0x00007f732c037800 JavaThread "SIGTERM handler" daemon [_thread_blocked, id=11075, stack(0x00007f7302ee1000,0x00007f7302fe2000)]
  0x00007f7314082800 JavaThread "process reaper" daemon [_thread_blocked, id=11014, stack(0x00007f733c092000,0x00007f733c0cb000)]
  0x00007f731400f800 JavaThread "Animation Thread" [_thread_blocked, id=11010, stack(0x00007f7320dc7000,0x00007f7320ec8000)]
=>0x00007f7314008000 JavaThread "AWT-EventQueue-1" [_thread_in_native, id=11009, stack(0x00007f7320ec8000,0x00007f7320fc9000)]
  0x00007f735000a800 JavaThread "DestroyJavaVM" [_thread_blocked, id=10990, stack(0x00007f7359e72000,0x00007f7359f73000)]
  0x00007f7350288800 JavaThread "AWT-EventQueue-0" [_thread_blocked, id=11007, stack(0x00007f7321430000,0x00007f7321531000)]
  0x00007f7350285000 JavaThread "AWT-Shutdown" [_thread_blocked, id=11006, stack(0x00007f7321531000,0x00007f7321632000)]
  0x00007f735027b000 JavaThread "thread applet-module1.HelloWorld.class" [_thread_blocked, id=11005, stack(0x00007f7321632000,0x00007f7321733000)]
  0x00007f7350269000 JavaThread "AWT-XAWT" daemon [_thread_blocked, id=11003, stack(0x00007f7321733000,0x00007f7321834000)]
  0x00007f7350244000 JavaThread "Java2D Disposer" daemon [_thread_blocked, id=11002, stack(0x00007f7321c44000,0x00007f7321d45000)]
  0x00007f73500ac000 JavaThread "Service Thread" daemon [_thread_blocked, id=11000, stack(0x00007f733f61b000,0x00007f733f71c000)]
  0x00007f73500a9800 JavaThread "C2 CompilerThread1" daemon [_thread_blocked, id=10999, stack(0x00007f733f71c000,0x00007f733f81d000)]
  0x00007f73500a6800 JavaThread "C2 CompilerThread0" daemon [_thread_blocked, id=10998, stack(0x00007f733f81d000,0x00007f733f91e000)]
  0x00007f73500a4800 JavaThread "Signal Dispatcher" daemon [_thread_blocked, id=10997, stack(0x00007f734c096000,0x00007f734c197000)]
  0x00007f7350077800 JavaThread "Finalizer" daemon [_thread_blocked, id=10996, stack(0x00007f734c197000,0x00007f734c298000)]
  0x00007f7350075800 JavaThread "Reference Handler" daemon [_thread_blocked, id=10995, stack(0x00007f734c298000,0x00007f734c399000)]

Other Threads:
  0x00007f7350071000 VMThread [stack: 0x00007f734c399000,0x00007f734c49a000] [id=10994]
  0x00007f73500b6800 WatcherThread [stack: 0x00007f733f51a000,0x00007f733f61b000] [id=11001]

VM state:not at safepoint (normal execution)

VM Mutex/Monitor currently owned by a thread: None

Heap
 PSYoungGen      total 138752K, used 40727K [0x00000000ece00000, 0x00000000f6100000, 0x0000000100000000)
  eden space 126976K, 30% used [0x00000000ece00000,0x00000000ef3a5e78,0x00000000f4a00000)
  from space 11776K, 18% used [0x00000000f5580000,0x00000000f57a0040,0x00000000f6100000)
  to   space 11776K, 0% used [0x00000000f4a00000,0x00000000f4a00000,0x00000000f5580000)
 ParOldGen       total 38912K, used 22286K [0x00000000c6a00000, 0x00000000c9000000, 0x00000000ece00000)
  object space 38912K, 57% used [0x00000000c6a00000,0x00000000c7fc3a28,0x00000000c9000000)
 PSPermGen       total 21504K, used 20415K [0x00000000bc400000, 0x00000000bd900000, 0x00000000c6a00000)
  object space 21504K, 94% used [0x00000000bc400000,0x00000000bd7effd0,0x00000000bd900000)

Card table byte_map: [0x00007f735689c000,0x00007f7356abb000] byte_map_base: 0x00007f73562ba000

Polling page: 0x00007f7359f98000

Code Cache  [0x00007f734d000000, 0x00007f734d270000, 0x00007f7350000000)
 total_blobs=1367 nmethods=463 adapters=858 free_code_cache=47386Kb largest_free_block=48491776

Compilation events (10 events):
Event: 36.387 Thread 0x00007f73500a9800  474             processing.core.PMatrix3D::reset (21 bytes)
Event: 36.388 Thread 0x00007f73500a9800 nmethod 474 0x00007f734d1b9890 code [0x00007f734d1b99c0, 0x00007f734d1b9a58]
Event: 36.422 Thread 0x00007f73500a9800  475             processing.core.PMatrix3D::<init> (9 bytes)
Event: 36.422 Thread 0x00007f73500a9800 nmethod 475 0x00007f734d1b8210 code [0x00007f734d1b8340, 0x00007f734d1b83d8]
Event: 37.106 Thread 0x00007f73500a9800  476             processing.opengl.PGraphicsOpenGL::blendModeImpl (690 bytes)
Event: 37.140 Thread 0x00007f73500a9800 nmethod 476 0x00007f734d1be410 code [0x00007f734d1be8a0, 0x00007f734d1bfe88]
Event: 38.133 Thread 0x00007f73500a6800  477             java.awt.AWTEvent::getID (5 bytes)
Event: 38.134 Thread 0x00007f73500a6800 nmethod 477 0x00007f734d1b0fd0 code [0x00007f734d1b1100, 0x00007f734d1b1158]
Event: 38.674 Thread 0x00007f73500a9800  478             java.util.ArrayList::access$100 (5 bytes)
Event: 38.674 Thread 0x00007f73500a9800 nmethod 478 0x00007f734d1b7f50 code [0x00007f734d1b8080, 0x00007f734d1b80d8]

GC Heap History (10 events):
Event: 1.793 GC heap before
{Heap before GC invocations=2 (full 0):
 PSYoungGen      total 17920K, used 17893K [0x00000000ece00000, 0x00000000ef100000, 0x0000000100000000)
  eden space 15872K, 100% used [0x00000000ece00000,0x00000000edd80000,0x00000000edd80000)
  from space 2048K, 98% used [0x00000000edd80000,0x00000000edf79660,0x00000000edf80000)
  to   space 2048K, 0% used [0x00000000eef00000,0x00000000eef00000,0x00000000ef100000)
 ParOldGen       total 38912K, used 1198K [0x00000000c6a00000, 0x00000000c9000000, 0x00000000ece00000)
  object space 38912K, 3% used [0x00000000c6a00000,0x00000000c6b2baf0,0x00000000c9000000)
 PSPermGen       total 21504K, used 17538K [0x00000000bc400000, 0x00000000bd900000, 0x00000000c6a00000)
  object space 21504K, 81% used [0x00000000bc400000,0x00000000bd5209d8,0x00000000bd900000)
Event: 1.808 GC heap after
Heap after GC invocations=2 (full 0):
 PSYoungGen      total 33792K, used 2034K [0x00000000ece00000, 0x00000000ef100000, 0x0000000100000000)
  eden space 31744K, 0% used [0x00000000ece00000,0x00000000ece00000,0x00000000eed00000)
  from space 2048K, 99% used [0x00000000eef00000,0x00000000ef0fc840,0x00000000ef100000)
  to   space 2048K, 0% used [0x00000000eed00000,0x00000000eed00000,0x00000000eef00000)
 ParOldGen       total 38912K, used 4606K [0x00000000c6a00000, 0x00000000c9000000, 0x00000000ece00000)
  object space 38912K, 11% used [0x00000000c6a00000,0x00000000c6e7f8c0,0x00000000c9000000)
 PSPermGen       total 21504K, used 17538K [0x00000000bc400000, 0x00000000bd900000, 0x00000000c6a00000)
  object space 21504K, 81% used [0x00000000bc400000,0x00000000bd5209d8,0x00000000bd900000)
}
Event: 4.158 GC heap before
{Heap before GC invocations=3 (full 0):
 PSYoungGen      total 33792K, used 33710K [0x00000000ece00000, 0x00000000ef100000, 0x0000000100000000)
  eden space 31744K, 99% used [0x00000000ece00000,0x00000000eecef318,0x00000000eed00000)
  from space 2048K, 99% used [0x00000000eef00000,0x00000000ef0fc840,0x00000000ef100000)
  to   space 2048K, 0% used [0x00000000eed00000,0x00000000eed00000,0x00000000eef00000)
 ParOldGen       total 38912K, used 4606K [0x00000000c6a00000, 0x00000000c9000000, 0x00000000ece00000)
  object space 38912K, 11% used [0x00000000c6a00000,0x00000000c6e7f8c0,0x00000000c9000000)
 PSPermGen       total 21504K, used 20067K [0x00000000bc400000, 0x00000000bd900000, 0x00000000c6a00000)
  object space 21504K, 93% used [0x00000000bc400000,0x00000000bd798c08,0x00000000bd900000)
Event: 4.179 GC heap after
Heap after GC invocations=3 (full 0):
 PSYoungGen      total 33792K, used 2016K [0x00000000ece00000, 0x00000000f1000000, 0x0000000100000000)
  eden space 31744K, 0% used [0x00000000ece00000,0x00000000ece00000,0x00000000eed00000)
  from space 2048K, 98% used [0x00000000eed00000,0x00000000eeef8030,0x00000000eef00000)
  to   space 2048K, 0% used [0x00000000f0e00000,0x00000000f0e00000,0x00000000f1000000)
 ParOldGen       total 38912K, used 13691K [0x00000000c6a00000, 0x00000000c9000000, 0x00000000ece00000)
  object space 38912K, 35% used [0x00000000c6a00000,0x00000000c775ed58,0x00000000c9000000)
 PSPermGen       total 21504K, used 20067K [0x00000000bc400000, 0x00000000bd900000, 0x00000000c6a00000)
  object space 21504K, 93% used [0x00000000bc400000,0x00000000bd798c08,0x00000000bd900000)
}
Event: 4.639 GC heap before
{Heap before GC invocations=4 (full 0):
 PSYoungGen      total 33792K, used 33699K [0x00000000ece00000, 0x00000000f1000000, 0x0000000100000000)
  eden space 31744K, 99% used [0x00000000ece00000,0x00000000eecf0c00,0x00000000eed00000)
  from space 2048K, 98% used [0x00000000eed00000,0x00000000eeef8030,0x00000000eef00000)
  to   space 2048K, 0% used [0x00000000f0e00000,0x00000000f0e00000,0x00000000f1000000)
 ParOldGen       total 38912K, used 13691K [0x00000000c6a00000, 0x00000000c9000000, 0x00000000ece00000)
  object space 38912K, 35% used [0x00000000c6a00000,0x00000000c775ed58,0x00000000c9000000)
 PSPermGen       total 21504K, used 20070K [0x00000000bc400000, 0x00000000bd900000, 0x00000000c6a00000)
  object space 21504K, 93% used [0x00000000bc400000,0x00000000bd799940,0x00000000bd900000)
Event: 4.704 GC heap after
Heap after GC invocations=4 (full 0):
 PSYoungGen      total 65536K, used 2016K [0x00000000ece00000, 0x00000000f1000000, 0x0000000100000000)
  eden space 63488K, 0% used [0x00000000ece00000,0x00000000ece00000,0x00000000f0c00000)
  from space 2048K, 98% used [0x00000000f0e00000,0x00000000f0ff8030,0x00000000f1000000)
  to   space 2048K, 0% used [0x00000000f0c00000,0x00000000f0c00000,0x00000000f0e00000)
 ParOldGen       total 38912K, used 19410K [0x00000000c6a00000, 0x00000000c9000000, 0x00000000ece00000)
  object space 38912K, 49% used [0x00000000c6a00000,0x00000000c7cf4bf0,0x00000000c9000000)
 PSPermGen       total 21504K, used 20070K [0x00000000bc400000, 0x00000000bd900000, 0x00000000c6a00000)
  object space 21504K, 93% used [0x00000000bc400000,0x00000000bd799940,0x00000000bd900000)
}
Event: 14.298 GC heap before
{Heap before GC invocations=5 (full 0):
 PSYoungGen      total 65536K, used 65504K [0x00000000ece00000, 0x00000000f1000000, 0x0000000100000000)
  eden space 63488K, 100% used [0x00000000ece00000,0x00000000f0c00000,0x00000000f0c00000)
  from space 2048K, 98% used [0x00000000f0e00000,0x00000000f0ff8030,0x00000000f1000000)
  to   space 2048K, 0% used [0x00000000f0c00000,0x00000000f0c00000,0x00000000f0e00000)
 ParOldGen       total 38912K, used 19410K [0x00000000c6a00000, 0x00000000c9000000, 0x00000000ece00000)
  object space 38912K, 49% used [0x00000000c6a00000,0x00000000c7cf4bf0,0x00000000c9000000)
 PSPermGen       total 21504K, used 20200K [0x00000000bc400000, 0x00000000bd900000, 0x00000000c6a00000)
  object space 21504K, 93% used [0x00000000bc400000,0x00000000bd7ba378,0x00000000bd900000)
Event: 14.307 GC heap after
Heap after GC invocations=5 (full 0):
 PSYoungGen      total 65536K, used 2016K [0x00000000ece00000, 0x00000000f6100000, 0x0000000100000000)
  eden space 63488K, 0% used [0x00000000ece00000,0x00000000ece00000,0x00000000f0c00000)
  from space 2048K, 98% used [0x00000000f0c00000,0x00000000f0df8040,0x00000000f0e00000)
  to   space 11776K, 0% used [0x00000000f5580000,0x00000000f5580000,0x00000000f6100000)
 ParOldGen       total 38912K, used 22286K [0x00000000c6a00000, 0x00000000c9000000, 0x00000000ece00000)
  object space 38912K, 57% used [0x00000000c6a00000,0x00000000c7fc3a28,0x00000000c9000000)
 PSPermGen       total 21504K, used 20200K [0x00000000bc400000, 0x00000000bd900000, 0x00000000c6a00000)
  object space 21504K, 93% used [0x00000000bc400000,0x00000000bd7ba378,0x00000000bd900000)
}
Event: 31.071 GC heap before
{Heap before GC invocations=6 (full 0):
 PSYoungGen      total 65536K, used 65504K [0x00000000ece00000, 0x00000000f6100000, 0x0000000100000000)
  eden space 63488K, 100% used [0x00000000ece00000,0x00000000f0c00000,0x00000000f0c00000)
  from space 2048K, 98% used [0x00000000f0c00000,0x00000000f0df8040,0x00000000f0e00000)
  to   space 11776K, 0% used [0x00000000f5580000,0x00000000f5580000,0x00000000f6100000)
 ParOldGen       total 38912K, used 22286K [0x00000000c6a00000, 0x00000000c9000000, 0x00000000ece00000)
  object space 38912K, 57% used [0x00000000c6a00000,0x00000000c7fc3a28,0x00000000c9000000)
 PSPermGen       total 21504K, used 20370K [0x00000000bc400000, 0x00000000bd900000, 0x00000000c6a00000)
  object space 21504K, 94% used [0x00000000bc400000,0x00000000bd7e4a40,0x00000000bd900000)
Event: 31.079 GC heap after
Heap after GC invocations=6 (full 0):
 PSYoungGen      total 138752K, used 2176K [0x00000000ece00000, 0x00000000f6100000, 0x0000000100000000)
  eden space 126976K, 0% used [0x00000000ece00000,0x00000000ece00000,0x00000000f4a00000)
  from space 11776K, 18% used [0x00000000f5580000,0x00000000f57a0040,0x00000000f6100000)
  to   space 11776K, 0% used [0x00000000f4a00000,0x00000000f4a00000,0x00000000f5580000)
 ParOldGen       total 38912K, used 22286K [0x00000000c6a00000, 0x00000000c9000000, 0x00000000ece00000)
  object space 38912K, 57% used [0x00000000c6a00000,0x00000000c7fc3a28,0x00000000c9000000)
 PSPermGen       total 21504K, used 20370K [0x00000000bc400000, 0x00000000bd900000, 0x00000000c6a00000)
  object space 21504K, 94% used [0x00000000bc400000,0x00000000bd7e4a40,0x00000000bd900000)
}

Deoptimization events (10 events):
Event: 4.588 Thread 0x00007f7308da7000 Uncommon trap: reason=array_check action=maybe_recompile pc=0x00007f734d080934 method=java.util.Arrays.fill([Ljava/lang/Object;Ljava/lang/Object;)V @ 13
Event: 4.588 Thread 0x00007f7308da7000 Uncommon trap: reason=array_check action=maybe_recompile pc=0x00007f734d12a264 method=java.util.Arrays.fill([Ljava/lang/Object;Ljava/lang/Object;)V @ 13
Event: 4.603 Thread 0x00007f7308da7800 Uncommon trap: reason=array_check action=maybe_recompile pc=0x00007f734d12a264 method=java.util.Arrays.fill([Ljava/lang/Object;Ljava/lang/Object;)V @ 13
Event: 4.619 Thread 0x00007f7308da6000 Uncommon trap: reason=array_check action=maybe_recompile pc=0x00007f734d080934 method=java.util.Arrays.fill([Ljava/lang/Object;Ljava/lang/Object;)V @ 13
Event: 10.530 Thread 0x00007f7314008000 Uncommon trap: reason=predicate action=maybe_recompile pc=0x00007f734d16e67c method=java.util.Arrays.fill([Ljava/lang/Object;IILjava/lang/Object;)V @ 16
Event: 12.029 Thread 0x00007f7314008000 Uncommon trap: reason=array_check action=maybe_recompile pc=0x00007f734d16c864 method=java.util.Arrays.fill([Ljava/lang/Object;IILjava/lang/Object;)V @ 20
Event: 12.030 Thread 0x00007f7314008000 Uncommon trap: reason=array_check action=maybe_recompile pc=0x00007f734d16c864 method=java.util.Arrays.fill([Ljava/lang/Object;IILjava/lang/Object;)V @ 20
Event: 12.032 Thread 0x00007f7314008000 Uncommon trap: reason=array_check action=maybe_recompile pc=0x00007f734d16c864 method=java.util.Arrays.fill([Ljava/lang/Object;IILjava/lang/Object;)V @ 20
Event: 12.032 Thread 0x00007f7314008000 Uncommon trap: reason=array_check action=maybe_recompile pc=0x00007f734d16c864 method=java.util.Arrays.fill([Ljava/lang/Object;IILjava/lang/Object;)V @ 20
Event: 23.932 Thread 0x00007f7350269000 Uncommon trap: reason=unreached action=reinterpret pc=0x00007f734d138c10 method=java.util.Hashtable.get(Ljava/lang/Object;)Ljava/lang/Object; @ 28

Internal exceptions (10 events):
Event: 3.232 Thread 0x00007f73084ef800 Threw 0x00000000ed83f500 at /build/buildd/openjdk-7-7u79-2.5.5/build/openjdk/hotspot/src/share/vm/prims/jvm.cpp:1284
Event: 3.235 Thread 0x00007f7314008000 Threw 0x00000000edb6d7b8 at /build/buildd/openjdk-7-7u79-2.5.5/build/openjdk/hotspot/src/share/vm/runtime/reflection.cpp:1030
Event: 3.235 Thread 0x00007f7314008000 Threw 0x00000000edb6dbd8 at /build/buildd/openjdk-7-7u79-2.5.5/build/openjdk/hotspot/src/share/vm/runtime/reflection.cpp:1030
Event: 3.238 Thread 0x00007f73084ef800 Threw 0x00000000ed849108 at /build/buildd/openjdk-7-7u79-2.5.5/build/openjdk/hotspot/src/share/vm/prims/jvm.cpp:1284
Event: 3.241 Thread 0x00007f73084ef800 Threw 0x00000000edb96888 at /build/buildd/openjdk-7-7u79-2.5.5/build/openjdk/hotspot/src/share/vm/prims/jvm.cpp:1284
Event: 3.263 Thread 0x00007f73084ec800 Threw 0x00000000ed81d0e8 at /build/buildd/openjdk-7-7u79-2.5.5/build/openjdk/hotspot/src/share/vm/prims/jvm.cpp:1284
Event: 3.424 Thread 0x00007f7314008000 Threw 0x00000000edde7318 at /build/buildd/openjdk-7-7u79-2.5.5/build/openjdk/hotspot/src/share/vm/runtime/reflection.cpp:1030
Event: 3.425 Thread 0x00007f7314008000 Threw 0x00000000edde7738 at /build/buildd/openjdk-7-7u79-2.5.5/build/openjdk/hotspot/src/share/vm/runtime/reflection.cpp:1030
Event: 3.570 Thread 0x00007f7314008000 Threw 0x00000000ee179f08 at /build/buildd/openjdk-7-7u79-2.5.5/build/openjdk/hotspot/src/share/vm/runtime/reflection.cpp:1030
Event: 23.637 Thread 0x00007f7314008000 Threw 0x00000000eef2da68 at /build/buildd/openjdk-7-7u79-2.5.5/build/openjdk/hotspot/src/share/vm/prims/jni.cpp:747

Events (10 events):
Event: 38.688 loading class 0x00007f73540d2f90 done
Event: 38.688 Thread 0x00007f732803f000 Thread added: 0x00007f732803f000
Event: 38.689 loading class 0x00007f73300137b0
Event: 38.689 loading class 0x00007f73300137b0 done
Event: 38.689 Thread 0x00007f7328047000 Thread added: 0x00007f7328047000
Event: 38.689 loading class 0x00007f733006d6f0
Event: 38.689 loading class 0x00007f733006d6f0 done
Event: 38.690 Thread 0x00007f7328047800 Thread added: 0x00007f7328047800
Event: 38.690 Thread 0x00007f7328044800 Thread exited: 0x00007f7328044800
Event: 38.690 Thread 0x00007f732803f000 Thread exited: 0x00007f732803f000


Dynamic libraries:
00400000-00401000 r-xp 00000000 08:01 1861178                            /usr/lib/jvm/java-7-openjdk-amd64/jre/bin/java
00600000-00601000 r--p 00000000 08:01 1861178                            /usr/lib/jvm/java-7-openjdk-amd64/jre/bin/java
00601000-00602000 rw-p 00001000 08:01 1861178                            /usr/lib/jvm/java-7-openjdk-amd64/jre/bin/java
01094000-010e2000 rw-p 00000000 00:00 0                                  [heap]
bc400000-bd900000 rw-p 00000000 00:00 0 
bd900000-c6a00000 rw-p 00000000 00:00 0 
c6a00000-c9000000 rw-p 00000000 00:00 0 
c9000000-ece00000 rw-p 00000000 00:00 0 
ece00000-f6100000 rw-p 00000000 00:00 0 
f6100000-100000000 rw-p 00000000 00:00 0 
7f7302444000-7f7302544000 rw-s 12e2a0000 00:05 1913                      /dev/dri/card0
7f7302544000-7f73025c8000 r-xp 00000000 08:01 12845852                   /tmp/sqlite-3.7.2-libsqlitejdbc.so
7f73025c8000-7f73027c8000 ---p 00084000 08:01 12845852                   /tmp/sqlite-3.7.2-libsqlitejdbc.so
7f73027c8000-7f73027c9000 r--p 00084000 08:01 12845852                   /tmp/sqlite-3.7.2-libsqlitejdbc.so
7f73027c9000-7f73027cc000 rw-p 00085000 08:01 12845852                   /tmp/sqlite-3.7.2-libsqlitejdbc.so
7f73027cc000-7f73027cd000 rw-s 108219000 00:05 1913                      /dev/dri/card0
7f73027d4000-7f73027d5000 rw-s 12d525000 00:05 1913                      /dev/dri/card0
7f73027d5000-7f73027d8000 ---p 00000000 00:00 0 
7f73027d8000-7f73028d6000 rw-p 00000000 00:00 0                          [stack:11078]
7f73028d6000-7f73028d9000 ---p 00000000 00:00 0 
7f73028d9000-7f73029d7000 rw-p 00000000 00:00 0 
7f73029d7000-7f73029da000 ---p 00000000 00:00 0 
7f73029da000-7f7302ad8000 rw-p 00000000 00:00 0 
7f7302ad8000-7f7302adb000 ---p 00000000 00:00 0 
7f7302adb000-7f7302bd9000 rw-p 00000000 00:00 0 
7f7302bd9000-7f7302bda000 rw-s 108158000 00:05 1913                      /dev/dri/card0
7f7302bda000-7f7302bdb000 rw-s 108157000 00:05 1913                      /dev/dri/card0
7f7302bde000-7f7302be1000 ---p 00000000 00:00 0 
7f7302be1000-7f7302cdf000 rw-p 00000000 00:00 0 
7f7302cdf000-7f7302ce2000 ---p 00000000 00:00 0 
7f7302ce2000-7f7302de0000 rw-p 00000000 00:00 0 
7f7302de0000-7f7302de3000 ---p 00000000 00:00 0 
7f7302de3000-7f7302ee1000 rw-p 00000000 00:00 0 
7f7302ee1000-7f7302ee4000 ---p 00000000 00:00 0 
7f7302ee4000-7f7302fe2000 rw-p 00000000 00:00 0                          [stack:11075]
7f7303018000-7f7303019000 rw-s 12e29f000 00:05 1913                      /dev/dri/card0
7f7303023000-7f7303024000 rw-s 12e294000 00:05 1913                      /dev/dri/card0
7f7303024000-7f7303025000 rw-s 12e293000 00:05 1913                      /dev/dri/card0
7f7303025000-7f7303026000 rw-s 12e292000 00:05 1913                      /dev/dri/card0
7f73031fa000-7f73033cf000 rw-p 00000000 00:00 0 
7f73033d0000-7f73033d1000 rw-s 12c0af000 00:05 1913                      /dev/dri/card0
7f73033d1000-7f73033d2000 rw-s 12c0ae000 00:05 1913                      /dev/dri/card0
7f73034e9000-7f73034ea000 rw-s 12d6ed000 00:05 1913                      /dev/dri/card0
7f73034ea000-7f73034eb000 rw-s 12cbde000 00:05 1913                      /dev/dri/card0
7f73035e0000-7f73035e1000 rw-s 12be9f000 00:05 1913                      /dev/dri/card0
7f73035e1000-7f73037b6000 rw-p 00000000 00:00 0 
7f73037b6000-7f73037b7000 rw-s 12be9e000 00:05 1913                      /dev/dri/card0
7f73037b7000-7f73038b7000 rw-s 12bd9e000 00:05 1913                      /dev/dri/card0
7f730392a000-7f730392b000 rw-s 12afeb000 00:05 1913                      /dev/dri/card0
7f7303afd000-7f7303afe000 ---p 00000000 00:00 0 
7f7303afe000-7f73042fe000 rw-p 00000000 00:00 0                          [stack:11022]
7f73042fe000-7f7304a44000 r-xp 00000000 08:01 918024                     /usr/lib/x86_64-linux-gnu/dri/r600_dri.so
7f7304a44000-7f7304c43000 ---p 00746000 08:01 918024                     /usr/lib/x86_64-linux-gnu/dri/r600_dri.so
7f7304c43000-7f7304c96000 r--p 00745000 08:01 918024                     /usr/lib/x86_64-linux-gnu/dri/r600_dri.so
7f7304c96000-7f7304ca2000 rw-p 00798000 08:01 918024                     /usr/lib/x86_64-linux-gnu/dri/r600_dri.so
7f7304ca2000-7f7304e8a000 rw-p 00000000 00:00 0 
7f7304e8a000-7f7304e8c000 r-xp 00000000 08:01 532093                     /usr/lib/x86_64-linux-gnu/libXinerama.so.1.0.0
7f7304e8c000-7f730508b000 ---p 00002000 08:01 532093                     /usr/lib/x86_64-linux-gnu/libXinerama.so.1.0.0
7f730508b000-7f730508c000 r--p 00001000 08:01 532093                     /usr/lib/x86_64-linux-gnu/libXinerama.so.1.0.0
7f730508c000-7f730508d000 rw-p 00002000 08:01 532093                     /usr/lib/x86_64-linux-gnu/libXinerama.so.1.0.0
7f730508d000-7f73050c4000 r-xp 00000000 08:01 533016                     /usr/lib/x86_64-linux-gnu/libtxc_dxtn_s2tc.so.0.0.0
7f73050c4000-7f73052c3000 ---p 00037000 08:01 533016                     /usr/lib/x86_64-linux-gnu/libtxc_dxtn_s2tc.so.0.0.0
7f73052c3000-7f73052c4000 r--p 00036000 08:01 533016                     /usr/lib/x86_64-linux-gnu/libtxc_dxtn_s2tc.so.0.0.0
7f73052c4000-7f73052c5000 rw-p 00037000 08:01 533016                     /usr/lib/x86_64-linux-gnu/libtxc_dxtn_s2tc.so.0.0.0
7f73052c5000-7f73052c6000 ---p 00000000 00:00 0 
7f73052c6000-7f7305ac6000 rw-p 00000000 00:00 0 
7f7305ac6000-7f7305ace000 r-xp 00000000 08:01 15732733                   /lib/x86_64-linux-gnu/libnih-dbus.so.1.0.0
7f7305ace000-7f7305cce000 ---p 00008000 08:01 15732733                   /lib/x86_64-linux-gnu/libnih-dbus.so.1.0.0
7f7305cce000-7f7305ccf000 r--p 00008000 08:01 15732733                   /lib/x86_64-linux-gnu/libnih-dbus.so.1.0.0
7f7305ccf000-7f7305cd0000 rw-p 00009000 08:01 15732733                   /lib/x86_64-linux-gnu/libnih-dbus.so.1.0.0
7f7305cd0000-7f7305ce7000 r-xp 00000000 08:01 15732735                   /lib/x86_64-linux-gnu/libnih.so.1.0.0
7f7305ce7000-7f7305ee6000 ---p 00017000 08:01 15732735                   /lib/x86_64-linux-gnu/libnih.so.1.0.0
7f7305ee6000-7f7305ee7000 r--p 00016000 08:01 15732735                   /lib/x86_64-linux-gnu/libnih.so.1.0.0
7f7305ee7000-7f7305ee8000 rw-p 00017000 08:01 15732735                   /lib/x86_64-linux-gnu/libnih.so.1.0.0
7f7305ee8000-7f7305f01000 r-xp 00000000 08:01 15732676                   /lib/x86_64-linux-gnu/libcgmanager.so.0.0.0
7f7305f01000-7f7306100000 ---p 00019000 08:01 15732676                   /lib/x86_64-linux-gnu/libcgmanager.so.0.0.0
7f7306100000-7f7306102000 r--p 00018000 08:01 15732676                   /lib/x86_64-linux-gnu/libcgmanager.so.0.0.0
7f7306102000-7f7306103000 rw-p 0001a000 08:01 15732676                   /lib/x86_64-linux-gnu/libcgmanager.so.0.0.0
7f7306103000-7f7306113000 r-xp 00000000 08:01 15728930                   /lib/x86_64-linux-gnu/libudev.so.1.3.5
7f7306113000-7f7306312000 ---p 00010000 08:01 15728930                   /lib/x86_64-linux-gnu/libudev.so.1.3.5
7f7306312000-7f7306313000 r--p 0000f000 08:01 15728930                   /lib/x86_64-linux-gnu/libudev.so.1.3.5
7f7306313000-7f7306314000 rw-p 00010000 08:01 15728930                   /lib/x86_64-linux-gnu/libudev.so.1.3.5
7f7306314000-7f7307e1c000 r-xp 00000000 08:01 531941                     /usr/lib/x86_64-linux-gnu/libLLVM-3.5.so.1
7f7307e1c000-7f7307e1d000 ---p 01b08000 08:01 531941                     /usr/lib/x86_64-linux-gnu/libLLVM-3.5.so.1
7f7307e1d000-7f7307fe5000 r--p 01b08000 08:01 531941                     /usr/lib/x86_64-linux-gnu/libLLVM-3.5.so.1
7f7307fe5000-7f7307feb000 rw-p 01cd0000 08:01 531941                     /usr/lib/x86_64-linux-gnu/libLLVM-3.5.so.1
7f7307feb000-7f7308000000 rw-p 00000000 00:00 0 
7f7308000000-7f73092ad000 rw-p 00000000 00:00 0 
7f73092ad000-7f730c000000 ---p 00000000 00:00 0 
7f730c1f1000-7f730c216000 r-xp 00000000 08:01 15732817                   /lib/x86_64-linux-gnu/libtinfo.so.5.9
7f730c216000-7f730c415000 ---p 00025000 08:01 15732817                   /lib/x86_64-linux-gnu/libtinfo.so.5.9
7f730c415000-7f730c419000 r--p 00024000 08:01 15732817                   /lib/x86_64-linux-gnu/libtinfo.so.5.9
7f730c419000-7f730c41a000 rw-p 00028000 08:01 15732817                   /lib/x86_64-linux-gnu/libtinfo.so.5.9
7f730c41a000-7f730c443000 r-xp 00000000 08:01 532322                     /usr/lib/x86_64-linux-gnu/libedit.so.2.0.47
7f730c443000-7f730c643000 ---p 00029000 08:01 532322                     /usr/lib/x86_64-linux-gnu/libedit.so.2.0.47
7f730c643000-7f730c645000 r--p 00029000 08:01 532322                     /usr/lib/x86_64-linux-gnu/libedit.so.2.0.47
7f730c645000-7f730c646000 rw-p 0002b000 08:01 532322                     /usr/lib/x86_64-linux-gnu/libedit.so.2.0.47
7f730c646000-7f730c64a000 rw-p 00000000 00:00 0 
7f730c64a000-7f730c656000 r-xp 00000000 08:01 530540                     /usr/lib/x86_64-linux-gnu/libdrm_radeon.so.1.0.1
7f730c656000-7f730c855000 ---p 0000c000 08:01 530540                     /usr/lib/x86_64-linux-gnu/libdrm_radeon.so.1.0.1
7f730c855000-7f730c856000 r--p 0000b000 08:01 530540                     /usr/lib/x86_64-linux-gnu/libdrm_radeon.so.1.0.1
7f730c856000-7f730c857000 rw-p 0000c000 08:01 530540                     /usr/lib/x86_64-linux-gnu/libdrm_radeon.so.1.0.1
7f730c857000-7f730c86c000 r-xp 00000000 08:01 532323                     /usr/lib/x86_64-linux-gnu/libelf-0.158.so
7f730c86c000-7f730ca6b000 ---p 00015000 08:01 532323                     /usr/lib/x86_64-linux-gnu/libelf-0.158.so
7f730ca6b000-7f730ca6c000 r--p 00014000 08:01 532323                     /usr/lib/x86_64-linux-gnu/libelf-0.158.so
7f730ca6c000-7f730ca6d000 rw-p 00015000 08:01 532323                     /usr/lib/x86_64-linux-gnu/libelf-0.158.so
7f730ca6d000-7f730ca73000 r-xp 00000000 08:01 530538                     /usr/lib/x86_64-linux-gnu/libdrm_nouveau.so.2.0.0
7f730ca73000-7f730cc72000 ---p 00006000 08:01 530538                     /usr/lib/x86_64-linux-gnu/libdrm_nouveau.so.2.0.0
7f730cc72000-7f730cc73000 r--p 00005000 08:01 530538                     /usr/lib/x86_64-linux-gnu/libdrm_nouveau.so.2.0.0
7f730cc73000-7f730cc74000 rw-p 00006000 08:01 530538                     /usr/lib/x86_64-linux-gnu/libdrm_nouveau.so.2.0.0
7f730cc74000-7f730cc7b000 r-xp 00000000 08:01 919135                     /usr/lib/x86_64-linux-gnu/mesa-egl/libOpenVG.so.1.0.0
7f730cc7b000-7f730ce7a000 ---p 00007000 08:01 919135                     /usr/lib/x86_64-linux-gnu/mesa-egl/libOpenVG.so.1.0.0
7f730ce7a000-7f730ce7b000 r--p 00006000 08:01 919135                     /usr/lib/x86_64-linux-gnu/mesa-egl/libOpenVG.so.1.0.0
7f730ce7b000-7f730ce7c000 rw-p 00007000 08:01 919135                     /usr/lib/x86_64-linux-gnu/mesa-egl/libOpenVG.so.1.0.0
7f730ce7c000-7f730ce7e000 rw-p 00000000 00:00 0 
7f730ce7e000-7f730d606000 r-xp 00000000 08:01 918029                     /usr/lib/x86_64-linux-gnu/egl/egl_gallium.so
7f730d606000-7f730d806000 ---p 00788000 08:01 918029                     /usr/lib/x86_64-linux-gnu/egl/egl_gallium.so
7f730d806000-7f730d859000 r--p 00788000 08:01 918029                     /usr/lib/x86_64-linux-gnu/egl/egl_gallium.so
7f730d859000-7f730d865000 rw-p 007db000 08:01 918029                     /usr/lib/x86_64-linux-gnu/egl/egl_gallium.so
7f730d865000-7f730da4c000 rw-p 00000000 00:00 0 
7f730da4c000-7f730da52000 r-xp 00000000 08:01 919133                     /usr/lib/x86_64-linux-gnu/mesa-egl/libGLESv2.so.2.0.0
7f730da52000-7f730dc51000 ---p 00006000 08:01 919133                     /usr/lib/x86_64-linux-gnu/mesa-egl/libGLESv2.so.2.0.0
7f730dc51000-7f730dc52000 r--p 00005000 08:01 919133                     /usr/lib/x86_64-linux-gnu/mesa-egl/libGLESv2.so.2.0.0
7f730dc52000-7f730dc53000 rw-p 00006000 08:01 919133                     /usr/lib/x86_64-linux-gnu/mesa-egl/libGLESv2.so.2.0.0
7f730dc53000-7f730dc98000 r-xp 00000000 08:01 12845911                   /tmp/jogamp_0000/file_cache/jln4336694591702184705/jln9083636633145879278/libjogl_mobile.so
7f730dc98000-7f730de98000 ---p 00045000 08:01 12845911                   /tmp/jogamp_0000/file_cache/jln4336694591702184705/jln9083636633145879278/libjogl_mobile.so
7f730de98000-7f730de99000 rw-p 00045000 08:01 12845911                   /tmp/jogamp_0000/file_cache/jln4336694591702184705/jln9083636633145879278/libjogl_mobile.so
7f730de99000-7f730dea5000 r-xp 00000000 08:01 532405                     /usr/lib/x86_64-linux-gnu/libgbm.so.1.0.0
7f730dea5000-7f730e0a5000 ---p 0000c000 08:01 532405                     /usr/lib/x86_64-linux-gnu/libgbm.so.1.0.0
7f730e0a5000-7f730e0a6000 r--p 0000c000 08:01 532405                     /usr/lib/x86_64-linux-gnu/libgbm.so.1.0.0
7f730e0a6000-7f730e0a7000 rw-p 0000d000 08:01 532405                     /usr/lib/x86_64-linux-gnu/libgbm.so.1.0.0
7f730e0a7000-7f730e0b6000 r-xp 00000000 08:01 533084                     /usr/lib/x86_64-linux-gnu/libwayland-server.so.0.1.0
7f730e0b6000-7f730e2b5000 ---p 0000f000 08:01 533084                     /usr/lib/x86_64-linux-gnu/libwayland-server.so.0.1.0
7f730e2b5000-7f730e2b7000 r--p 0000e000 08:01 533084                     /usr/lib/x86_64-linux-gnu/libwayland-server.so.0.1.0
7f730e2b7000-7f730e2b8000 rw-p 00010000 08:01 533084                     /usr/lib/x86_64-linux-gnu/libwayland-server.so.0.1.0
7f730e2b8000-7f730e2c3000 r-xp 00000000 08:01 533078                     /usr/lib/x86_64-linux-gnu/libwayland-client.so.0.2.0
7f730e2c3000-7f730e4c2000 ---p 0000b000 08:01 533078                     /usr/lib/x86_64-linux-gnu/libwayland-client.so.0.2.0
7f730e4c2000-7f730e4c4000 r--p 0000a000 08:01 533078                     /usr/lib/x86_64-linux-gnu/libwayland-client.so.0.2.0
7f730e4c4000-7f730e4c5000 rw-p 0000c000 08:01 533078                     /usr/lib/x86_64-linux-gnu/libwayland-client.so.0.2.0
7f730e4c5000-7f730e4ca000 r-xp 00000000 08:01 533134                     /usr/lib/x86_64-linux-gnu/libxcb-xfixes.so.0.0.0
7f730e4ca000-7f730e6ca000 ---p 00005000 08:01 533134                     /usr/lib/x86_64-linux-gnu/libxcb-xfixes.so.0.0.0
7f730e6ca000-7f730e6cb000 r--p 00005000 08:01 533134                     /usr/lib/x86_64-linux-gnu/libxcb-xfixes.so.0.0.0
7f730e6cb000-7f730e6cc000 rw-p 00006000 08:01 533134                     /usr/lib/x86_64-linux-gnu/libxcb-xfixes.so.0.0.0
7f730e6cc000-7f730e6f3000 r-xp 00000000 08:01 919129                     /usr/lib/x86_64-linux-gnu/mesa-egl/libEGL.so.1.0.0
7f730e6f3000-7f730e8f3000 ---p 00027000 08:01 919129                     /usr/lib/x86_64-linux-gnu/mesa-egl/libEGL.so.1.0.0
7f730e8f3000-7f730e8f4000 r--p 00027000 08:01 919129                     /usr/lib/x86_64-linux-gnu/mesa-egl/libEGL.so.1.0.0
7f730e8f4000-7f730e8f5000 rw-p 00028000 08:01 919129                     /usr/lib/x86_64-linux-gnu/mesa-egl/libEGL.so.1.0.0
7f730e8f5000-7f730e8f6000 rw-p 00000000 00:00 0 
7f730e8f6000-7f730e99b000 r-xp 00000000 08:01 12845910                   /tmp/jogamp_0000/file_cache/jln4336694591702184705/jln9083636633145879278/libjogl_desktop.so
7f730e99b000-7f730eb9b000 ---p 000a5000 08:01 12845910                   /tmp/jogamp_0000/file_cache/jln4336694591702184705/jln9083636633145879278/libjogl_desktop.so
7f730eb9b000-7f730eb9c000 rw-p 000a5000 08:01 12845910                   /tmp/jogamp_0000/file_cache/jln4336694591702184705/jln9083636633145879278/libjogl_desktop.so
7f730eb9c000-7f730eba7000 r-xp 00000000 08:01 530534                     /usr/lib/x86_64-linux-gnu/libdrm.so.2.4.0
7f730eba7000-7f730eda6000 ---p 0000b000 08:01 530534                     /usr/lib/x86_64-linux-gnu/libdrm.so.2.4.0
7f730eda6000-7f730eda7000 r--p 0000a000 08:01 530534                     /usr/lib/x86_64-linux-gnu/libdrm.so.2.4.0
7f730eda7000-7f730eda8000 rw-p 0000b000 08:01 530534                     /usr/lib/x86_64-linux-gnu/libdrm.so.2.4.0
7f730eda8000-7f730eda9000 r-xp 00000000 08:01 533148                     /usr/lib/x86_64-linux-gnu/libxshmfence.so.1.0.0
7f730eda9000-7f730efa8000 ---p 00001000 08:01 533148                     /usr/lib/x86_64-linux-gnu/libxshmfence.so.1.0.0
7f730efa8000-7f730efa9000 r--p 00000000 08:01 533148                     /usr/lib/x86_64-linux-gnu/libxshmfence.so.1.0.0
7f730efa9000-7f730efaa000 rw-p 00001000 08:01 533148                     /usr/lib/x86_64-linux-gnu/libxshmfence.so.1.0.0
7f730efaa000-7f730efaf000 r-xp 00000000 08:01 533130                     /usr/lib/x86_64-linux-gnu/libxcb-sync.so.1.0.0
7f730efaf000-7f730f1ae000 ---p 00005000 08:01 533130                     /usr/lib/x86_64-linux-gnu/libxcb-sync.so.1.0.0
7f730f1ae000-7f730f1af000 r--p 00004000 08:01 533130                     /usr/lib/x86_64-linux-gnu/libxcb-sync.so.1.0.0
7f730f1af000-7f730f1b0000 rw-p 00005000 08:01 533130                     /usr/lib/x86_64-linux-gnu/libxcb-sync.so.1.0.0
7f730f1b0000-7f730f1b2000 r-xp 00000000 08:01 533118                     /usr/lib/x86_64-linux-gnu/libxcb-present.so.0.0.0
7f730f1b2000-7f730f3b1000 ---p 00002000 08:01 533118                     /usr/lib/x86_64-linux-gnu/libxcb-present.so.0.0.0
7f730f3b1000-7f730f3b2000 r--p 00001000 08:01 533118                     /usr/lib/x86_64-linux-gnu/libxcb-present.so.0.0.0
7f730f3b2000-7f730f3b3000 rw-p 00002000 08:01 533118                     /usr/lib/x86_64-linux-gnu/libxcb-present.so.0.0.0
7f730f3b3000-7f730f3b5000 r-xp 00000000 08:01 533108                     /usr/lib/x86_64-linux-gnu/libxcb-dri3.so.0.0.0
7f730f3b5000-7f730f5b4000 ---p 00002000 08:01 533108                     /usr/lib/x86_64-linux-gnu/libxcb-dri3.so.0.0.0
7f730f5b4000-7f730f5b5000 r--p 00001000 08:01 533108                     /usr/lib/x86_64-linux-gnu/libxcb-dri3.so.0.0.0
7f730f5b5000-7f730f5b6000 rw-p 00002000 08:01 533108                     /usr/lib/x86_64-linux-gnu/libxcb-dri3.so.0.0.0
7f730f5b6000-7f730f5b9000 r-xp 00000000 08:01 533106                     /usr/lib/x86_64-linux-gnu/libxcb-dri2.so.0.0.0
7f730f5b9000-7f730f7b9000 ---p 00003000 08:01 533106                     /usr/lib/x86_64-linux-gnu/libxcb-dri2.so.0.0.0
7f730f7b9000-7f730f7ba000 r--p 00003000 08:01 533106                     /usr/lib/x86_64-linux-gnu/libxcb-dri2.so.0.0.0
7f730f7ba000-7f730f7bb000 rw-p 00004000 08:01 533106                     /usr/lib/x86_64-linux-gnu/libxcb-dri2.so.0.0.0
7f730f7bb000-7f730f7d0000 r-xp 00000000 08:01 533110                     /usr/lib/x86_64-linux-gnu/libxcb-glx.so.0.0.0
7f730f7d0000-7f730f9cf000 ---p 00015000 08:01 533110                     /usr/lib/x86_64-linux-gnu/libxcb-glx.so.0.0.0
7f730f9cf000-7f730f9d1000 r--p 00014000 08:01 533110                     /usr/lib/x86_64-linux-gnu/libxcb-glx.so.0.0.0
7f730f9d1000-7f730f9d2000 rw-p 00016000 08:01 533110                     /usr/lib/x86_64-linux-gnu/libxcb-glx.so.0.0.0
7f730f9d2000-7f730f9d3000 r-xp 00000000 08:01 532064                     /usr/lib/x86_64-linux-gnu/libX11-xcb.so.1.0.0
7f730f9d3000-7f730fbd2000 ---p 00001000 08:01 532064                     /usr/lib/x86_64-linux-gnu/libX11-xcb.so.1.0.0
7f730fbd2000-7f730fbd3000 r--p 00000000 08:01 532064                     /usr/lib/x86_64-linux-gnu/libX11-xcb.so.1.0.0
7f730fbd3000-7f730fbd4000 rw-p 00001000 08:01 532064                     /usr/lib/x86_64-linux-gnu/libX11-xcb.so.1.0.0
7f730fbd4000-7f730fbd6000 r-xp 00000000 08:01 532079                     /usr/lib/x86_64-linux-gnu/libXdamage.so.1.1.0
7f730fbd6000-7f730fdd5000 ---p 00002000 08:01 532079                     /usr/lib/x86_64-linux-gnu/libXdamage.so.1.1.0
7f730fdd5000-7f730fdd6000 r--p 00001000 08:01 532079                     /usr/lib/x86_64-linux-gnu/libXdamage.so.1.1.0
7f730fdd6000-7f730fdd7000 rw-p 00002000 08:01 532079                     /usr/lib/x86_64-linux-gnu/libXdamage.so.1.1.0
7f730fdd7000-7f730fdfb000 r-xp 00000000 08:01 532457                     /usr/lib/x86_64-linux-gnu/libglapi.so.0.0.0
7f730fdfb000-7f730fffb000 ---p 00024000 08:01 532457                     /usr/lib/x86_64-linux-gnu/libglapi.so.0.0.0
7f730fffb000-7f730fffe000 r--p 00024000 08:01 532457                     /usr/lib/x86_64-linux-gnu/libglapi.so.0.0.0
7f730fffe000-7f730ffff000 rw-p 00027000 08:01 532457                     /usr/lib/x86_64-linux-gnu/libglapi.so.0.0.0
7f730ffff000-7f7310000000 rw-p 00000000 00:00 0 
7f7310000000-7f7310021000 rw-p 00000000 00:00 0 
7f7310021000-7f7314000000 ---p 00000000 00:00 0 
7f7314000000-7f7314678000 rw-p 00000000 00:00 0 
7f7314678000-7f7318000000 ---p 00000000 00:00 0 
7f7318000000-7f73181e2000 rw-p 00000000 00:00 0 
7f73181e2000-7f731c000000 ---p 00000000 00:00 0 
7f731c000000-7f731c05e000 rw-p 00000000 00:00 0 
7f731c05e000-7f7320000000 ---p 00000000 00:00 0 
7f7320000000-7f7320001000 rw-s 12afed000 00:05 1913                      /dev/dri/card0
7f7320023000-7f73200af000 r-xp 00000000 08:01 919126                     /usr/lib/x86_64-linux-gnu/mesa/libGL.so.1.2.0
7f73200af000-7f73202ae000 ---p 0008c000 08:01 919126                     /usr/lib/x86_64-linux-gnu/mesa/libGL.so.1.2.0
7f73202ae000-7f73202b1000 r--p 0008b000 08:01 919126                     /usr/lib/x86_64-linux-gnu/mesa/libGL.so.1.2.0
7f73202b1000-7f73202b2000 rw-p 0008e000 08:01 919126                     /usr/lib/x86_64-linux-gnu/mesa/libGL.so.1.2.0
7f73202b2000-7f73202b3000 rw-p 00000000 00:00 0 
7f73202b3000-7f73202ba000 r-xp 00000000 08:01 12845913                   /tmp/jogamp_0000/file_cache/jln4336694591702184705/jln9083636633145879278/libnativewindow_x11.so
7f73202ba000-7f73204b9000 ---p 00007000 08:01 12845913                   /tmp/jogamp_0000/file_cache/jln4336694591702184705/jln9083636633145879278/libnativewindow_x11.so
7f73204b9000-7f73204ba000 rw-p 00006000 08:01 12845913                   /tmp/jogamp_0000/file_cache/jln4336694591702184705/jln9083636633145879278/libnativewindow_x11.so
7f73204ba000-7f73204be000 r-xp 00000000 08:01 532121                     /usr/lib/x86_64-linux-gnu/libXxf86vm.so.1.0.0
7f73204be000-7f73206be000 ---p 00004000 08:01 532121                     /usr/lib/x86_64-linux-gnu/libXxf86vm.so.1.0.0
7f73206be000-7f73206bf000 r--p 00004000 08:01 532121                     /usr/lib/x86_64-linux-gnu/libXxf86vm.so.1.0.0
7f73206bf000-7f73206c0000 rw-p 00005000 08:01 532121                     /usr/lib/x86_64-linux-gnu/libXxf86vm.so.1.0.0
7f73206c0000-7f73206c2000 r-xp 00000000 08:01 12845912                   /tmp/jogamp_0000/file_cache/jln4336694591702184705/jln9083636633145879278/libnativewindow_awt.so
7f73206c2000-7f73208c1000 ---p 00002000 08:01 12845912                   /tmp/jogamp_0000/file_cache/jln4336694591702184705/jln9083636633145879278/libnativewindow_awt.so
7f73208c1000-7f73208c2000 rw-p 00001000 08:01 12845912                   /tmp/jogamp_0000/file_cache/jln4336694591702184705/jln9083636633145879278/libnativewindow_awt.so
7f73208c2000-7f73208c3000 r-xp 00000000 08:01 5768800                    /usr/lib/jvm/java-7-openjdk-amd64/jre/lib/amd64/libjawt.so
7f73208c3000-7f7320ac2000 ---p 00001000 08:01 5768800                    /usr/lib/jvm/java-7-openjdk-amd64/jre/lib/amd64/libjawt.so
7f7320ac2000-7f7320ac3000 r--p 00000000 08:01 5768800                    /usr/lib/jvm/java-7-openjdk-amd64/jre/lib/amd64/libjawt.so
7f7320ac3000-7f7320ac4000 rw-p 00001000 08:01 5768800                    /usr/lib/jvm/java-7-openjdk-amd64/jre/lib/amd64/libjawt.so
7f7320ac4000-7f7320ac6000 r-xp 00000000 08:01 12845909                   /tmp/jogamp_0000/file_cache/jln4336694591702184705/jln9083636633145879278/libgluegen-rt.so
7f7320ac6000-7f7320cc5000 ---p 00002000 08:01 12845909                   /tmp/jogamp_0000/file_cache/jln4336694591702184705/jln9083636633145879278/libgluegen-rt.so
7f7320cc5000-7f7320cc6000 rw-p 00001000 08:01 12845909                   /tmp/jogamp_0000/file_cache/jln4336694591702184705/jln9083636633145879278/libgluegen-rt.so
7f7320cc6000-7f7320cc9000 ---p 00000000 00:00 0 
7f7320cc9000-7f7320dc7000 rw-p 00000000 00:00 0 
7f7320dc7000-7f7320dca000 ---p 00000000 00:00 0 
7f7320dca000-7f7320ec8000 rw-p 00000000 00:00 0                          [stack:11010]
7f7320ec8000-7f7320ecb000 ---p 00000000 00:00 0 
7f7320ecb000-7f7320fc9000 rw-p 00000000 00:00 0                          [stack:11009]
7f7320fc9000-7f7320fd9000 r-xp 00000000 08:01 5768799                    /usr/lib/jvm/java-7-openjdk-amd64/jre/lib/amd64/libnio.so
7f7320fd9000-7f73211d9000 ---p 00010000 08:01 5768799                    /usr/lib/jvm/java-7-openjdk-amd64/jre/lib/amd64/libnio.so
7f73211d9000-7f73211da000 r--p 00010000 08:01 5768799                    /usr/lib/jvm/java-7-openjdk-amd64/jre/lib/amd64/libnio.so
7f73211da000-7f73211db000 rw-p 00011000 08:01 5768799                    /usr/lib/jvm/java-7-openjdk-amd64/jre/lib/amd64/libnio.so
7f73211db000-7f732122d000 r-xp 00000000 08:01 5768803                    /usr/lib/jvm/java-7-openjdk-amd64/jre/lib/amd64/libfontmanager.so
7f732122d000-7f732142c000 ---p 00052000 08:01 5768803                    /usr/lib/jvm/java-7-openjdk-amd64/jre/lib/amd64/libfontmanager.so
7f732142c000-7f732142f000 r--p 00051000 08:01 5768803                    /usr/lib/jvm/java-7-openjdk-amd64/jre/lib/amd64/libfontmanager.so
7f732142f000-7f7321430000 rw-p 00054000 08:01 5768803                    /usr/lib/jvm/java-7-openjdk-amd64/jre/lib/amd64/libfontmanager.so
7f7321430000-7f7321433000 ---p 00000000 00:00 0 
7f7321433000-7f7321531000 rw-p 00000000 00:00 0                          [stack:11007]
7f7321531000-7f7321534000 ---p 00000000 00:00 0 
7f7321534000-7f7321632000 rw-p 00000000 00:00 0                          [stack:11006]
7f7321632000-7f7321635000 ---p 00000000 00:00 0 
7f7321635000-7f7321733000 rw-p 00000000 00:00 0                          [stack:11005]
7f7321733000-7f7321736000 ---p 00000000 00:00 0 
7f7321736000-7f7321834000 rw-p 00000000 00:00 0                          [stack:11003]
7f7321834000-7f7321839000 r-xp 00000000 08:01 527015                     /usr/lib/x86_64-linux-gnu/libXfixes.so.3.1.0
7f7321839000-7f7321a38000 ---p 00005000 08:01 527015                     /usr/lib/x86_64-linux-gnu/libXfixes.so.3.1.0
7f7321a38000-7f7321a39000 r--p 00004000 08:01 527015                     /usr/lib/x86_64-linux-gnu/libXfixes.so.3.1.0
7f7321a39000-7f7321a3a000 rw-p 00005000 08:01 527015                     /usr/lib/x86_64-linux-gnu/libXfixes.so.3.1.0
7f7321a3a000-7f7321a43000 r-xp 00000000 08:01 532077                     /usr/lib/x86_64-linux-gnu/libXcursor.so.1.0.2
7f7321a43000-7f7321c42000 ---p 00009000 08:01 532077                     /usr/lib/x86_64-linux-gnu/libXcursor.so.1.0.2
7f7321c42000-7f7321c43000 r--p 00008000 08:01 532077                     /usr/lib/x86_64-linux-gnu/libXcursor.so.1.0.2
7f7321c43000-7f7321c44000 rw-p 00009000 08:01 532077                     /usr/lib/x86_64-linux-gnu/libXcursor.so.1.0.2
7f7321c44000-7f7321c47000 ---p 00000000 00:00 0 
7f7321c47000-7f7321d45000 rw-p 00000000 00:00 0                          [stack:11002]
7f7321d45000-7f7321d5c000 r-xp 00000000 08:01 5768826                    /usr/lib/jvm/java-7-openjdk-amd64/jre/lib/amd64/libnet.so
7f7321d5c000-7f7321f5b000 ---p 00017000 08:01 5768826                    /usr/lib/jvm/java-7-openjdk-amd64/jre/lib/amd64/libnet.so
7f7321f5b000-7f7321f5c000 r--p 00016000 08:01 5768826                    /usr/lib/jvm/java-7-openjdk-amd64/jre/lib/amd64/libnet.so
7f7321f5c000-7f7321f5d000 rw-p 00017000 08:01 5768826                    /usr/lib/jvm/java-7-openjdk-amd64/jre/lib/amd64/libnet.so
7f7321f5d000-7f7321f61000 r-xp 00000000 08:01 15732704                   /lib/x86_64-linux-gnu/libgpg-error.so.0.10.0
7f7321f61000-7f7322160000 ---p 00004000 08:01 15732704                   /lib/x86_64-linux-gnu/libgpg-error.so.0.10.0
7f7322160000-7f7322161000 r--p 00003000 08:01 15732704                   /lib/x86_64-linux-gnu/libgpg-error.so.0.10.0
7f7322161000-7f7322162000 rw-p 00004000 08:01 15732704                   /lib/x86_64-linux-gnu/libgpg-error.so.0.10.0
7f7322162000-7f7322164000 r-xp 00000000 08:01 15732714                   /lib/x86_64-linux-gnu/libkeyutils.so.1.4
7f7322164000-7f7322364000 ---p 00002000 08:01 15732714                   /lib/x86_64-linux-gnu/libkeyutils.so.1.4
7f7322364000-7f7322365000 r--p 00002000 08:01 15732714                   /lib/x86_64-linux-gnu/libkeyutils.so.1.4
7f7322365000-7f7322366000 rw-p 00003000 08:01 15732714                   /lib/x86_64-linux-gnu/libkeyutils.so.1.4
7f7322366000-7f73223a3000 r-xp 00000000 08:01 15728745                   /lib/x86_64-linux-gnu/libpcre.so.3.13.1
7f73223a3000-7f73225a2000 ---p 0003d000 08:01 15728745                   /lib/x86_64-linux-gnu/libpcre.so.3.13.1
7f73225a2000-7f73225a3000 r--p 0003c000 08:01 15728745                   /lib/x86_64-linux-gnu/libpcre.so.3.13.1
7f73225a3000-7f73225a4000 rw-p 0003d000 08:01 15728745                   /lib/x86_64-linux-gnu/libpcre.so.3.13.1
7f73225a4000-7f73225c9000 r-xp 00000000 08:01 15732786                   /lib/x86_64-linux-gnu/libpng12.so.0.50.0
7f73225c9000-7f73227c8000 ---p 00025000 08:01 15732786                   /lib/x86_64-linux-gnu/libpng12.so.0.50.0
7f73227c8000-7f73227c9000 r--p 00024000 08:01 15732786                   /lib/x86_64-linux-gnu/libpng12.so.0.50.0
7f73227c9000-7f73227ca000 rw-p 00025000 08:01 15732786                   /lib/x86_64-linux-gnu/libpng12.so.0.50.0
7f73227ca000-7f732280e000 r-xp 00000000 08:01 15732685                   /lib/x86_64-linux-gnu/libdbus-1.so.3.7.6
7f732280e000-7f7322a0d000 ---p 00044000 08:01 15732685                   /lib/x86_64-linux-gnu/libdbus-1.so.3.7.6
7f7322a0d000-7f7322a0e000 r--p 00043000 08:01 15732685                   /lib/x86_64-linux-gnu/libdbus-1.so.3.7.6
7f7322a0e000-7f7322a0f000 rw-p 00044000 08:01 15732685                   /lib/x86_64-linux-gnu/libdbus-1.so.3.7.6
7f7322a0f000-7f7322a4a000 r-xp 00000000 08:01 532797                     /usr/lib/x86_64-linux-gnu/libp11-kit.so.0.0.0
7f7322a4a000-7f7322c49000 ---p 0003b000 08:01 532797                     /usr/lib/x86_64-linux-gnu/libp11-kit.so.0.0.0
7f7322c49000-7f7322c4f000 r--p 0003a000 08:01 532797                     /usr/lib/x86_64-linux-gnu/libp11-kit.so.0.0.0
7f7322c4f000-7f7322c51000 rw-p 00040000 08:01 532797                     /usr/lib/x86_64-linux-gnu/libp11-kit.so.0.0.0
7f7322c51000-7f7322c63000 r-xp 00000000 08:01 526101                     /usr/lib/x86_64-linux-gnu/libtasn1.so.6.2.0
7f7322c63000-7f7322e63000 ---p 00012000 08:01 526101                     /usr/lib/x86_64-linux-gnu/libtasn1.so.6.2.0
7f7322e63000-7f7322e64000 r--p 00012000 08:01 526101                     /usr/lib/x86_64-linux-gnu/libtasn1.so.6.2.0
7f7322e64000-7f7322e65000 rw-p 00013000 08:01 526101                     /usr/lib/x86_64-linux-gnu/libtasn1.so.6.2.0
7f7322e65000-7f7322ee1000 r-xp 00000000 08:01 15732984                   /lib/x86_64-linux-gnu/libgcrypt.so.11.8.2
7f7322ee1000-7f73230e1000 ---p 0007c000 08:01 15732984                   /lib/x86_64-linux-gnu/libgcrypt.so.11.8.2
7f73230e1000-7f73230e2000 r--p 0007c000 08:01 15732984                   /lib/x86_64-linux-gnu/libgcrypt.so.11.8.2
7f73230e2000-7f73230e5000 rw-p 0007d000 08:01 15732984                   /lib/x86_64-linux-gnu/libgcrypt.so.11.8.2
7f73230e5000-7f73230ef000 r-xp 00000000 08:01 532680                     /usr/lib/x86_64-linux-gnu/libkrb5support.so.0.1
7f73230ef000-7f73232ee000 ---p 0000a000 08:01 532680                     /usr/lib/x86_64-linux-gnu/libkrb5support.so.0.1
7f73232ee000-7f73232ef000 r--p 00009000 08:01 532680                     /usr/lib/x86_64-linux-gnu/libkrb5support.so.0.1
7f73232ef000-7f73232f0000 rw-p 0000a000 08:01 532680                     /usr/lib/x86_64-linux-gnu/libkrb5support.so.0.1
7f73232f0000-7f73232f3000 r-xp 00000000 08:01 15732977                   /lib/x86_64-linux-gnu/libcom_err.so.2.1
7f73232f3000-7f73234f2000 ---p 00003000 08:01 15732977                   /lib/x86_64-linux-gnu/libcom_err.so.2.1
7f73234f2000-7f73234f3000 r--p 00002000 08:01 15732977                   /lib/x86_64-linux-gnu/libcom_err.so.2.1
7f73234f3000-7f73234f4000 rw-p 00003000 08:01 15732977                   /lib/x86_64-linux-gnu/libcom_err.so.2.1
7f73234f4000-7f7323520000 r-xp 00000000 08:01 532674                     /usr/lib/x86_64-linux-gnu/libk5crypto.so.3.1
7f7323520000-7f732371f000 ---p 0002c000 08:01 532674                     /usr/lib/x86_64-linux-gnu/libk5crypto.so.3.1
7f732371f000-7f7323721000 r--p 0002b000 08:01 532674                     /usr/lib/x86_64-linux-gnu/libk5crypto.so.3.1
7f7323721000-7f7323722000 rw-p 0002d000 08:01 532674                     /usr/lib/x86_64-linux-gnu/libk5crypto.so.3.1
7f7323722000-7f7323723000 rw-p 00000000 00:00 0 
7f7323723000-7f73237df000 r-xp 00000000 08:01 532678                     /usr/lib/x86_64-linux-gnu/libkrb5.so.3.3
7f73237df000-7f73239df000 ---p 000bc000 08:01 532678                     /usr/lib/x86_64-linux-gnu/libkrb5.so.3.3
7f73239df000-7f73239ec000 r--p 000bc000 08:01 532678                     /usr/lib/x86_64-linux-gnu/libkrb5.so.3.3
7f73239ec000-7f73239ee000 rw-p 000c9000 08:01 532678                     /usr/lib/x86_64-linux-gnu/libkrb5.so.3.3
7f73239ee000-7f73239f3000 r-xp 00000000 08:01 532081                     /usr/lib/x86_64-linux-gnu/libXdmcp.so.6.0.0
7f73239f3000-7f7323bf2000 ---p 00005000 08:01 532081                     /usr/lib/x86_64-linux-gnu/libXdmcp.so.6.0.0
7f7323bf2000-7f7323bf3000 r--p 00004000 08:01 532081                     /usr/lib/x86_64-linux-gnu/libXdmcp.so.6.0.0
7f7323bf3000-7f7323bf4000 rw-p 00005000 08:01 532081                     /usr/lib/x86_64-linux-gnu/libXdmcp.so.6.0.0
7f7323bf4000-7f7323bf6000 r-xp 00000000 08:01 532070                     /usr/lib/x86_64-linux-gnu/libXau.so.6.0.0
7f7323bf6000-7f7323df6000 ---p 00002000 08:01 532070                     /usr/lib/x86_64-linux-gnu/libXau.so.6.0.0
7f7323df6000-7f7323df7000 r--p 00002000 08:01 532070                     /usr/lib/x86_64-linux-gnu/libXau.so.6.0.0
7f7323df7000-7f7323df8000 rw-p 00003000 08:01 532070                     /usr/lib/x86_64-linux-gnu/libXau.so.6.0.0
7f7323df8000-7f7323dff000 r-xp 00000000 08:01 532352                     /usr/lib/x86_64-linux-gnu/libffi.so.6.0.1
7f7323dff000-7f7323ffe000 ---p 00007000 08:01 532352                     /usr/lib/x86_64-linux-gnu/libffi.so.6.0.1
7f7323ffe000-7f7323fff000 r--p 00006000 08:01 532352                     /usr/lib/x86_64-linux-gnu/libffi.so.6.0.1
7f7323fff000-7f7324000000 rw-p 00007000 08:01 532352                     /usr/lib/x86_64-linux-gnu/libffi.so.6.0.1
7f7324000000-7f73244c6000 rw-p 00000000 00:00 0 
7f73244c6000-7f7328000000 ---p 00000000 00:00 0 
7f7328000000-7f7328051000 rw-p 00000000 00:00 0 
7f7328051000-7f732c000000 ---p 00000000 00:00 0 
7f732c000000-7f732c042000 rw-p 00000000 00:00 0 
7f732c042000-7f7330000000 ---p 00000000 00:00 0 
7f7330000000-7f7330952000 rw-p 00000000 00:00 0 
7f7330952000-7f7334000000 ---p 00000000 00:00 0 
7f7334000000-7f7334043000 rw-p 00000000 00:00 0 
7f7334043000-7f7338000000 ---p 00000000 00:00 0 
7f7338000000-7f733804a000 rw-p 00000000 00:00 0 
7f733804a000-7f733c000000 ---p 00000000 00:00 0 
7f733c000000-7f733c001000 rw-s 12afec000 00:05 1913                      /dev/dri/card0
7f733c03a000-7f733c03b000 rw-s 12ea14000 00:05 1913                      /dev/dri/card0
7f733c03c000-7f733c03d000 rw-s 12e680000 00:05 1913                      /dev/dri/card0
7f733c03d000-7f733c03e000 rw-s 11af3f000 00:05 1913                      /dev/dri/card0
7f733c041000-7f733c042000 rw-s 11af3b000 00:05 1913                      /dev/dri/card0
7f733c042000-7f733c043000 rw-s 11af3a000 00:05 1913                      /dev/dri/card0
7f733c043000-7f733c044000 rw-s 11af39000 00:05 1913                      /dev/dri/card0
7f733c044000-7f733c045000 rw-s 11af38000 00:05 1913                      /dev/dri/card0
7f733c045000-7f733c046000 rw-s 11af37000 00:05 1913                      /dev/dri/card0
7f733c046000-7f733c047000 rw-s 11af36000 00:05 1913                      /dev/dri/card0
7f733c048000-7f733c049000 rw-s 11af34000 00:05 1913                      /dev/dri/card0
7f733c04f000-7f733c050000 rw-s 12a806000 00:05 1913                      /dev/dri/card0
7f733c050000-7f733c051000 rw-s 12a805000 00:05 1913                      /dev/dri/card0
7f733c051000-7f733c061000 rw-s 12a7f5000 00:05 1913                      /dev/dri/card0
7f733c061000-7f733c062000 rw-s 12a7f4000 00:05 1913                      /dev/dri/card0
7f733c062000-7f733c072000 rw-s 12a7e2000 00:05 1913                      /dev/dri/card0
7f733c081000-7f733c082000 rw-p 00000000 00:00 0 
7f733c082000-7f733c092000 rw-s 11bae1000 00:05 1913                      /dev/dri/card0
7f733c092000-7f733c095000 ---p 00000000 00:00 0 
7f733c095000-7f733c0cb000 rw-p 00000000 00:00 0                          [stack:11014]
7f733c0cb000-7f733c0e2000 r-xp 00000000 08:01 15728645                   /lib/x86_64-linux-gnu/libresolv-2.19.so
7f733c0e2000-7f733c2e2000 ---p 00017000 08:01 15728645                   /lib/x86_64-linux-gnu/libresolv-2.19.so
7f733c2e2000-7f733c2e3000 r--p 00017000 08:01 15728645                   /lib/x86_64-linux-gnu/libresolv-2.19.so
7f733c2e3000-7f733c2e4000 rw-p 00018000 08:01 15728645                   /lib/x86_64-linux-gnu/libresolv-2.19.so
7f733c2e4000-7f733c2e6000 rw-p 00000000 00:00 0 
7f733c2e6000-7f733c306000 r-xp 00000000 08:01 15732801                   /lib/x86_64-linux-gnu/libselinux.so.1
7f733c306000-7f733c505000 ---p 00020000 08:01 15732801                   /lib/x86_64-linux-gnu/libselinux.so.1
7f733c505000-7f733c506000 r--p 0001f000 08:01 15732801                   /lib/x86_64-linux-gnu/libselinux.so.1
7f733c506000-7f733c507000 rw-p 00020000 08:01 15732801                   /lib/x86_64-linux-gnu/libselinux.so.1
7f733c507000-7f733c509000 rw-p 00000000 00:00 0 
7f733c509000-7f733c60f000 r-xp 00000000 08:01 15732702                   /lib/x86_64-linux-gnu/libglib-2.0.so.0.4002.0
7f733c60f000-7f733c80e000 ---p 00106000 08:01 15732702                   /lib/x86_64-linux-gnu/libglib-2.0.so.0.4002.0
7f733c80e000-7f733c80f000 r--p 00105000 08:01 15732702                   /lib/x86_64-linux-gnu/libglib-2.0.so.0.4002.0
7f733c80f000-7f733c810000 rw-p 00106000 08:01 15732702                   /lib/x86_64-linux-gnu/libglib-2.0.so.0.4002.0
7f733c810000-7f733c811000 rw-p 00000000 00:00 0 
7f733c811000-7f733c814000 r-xp 00000000 08:01 532465                     /usr/lib/x86_64-linux-gnu/libgmodule-2.0.so.0.4002.0
7f733c814000-7f733ca13000 ---p 00003000 08:01 532465                     /usr/lib/x86_64-linux-gnu/libgmodule-2.0.so.0.4002.0
7f733ca13000-7f733ca14000 r--p 00002000 08:01 532465                     /usr/lib/x86_64-linux-gnu/libgmodule-2.0.so.0.4002.0
7f733ca14000-7f733ca15000 rw-p 00003000 08:01 532465                     /usr/lib/x86_64-linux-gnu/libgmodule-2.0.so.0.4002.0
7f733ca15000-7f733ca3c000 r-xp 00000000 08:01 15732693                   /lib/x86_64-linux-gnu/libexpat.so.1.6.0
7f733ca3c000-7f733cc3c000 ---p 00027000 08:01 15732693                   /lib/x86_64-linux-gnu/libexpat.so.1.6.0
7f733cc3c000-7f733cc3e000 r--p 00027000 08:01 15732693                   /lib/x86_64-linux-gnu/libexpat.so.1.6.0
7f733cc3e000-7f733cc3f000 rw-p 00029000 08:01 15732693                   /lib/x86_64-linux-gnu/libexpat.so.1.6.0
7f733cc3f000-7f733ccdc000 r-xp 00000000 08:01 527024                     /usr/lib/x86_64-linux-gnu/libfreetype.so.6.11.1
7f733ccdc000-7f733cedb000 ---p 0009d000 08:01 527024                     /usr/lib/x86_64-linux-gnu/libfreetype.so.6.11.1
7f733cedb000-7f733cee1000 r--p 0009c000 08:01 527024                     /usr/lib/x86_64-linux-gnu/libfreetype.so.6.11.1
7f733cee1000-7f733cee2000 rw-p 000a2000 08:01 527024                     /usr/lib/x86_64-linux-gnu/libfreetype.so.6.11.1
7f733cee2000-7f733cef1000 r-xp 00000000 08:01 532174                     /usr/lib/x86_64-linux-gnu/libavahi-client.so.3.2.9
7f733cef1000-7f733d0f1000 ---p 0000f000 08:01 532174                     /usr/lib/x86_64-linux-gnu/libavahi-client.so.3.2.9
7f733d0f1000-7f733d0f2000 r--p 0000f000 08:01 532174                     /usr/lib/x86_64-linux-gnu/libavahi-client.so.3.2.9
7f733d0f2000-7f733d0f3000 rw-p 00010000 08:01 532174                     /usr/lib/x86_64-linux-gnu/libavahi-client.so.3.2.9
7f733d0f3000-7f733d0fe000 r-xp 00000000 08:01 532176                     /usr/lib/x86_64-linux-gnu/libavahi-common.so.3.5.3
7f733d0fe000-7f733d2fd000 ---p 0000b000 08:01 532176                     /usr/lib/x86_64-linux-gnu/libavahi-common.so.3.5.3
7f733d2fd000-7f733d2fe000 r--p 0000a000 08:01 532176                     /usr/lib/x86_64-linux-gnu/libavahi-common.so.3.5.3
7f733d2fe000-7f733d2ff000 rw-p 0000b000 08:01 532176                     /usr/lib/x86_64-linux-gnu/libavahi-common.so.3.5.3
7f733d2ff000-7f733d3b5000 r-xp 00000000 08:01 526935                     /usr/lib/x86_64-linux-gnu/libgnutls.so.26.22.6
7f733d3b5000-7f733d5b5000 ---p 000b6000 08:01 526935                     /usr/lib/x86_64-linux-gnu/libgnutls.so.26.22.6
7f733d5b5000-7f733d5bb000 r--p 000b6000 08:01 526935                     /usr/lib/x86_64-linux-gnu/libgnutls.so.26.22.6
7f733d5bb000-7f733d5bc000 rw-p 000bc000 08:01 526935                     /usr/lib/x86_64-linux-gnu/libgnutls.so.26.22.6
7f733d5bc000-7f733d5bd000 rw-p 00000000 00:00 0 
7f733d5bd000-7f733d600000 r-xp 00000000 08:01 532508                     /usr/lib/x86_64-linux-gnu/libgssapi_krb5.so.2.2
7f733d600000-7f733d800000 ---p 00043000 08:01 532508                     /usr/lib/x86_64-linux-gnu/libgssapi_krb5.so.2.2
7f733d800000-7f733d801000 r--p 00043000 08:01 532508                     /usr/lib/x86_64-linux-gnu/libgssapi_krb5.so.2.2
7f733d801000-7f733d803000 rw-p 00044000 08:01 532508                     /usr/lib/x86_64-linux-gnu/libgssapi_krb5.so.2.2
7f733d803000-7f733d820000 r-xp 00000000 08:01 533138                     /usr/lib/x86_64-linux-gnu/libxcb.so.1.1.0
7f733d820000-7f733da20000 ---p 0001d000 08:01 533138                     /usr/lib/x86_64-linux-gnu/libxcb.so.1.1.0
7f733da20000-7f733da21000 r--p 0001d000 08:01 533138                     /usr/lib/x86_64-linux-gnu/libxcb.so.1.1.0
7f733da21000-7f733da22000 rw-p 0001e000 08:01 533138                     /usr/lib/x86_64-linux-gnu/libxcb.so.1.1.0
7f733da22000-7f733da71000 r-xp 00000000 08:01 532481                     /usr/lib/x86_64-linux-gnu/libgobject-2.0.so.0.4002.0
7f733da71000-7f733dc71000 ---p 0004f000 08:01 532481                     /usr/lib/x86_64-linux-gnu/libgobject-2.0.so.0.4002.0
7f733dc71000-7f733dc72000 r--p 0004f000 08:01 532481                     /usr/lib/x86_64-linux-gnu/libgobject-2.0.so.0.4002.0
7f733dc72000-7f733dc73000 rw-p 00050000 08:01 532481                     /usr/lib/x86_64-linux-gnu/libgobject-2.0.so.0.4002.0
7f733dc73000-7f733dddf000 r-xp 00000000 08:01 532453                     /usr/lib/x86_64-linux-gnu/libgio-2.0.so.0.4002.0
7f733dddf000-7f733dfde000 ---p 0016c000 08:01 532453                     /usr/lib/x86_64-linux-gnu/libgio-2.0.so.0.4002.0
7f733dfde000-7f733dfe2000 r--p 0016b000 08:01 532453                     /usr/lib/x86_64-linux-gnu/libgio-2.0.so.0.4002.0
7f733dfe2000-7f733dfe4000 rw-p 0016f000 08:01 532453                     /usr/lib/x86_64-linux-gnu/libgio-2.0.so.0.4002.0
7f733dfe4000-7f733dfe6000 rw-p 00000000 00:00 0 
7f733dfe6000-7f733e020000 r-xp 00000000 08:01 532366                     /usr/lib/x86_64-linux-gnu/libfontconfig.so.1.8.0
7f733e020000-7f733e21f000 ---p 0003a000 08:01 532366                     /usr/lib/x86_64-linux-gnu/libfontconfig.so.1.8.0
7f733e21f000-7f733e221000 r--p 00039000 08:01 532366                     /usr/lib/x86_64-linux-gnu/libfontconfig.so.1.8.0
7f733e221000-7f733e222000 rw-p 0003b000 08:01 532366                     /usr/lib/x86_64-linux-gnu/libfontconfig.so.1.8.0
7f733e222000-7f733e28e000 r-xp 00000000 08:01 524410                     /usr/lib/x86_64-linux-gnu/libcups.so.2
7f733e28e000-7f733e48e000 ---p 0006c000 08:01 524410                     /usr/lib/x86_64-linux-gnu/libcups.so.2
7f733e48e000-7f733e495000 r--p 0006c000 08:01 524410                     /usr/lib/x86_64-linux-gnu/libcups.so.2
7f733e495000-7f733e496000 rw-p 00073000 08:01 524410                     /usr/lib/x86_64-linux-gnu/libcups.so.2
7f733e496000-7f733e4a5000 r-xp 00000000 08:01 527017                     /usr/lib/x86_64-linux-gnu/libXi.so.6.1.0
7f733e4a5000-7f733e6a4000 ---p 0000f000 08:01 527017                     /usr/lib/x86_64-linux-gnu/libXi.so.6.1.0
7f733e6a4000-7f733e6a5000 r--p 0000e000 08:01 527017                     /usr/lib/x86_64-linux-gnu/libXi.so.6.1.0
7f733e6a5000-7f733e6a6000 rw-p 0000f000 08:01 527017                     /usr/lib/x86_64-linux-gnu/libXi.so.6.1.0
7f733e6a6000-7f733e6ab000 r-xp 00000000 08:01 532111                     /usr/lib/x86_64-linux-gnu/libXtst.so.6.1.0
7f733e6ab000-7f733e8aa000 ---p 00005000 08:01 532111                     /usr/lib/x86_64-linux-gnu/libXtst.so.6.1.0
7f733e8aa000-7f733e8ab000 r--p 00004000 08:01 532111                     /usr/lib/x86_64-linux-gnu/libXtst.so.6.1.0
7f733e8ab000-7f733e8ac000 rw-p 00005000 08:01 532111                     /usr/lib/x86_64-linux-gnu/libXtst.so.6.1.0
7f733e8ac000-7f733e8b5000 r-xp 00000000 08:01 527019                     /usr/lib/x86_64-linux-gnu/libXrender.so.1.3.0
7f733e8b5000-7f733eab4000 ---p 00009000 08:01 527019                     /usr/lib/x86_64-linux-gnu/libXrender.so.1.3.0
7f733eab4000-7f733eab5000 r--p 00008000 08:01 527019                     /usr/lib/x86_64-linux-gnu/libXrender.so.1.3.0
7f733eab5000-7f733eab6000 rw-p 00009000 08:01 527019                     /usr/lib/x86_64-linux-gnu/libXrender.so.1.3.0
7f733eab6000-7f733ebe6000 r-xp 00000000 08:01 532066                     /usr/lib/x86_64-linux-gnu/libX11.so.6.3.0
7f733ebe6000-7f733ede6000 ---p 00130000 08:01 532066                     /usr/lib/x86_64-linux-gnu/libX11.so.6.3.0
7f733ede6000-7f733ede7000 r--p 00130000 08:01 532066                     /usr/lib/x86_64-linux-gnu/libX11.so.6.3.0
7f733ede7000-7f733edeb000 rw-p 00131000 08:01 532066                     /usr/lib/x86_64-linux-gnu/libX11.so.6.3.0
7f733edeb000-7f733edfc000 r-xp 00000000 08:01 526957                     /usr/lib/x86_64-linux-gnu/libXext.so.6.4.0
7f733edfc000-7f733effb000 ---p 00011000 08:01 526957                     /usr/lib/x86_64-linux-gnu/libXext.so.6.4.0
7f733effb000-7f733effc000 r--p 00010000 08:01 526957                     /usr/lib/x86_64-linux-gnu/libXext.so.6.4.0
7f733effc000-7f733effd000 rw-p 00011000 08:01 526957                     /usr/lib/x86_64-linux-gnu/libXext.so.6.4.0
7f733effd000-7f733f045000 r-xp 00000000 08:01 5768962                    /usr/lib/jvm/java-7-openjdk-amd64/jre/lib/amd64/xawt/libmawt.so
7f733f045000-7f733f244000 ---p 00048000 08:01 5768962                    /usr/lib/jvm/java-7-openjdk-amd64/jre/lib/amd64/xawt/libmawt.so
7f733f244000-7f733f245000 r--p 00047000 08:01 5768962                    /usr/lib/jvm/java-7-openjdk-amd64/jre/lib/amd64/xawt/libmawt.so
7f733f245000-7f733f248000 rw-p 00048000 08:01 5768962                    /usr/lib/jvm/java-7-openjdk-amd64/jre/lib/amd64/xawt/libmawt.so
7f733f248000-7f733f249000 rw-p 00000000 00:00 0 
7f733f249000-7f733f2e9000 r-xp 00000000 08:01 5768744                    /usr/lib/jvm/java-7-openjdk-amd64/jre/lib/amd64/libawt.so
7f733f2e9000-7f733f4e9000 ---p 000a0000 08:01 5768744                    /usr/lib/jvm/java-7-openjdk-amd64/jre/lib/amd64/libawt.so
7f733f4e9000-7f733f4ea000 r--p 000a0000 08:01 5768744                    /usr/lib/jvm/java-7-openjdk-amd64/jre/lib/amd64/libawt.so
7f733f4ea000-7f733f4f5000 rw-p 000a1000 08:01 5768744                    /usr/lib/jvm/java-7-openjdk-amd64/jre/lib/amd64/libawt.so
7f733f4f5000-7f733f51a000 rw-p 00000000 00:00 0 
7f733f51a000-7f733f51b000 ---p 00000000 00:00 0 
7f733f51b000-7f733f61b000 rw-p 00000000 00:00 0                          [stack:11001]
7f733f61b000-7f733f61e000 ---p 00000000 00:00 0 
7f733f61e000-7f733f71c000 rw-p 00000000 00:00 0                          [stack:11000]
7f733f71c000-7f733f71f000 ---p 00000000 00:00 0 
7f733f71f000-7f733f81d000 rw-p 00000000 00:00 0                          [stack:10999]
7f733f81d000-7f733f820000 ---p 00000000 00:00 0 
7f733f820000-7f733f91e000 rw-p 00000000 00:00 0                          [stack:10998]
7f733f91e000-7f7340000000 r--p 00000000 08:01 531074                     /usr/lib/locale/locale-archive
7f7340000000-7f7340021000 rw-p 00000000 00:00 0 
7f7340021000-7f7344000000 ---p 00000000 00:00 0 
7f7344000000-7f7344058000 rw-p 00000000 00:00 0 
7f7344058000-7f7348000000 ---p 00000000 00:00 0 
7f7348000000-7f7348021000 rw-p 00000000 00:00 0 
7f7348021000-7f734c000000 ---p 00000000 00:00 0 
7f734c000000-7f734c001000 rw-s 12a7f3000 00:05 1913                      /dev/dri/card0
7f734c001000-7f734c002000 rw-s 12a7f2000 00:05 1913                      /dev/dri/card0
7f734c002000-7f734c012000 rw-s 11bad1000 00:05 1913                      /dev/dri/card0
7f734c012000-7f734c013000 rwxp 00000000 00:00 0 
7f734c033000-7f734c038000 r--s 0004d000 08:01 2105410                    /usr/lib/jvm/java-7-openjdk-amd64/jre/lib/jsse.jar
7f734c038000-7f734c042000 r--s 000ae000 08:01 2105406                    /usr/lib/jvm/java-7-openjdk-amd64/jre/lib/resources.jar
7f734c042000-7f734c073000 rw-p 00000000 00:00 0 
7f734c073000-7f734c096000 r--s 002ec000 08:01 1994511                    /home/hannan/workspace/UCSDUnfoldingMaps/lib/jogl-all.jar
7f734c096000-7f734c099000 ---p 00000000 00:00 0 
7f734c099000-7f734c197000 rw-p 00000000 00:00 0                          [stack:10997]
7f734c197000-7f734c19a000 ---p 00000000 00:00 0 
7f734c19a000-7f734c298000 rw-p 00000000 00:00 0                          [stack:10996]
7f734c298000-7f734c29b000 ---p 00000000 00:00 0 
7f734c29b000-7f734c399000 rw-p 00000000 00:00 0                          [stack:10995]
7f734c399000-7f734c39a000 ---p 00000000 00:00 0 
7f734c39a000-7f734ce4f000 rw-p 00000000 00:00 0                          [stack:10994]
7f734ce4f000-7f734d000000 r--s 01d27000 08:01 2105407                    /usr/lib/jvm/java-7-openjdk-amd64/jre/lib/rt.jar
7f734d000000-7f734d270000 rwxp 00000000 00:00 0 
7f734d270000-7f73502c8000 rw-p 00000000 00:00 0 
7f73502c8000-7f7354000000 ---p 00000000 00:00 0 
7f7354000000-7f7354001000 r--s 0002f000 08:01 1994494                    /home/hannan/workspace/UCSDUnfoldingMaps/lib/jogl-all-natives-linux-amd64.jar
7f7354001000-7f7354003000 r--s 00000000 08:01 1994512                    /home/hannan/workspace/UCSDUnfoldingMaps/lib/gluegen-rt-natives-linux-amd64.jar
7f7354003000-7f7354004000 r--p 00000000 00:00 0 
7f7354004000-7f735400a000 r--s 00033000 08:01 1994495                    /home/hannan/workspace/UCSDUnfoldingMaps/lib/unfolding.0.9.7-uscd.jar
7f735400a000-7f735400b000 r--s 00005000 08:01 1994509                    /home/hannan/workspace/UCSDUnfoldingMaps/lib/libTUIO.jar
7f735400b000-7f735400c000 r--s 00007000 08:01 1994503                    /home/hannan/workspace/UCSDUnfoldingMaps/lib/json4processing.jar
7f735400c000-7f7354011000 r--s 00309000 08:01 1994499                    /home/hannan/workspace/UCSDUnfoldingMaps/lib/sqlite-jdbc-3.7.2.jar
7f7354011000-7f7354018000 r--s 00059000 08:01 1994497                    /home/hannan/workspace/UCSDUnfoldingMaps/lib/log4j-1.2.15.jar
7f7354018000-7f735401e000 r--s 00041000 08:01 1994506                    /home/hannan/workspace/UCSDUnfoldingMaps/lib/gluegen-rt.jar
7f735401e000-7f7356515000 rw-p 00000000 00:00 0 
7f7356515000-7f7356516000 ---p 00000000 00:00 0 
7f7356516000-7f7356616000 rw-p 00000000 00:00 0                          [stack:10993]
7f7356616000-7f7356617000 ---p 00000000 00:00 0 
7f7356617000-7f7356722000 rw-p 00000000 00:00 0                          [stack:10992]
7f7356722000-7f735676a000 rw-p 00000000 00:00 0 
7f735676a000-7f735677d000 rw-p 00000000 00:00 0 
7f735677d000-7f735689c000 rw-p 00000000 00:00 0 
7f735689c000-7f73568a7000 rw-p 00000000 00:00 0 
7f73568a7000-7f73568ef000 rw-p 00000000 00:00 0 
7f73568ef000-7f7356902000 rw-p 00000000 00:00 0 
7f7356902000-7f7356a21000 rw-p 00000000 00:00 0 
7f7356a21000-7f7356a6b000 rw-p 00000000 00:00 0 
7f7356a6b000-7f7356aba000 rw-p 00000000 00:00 0 
7f7356aba000-7f7356abb000 rw-p 00000000 00:00 0 
7f7356abb000-7f7356ac3000 r-xp 00000000 08:01 5768789                    /usr/lib/jvm/java-7-openjdk-amd64/jre/lib/amd64/libzip.so
7f7356ac3000-7f7356cc2000 ---p 00008000 08:01 5768789                    /usr/lib/jvm/java-7-openjdk-amd64/jre/lib/amd64/libzip.so
7f7356cc2000-7f7356cc3000 r--p 00007000 08:01 5768789                    /usr/lib/jvm/java-7-openjdk-amd64/jre/lib/amd64/libzip.so
7f7356cc3000-7f7356cc4000 rw-p 00008000 08:01 5768789                    /usr/lib/jvm/java-7-openjdk-amd64/jre/lib/amd64/libzip.so
7f7356cc4000-7f7356ccf000 r-xp 00000000 08:01 15728659                   /lib/x86_64-linux-gnu/libnss_files-2.19.so
7f7356ccf000-7f7356ece000 ---p 0000b000 08:01 15728659                   /lib/x86_64-linux-gnu/libnss_files-2.19.so
7f7356ece000-7f7356ecf000 r--p 0000a000 08:01 15728659                   /lib/x86_64-linux-gnu/libnss_files-2.19.so
7f7356ecf000-7f7356ed0000 rw-p 0000b000 08:01 15728659                   /lib/x86_64-linux-gnu/libnss_files-2.19.so
7f7356ed0000-7f7356edb000 r-xp 00000000 08:01 15732590                   /lib/x86_64-linux-gnu/libnss_nis-2.19.so
7f7356edb000-7f73570da000 ---p 0000b000 08:01 15732590                   /lib/x86_64-linux-gnu/libnss_nis-2.19.so
7f73570da000-7f73570db000 r--p 0000a000 08:01 15732590                   /lib/x86_64-linux-gnu/libnss_nis-2.19.so
7f73570db000-7f73570dc000 rw-p 0000b000 08:01 15732590                   /lib/x86_64-linux-gnu/libnss_nis-2.19.so
7f73570dc000-7f73570f3000 r-xp 00000000 08:01 15728734                   /lib/x86_64-linux-gnu/libnsl-2.19.so
7f73570f3000-7f73572f2000 ---p 00017000 08:01 15728734                   /lib/x86_64-linux-gnu/libnsl-2.19.so
7f73572f2000-7f73572f3000 r--p 00016000 08:01 15728734                   /lib/x86_64-linux-gnu/libnsl-2.19.so
7f73572f3000-7f73572f4000 rw-p 00017000 08:01 15728734                   /lib/x86_64-linux-gnu/libnsl-2.19.so
7f73572f4000-7f73572f6000 rw-p 00000000 00:00 0 
7f73572f6000-7f73572ff000 r-xp 00000000 08:01 15728733                   /lib/x86_64-linux-gnu/libnss_compat-2.19.so
7f73572ff000-7f73574fe000 ---p 00009000 08:01 15728733                   /lib/x86_64-linux-gnu/libnss_compat-2.19.so
7f73574fe000-7f73574ff000 r--p 00008000 08:01 15728733                   /lib/x86_64-linux-gnu/libnss_compat-2.19.so
7f73574ff000-7f7357500000 rw-p 00009000 08:01 15728733                   /lib/x86_64-linux-gnu/libnss_compat-2.19.so
7f7357500000-7f735752b000 r-xp 00000000 08:01 5768825                    /usr/lib/jvm/java-7-openjdk-amd64/jre/lib/amd64/libjava.so
7f735752b000-7f735772b000 ---p 0002b000 08:01 5768825                    /usr/lib/jvm/java-7-openjdk-amd64/jre/lib/amd64/libjava.so
7f735772b000-7f735772c000 r--p 0002b000 08:01 5768825                    /usr/lib/jvm/java-7-openjdk-amd64/jre/lib/amd64/libjava.so
7f735772c000-7f735772e000 rw-p 0002c000 08:01 5768825                    /usr/lib/jvm/java-7-openjdk-amd64/jre/lib/amd64/libjava.so
7f735772e000-7f735773e000 r-xp 00000000 08:01 5768821                    /usr/lib/jvm/java-7-openjdk-amd64/jre/lib/amd64/libverify.so
7f735773e000-7f735793d000 ---p 00010000 08:01 5768821                    /usr/lib/jvm/java-7-openjdk-amd64/jre/lib/amd64/libverify.so
7f735793d000-7f735793f000 r--p 0000f000 08:01 5768821                    /usr/lib/jvm/java-7-openjdk-amd64/jre/lib/amd64/libverify.so
7f735793f000-7f7357940000 rw-p 00011000 08:01 5768821                    /usr/lib/jvm/java-7-openjdk-amd64/jre/lib/amd64/libverify.so
7f7357940000-7f7357947000 r-xp 00000000 08:01 15728742                   /lib/x86_64-linux-gnu/librt-2.19.so
7f7357947000-7f7357b46000 ---p 00007000 08:01 15728742                   /lib/x86_64-linux-gnu/librt-2.19.so
7f7357b46000-7f7357b47000 r--p 00006000 08:01 15728742                   /lib/x86_64-linux-gnu/librt-2.19.so
7f7357b47000-7f7357b48000 rw-p 00007000 08:01 15728742                   /lib/x86_64-linux-gnu/librt-2.19.so
7f7357b48000-7f7357b5e000 r-xp 00000000 08:01 15732698                   /lib/x86_64-linux-gnu/libgcc_s.so.1
7f7357b5e000-7f7357d5d000 ---p 00016000 08:01 15732698                   /lib/x86_64-linux-gnu/libgcc_s.so.1
7f7357d5d000-7f7357d5e000 rw-p 00015000 08:01 15732698                   /lib/x86_64-linux-gnu/libgcc_s.so.1
7f7357d5e000-7f7357e63000 r-xp 00000000 08:01 15728655                   /lib/x86_64-linux-gnu/libm-2.19.so
7f7357e63000-7f7358062000 ---p 00105000 08:01 15728655                   /lib/x86_64-linux-gnu/libm-2.19.so
7f7358062000-7f7358063000 r--p 00104000 08:01 15728655                   /lib/x86_64-linux-gnu/libm-2.19.so
7f7358063000-7f7358064000 rw-p 00105000 08:01 15728655                   /lib/x86_64-linux-gnu/libm-2.19.so
7f7358064000-7f735814a000 r-xp 00000000 08:01 528136                     /usr/lib/x86_64-linux-gnu/libstdc++.so.6.0.19
7f735814a000-7f7358349000 ---p 000e6000 08:01 528136                     /usr/lib/x86_64-linux-gnu/libstdc++.so.6.0.19
7f7358349000-7f7358351000 r--p 000e5000 08:01 528136                     /usr/lib/x86_64-linux-gnu/libstdc++.so.6.0.19
7f7358351000-7f7358353000 rw-p 000ed000 08:01 528136                     /usr/lib/x86_64-linux-gnu/libstdc++.so.6.0.19
7f7358353000-7f7358368000 rw-p 00000000 00:00 0 
7f7358368000-7f7358e80000 r-xp 00000000 08:01 5768832                    /usr/lib/jvm/java-7-openjdk-amd64/jre/lib/amd64/server/libjvm.so
7f7358e80000-7f7359080000 ---p 00b18000 08:01 5768832                    /usr/lib/jvm/java-7-openjdk-amd64/jre/lib/amd64/server/libjvm.so
7f7359080000-7f735911a000 r--p 00b18000 08:01 5768832                    /usr/lib/jvm/java-7-openjdk-amd64/jre/lib/amd64/server/libjvm.so
7f735911a000-7f735913d000 rw-p 00bb2000 08:01 5768832                    /usr/lib/jvm/java-7-openjdk-amd64/jre/lib/amd64/server/libjvm.so
7f735913d000-7f735916b000 rw-p 00000000 00:00 0 
7f735916b000-7f7359183000 r-xp 00000000 08:01 15732834                   /lib/x86_64-linux-gnu/libz.so.1.2.8
7f7359183000-7f7359382000 ---p 00018000 08:01 15732834                   /lib/x86_64-linux-gnu/libz.so.1.2.8
7f7359382000-7f7359383000 r--p 00017000 08:01 15732834                   /lib/x86_64-linux-gnu/libz.so.1.2.8
7f7359383000-7f7359384000 rw-p 00018000 08:01 15732834                   /lib/x86_64-linux-gnu/libz.so.1.2.8
7f7359384000-7f735939d000 r-xp 00000000 08:01 15728740                   /lib/x86_64-linux-gnu/libpthread-2.19.so
7f735939d000-7f735959c000 ---p 00019000 08:01 15728740                   /lib/x86_64-linux-gnu/libpthread-2.19.so
7f735959c000-7f735959d000 r--p 00018000 08:01 15728740                   /lib/x86_64-linux-gnu/libpthread-2.19.so
7f735959d000-7f735959e000 rw-p 00019000 08:01 15728740                   /lib/x86_64-linux-gnu/libpthread-2.19.so
7f735959e000-7f73595a2000 rw-p 00000000 00:00 0 
7f73595a2000-7f73595a5000 r-xp 00000000 08:01 15728670                   /lib/x86_64-linux-gnu/libdl-2.19.so
7f73595a5000-7f73597a4000 ---p 00003000 08:01 15728670                   /lib/x86_64-linux-gnu/libdl-2.19.so
7f73597a4000-7f73597a5000 r--p 00002000 08:01 15728670                   /lib/x86_64-linux-gnu/libdl-2.19.so
7f73597a5000-7f73597a6000 rw-p 00003000 08:01 15728670                   /lib/x86_64-linux-gnu/libdl-2.19.so
7f73597a6000-7f7359961000 r-xp 00000000 08:01 15728739                   /lib/x86_64-linux-gnu/libc-2.19.so
7f7359961000-7f7359b60000 ---p 001bb000 08:01 15728739                   /lib/x86_64-linux-gnu/libc-2.19.so
7f7359b60000-7f7359b64000 r--p 001ba000 08:01 15728739                   /lib/x86_64-linux-gnu/libc-2.19.so
7f7359b64000-7f7359b66000 rw-p 001be000 08:01 15728739                   /lib/x86_64-linux-gnu/libc-2.19.so
7f7359b66000-7f7359b6b000 rw-p 00000000 00:00 0 
7f7359b6b000-7f7359b78000 r-xp 00000000 08:01 5768752                    /usr/lib/jvm/java-7-openjdk-amd64/jre/lib/amd64/jli/libjli.so
7f7359b78000-7f7359d77000 ---p 0000d000 08:01 5768752                    /usr/lib/jvm/java-7-openjdk-amd64/jre/lib/amd64/jli/libjli.so
7f7359d77000-7f7359d78000 r--p 0000c000 08:01 5768752                    /usr/lib/jvm/java-7-openjdk-amd64/jre/lib/amd64/jli/libjli.so
7f7359d78000-7f7359d79000 rw-p 0000d000 08:01 5768752                    /usr/lib/jvm/java-7-openjdk-amd64/jre/lib/amd64/jli/libjli.so
7f7359d79000-7f7359d9c000 r-xp 00000000 08:01 15728736                   /lib/x86_64-linux-gnu/ld-2.19.so
7f7359d9c000-7f7359da0000 r--s 0009a000 08:01 1994498                    /home/hannan/workspace/UCSDUnfoldingMaps/lib/core.jar
7f7359da0000-7f7359da2000 r--s 00006000 08:01 927253                     /usr/share/java/java-atk-wrapper.jar
7f7359da2000-7f7359da5000 r--s 0000f000 08:01 5768836                    /usr/lib/jvm/java-7-openjdk-amd64/jre/lib/ext/icedtea-sound.jar
7f7359da5000-7f7359da9000 r--s 0003c000 08:01 5768848                    /usr/lib/jvm/java-7-openjdk-amd64/jre/lib/ext/sunpkcs11.jar
7f7359da9000-7f7359dad000 r--s 00034000 08:01 5768852                    /usr/lib/jvm/java-7-openjdk-amd64/jre/lib/ext/sunjce_provider.jar
7f7359dad000-7f7359db0000 r--s 00086000 08:01 5768849                    /usr/lib/jvm/java-7-openjdk-amd64/jre/lib/ext/localedata.jar
7f7359db0000-7f7359db2000 r--s 00012000 08:01 5768854                    /usr/lib/jvm/java-7-openjdk-amd64/jre/lib/ext/zipfs.jar
7f7359db2000-7f7359dbc000 rw-p 00000000 00:00 0 
7f7359dbc000-7f7359e72000 rw-p 00000000 00:00 0 
7f7359e72000-7f7359e75000 ---p 00000000 00:00 0 
7f7359e75000-7f7359f78000 rw-p 00000000 00:00 0                          [stack:10990]
7f7359f78000-7f7359f79000 r--s 00002000 08:01 5768837                    /usr/lib/jvm/java-7-openjdk-amd64/jre/lib/ext/dnsns.jar
7f7359f79000-7f7359f8f000 rw-p 00000000 00:00 0 
7f7359f8f000-7f7359f97000 rw-s 00000000 08:01 12845851                   /tmp/hsperfdata_hannan/10984
7f7359f97000-7f7359f98000 rw-p 00000000 00:00 0 
7f7359f98000-7f7359f99000 r--p 00000000 00:00 0 
7f7359f99000-7f7359f9b000 rw-p 00000000 00:00 0 
7f7359f9b000-7f7359f9c000 r--p 00022000 08:01 15728736                   /lib/x86_64-linux-gnu/ld-2.19.so
7f7359f9c000-7f7359f9d000 rw-p 00023000 08:01 15728736                   /lib/x86_64-linux-gnu/ld-2.19.so
7f7359f9d000-7f7359f9e000 rw-p 00000000 00:00 0 
7ffd1ef4b000-7ffd1ef6c000 rw-p 00000000 00:00 0                          [stack]
7ffd1ef78000-7ffd1ef7a000 r-xp 00000000 00:00 0                          [vdso]
7ffd1ef7a000-7ffd1ef7c000 r--p 00000000 00:00 0                          [vvar]
ffffffffff600000-ffffffffff601000 r-xp 00000000 00:00 0                  [vsyscall]

VM Arguments:
jvm_args: -Djava.security.policy=java.policy.applet -Dfile.encoding=UTF-8 
java_command: sun.applet.AppletViewer module1.HelloWorld1443389057179.html
Launcher Type: SUN_STANDARD

Environment Variables:
PATH=/usr/local/sbin:/usr/local/bin:/usr/sbin:/usr/bin:/sbin:/bin:/usr/games:/usr/local/games
SHELL=/bin/bash
DISPLAY=:0.0

Signal Handlers:
SIGSEGV: [libjvm.so+0x94b9a0], sa_mask[0]=0x7ffbfeff, sa_flags=0x10000004
SIGBUS: [libjvm.so+0x94b9a0], sa_mask[0]=0x7ffbfeff, sa_flags=0x10000004
SIGFPE: [libjvm.so+0x7c3880], sa_mask[0]=0x7ffbfeff, sa_flags=0x10000004
SIGPIPE: [libjvm.so+0x7c3880], sa_mask[0]=0x7ffbfeff, sa_flags=0x10000004
SIGXFSZ: [libjvm.so+0x7c3880], sa_mask[0]=0x7ffbfeff, sa_flags=0x10000004
SIGILL: [libjvm.so+0x7c3880], sa_mask[0]=0x7ffbfeff, sa_flags=0x10000004
SIGUSR1: SIG_DFL, sa_mask[0]=0x00000000, sa_flags=0x00000000
SIGUSR2: [libjvm.so+0x7c3720], sa_mask[0]=0x00000004, sa_flags=0x10000004
SIGHUP: [libjvm.so+0x7c3900], sa_mask[0]=0x7ffbfeff, sa_flags=0x10000004
SIGINT: [libjvm.so+0x7c3900], sa_mask[0]=0x7ffbfeff, sa_flags=0x10000004
SIGTERM: [libjvm.so+0x7c3900], sa_mask[0]=0x7ffbfeff, sa_flags=0x10000004
SIGQUIT: [libjvm.so+0x7c3900], sa_mask[0]=0x7ffbfeff, sa_flags=0x10000004
SIGTRAP: SIG_DFL, sa_mask[0]=0x00000000, sa_flags=0x00000000


---------------  S Y S T E M  ---------------

OS:Ubuntu 14.04 (trusty)
uname:Linux 3.16.0-44-generic #59~14.04.1-Ubuntu SMP Tue Jul 7 15:07:27 UTC 2015 x86_64
libc:glibc 2.19 NPTL 2.19 
rlimit: STACK 8192k, CORE 0k, NPROC 14587, NOFILE 4096, AS infinity
load average:1.11 1.14 1.15

/proc/meminfo:
MemTotal:        3755716 kB
MemFree:          109316 kB
MemAvailable:     484172 kB
Buffers:            7228 kB
Cached:           586976 kB
SwapCached:        13332 kB
Active:          2525716 kB
Inactive:         802716 kB
Active(anon):    2263532 kB
Inactive(anon):   591724 kB
Active(file):     262184 kB
Inactive(file):   210992 kB
Unevictable:          32 kB
Mlocked:              32 kB
SwapTotal:       3896316 kB
SwapFree:        3358056 kB
Dirty:               308 kB
Writeback:             0 kB
AnonPages:       2729212 kB
Mapped:           494828 kB
Shmem:            121028 kB
Slab:             183008 kB
SReclaimable:     141212 kB
SUnreclaim:        41796 kB
KernelStack:       11904 kB
PageTables:        61520 kB
NFS_Unstable:          0 kB
Bounce:                0 kB
WritebackTmp:          0 kB
CommitLimit:     5774172 kB
Committed_AS:    8782256 kB
VmallocTotal:   34359738367 kB
VmallocUsed:       43300 kB
VmallocChunk:   34359688356 kB
HardwareCorrupted:     0 kB
AnonHugePages:    849920 kB
HugePages_Total:       0
HugePages_Free:        0
HugePages_Rsvd:        0
HugePages_Surp:        0
Hugepagesize:       2048 kB
DirectMap4k:       53824 kB
DirectMap2M:     3844096 kB


CPU:total 2 (2 cores per cpu, 1 threads per core) family 6 model 15 stepping 11, cmov, cx8, fxsr, mmx, sse, sse2, sse3, ssse3, tsc

/proc/cpuinfo:
processor	: 0
vendor_id	: GenuineIntel
cpu family	: 6
model		: 15
model name	: Intel(R) Core(TM)2 Duo CPU     E6550  @ 2.33GHz
stepping	: 11
microcode	: 0xb6
cpu MHz		: 2333.000
cache size	: 4096 KB
physical id	: 0
siblings	: 2
core id		: 0
cpu cores	: 2
apicid		: 0
initial apicid	: 0
fpu		: yes
fpu_exception	: yes
cpuid level	: 10
wp		: yes
flags		: fpu vme de pse tsc msr pae mce cx8 apic sep mtrr pge mca cmov pat pse36 clflush dts acpi mmx fxsr sse sse2 ss ht tm pbe syscall nx lm constant_tsc arch_perfmon pebs bts rep_good nopl aperfmperf pni dtes64 monitor ds_cpl vmx smx est tm2 ssse3 cx16 xtpr pdcm lahf_lm dtherm tpr_shadow vnmi flexpriority
bogomips	: 4654.99
clflush size	: 64
cache_alignment	: 64
address sizes	: 36 bits physical, 48 bits virtual
power management:

processor	: 1
vendor_id	: GenuineIntel
cpu family	: 6
model		: 15
model name	: Intel(R) Core(TM)2 Duo CPU     E6550  @ 2.33GHz
stepping	: 11
microcode	: 0xb6
cpu MHz		: 2333.000
cache size	: 4096 KB
physical id	: 0
siblings	: 2
core id		: 1
cpu cores	: 2
apicid		: 1
initial apicid	: 1
fpu		: yes
fpu_exception	: yes
cpuid level	: 10
wp		: yes
flags		: fpu vme de pse tsc msr pae mce cx8 apic sep mtrr pge mca cmov pat pse36 clflush dts acpi mmx fxsr sse sse2 ss ht tm pbe syscall nx lm constant_tsc arch_perfmon pebs bts rep_good nopl aperfmperf pni dtes64 monitor ds_cpl vmx smx est tm2 ssse3 cx16 xtpr pdcm lahf_lm dtherm tpr_shadow vnmi flexpriority
bogomips	: 4654.99
clflush size	: 64
cache_alignment	: 64
address sizes	: 36 bits physical, 48 bits virtual
power management:



Memory: 4k page, physical 3755716k(109316k free), swap 3896316k(3358056k free)

vm_info: OpenJDK 64-Bit Server VM (24.79-b02) for linux-amd64 JRE (1.7.0_79-b14), built on Apr 16 2015 08:21:58 by "buildd" with gcc 4.8.2

time: Mon Sep 28 02:24:55 2015
elapsed time: 38 seconds

